Log file open, 01/20/24 22:38:32
LogWindows: Failed to load 'aqProf.dll' (GetLastError=126)
LogWindows: File 'aqProf.dll' does not exist
LogWindows: Failed to load 'VtuneApi.dll' (GetLastError=126)
LogWindows: File 'VtuneApi.dll' does not exist
LogWindows: Failed to load 'VtuneApi32e.dll' (GetLastError=126)
LogWindows: File 'VtuneApi32e.dll' does not exist
LogConsoleResponse: Display: Failed to find resolution value strings in scalability ini. Falling back to default.
LogConsoleResponse: Display: Failed to find resolution value strings in scalability ini. Falling back to default.
LogInit: Display: Running engine for game: SnakeProject
LogPlatformFile: Not using cached read wrapper
LogTaskGraph: Started task graph with 5 named threads and 35 total threads with 3 sets of task threads.
LogStats: Stats thread started at 0.315199
LogICUInternationalization: ICU TimeZone Detection - Raw Offset: +3:00, Platform Override: ''
LogInit: Display: Loading text-based GConfig....
LogPluginManager: Mounting plugin MeshPainting
LogPluginManager: Mounting plugin XGEController
LogPluginManager: Mounting plugin Paper2D
LogPluginManager: Mounting plugin LiveLink
LogPluginManager: Mounting plugin AISupport
LogPluginManager: Mounting plugin EnvironmentQueryEditor
LogPluginManager: Mounting plugin LightPropagationVolume
LogPluginManager: Mounting plugin CameraShakePreviewer
LogPluginManager: Mounting plugin GameplayCameras
LogPluginManager: Mounting plugin OodleNetwork
LogPluginManager: Mounting plugin OodleData
LogPluginManager: Mounting plugin AssetManagerEditor
LogPluginManager: Mounting plugin KDevelopSourceCodeAccess
LogPluginManager: Mounting plugin NullSourceCodeAccess
LogPluginManager: Mounting plugin CodeLiteSourceCodeAccess
LogPluginManager: Mounting plugin CLionSourceCodeAccess
LogPluginManager: Mounting plugin PerforceSourceControl
LogPluginManager: Mounting plugin GitSourceControl
LogPluginManager: Mounting plugin PixWinPlugin
LogPluginManager: Mounting plugin Niagara
LogPluginManager: Mounting plugin PlasticSourceControl
LogPluginManager: Mounting plugin PluginUtils
LogPluginManager: Mounting plugin PropertyAccessNode
LogPluginManager: Mounting plugin RiderSourceCodeAccess
LogPluginManager: Mounting plugin CryptoKeys
LogPluginManager: Mounting plugin SubversionSourceControl
LogPluginManager: Mounting plugin CurveEditorTools
LogPluginManager: Mounting plugin TextureFormatOodle
LogPluginManager: Mounting plugin DataValidation
LogPluginManager: Mounting plugin AnimationSharing
LogPluginManager: Mounting plugin FacialAnimation
LogPluginManager: Mounting plugin GameplayTagsEditor
LogPluginManager: Mounting plugin GeometryMode
LogPluginManager: Mounting plugin UObjectPlugin
LogPluginManager: Mounting plugin MacGraphicsSwitching
LogPluginManager: Mounting plugin VisualStudioCodeSourceCodeAccess
LogPluginManager: Mounting plugin MaterialAnalyzer
LogPluginManager: Mounting plugin VisualStudioSourceCodeAccess
LogPluginManager: Mounting plugin XCodeSourceCodeAccess
LogPluginManager: Mounting plugin MobileLauncherProfileWizard
LogPluginManager: Mounting plugin PluginBrowser
LogPluginManager: Mounting plugin SpeedTreeImporter
LogPluginManager: Mounting plugin AlembicImporter
LogPluginManager: Mounting plugin AutomationUtils
LogPluginManager: Mounting plugin BackChannel
LogPluginManager: Mounting plugin ChaosClothEditor
LogPluginManager: Mounting plugin ChaosEditor
LogPluginManager: Mounting plugin ChaosSolverPlugin
LogPluginManager: Mounting plugin ChaosNiagara
LogPluginManager: Mounting plugin CharacterAI
LogPluginManager: Mounting plugin GeometryCache
LogPluginManager: Mounting plugin GeometryCollectionPlugin
LogPluginManager: Mounting plugin DatasmithContent
LogPluginManager: Mounting plugin VariantManagerContent
LogPluginManager: Mounting plugin LuminPlatformFeatures
LogPluginManager: Mounting plugin MagicLeap
LogPluginManager: Mounting plugin MagicLeapLightEstimation
LogPluginManager: Mounting plugin MagicLeapMedia
LogPluginManager: Mounting plugin MagicLeapPassableWorld
LogPluginManager: Mounting plugin GeometryProcessing
LogPluginManager: Mounting plugin MotoSynth
LogPluginManager: Mounting plugin OpenImageDenoise
LogPluginManager: Mounting plugin MLSDK
LogPluginManager: Mounting plugin PlanarCut
LogPluginManager: Mounting plugin PlatformCrypto
LogPluginManager: Mounting plugin PythonScriptPlugin
LogPluginManager: Mounting plugin ProxyLODPlugin
LogPluginManager: Mounting plugin SkeletalReduction
LogPluginManager: Mounting plugin AndroidMedia
LogPluginManager: Mounting plugin ChaosCloth
LogPluginManager: Mounting plugin AvfMedia
LogPluginManager: Mounting plugin ImgMedia
LogPluginManager: Mounting plugin MediaCompositing
LogPluginManager: Mounting plugin WebMMedia
LogPluginManager: Mounting plugin MediaPlayerEditor
LogPluginManager: Mounting plugin WmfMedia
LogPluginManager: Mounting plugin TcpMessaging
LogPluginManager: Mounting plugin UdpMessaging
LogPluginManager: Mounting plugin ActorSequence
LogPluginManager: Mounting plugin MatineeToLevelSequence
LogPluginManager: Mounting plugin TemplateSequence
LogPluginManager: Mounting plugin LevelSequenceEditor
LogPluginManager: Mounting plugin OnlineSubsystem
LogPluginManager: Mounting plugin OnlineSubsystemNull
LogPluginManager: Mounting plugin OnlineSubsystemUtils
LogPluginManager: Mounting plugin LauncherChunkInstaller
LogPluginManager: Mounting plugin ScreenshotTools
LogPluginManager: Mounting plugin Takes
LogPluginManager: Mounting plugin ActorLayerUtilities
LogPluginManager: Mounting plugin AndroidMoviePlayer
LogPluginManager: Mounting plugin AndroidDeviceProfileSelector
LogPluginManager: Mounting plugin AppleMoviePlayer
LogPluginManager: Mounting plugin AppleImageUtils
LogPluginManager: Mounting plugin AndroidPermission
LogPluginManager: Mounting plugin ArchVisCharacter
LogPluginManager: Mounting plugin AssetTags
LogPluginManager: Mounting plugin AudioCapture
LogPluginManager: Mounting plugin AudioSynesthesia
LogPluginManager: Mounting plugin ChunkDownloader
LogPluginManager: Mounting plugin CableComponent
LogPluginManager: Mounting plugin CustomMeshComponent
LogPluginManager: Mounting plugin EditableMesh
LogPluginManager: Mounting plugin GoogleCloudMessaging
LogPluginManager: Mounting plugin ExampleDeviceProfileSelector
LogPluginManager: Mounting plugin GooglePAD
LogPluginManager: Mounting plugin IOSDeviceProfileSelector
LogPluginManager: Mounting plugin LinuxDeviceProfileSelector
LogPluginManager: Mounting plugin LocationServicesBPLibrary
LogPluginManager: Mounting plugin MobilePatchingUtils
LogPluginManager: Mounting plugin OpenXR
LogPluginManager: Mounting plugin OpenXREyeTracker
LogPluginManager: Mounting plugin OpenXRHandTracking
LogPluginManager: Mounting plugin PostSplashScreen
LogPluginManager: Mounting plugin PhysXVehicles
LogPluginManager: Mounting plugin PropertyAccessEditor
LogPluginManager: Mounting plugin ProceduralMeshComponent
LogPluginManager: Mounting plugin RuntimePhysXCooking
LogPluginManager: Mounting plugin SignificanceManager
LogPluginManager: Mounting plugin SoundFields
LogPluginManager: Mounting plugin Synthesis
LogPluginManager: Mounting plugin WebMMoviePlayer
LogPluginManager: Mounting plugin WindowsMoviePlayer
LogPluginManager: Mounting plugin ContentBrowserClassDataSource
LogPluginManager: Mounting plugin ContentBrowserFileDataSource
LogPluginManager: Mounting plugin ContentBrowserAssetDataSource
LogPluginManager: Mounting plugin OnlineSubsystemIOS
LogPluginManager: Mounting plugin OnlineSubsystemGooglePlay
LogPluginManager: Mounting plugin OculusVR
LogPluginManager: Mounting plugin SteamVR
PixWinPlugin: PIX capture plugin failed to initialize! Check that the process is launched from PIX.
LogInit: Using libcurl 7.55.1-DEV
LogInit:  - built for x86_64-pc-win32
LogInit:  - supports SSL with OpenSSL/1.1.1
LogInit:  - supports HTTP deflate (compression) using libz 1.2.8
LogInit:  - other features:
LogInit:      CURL_VERSION_SSL
LogInit:      CURL_VERSION_LIBZ
LogInit:      CURL_VERSION_IPV6
LogInit:      CURL_VERSION_ASYNCHDNS
LogInit:      CURL_VERSION_LARGEFILE
LogInit:      CURL_VERSION_IDN
LogInit:  CurlRequestOptions (configurable via config and command line):
LogInit:  - bVerifyPeer = true  - Libcurl will verify peer certificate
LogInit:  - bUseHttpProxy = false  - Libcurl will NOT use HTTP proxy
LogInit:  - bDontReuseConnections = false  - Libcurl will reuse connections
LogInit:  - MaxHostConnections = 16  - Libcurl will limit the number of connections to a host
LogInit:  - LocalHostAddr = Default
LogInit:  - BufferSize = 65536
LogOnline: OSS: Creating online subsystem instance for: NULL
LogInit: WinSock: version 1.1 (2.2), MaxSocks=32767, MaxUdp=65467
LogOnline: OSS: TryLoadSubsystemAndSetDefault: Loaded subsystem for module [NULL]
LogOculusPluginWrapper: OculusPlugin initialized successfully
LogHMD: Failed initializing OVRPlugin 1.59.0
LogInit: Build: ++UE4+Release-4.27-CL-18319896
LogInit: Engine Version: 4.27.2-18319896+++UE4+Release-4.27
LogInit: Compatible Engine Version: 4.27.0-17155196+++UE4+Release-4.27
LogInit: Net CL: 17155196
LogInit: OS: Windows 10 (Release 2009) (), CPU: Intel(R) Core(TM) i7-10750H CPU @ 2.60GHz, GPU: Intel(R) UHD Graphics
LogInit: Compiled (64-bit): Nov 30 2021 07:12:08
LogInit: Compiled with Visual C++: 19.24.28315.00
LogInit: Build Configuration: Development
LogInit: Branch Name: ++UE4+Release-4.27
LogInit: Command Line:  -skipcompile
LogInit: Base Directory: C:/Program Files/Epic Games/UE_4.27/Engine/Binaries/Win64/
LogInit: Allocator: TBB
LogInit: Installed Engine Build: 1
LogDevObjectVersion: Number of dev versions registered: 29
LogDevObjectVersion:   Dev-Blueprints (B0D832E4-1F89-4F0D-ACCF-7EB736FD4AA2): 10
LogDevObjectVersion:   Dev-Build (E1C64328-A22C-4D53-A36C-8E866417BD8C): 0
LogDevObjectVersion:   Dev-Core (375EC13C-06E4-48FB-B500-84F0262A717E): 4
LogDevObjectVersion:   Dev-Editor (E4B068ED-F494-42E9-A231-DA0B2E46BB41): 40
LogDevObjectVersion:   Dev-Framework (CFFC743F-43B0-4480-9391-14DF171D2073): 37
LogDevObjectVersion:   Dev-Mobile (B02B49B5-BB20-44E9-A304-32B752E40360): 3
LogDevObjectVersion:   Dev-Networking (A4E4105C-59A1-49B5-A7C5-40C4547EDFEE): 0
LogDevObjectVersion:   Dev-Online (39C831C9-5AE6-47DC-9A44-9C173E1C8E7C): 0
LogDevObjectVersion:   Dev-Physics (78F01B33-EBEA-4F98-B9B4-84EACCB95AA2): 14
LogDevObjectVersion:   Dev-Platform (6631380F-2D4D-43E0-8009-CF276956A95A): 0
LogDevObjectVersion:   Dev-Rendering (12F88B9F-8875-4AFC-A67C-D90C383ABD29): 45
LogDevObjectVersion:   Dev-Sequencer (7B5AE74C-D270-4C10-A958-57980B212A5A): 13
LogDevObjectVersion:   Dev-VR (D7296918-1DD6-4BDD-9DE2-64A83CC13884): 3
LogDevObjectVersion:   Dev-LoadTimes (C2A15278-BFE7-4AFE-6C17-90FF531DF755): 1
LogDevObjectVersion:   Private-Geometry (6EACA3D4-40EC-4CC1-B786-8BED09428FC5): 3
LogDevObjectVersion:   Dev-AnimPhys (29E575DD-E0A3-4627-9D10-D276232CDCEA): 17
LogDevObjectVersion:   Dev-Anim (AF43A65D-7FD3-4947-9873-3E8ED9C1BB05): 15
LogDevObjectVersion:   Dev-ReflectionCapture (6B266CEC-1EC7-4B8F-A30B-E4D90942FC07): 1
LogDevObjectVersion:   Dev-Automation (0DF73D61-A23F-47EA-B727-89E90C41499A): 1
LogDevObjectVersion:   FortniteMain (601D1886-AC64-4F84-AA16-D3DE0DEAC7D6): 47
LogDevObjectVersion:   FortniteRelease (E7086368-6B23-4C58-8439-1B7016265E91): 1
LogDevObjectVersion:   Dev-Enterprise (9DFFBCD6-494F-0158-E221-12823C92A888): 10
LogDevObjectVersion:   Dev-Niagara (F2AED0AC-9AFE-416F-8664-AA7FFA26D6FC): 1
LogDevObjectVersion:   Dev-Destruction (174F1F0B-B4C6-45A5-B13F-2EE8D0FB917D): 10
LogDevObjectVersion:   Dev-Physics-Ext (35F94A83-E258-406C-A318-09F59610247C): 41
LogDevObjectVersion:   Dev-PhysicsMaterial-Chaos (B68FC16E-8B1B-42E2-B453-215C058844FE): 1
LogDevObjectVersion:   Dev-CineCamera (B2E18506-4273-CFC2-A54E-F4BB758BBA07): 1
LogDevObjectVersion:   Dev-VirtualProduction (64F58936-FD1B-42BA-BA96-7289D5D0FA4E): 1
LogDevObjectVersion:   Dev-MediaFramework (6F0ED827-A609-4895-9C91-998D90180EA4): 2
LogInit: Presizing for max 25165824 objects, including 0 objects not considered by GC, pre-allocating 0 bytes for permanent pool.
LogConfig: Applying CVar settings from Section [/Script/Engine.StreamingSettings] File [D:/GameProjects/UE/Snake/SnakeProject/Saved/Config/Windows/Engine.ini]
LogConfig: Setting CVar [[s.MinBulkDataSizeForAsyncLoading:131072]]
LogConfig: Setting CVar [[s.AsyncLoadingThreadEnabled:0]]
LogConfig: Setting CVar [[s.EventDrivenLoaderEnabled:1]]
LogConfig: Setting CVar [[s.WarnIfTimeLimitExceeded:0]]
LogConfig: Setting CVar [[s.TimeLimitExceededMultiplier:1.5]]
LogConfig: Setting CVar [[s.TimeLimitExceededMinTime:0.005]]
LogConfig: Setting CVar [[s.UseBackgroundLevelStreaming:1]]
LogConfig: Setting CVar [[s.PriorityAsyncLoadingExtraTime:15.0]]
LogConfig: Setting CVar [[s.LevelStreamingActorsUpdateTimeLimit:5.0]]
LogConfig: Setting CVar [[s.PriorityLevelStreamingActorsUpdateExtraTime:5.0]]
LogConfig: Setting CVar [[s.LevelStreamingComponentsRegistrationGranularity:10]]
LogConfig: Setting CVar [[s.UnregisterComponentsTimeLimit:1.0]]
LogConfig: Setting CVar [[s.LevelStreamingComponentsUnregistrationGranularity:5]]
LogConfig: Setting CVar [[s.FlushStreamingOnExit:1]]
LogInit: Object subsystem initialized
LogConfig: Setting CVar [[con.DebugEarlyDefault:1]]
LogConfig: Setting CVar [[r.setres:1280x720]]
[2024.01.20-19.38.33:237][  0]LogConfig: Setting CVar [[r.VSync:0]]
[2024.01.20-19.38.33:237][  0]LogConfig: Setting CVar [[r.RHICmdBypass:0]]
[2024.01.20-19.38.33:237][  0]LogConfig: Applying CVar settings from Section [/Script/Engine.RendererSettings] File [D:/GameProjects/UE/Snake/SnakeProject/Saved/Config/Windows/Engine.ini]
[2024.01.20-19.38.33:238][  0]LogConfig: Setting CVar [[r.GPUCrashDebugging:0]]
[2024.01.20-19.38.33:238][  0]LogConfig: Setting CVar [[r.DefaultFeature.AntiAliasing:0]]
[2024.01.20-19.38.33:238][  0]LogConfig: Setting CVar [[r.DefaultFeature.MotionBlur:0]]
[2024.01.20-19.38.33:238][  0]LogConfig: Applying CVar settings from Section [/Script/Engine.RendererOverrideSettings] File [D:/GameProjects/UE/Snake/SnakeProject/Saved/Config/Windows/Engine.ini]
[2024.01.20-19.38.33:238][  0]LogConfig: Applying CVar settings from Section [/Script/Engine.StreamingSettings] File [D:/GameProjects/UE/Snake/SnakeProject/Saved/Config/Windows/Engine.ini]
[2024.01.20-19.38.33:238][  0]LogConfig: Setting CVar [[s.MinBulkDataSizeForAsyncLoading:131072]]
[2024.01.20-19.38.33:238][  0]LogConfig: Setting CVar [[s.AsyncLoadingThreadEnabled:0]]
[2024.01.20-19.38.33:238][  0]LogConfig: Setting CVar [[s.EventDrivenLoaderEnabled:1]]
[2024.01.20-19.38.33:238][  0]LogConfig: Setting CVar [[s.WarnIfTimeLimitExceeded:0]]
[2024.01.20-19.38.33:238][  0]LogConfig: Setting CVar [[s.TimeLimitExceededMultiplier:1.5]]
[2024.01.20-19.38.33:238][  0]LogConfig: Setting CVar [[s.TimeLimitExceededMinTime:0.005]]
[2024.01.20-19.38.33:238][  0]LogConfig: Setting CVar [[s.UseBackgroundLevelStreaming:1]]
[2024.01.20-19.38.33:238][  0]LogConfig: Setting CVar [[s.PriorityAsyncLoadingExtraTime:15.0]]
[2024.01.20-19.38.33:238][  0]LogConfig: Setting CVar [[s.LevelStreamingActorsUpdateTimeLimit:5.0]]
[2024.01.20-19.38.33:238][  0]LogConfig: Setting CVar [[s.PriorityLevelStreamingActorsUpdateExtraTime:5.0]]
[2024.01.20-19.38.33:238][  0]LogConfig: Setting CVar [[s.LevelStreamingComponentsRegistrationGranularity:10]]
[2024.01.20-19.38.33:239][  0]LogConfig: Setting CVar [[s.UnregisterComponentsTimeLimit:1.0]]
[2024.01.20-19.38.33:239][  0]LogConfig: Setting CVar [[s.LevelStreamingComponentsUnregistrationGranularity:5]]
[2024.01.20-19.38.33:239][  0]LogConfig: Setting CVar [[s.FlushStreamingOnExit:1]]
[2024.01.20-19.38.33:239][  0]LogConfig: Applying CVar settings from Section [/Script/Engine.GarbageCollectionSettings] File [D:/GameProjects/UE/Snake/SnakeProject/Saved/Config/Windows/Engine.ini]
[2024.01.20-19.38.33:239][  0]LogConfig: Setting CVar [[gc.MaxObjectsNotConsideredByGC:1]]
[2024.01.20-19.38.33:239][  0]LogConfig: Setting CVar [[gc.SizeOfPermanentObjectPool:0]]
[2024.01.20-19.38.33:239][  0]LogConfig: Setting CVar [[gc.FlushStreamingOnGC:0]]
[2024.01.20-19.38.33:239][  0]LogConfig: Setting CVar [[gc.NumRetriesBeforeForcingGC:10]]
[2024.01.20-19.38.33:239][  0]LogConfig: Setting CVar [[gc.AllowParallelGC:1]]
[2024.01.20-19.38.33:239][  0]LogConfig: Setting CVar [[gc.TimeBetweenPurgingPendingKillObjects:61.1]]
[2024.01.20-19.38.33:239][  0]LogConfig: Setting CVar [[gc.MaxObjectsInEditor:25165824]]
[2024.01.20-19.38.33:239][  0]LogConfig: Setting CVar [[gc.IncrementalBeginDestroyEnabled:1]]
[2024.01.20-19.38.33:239][  0]LogConfig: Setting CVar [[gc.CreateGCClusters:1]]
[2024.01.20-19.38.33:239][  0]LogConfig: Setting CVar [[gc.MinGCClusterSize:5]]
[2024.01.20-19.38.33:239][  0]LogConfig: Setting CVar [[gc.ActorClusteringEnabled:0]]
[2024.01.20-19.38.33:239][  0]LogConfig: Setting CVar [[gc.BlueprintClusteringEnabled:0]]
[2024.01.20-19.38.33:239][  0]LogConfig: Setting CVar [[gc.UseDisregardForGCOnDedicatedServers:0]]
[2024.01.20-19.38.33:240][  0]LogConfig: Setting CVar [[gc.MultithreadedDestructionEnabled:1]]
[2024.01.20-19.38.33:240][  0]LogConfig: Applying CVar settings from Section [/Script/Engine.NetworkSettings] File [D:/GameProjects/UE/Snake/SnakeProject/Saved/Config/Windows/Engine.ini]
[2024.01.20-19.38.33:240][  0]LogConfig: Applying CVar settings from Section [/Script/UnrealEd.CookerSettings] File [D:/GameProjects/UE/Snake/SnakeProject/Saved/Config/Windows/Engine.ini]
[2024.01.20-19.38.33:248][  0]LogConfig: Applying CVar settings from Section [ViewDistanceQuality@3] File [D:/GameProjects/UE/Snake/SnakeProject/Saved/Config/Windows/Scalability.ini]
[2024.01.20-19.38.33:249][  0]LogConfig: Setting CVar [[r.SkeletalMeshLODBias:0]]
[2024.01.20-19.38.33:249][  0]LogConfig: Setting CVar [[r.ViewDistanceScale:1.0]]
[2024.01.20-19.38.33:249][  0]LogConfig: Applying CVar settings from Section [AntiAliasingQuality@3] File [D:/GameProjects/UE/Snake/SnakeProject/Saved/Config/Windows/Scalability.ini]
[2024.01.20-19.38.33:249][  0]LogConfig: Setting CVar [[r.PostProcessAAQuality:4]]
[2024.01.20-19.38.33:249][  0]LogConfig: Applying CVar settings from Section [ShadowQuality@3] File [D:/GameProjects/UE/Snake/SnakeProject/Saved/Config/Windows/Scalability.ini]
[2024.01.20-19.38.33:249][  0]LogConfig: Setting CVar [[r.LightFunctionQuality:1]]
[2024.01.20-19.38.33:249][  0]LogConfig: Setting CVar [[r.ShadowQuality:5]]
[2024.01.20-19.38.33:249][  0]LogConfig: Setting CVar [[r.Shadow.CSM.MaxCascades:10]]
[2024.01.20-19.38.33:249][  0]LogConfig: Setting CVar [[r.Shadow.MaxResolution:2048]]
[2024.01.20-19.38.33:249][  0]LogConfig: Setting CVar [[r.Shadow.MaxCSMResolution:2048]]
[2024.01.20-19.38.33:249][  0]LogConfig: Setting CVar [[r.Shadow.RadiusThreshold:0.01]]
[2024.01.20-19.38.33:249][  0]LogConfig: Setting CVar [[r.Shadow.DistanceScale:1.0]]
[2024.01.20-19.38.33:249][  0]LogConfig: Setting CVar [[r.Shadow.CSM.TransitionScale:1.0]]
[2024.01.20-19.38.33:249][  0]LogConfig: Setting CVar [[r.Shadow.PreShadowResolutionFactor:1.0]]
[2024.01.20-19.38.33:249][  0]LogConfig: Setting CVar [[r.DistanceFieldShadowing:1]]
[2024.01.20-19.38.33:249][  0]LogConfig: Setting CVar [[r.DistanceFieldAO:1]]
[2024.01.20-19.38.33:250][  0]LogConfig: Setting CVar [[r.AOQuality:2]]
[2024.01.20-19.38.33:250][  0]LogConfig: Setting CVar [[r.VolumetricFog:1]]
[2024.01.20-19.38.33:250][  0]LogConfig: Setting CVar [[r.VolumetricFog.GridPixelSize:8]]
[2024.01.20-19.38.33:250][  0]LogConfig: Setting CVar [[r.VolumetricFog.GridSizeZ:128]]
[2024.01.20-19.38.33:250][  0]LogConfig: Setting CVar [[r.VolumetricFog.HistoryMissSupersampleCount:4]]
[2024.01.20-19.38.33:250][  0]LogConfig: Setting CVar [[r.LightMaxDrawDistanceScale:1]]
[2024.01.20-19.38.33:250][  0]LogConfig: Setting CVar [[r.CapsuleShadows:1]]
[2024.01.20-19.38.33:250][  0]LogConfig: Applying CVar settings from Section [PostProcessQuality@3] File [D:/GameProjects/UE/Snake/SnakeProject/Saved/Config/Windows/Scalability.ini]
[2024.01.20-19.38.33:250][  0]LogConfig: Setting CVar [[r.MotionBlurQuality:4]]
[2024.01.20-19.38.33:250][  0]LogConfig: Setting CVar [[r.AmbientOcclusionMipLevelFactor:0.4]]
[2024.01.20-19.38.33:250][  0]LogConfig: Setting CVar [[r.AmbientOcclusionMaxQuality:100]]
[2024.01.20-19.38.33:250][  0]LogConfig: Setting CVar [[r.AmbientOcclusionLevels:-1]]
[2024.01.20-19.38.33:250][  0]LogConfig: Setting CVar [[r.AmbientOcclusionRadiusScale:1.0]]
[2024.01.20-19.38.33:250][  0]LogConfig: Setting CVar [[r.DepthOfFieldQuality:2]]
[2024.01.20-19.38.33:250][  0]LogConfig: Setting CVar [[r.RenderTargetPoolMin:400]]
[2024.01.20-19.38.33:250][  0]LogConfig: Setting CVar [[r.LensFlareQuality:2]]
[2024.01.20-19.38.33:250][  0]LogConfig: Setting CVar [[r.SceneColorFringeQuality:1]]
[2024.01.20-19.38.33:250][  0]LogConfig: Setting CVar [[r.EyeAdaptationQuality:2]]
[2024.01.20-19.38.33:251][  0]LogConfig: Setting CVar [[r.BloomQuality:5]]
[2024.01.20-19.38.33:251][  0]LogConfig: Setting CVar [[r.FastBlurThreshold:100]]
[2024.01.20-19.38.33:251][  0]LogConfig: Setting CVar [[r.Upscale.Quality:3]]
[2024.01.20-19.38.33:251][  0]LogConfig: Setting CVar [[r.Tonemapper.GrainQuantization:1]]
[2024.01.20-19.38.33:251][  0]LogConfig: Setting CVar [[r.LightShaftQuality:1]]
[2024.01.20-19.38.33:251][  0]LogConfig: Setting CVar [[r.Filter.SizeScale:1]]
[2024.01.20-19.38.33:251][  0]LogConfig: Setting CVar [[r.Tonemapper.Quality:5]]
[2024.01.20-19.38.33:251][  0]LogConfig: Setting CVar [[r.DOF.Gather.AccumulatorQuality:1        ; higher gathering accumulator quality]]
[2024.01.20-19.38.33:251][  0]LogConfig: Setting CVar [[r.DOF.Gather.PostfilterMethod:1          ; Median3x3 postfilering method]]
[2024.01.20-19.38.33:251][  0]LogConfig: Setting CVar [[r.DOF.Gather.EnableBokehSettings:0       ; no bokeh simulation when gathering]]
[2024.01.20-19.38.33:251][  0]LogConfig: Setting CVar [[r.DOF.Gather.RingCount:4                 ; medium number of samples when gathering]]
[2024.01.20-19.38.33:251][  0]LogConfig: Setting CVar [[r.DOF.Scatter.ForegroundCompositing:1    ; additive foreground scattering]]
[2024.01.20-19.38.33:251][  0]LogConfig: Setting CVar [[r.DOF.Scatter.BackgroundCompositing:2    ; additive background scattering]]
[2024.01.20-19.38.33:251][  0]LogConfig: Setting CVar [[r.DOF.Scatter.EnableBokehSettings:1      ; bokeh simulation when scattering]]
[2024.01.20-19.38.33:251][  0]LogConfig: Setting CVar [[r.DOF.Scatter.MaxSpriteRatio:0.1         ; only a maximum of 10% of scattered bokeh]]
[2024.01.20-19.38.33:251][  0]LogConfig: Setting CVar [[r.DOF.Recombine.Quality:1                ; cheap slight out of focus]]
[2024.01.20-19.38.33:251][  0]LogConfig: Setting CVar [[r.DOF.Recombine.EnableBokehSettings:0    ; no bokeh simulation on slight out of focus]]
[2024.01.20-19.38.33:252][  0]LogConfig: Setting CVar [[r.DOF.TemporalAAQuality:1                ; more stable temporal accumulation]]
[2024.01.20-19.38.33:252][  0]LogConfig: Setting CVar [[r.DOF.Kernel.MaxForegroundRadius:0.025]]
[2024.01.20-19.38.33:252][  0]LogConfig: Setting CVar [[r.DOF.Kernel.MaxBackgroundRadius:0.025]]
[2024.01.20-19.38.33:252][  0]LogConfig: Applying CVar settings from Section [TextureQuality@3] File [D:/GameProjects/UE/Snake/SnakeProject/Saved/Config/Windows/Scalability.ini]
[2024.01.20-19.38.33:252][  0]LogConfig: Setting CVar [[r.Streaming.MipBias:0]]
[2024.01.20-19.38.33:252][  0]LogConfig: Setting CVar [[r.Streaming.AmortizeCPUToGPUCopy:0]]
[2024.01.20-19.38.33:252][  0]LogConfig: Setting CVar [[r.Streaming.MaxNumTexturesToStreamPerFrame:0]]
[2024.01.20-19.38.33:252][  0]LogConfig: Setting CVar [[r.Streaming.Boost:1]]
[2024.01.20-19.38.33:252][  0]LogConfig: Setting CVar [[r.MaxAnisotropy:8]]
[2024.01.20-19.38.33:252][  0]LogConfig: Setting CVar [[r.VT.MaxAnisotropy:8]]
[2024.01.20-19.38.33:252][  0]LogConfig: Setting CVar [[r.Streaming.LimitPoolSizeToVRAM:0]]
[2024.01.20-19.38.33:252][  0]LogConfig: Setting CVar [[r.Streaming.PoolSize:1000]]
[2024.01.20-19.38.33:252][  0]LogConfig: Setting CVar [[r.Streaming.MaxEffectiveScreenSize:0]]
[2024.01.20-19.38.33:252][  0]LogConfig: Applying CVar settings from Section [EffectsQuality@3] File [D:/GameProjects/UE/Snake/SnakeProject/Saved/Config/Windows/Scalability.ini]
[2024.01.20-19.38.33:252][  0]LogConfig: Setting CVar [[r.TranslucencyLightingVolumeDim:64]]
[2024.01.20-19.38.33:252][  0]LogConfig: Setting CVar [[r.RefractionQuality:2]]
[2024.01.20-19.38.33:253][  0]LogConfig: Setting CVar [[r.SSR.Quality:3]]
[2024.01.20-19.38.33:253][  0]LogConfig: Setting CVar [[r.SSR.HalfResSceneColor:0]]
[2024.01.20-19.38.33:253][  0]LogConfig: Setting CVar [[r.SceneColorFormat:4]]
[2024.01.20-19.38.33:253][  0]LogConfig: Setting CVar [[r.DetailMode:2]]
[2024.01.20-19.38.33:253][  0]LogConfig: Setting CVar [[r.TranslucencyVolumeBlur:1]]
[2024.01.20-19.38.33:253][  0]LogConfig: Setting CVar [[r.MaterialQualityLevel:1 ; High quality]]
[2024.01.20-19.38.33:253][  0]LogConfig: Setting CVar [[r.AnisotropicMaterials:1]]
[2024.01.20-19.38.33:253][  0]LogConfig: Setting CVar [[r.SSS.Scale:1]]
[2024.01.20-19.38.33:253][  0]LogConfig: Setting CVar [[r.SSS.SampleSet:2]]
[2024.01.20-19.38.33:253][  0]LogConfig: Setting CVar [[r.SSS.Quality:1]]
[2024.01.20-19.38.33:253][  0]LogConfig: Setting CVar [[r.SSS.HalfRes:0]]
[2024.01.20-19.38.33:253][  0]LogConfig: Setting CVar [[r.SSGI.Quality:3]]
[2024.01.20-19.38.33:253][  0]LogConfig: Setting CVar [[r.EmitterSpawnRateScale:1.0]]
[2024.01.20-19.38.33:253][  0]LogConfig: Setting CVar [[r.ParticleLightQuality:2]]
[2024.01.20-19.38.33:253][  0]LogConfig: Setting CVar [[r.SkyAtmosphere.AerialPerspectiveLUT.FastApplyOnOpaque:1 ; Always have FastSkyLUT 1 in this case to avoid wrong sky]]
[2024.01.20-19.38.33:253][  0]LogConfig: Setting CVar [[r.SkyAtmosphere.AerialPerspectiveLUT.SampleCountMaxPerSlice:4]]
[2024.01.20-19.38.33:253][  0]LogConfig: Setting CVar [[r.SkyAtmosphere.AerialPerspectiveLUT.DepthResolution:16.0]]
[2024.01.20-19.38.33:254][  0]LogConfig: Setting CVar [[r.SkyAtmosphere.FastSkyLUT:1]]
[2024.01.20-19.38.33:254][  0]LogConfig: Setting CVar [[r.SkyAtmosphere.FastSkyLUT.SampleCountMin:4.0]]
[2024.01.20-19.38.33:254][  0]LogConfig: Setting CVar [[r.SkyAtmosphere.FastSkyLUT.SampleCountMax:128.0]]
[2024.01.20-19.38.33:254][  0]LogConfig: Setting CVar [[r.SkyAtmosphere.SampleCountMin:4.0]]
[2024.01.20-19.38.33:254][  0]LogConfig: Setting CVar [[r.SkyAtmosphere.SampleCountMax:128.0]]
[2024.01.20-19.38.33:254][  0]LogConfig: Setting CVar [[r.SkyAtmosphere.TransmittanceLUT.UseSmallFormat:0]]
[2024.01.20-19.38.33:254][  0]LogConfig: Setting CVar [[r.SkyAtmosphere.TransmittanceLUT.SampleCount:10.0]]
[2024.01.20-19.38.33:254][  0]LogConfig: Setting CVar [[r.SkyAtmosphere.MultiScatteringLUT.SampleCount:15.0]]
[2024.01.20-19.38.33:254][  0]LogConfig: Setting CVar [[r.SkyLight.RealTimeReflectionCapture:1]]
[2024.01.20-19.38.33:254][  0]LogConfig: Applying CVar settings from Section [FoliageQuality@3] File [D:/GameProjects/UE/Snake/SnakeProject/Saved/Config/Windows/Scalability.ini]
[2024.01.20-19.38.33:254][  0]LogConfig: Setting CVar [[foliage.DensityScale:1.0]]
[2024.01.20-19.38.33:254][  0]LogConfig: Setting CVar [[grass.DensityScale:1.0]]
[2024.01.20-19.38.33:254][  0]LogConfig: Applying CVar settings from Section [ShadingQuality@3] File [D:/GameProjects/UE/Snake/SnakeProject/Saved/Config/Windows/Scalability.ini]
[2024.01.20-19.38.33:254][  0]LogConfig: Setting CVar [[r.HairStrands.SkyLighting.IntegrationType:2]]
[2024.01.20-19.38.33:254][  0]LogConfig: Setting CVar [[r.HairStrands.SkyAO.SampleCount:4]]
[2024.01.20-19.38.33:254][  0]LogConfig: Setting CVar [[r.HairStrands.Visibility.MSAA.SamplePerPixel:4]]
[2024.01.20-19.38.33:255][  0]LogInit: Selected Device Profile: [Windows]
[2024.01.20-19.38.33:255][  0]LogInit: Applying CVar settings loaded from the selected device profile: [Windows]
[2024.01.20-19.38.33:255][  0]LogHAL: Display: Platform has ~ 16 GB [16987742208 / 17179869184 / 16], which maps to Larger [LargestMinGB=32, LargerMinGB=12, DefaultMinGB=8, SmallerMinGB=6, SmallestMinGB=0)
[2024.01.20-19.38.33:255][  0]LogInit: Going up to parent DeviceProfile []
[2024.01.20-19.38.33:255][  0]LogConfig: Applying CVar settings from Section [ViewDistanceQuality@3] File [D:/GameProjects/UE/Snake/SnakeProject/Saved/Config/Windows/Scalability.ini]
[2024.01.20-19.38.33:255][  0]LogConfig: Setting CVar [[r.SkeletalMeshLODBias:0]]
[2024.01.20-19.38.33:255][  0]LogConfig: Setting CVar [[r.ViewDistanceScale:1.0]]
[2024.01.20-19.38.33:255][  0]LogConfig: Applying CVar settings from Section [AntiAliasingQuality@3] File [D:/GameProjects/UE/Snake/SnakeProject/Saved/Config/Windows/Scalability.ini]
[2024.01.20-19.38.33:255][  0]LogConfig: Setting CVar [[r.PostProcessAAQuality:4]]
[2024.01.20-19.38.33:255][  0]LogConfig: Applying CVar settings from Section [ShadowQuality@3] File [D:/GameProjects/UE/Snake/SnakeProject/Saved/Config/Windows/Scalability.ini]
[2024.01.20-19.38.33:255][  0]LogConfig: Setting CVar [[r.LightFunctionQuality:1]]
[2024.01.20-19.38.33:255][  0]LogConfig: Setting CVar [[r.ShadowQuality:5]]
[2024.01.20-19.38.33:256][  0]LogConfig: Setting CVar [[r.Shadow.CSM.MaxCascades:10]]
[2024.01.20-19.38.33:256][  0]LogConfig: Setting CVar [[r.Shadow.MaxResolution:2048]]
[2024.01.20-19.38.33:256][  0]LogConfig: Setting CVar [[r.Shadow.MaxCSMResolution:2048]]
[2024.01.20-19.38.33:256][  0]LogConfig: Setting CVar [[r.Shadow.RadiusThreshold:0.01]]
[2024.01.20-19.38.33:256][  0]LogConfig: Setting CVar [[r.Shadow.DistanceScale:1.0]]
[2024.01.20-19.38.33:256][  0]LogConfig: Setting CVar [[r.Shadow.CSM.TransitionScale:1.0]]
[2024.01.20-19.38.33:256][  0]LogConfig: Setting CVar [[r.Shadow.PreShadowResolutionFactor:1.0]]
[2024.01.20-19.38.33:256][  0]LogConfig: Setting CVar [[r.DistanceFieldShadowing:1]]
[2024.01.20-19.38.33:256][  0]LogConfig: Setting CVar [[r.DistanceFieldAO:1]]
[2024.01.20-19.38.33:256][  0]LogConfig: Setting CVar [[r.AOQuality:2]]
[2024.01.20-19.38.33:256][  0]LogConfig: Setting CVar [[r.VolumetricFog:1]]
[2024.01.20-19.38.33:256][  0]LogConfig: Setting CVar [[r.VolumetricFog.GridPixelSize:8]]
[2024.01.20-19.38.33:256][  0]LogConfig: Setting CVar [[r.VolumetricFog.GridSizeZ:128]]
[2024.01.20-19.38.33:256][  0]LogConfig: Setting CVar [[r.VolumetricFog.HistoryMissSupersampleCount:4]]
[2024.01.20-19.38.33:256][  0]LogConfig: Setting CVar [[r.LightMaxDrawDistanceScale:1]]
[2024.01.20-19.38.33:256][  0]LogConfig: Setting CVar [[r.CapsuleShadows:1]]
[2024.01.20-19.38.33:256][  0]LogConfig: Applying CVar settings from Section [PostProcessQuality@3] File [D:/GameProjects/UE/Snake/SnakeProject/Saved/Config/Windows/Scalability.ini]
[2024.01.20-19.38.33:256][  0]LogConfig: Setting CVar [[r.MotionBlurQuality:4]]
[2024.01.20-19.38.33:256][  0]LogConfig: Setting CVar [[r.AmbientOcclusionMipLevelFactor:0.4]]
[2024.01.20-19.38.33:256][  0]LogConfig: Setting CVar [[r.AmbientOcclusionMaxQuality:100]]
[2024.01.20-19.38.33:256][  0]LogConfig: Setting CVar [[r.AmbientOcclusionLevels:-1]]
[2024.01.20-19.38.33:256][  0]LogConfig: Setting CVar [[r.AmbientOcclusionRadiusScale:1.0]]
[2024.01.20-19.38.33:256][  0]LogConfig: Setting CVar [[r.DepthOfFieldQuality:2]]
[2024.01.20-19.38.33:256][  0]LogConfig: Setting CVar [[r.RenderTargetPoolMin:400]]
[2024.01.20-19.38.33:256][  0]LogConfig: Setting CVar [[r.LensFlareQuality:2]]
[2024.01.20-19.38.33:256][  0]LogConfig: Setting CVar [[r.SceneColorFringeQuality:1]]
[2024.01.20-19.38.33:257][  0]LogConfig: Setting CVar [[r.EyeAdaptationQuality:2]]
[2024.01.20-19.38.33:257][  0]LogConfig: Setting CVar [[r.BloomQuality:5]]
[2024.01.20-19.38.33:257][  0]LogConfig: Setting CVar [[r.FastBlurThreshold:100]]
[2024.01.20-19.38.33:257][  0]LogConfig: Setting CVar [[r.Upscale.Quality:3]]
[2024.01.20-19.38.33:257][  0]LogConfig: Setting CVar [[r.Tonemapper.GrainQuantization:1]]
[2024.01.20-19.38.33:257][  0]LogConfig: Setting CVar [[r.LightShaftQuality:1]]
[2024.01.20-19.38.33:257][  0]LogConfig: Setting CVar [[r.Filter.SizeScale:1]]
[2024.01.20-19.38.33:257][  0]LogConfig: Setting CVar [[r.Tonemapper.Quality:5]]
[2024.01.20-19.38.33:257][  0]LogConfig: Setting CVar [[r.DOF.Gather.AccumulatorQuality:1        ; higher gathering accumulator quality]]
[2024.01.20-19.38.33:257][  0]LogConfig: Setting CVar [[r.DOF.Gather.PostfilterMethod:1          ; Median3x3 postfilering method]]
[2024.01.20-19.38.33:257][  0]LogConfig: Setting CVar [[r.DOF.Gather.EnableBokehSettings:0       ; no bokeh simulation when gathering]]
[2024.01.20-19.38.33:257][  0]LogConfig: Setting CVar [[r.DOF.Gather.RingCount:4                 ; medium number of samples when gathering]]
[2024.01.20-19.38.33:257][  0]LogConfig: Setting CVar [[r.DOF.Scatter.ForegroundCompositing:1    ; additive foreground scattering]]
[2024.01.20-19.38.33:257][  0]LogConfig: Setting CVar [[r.DOF.Scatter.BackgroundCompositing:2    ; additive background scattering]]
[2024.01.20-19.38.33:257][  0]LogConfig: Setting CVar [[r.DOF.Scatter.EnableBokehSettings:1      ; bokeh simulation when scattering]]
[2024.01.20-19.38.33:257][  0]LogConfig: Setting CVar [[r.DOF.Scatter.MaxSpriteRatio:0.1         ; only a maximum of 10% of scattered bokeh]]
[2024.01.20-19.38.33:258][  0]LogConfig: Setting CVar [[r.DOF.Recombine.Quality:1                ; cheap slight out of focus]]
[2024.01.20-19.38.33:258][  0]LogConfig: Setting CVar [[r.DOF.Recombine.EnableBokehSettings:0    ; no bokeh simulation on slight out of focus]]
[2024.01.20-19.38.33:258][  0]LogConfig: Setting CVar [[r.DOF.TemporalAAQuality:1                ; more stable temporal accumulation]]
[2024.01.20-19.38.33:258][  0]LogConfig: Setting CVar [[r.DOF.Kernel.MaxForegroundRadius:0.025]]
[2024.01.20-19.38.33:258][  0]LogConfig: Setting CVar [[r.DOF.Kernel.MaxBackgroundRadius:0.025]]
[2024.01.20-19.38.33:258][  0]LogConfig: Applying CVar settings from Section [TextureQuality@3] File [D:/GameProjects/UE/Snake/SnakeProject/Saved/Config/Windows/Scalability.ini]
[2024.01.20-19.38.33:258][  0]LogConfig: Setting CVar [[r.Streaming.MipBias:0]]
[2024.01.20-19.38.33:258][  0]LogConfig: Setting CVar [[r.Streaming.AmortizeCPUToGPUCopy:0]]
[2024.01.20-19.38.33:258][  0]LogConfig: Setting CVar [[r.Streaming.MaxNumTexturesToStreamPerFrame:0]]
[2024.01.20-19.38.33:258][  0]LogConfig: Setting CVar [[r.Streaming.Boost:1]]
[2024.01.20-19.38.33:258][  0]LogConfig: Setting CVar [[r.MaxAnisotropy:8]]
[2024.01.20-19.38.33:258][  0]LogConfig: Setting CVar [[r.VT.MaxAnisotropy:8]]
[2024.01.20-19.38.33:258][  0]LogConfig: Setting CVar [[r.Streaming.LimitPoolSizeToVRAM:0]]
[2024.01.20-19.38.33:258][  0]LogConfig: Setting CVar [[r.Streaming.PoolSize:1000]]
[2024.01.20-19.38.33:259][  0]LogConfig: Setting CVar [[r.Streaming.MaxEffectiveScreenSize:0]]
[2024.01.20-19.38.33:259][  0]LogConfig: Applying CVar settings from Section [EffectsQuality@3] File [D:/GameProjects/UE/Snake/SnakeProject/Saved/Config/Windows/Scalability.ini]
[2024.01.20-19.38.33:259][  0]LogConfig: Setting CVar [[r.TranslucencyLightingVolumeDim:64]]
[2024.01.20-19.38.33:259][  0]LogConfig: Setting CVar [[r.RefractionQuality:2]]
[2024.01.20-19.38.33:259][  0]LogConfig: Setting CVar [[r.SSR.Quality:3]]
[2024.01.20-19.38.33:259][  0]LogConfig: Setting CVar [[r.SSR.HalfResSceneColor:0]]
[2024.01.20-19.38.33:259][  0]LogConfig: Setting CVar [[r.SceneColorFormat:4]]
[2024.01.20-19.38.33:259][  0]LogConfig: Setting CVar [[r.DetailMode:2]]
[2024.01.20-19.38.33:259][  0]LogConfig: Setting CVar [[r.TranslucencyVolumeBlur:1]]
[2024.01.20-19.38.33:259][  0]LogConfig: Setting CVar [[r.MaterialQualityLevel:1 ; High quality]]
[2024.01.20-19.38.33:259][  0]LogConfig: Setting CVar [[r.AnisotropicMaterials:1]]
[2024.01.20-19.38.33:259][  0]LogConfig: Setting CVar [[r.SSS.Scale:1]]
[2024.01.20-19.38.33:259][  0]LogConfig: Setting CVar [[r.SSS.SampleSet:2]]
[2024.01.20-19.38.33:260][  0]LogConfig: Setting CVar [[r.SSS.Quality:1]]
[2024.01.20-19.38.33:260][  0]LogConfig: Setting CVar [[r.SSS.HalfRes:0]]
[2024.01.20-19.38.33:260][  0]LogConfig: Setting CVar [[r.SSGI.Quality:3]]
[2024.01.20-19.38.33:260][  0]LogConfig: Setting CVar [[r.EmitterSpawnRateScale:1.0]]
[2024.01.20-19.38.33:260][  0]LogConfig: Setting CVar [[r.ParticleLightQuality:2]]
[2024.01.20-19.38.33:260][  0]LogConfig: Setting CVar [[r.SkyAtmosphere.AerialPerspectiveLUT.FastApplyOnOpaque:1 ; Always have FastSkyLUT 1 in this case to avoid wrong sky]]
[2024.01.20-19.38.33:260][  0]LogConfig: Setting CVar [[r.SkyAtmosphere.AerialPerspectiveLUT.SampleCountMaxPerSlice:4]]
[2024.01.20-19.38.33:260][  0]LogConfig: Setting CVar [[r.SkyAtmosphere.AerialPerspectiveLUT.DepthResolution:16.0]]
[2024.01.20-19.38.33:260][  0]LogConfig: Setting CVar [[r.SkyAtmosphere.FastSkyLUT:1]]
[2024.01.20-19.38.33:260][  0]LogConfig: Setting CVar [[r.SkyAtmosphere.FastSkyLUT.SampleCountMin:4.0]]
[2024.01.20-19.38.33:260][  0]LogConfig: Setting CVar [[r.SkyAtmosphere.FastSkyLUT.SampleCountMax:128.0]]
[2024.01.20-19.38.33:260][  0]LogConfig: Setting CVar [[r.SkyAtmosphere.SampleCountMin:4.0]]
[2024.01.20-19.38.33:260][  0]LogConfig: Setting CVar [[r.SkyAtmosphere.SampleCountMax:128.0]]
[2024.01.20-19.38.33:261][  0]LogConfig: Setting CVar [[r.SkyAtmosphere.TransmittanceLUT.UseSmallFormat:0]]
[2024.01.20-19.38.33:261][  0]LogConfig: Setting CVar [[r.SkyAtmosphere.TransmittanceLUT.SampleCount:10.0]]
[2024.01.20-19.38.33:261][  0]LogConfig: Setting CVar [[r.SkyAtmosphere.MultiScatteringLUT.SampleCount:15.0]]
[2024.01.20-19.38.33:261][  0]LogConfig: Setting CVar [[r.SkyLight.RealTimeReflectionCapture:1]]
[2024.01.20-19.38.33:261][  0]LogConfig: Applying CVar settings from Section [FoliageQuality@3] File [D:/GameProjects/UE/Snake/SnakeProject/Saved/Config/Windows/Scalability.ini]
[2024.01.20-19.38.33:261][  0]LogConfig: Setting CVar [[foliage.DensityScale:1.0]]
[2024.01.20-19.38.33:261][  0]LogConfig: Setting CVar [[grass.DensityScale:1.0]]
[2024.01.20-19.38.33:261][  0]LogConfig: Applying CVar settings from Section [ShadingQuality@3] File [D:/GameProjects/UE/Snake/SnakeProject/Saved/Config/Windows/Scalability.ini]
[2024.01.20-19.38.33:261][  0]LogConfig: Setting CVar [[r.HairStrands.SkyLighting.IntegrationType:2]]
[2024.01.20-19.38.33:261][  0]LogConfig: Setting CVar [[r.HairStrands.SkyAO.SampleCount:4]]
[2024.01.20-19.38.33:261][  0]LogConfig: Setting CVar [[r.HairStrands.Visibility.MSAA.SamplePerPixel:4]]
[2024.01.20-19.38.33:261][  0]LogConfig: Applying CVar settings from Section [Startup] File [../../../Engine/Config/ConsoleVariables.ini]
[2024.01.20-19.38.33:262][  0]LogConfig: Setting CVar [[net.UseAdaptiveNetUpdateFrequency:0]]
[2024.01.20-19.38.33:262][  0]LogConfig: Setting CVar [[p.chaos.AllowCreatePhysxBodies:1]]
[2024.01.20-19.38.33:262][  0]LogConfig: Setting CVar [[fx.SkipVectorVMBackendOptimizations:1]]
[2024.01.20-19.38.33:262][  0]LogConfig: Applying CVar settings from Section [ConsoleVariables] File [D:/GameProjects/UE/Snake/SnakeProject/Saved/Config/Windows/Engine.ini]
[2024.01.20-19.38.33:262][  0]LogConfig: Applying CVar settings from Section [ConsoleVariables] File [D:/GameProjects/UE/Snake/SnakeProject/Saved/Config/Windows/Editor.ini]
[2024.01.20-19.38.33:262][  0]LogInit: Computer: ELENA
[2024.01.20-19.38.33:262][  0]LogInit: User: lll33
[2024.01.20-19.38.33:262][  0]LogInit: CPU Page size=4096, Cores=6
[2024.01.20-19.38.33:262][  0]LogInit: High frequency timer resolution =10.000000 MHz
[2024.01.20-19.38.33:262][  0]LogMemory: Memory total: Physical=15.8GB (16GB approx)
[2024.01.20-19.38.33:263][  0]LogMemory: Platform Memory Stats for Windows
[2024.01.20-19.38.33:263][  0]LogMemory: Process Physical Memory: 145.39 MB used, 145.39 MB peak
[2024.01.20-19.38.33:263][  0]LogMemory: Process Virtual Memory: 128.13 MB used, 128.13 MB peak
[2024.01.20-19.38.33:263][  0]LogMemory: Physical Memory: 10753.51 MB used,  5447.26 MB free, 16200.77 MB total
[2024.01.20-19.38.33:263][  0]LogMemory: Virtual Memory: 134212592.00 MB used,  5139.06 MB free, 134217728.00 MB total
[2024.01.20-19.38.33:272][  0]LogWindows: WindowsPlatformFeatures enabled
[2024.01.20-19.38.33:362][  0]LogInit: Physics initialised using underlying interface: PhysX
[2024.01.20-19.38.33:364][  0]LogInit: Using OS detected language (ru-RU).
[2024.01.20-19.38.33:364][  0]LogInit: Using OS detected locale (ru-RU).
[2024.01.20-19.38.33:370][  0]LogTextLocalizationManager: No specific localization for 'ru-RU' exists, so the 'ru' localization will be used.
[2024.01.20-19.38.33:370][  0]LogTextLocalizationResource: LocRes '../../../Engine/Content/Localization/Editor/ru/Editor.locres' could not be opened for reading!
[2024.01.20-19.38.33:370][  0]LogTextLocalizationResource: LocRes '../../../Engine/Content/Localization/EditorTutorials/ru/EditorTutorials.locres' could not be opened for reading!
[2024.01.20-19.38.33:370][  0]LogTextLocalizationResource: LocRes '../../../Engine/Content/Localization/Keywords/ru/Keywords.locres' could not be opened for reading!
[2024.01.20-19.38.33:371][  0]LogTextLocalizationResource: LocRes '../../../Engine/Content/Localization/Category/ru/Category.locres' could not be opened for reading!
[2024.01.20-19.38.33:371][  0]LogTextLocalizationResource: LocRes '../../../Engine/Content/Localization/ToolTips/ru/ToolTips.locres' could not be opened for reading!
[2024.01.20-19.38.33:371][  0]LogTextLocalizationResource: LocRes '../../../Engine/Content/Localization/PropertyNames/ru/PropertyNames.locres' could not be opened for reading!
[2024.01.20-19.38.33:371][  0]LogTextLocalizationResource: LocRes '../../../Engine/Content/Localization/Engine/ru/Engine.locres' could not be opened for reading!
[2024.01.20-19.38.33:372][  0]LogInit: Setting process to per monitor DPI aware
[2024.01.20-19.38.33:398][  0]LogWindowsTextInputMethodSystem: Display: IME system deactivated.
[2024.01.20-19.38.33:417][  0]LogSlate: New Slate User Created.  User Index 0, Is Virtual User: 0
[2024.01.20-19.38.33:417][  0]LogSlate: Slate User Registered.  User Index 0, Is Virtual User: 0
[2024.01.20-19.38.33:529][  0]LogD3D11RHI: Loaded GFSDK_Aftermath_Lib.x64.dll
[2024.01.20-19.38.33:586][  0]LogHMD: Failed to initialize OpenVR with code 110
[2024.01.20-19.38.33:587][  0]LogD3D11RHI: D3D11 min allowed feature level: 11_0
[2024.01.20-19.38.33:587][  0]LogD3D11RHI: D3D11 max allowed feature level: 11_0
[2024.01.20-19.38.33:587][  0]LogD3D11RHI: D3D11 adapters:
[2024.01.20-19.38.33:780][  0]LogD3D11RHI:    0. 'NVIDIA GeForce GTX 1660 Ti' (Feature Level 11_0)
[2024.01.20-19.38.33:780][  0]LogD3D11RHI:       5979/0/8100 MB DedicatedVideo/DedicatedSystem/SharedSystem, Outputs:1, VendorId:0x10de
[2024.01.20-19.38.33:831][  0]LogD3D11RHI:    1. 'Intel(R) UHD Graphics' (Feature Level 11_0)
[2024.01.20-19.38.33:831][  0]LogD3D11RHI:       128/0/8100 MB DedicatedVideo/DedicatedSystem/SharedSystem, Outputs:0, VendorId:0x8086
[2024.01.20-19.38.33:835][  0]LogD3D11RHI:    2. 'Microsoft Basic Render Driver' (Feature Level 11_0)
[2024.01.20-19.38.33:835][  0]LogD3D11RHI:       0/0/8100 MB DedicatedVideo/DedicatedSystem/SharedSystem, Outputs:0, VendorId:0x1414
[2024.01.20-19.38.33:837][  0]LogD3D11RHI: Chosen D3D11 Adapter:
[2024.01.20-19.38.33:837][  0]LogD3D11RHI:     Description : NVIDIA GeForce GTX 1660 Ti
[2024.01.20-19.38.33:837][  0]LogD3D11RHI:     VendorId    : 10de
[2024.01.20-19.38.33:837][  0]LogD3D11RHI:     DeviceId    : 2191
[2024.01.20-19.38.33:837][  0]LogD3D11RHI:     SubSysId    : 12b81462
[2024.01.20-19.38.33:837][  0]LogD3D11RHI:     Revision    : 00a1
[2024.01.20-19.38.33:837][  0]LogD3D11RHI:     DedicatedVideoMemory : 6269435904 bytes
[2024.01.20-19.38.33:837][  0]LogD3D11RHI:     DedicatedSystemMemory : 0 bytes
[2024.01.20-19.38.33:837][  0]LogD3D11RHI:     SharedSystemMemory : 8493871104 bytes
[2024.01.20-19.38.33:837][  0]LogD3D11RHI:     AdapterLuid : 0 57722
[2024.01.20-19.38.33:847][  0]LogD3D11RHI: Creating new Direct3DDevice
[2024.01.20-19.38.33:847][  0]LogD3D11RHI:     GPU DeviceId: 0x2191 (for the marketing name, search the web for "GPU Device Id")
[2024.01.20-19.38.33:847][  0]LogWindows: EnumDisplayDevices:
[2024.01.20-19.38.33:847][  0]LogWindows:    0. 'Intel(R) UHD Graphics' (P:1 D:1)
[2024.01.20-19.38.33:848][  0]LogWindows:    1. 'Intel(R) UHD Graphics' (P:0 D:0)
[2024.01.20-19.38.33:848][  0]LogWindows:    2. 'Intel(R) UHD Graphics' (P:0 D:0)
[2024.01.20-19.38.33:848][  0]LogWindows:    3. 'NVIDIA GeForce GTX 1660 Ti' (P:0 D:0)
[2024.01.20-19.38.33:849][  0]LogWindows:    4. 'NVIDIA GeForce GTX 1660 Ti' (P:0 D:0)
[2024.01.20-19.38.33:849][  0]LogWindows:    5. 'NVIDIA GeForce GTX 1660 Ti' (P:0 D:0)
[2024.01.20-19.38.33:849][  0]LogWindows:    6. 'NVIDIA GeForce GTX 1660 Ti' (P:0 D:0)
[2024.01.20-19.38.33:849][  0]LogWindows: DebugString: PrimaryIsNotTheChoosenAdapter PrimaryIsNotTheChoosenAdapter PrimaryIsNotTheChoosenAdapter FoundDriverCount:4 
[2024.01.20-19.38.33:850][  0]LogD3D11RHI:     Adapter Name: NVIDIA GeForce GTX 1660 Ti
[2024.01.20-19.38.33:850][  0]LogD3D11RHI:   Driver Version: 546.17 (internal:31.0.15.4617, unified:546.17)
[2024.01.20-19.38.33:850][  0]LogD3D11RHI:      Driver Date: 11-9-2023
[2024.01.20-19.38.33:850][  0]LogRHI: Texture pool is 4185 MB (70% of 5979 MB)
[2024.01.20-19.38.33:850][  0]LogD3D11RHI: Creating D3DDevice using adapter:
[2024.01.20-19.38.33:850][  0]LogD3D11RHI:     Description : NVIDIA GeForce GTX 1660 Ti
[2024.01.20-19.38.33:850][  0]LogD3D11RHI:     VendorId    : 10de
[2024.01.20-19.38.33:850][  0]LogD3D11RHI:     DeviceId    : 2191
[2024.01.20-19.38.33:850][  0]LogD3D11RHI:     SubSysId    : 12b81462
[2024.01.20-19.38.33:850][  0]LogD3D11RHI:     Revision    : 00a1
[2024.01.20-19.38.33:850][  0]LogD3D11RHI:     DedicatedVideoMemory : 6269435904 bytes
[2024.01.20-19.38.33:850][  0]LogD3D11RHI:     DedicatedSystemMemory : 0 bytes
[2024.01.20-19.38.33:850][  0]LogD3D11RHI:     SharedSystemMemory : 8493871104 bytes
[2024.01.20-19.38.33:850][  0]LogD3D11RHI:     AdapterLuid : 0 57722
[2024.01.20-19.38.33:962][  0]LogD3D11RHI: RHI has support for 64 bit atomics
[2024.01.20-19.38.33:962][  0]LogD3D11RHI: Async texture creation enabled
[2024.01.20-19.38.33:963][  0]LogD3D11RHI: Array index from any shader is supported
[2024.01.20-19.38.33:978][  0]LogD3D11RHI: GPU Timing Frequency: 1000.000000 (Debug: 2 1)
[2024.01.20-19.38.34:022][  0]LogRHI: GeForceNow SDK initialized: 1
[2024.01.20-19.38.34:312][  0]LogTargetPlatformManager: Display: Loaded TargetPlatform 'AllDesktop'
[2024.01.20-19.38.34:336][  0]LogTargetPlatformManager: Display: Loaded TargetPlatform 'Android'
[2024.01.20-19.38.34:337][  0]LogTargetPlatformManager: Display: Loaded TargetPlatform 'Android_ASTC'
[2024.01.20-19.38.34:337][  0]LogTargetPlatformManager: Display: Loaded TargetPlatform 'Android_DXT'
[2024.01.20-19.38.34:337][  0]LogTargetPlatformManager: Display: Loaded TargetPlatform 'Android_ETC2'
[2024.01.20-19.38.34:337][  0]LogTargetPlatformManager: Display: Loaded TargetPlatform 'AndroidClient'
[2024.01.20-19.38.34:337][  0]LogTargetPlatformManager: Display: Loaded TargetPlatform 'Android_ASTCClient'
[2024.01.20-19.38.34:337][  0]LogTargetPlatformManager: Display: Loaded TargetPlatform 'Android_DXTClient'
[2024.01.20-19.38.34:337][  0]LogTargetPlatformManager: Display: Loaded TargetPlatform 'Android_ETC2Client'
[2024.01.20-19.38.34:338][  0]LogTargetPlatformManager: Display: Loaded TargetPlatform 'Android_Multi'
[2024.01.20-19.38.34:338][  0]LogTargetPlatformManager: Display: Loaded TargetPlatform 'Android_MultiClient'
[2024.01.20-19.38.34:363][  0]LogTargetPlatformManager: Display: Loaded TargetPlatform 'IOSClient'
[2024.01.20-19.38.34:363][  0]LogTargetPlatformManager: Display: Loaded TargetPlatform 'IOS'
[2024.01.20-19.38.34:373][  0]LogTargetPlatformManager: Display: Loaded TargetPlatform 'Linux'
[2024.01.20-19.38.34:379][  0]LogTargetPlatformManager: Display: Loaded TargetPlatform 'LinuxNoEditor'
[2024.01.20-19.38.34:385][  0]LogTargetPlatformManager: Display: Loaded TargetPlatform 'LinuxClient'
[2024.01.20-19.38.34:392][  0]LogTargetPlatformManager: Display: Loaded TargetPlatform 'LinuxServer'
[2024.01.20-19.38.34:401][  0]LogTargetPlatformManager: Display: Loaded TargetPlatform 'LinuxAArch64NoEditor'
[2024.01.20-19.38.34:408][  0]LogTargetPlatformManager: Display: Loaded TargetPlatform 'LinuxAArch64Client'
[2024.01.20-19.38.34:413][  0]LogTargetPlatformManager: Display: Loaded TargetPlatform 'LinuxAArch64Server'
[2024.01.20-19.38.34:440][  0]LogTargetPlatformManager: Display: Loaded TargetPlatform 'Lumin'
[2024.01.20-19.38.34:440][  0]LogTargetPlatformManager: Display: Loaded TargetPlatform 'LuminClient'
[2024.01.20-19.38.34:448][  0]LogTargetPlatformManager: Display: Loaded TargetPlatform 'MacNoEditor'
[2024.01.20-19.38.34:454][  0]LogTargetPlatformManager: Display: Loaded TargetPlatform 'Mac'
[2024.01.20-19.38.34:461][  0]LogTargetPlatformManager: Display: Loaded TargetPlatform 'MacClient'
[2024.01.20-19.38.34:467][  0]LogTargetPlatformManager: Display: Loaded TargetPlatform 'MacServer'
[2024.01.20-19.38.34:479][  0]LogTargetPlatformManager: Display: Loaded TargetPlatform 'TVOSClient'
[2024.01.20-19.38.34:479][  0]LogTargetPlatformManager: Display: Loaded TargetPlatform 'TVOS'
[2024.01.20-19.38.34:489][  0]LogTargetPlatformManager: Display: Loaded TargetPlatform 'WindowsNoEditor'
[2024.01.20-19.38.34:495][  0]LogTargetPlatformManager: Display: Loaded TargetPlatform 'Windows'
[2024.01.20-19.38.34:501][  0]LogTargetPlatformManager: Display: Loaded TargetPlatform 'WindowsClient'
[2024.01.20-19.38.34:508][  0]LogTargetPlatformManager: Display: Loaded TargetPlatform 'WindowsServer'
[2024.01.20-19.38.34:508][  0]LogTargetPlatformManager: Display: Building Assets For Windows
[2024.01.20-19.38.34:521][  0]LogAudioDebug: Display: Lib vorbis DLL was dynamically loaded.
[2024.01.20-19.38.34:568][  0]LogTextureFormatOodle: Display: Oodle Texture 2.9.0 init RDO Off
[2024.01.20-19.38.34:617][  0]LogRendererCore: Ray tracing is disabled. Reason: r.RayTracing=0.
[2024.01.20-19.38.34:617][  0]LogShaderCompilers: Guid format shader working directory is 9 characters bigger than the processId version (D:/GameProjects/UE/Snake/SnakeProject/Intermediate/Shaders/WorkingDirectory/3836/).
[2024.01.20-19.38.34:617][  0]LogShaderCompilers: Cleaned the shader compiler working directory 'C:/Users/lll33/AppData/Local/Temp/UnrealShaderWorkingDir/3F776A9142E9BB65F27A43A487289814/'.
[2024.01.20-19.38.34:618][  0]LogXGEController: Cannot use XGE Controller as Incredibuild is not installed on this machine.
[2024.01.20-19.38.34:618][  0]LogShaderCompilers: Cannot use XGE Shader Compiler as Incredibuild is not installed on this machine.
[2024.01.20-19.38.34:618][  0]LogShaderCompilers: Display: Using Local Shader Compiler.
[2024.01.20-19.38.35:356][  0]LogDerivedDataCache: Display: Max Cache Size: 512 MB
[2024.01.20-19.38.35:419][  0]LogDerivedDataCache: Loaded boot cache 0.06s 94MB C:/Users/lll33/AppData/Local/UnrealEngine/4.27/DerivedDataCache/Boot.ddc.
[2024.01.20-19.38.35:419][  0]LogDerivedDataCache: Display: Loaded Boot cache: C:/Users/lll33/AppData/Local/UnrealEngine/4.27/DerivedDataCache/Boot.ddc
[2024.01.20-19.38.35:420][  0]LogDerivedDataCache: FDerivedDataBackendGraph:  Pak pak cache file D:/GameProjects/UE/Snake/SnakeProject/DerivedDataCache/DDC.ddp not found, will not use a pak cache.
[2024.01.20-19.38.35:420][  0]LogDerivedDataCache: Unable to find inner node Pak for hierarchical cache Hierarchy.
[2024.01.20-19.38.35:420][  0]LogDerivedDataCache: FDerivedDataBackendGraph:  CompressedPak pak cache file D:/GameProjects/UE/Snake/SnakeProject/DerivedDataCache/Compressed.ddp not found, will not use a pak cache.
[2024.01.20-19.38.35:420][  0]LogDerivedDataCache: Unable to find inner node CompressedPak for hierarchical cache Hierarchy.
[2024.01.20-19.38.35:436][  0]LogDerivedDataCache: Display: Pak cache opened for reading ../../../Engine/DerivedDataCache/Compressed.ddp.
[2024.01.20-19.38.35:437][  0]LogDerivedDataCache: FDerivedDataBackendGraph:  EnterprisePak pak cache file ../../../Enterprise/DerivedDataCache/Compressed.ddp not found, will not use a pak cache.
[2024.01.20-19.38.35:437][  0]LogDerivedDataCache: Unable to find inner node EnterprisePak for hierarchical cache Hierarchy.
[2024.01.20-19.38.35:444][  0]LogDerivedDataCache: Speed tests for C:/Users/lll33/AppData/Local/UnrealEngine/Common/DerivedDataCache took 0.01 seconds
[2024.01.20-19.38.35:444][  0]LogDerivedDataCache: Display: Performance to C:/Users/lll33/AppData/Local/UnrealEngine/Common/DerivedDataCache: Latency=0.02ms. RandomReadSpeed=1373.65MBs, RandomWriteSpeed=151.51MBs. Assigned SpeedClass 'Local'
[2024.01.20-19.38.35:445][  0]LogDerivedDataCache: Using Local data cache path C:/Users/lll33/AppData/Local/UnrealEngine/Common/DerivedDataCache: Writable
[2024.01.20-19.38.35:445][  0]LogDerivedDataCache: Shared data cache path not found in *engine.ini, will not use an Shared cache.
[2024.01.20-19.38.35:447][  0]LogDerivedDataCache: Unable to find inner node Shared for hierarchical cache Hierarchy.
[2024.01.20-19.38.35:495][  0]LogSlate: Using FreeType 2.10.0
[2024.01.20-19.38.35:496][  0]LogSlate: SlateFontServices - WITH_FREETYPE: 1, WITH_HARFBUZZ: 1
[2024.01.20-19.38.35:522][  0]LogAssetRegistry: FAssetRegistry took 0.0034 seconds to start up
[2024.01.20-19.38.35:748][  0]LogInit: Selected Device Profile: [Windows]
[2024.01.20-19.38.35:748][  0]LogInit: Active device profile: [000001FFE3E1BA00][000001FFD9452380 49] Windows
[2024.01.20-19.38.35:748][  0]LogInit: Profiles: [000001FFE3E1BA00][000001FFD9452380 49] Windows, [000001FFE3DD8700][000001FFE28764C0 49] WindowsNoEditor, [000001FFE3E18800][000001FFD9456600 49] WindowsServer, [000001FFE3DDB200][000001FFE4422740 49] WindowsClient, [000001FFE3E1B100][000001FFE2B7A8C0 49] IOS, [000001FFE3DD9100][000001FFE4426A40 49] iPadAir, [000001FFE3E19000][000001FFE442ABC0 49] iPadAir2, [000001FFE3D8C200][000001FFE2B82E80 49] IPadPro, [000001FFE3D8C300][000001FFE2B7EEC0 49] iPadAir3, [000001FFE3E1AB00][000001FFE2B87040 49] iPadAir4, [000001FFE3D8F400][000001FFE2B8B1C0 49] iPadMini2, [000001FFE3E19500][000001FFE2B8F340 49] iPadMini3, [000001FFE3D8D500][000001FFE2B934C0 49] iPadMini4, [000001FFE3E1A300][000001FFE2B97640 49] iPadMini5, [000001FFE3D83A00][000001FFDBC3B900 49] iPhone6, [000001FFE3D83B00][000001FFE2B9B940 49] iPodTouch6, [000001FFE3D8F000][000001FFDBC43C00 49] iPhone7, [000001FFE3D8EF00][000001FFDBC3E0C0 49] iPodTouch7, [000001FFE3D80C00][000001FFDBC46240 49] iPhone5S, [000001FFE3D8D000][000001FFDBC4A3C0 49] iPhone6Plus, [000001FFE3D82D00][000001FFDBC4E540 49] iPhone6S, [000001FFE3D8F600][000001FFD8E48680 49] iPhone6SPlus, [000001FFE3D81400][000001FFDBC527C0 49] iPhone7Plus, [000001FFE3D8D200][000001FFDBC56900 49] iPhoneSE, [000001FFE3D82500][000001FFDBC5EA80 49] iPhone8, [000001FFE3D8D700][000001FFDBC62C00 49] iPhone8Plus, [000001FFE3D81C00][000001FFDBC66D80 49] iPhoneX, [000001FFE3D8E000][000001FFDBC6AF00 49] iPhoneXS, [000001FFE3D80500][000001FFDBC6F080 49] iPhoneXSMax, [000001FFE3D8DB00][000001FFDBC73200 49] iPhoneXR, [000001FFE3D81D00][000001FFE1769380 49] iPhone11, [000001FFE3D8ED00][000001FFE176D500 49] iPhone11Pro, [000001FFE3D81700][000001FFE1771680 49] iPhone11ProMax, [000001FFE3D8FD00][000001FFE1775800 49] iPhoneSE2, [000001FFE3D82400][000001FFE1779980 49] iPhone12Mini, [000001FFE3D8C900][000001FFE177DB00 49] iPhone12, [000001FFE3D82B00][000001FFE1780100 49] iPhone12Pro, [000001FFE3D8EE00][000001FFE1784280 49] iPhone12ProMax, [000001FFE3D81900][000001FFE1788400 49] iPadPro105, [000001FFE3D8E100][000001FFE178C580 49] iPadPro129, [000001FFE3D81600][000001FFE1790700 49] iPadPro97, [000001FFE3D8FE00][000001FFDBC5A840 49] iPadPro2_129, [000001FFE3D80300][000001FFE1794980 49] iPad5, [000001FFE3D8FC00][000001FFE1798AC0 49] iPad6, [000001FFE3D81200][000001FFE17A0C40 49] iPad7, [000001FFE3D8DC00][000001FFE17A4DC0 49] iPad8, [000001FFE3D83E00][000001FFE17A8F40 49] iPadPro11, [000001FFE3D8E800][000001FFE17AD0C0 49] iPadPro2_11, [000001FFE3D81500][000001FFE17B1240 49] iPadPro3_129, [000001FFE3D8E200][000001FFE17B53C0 49] iPadPro4_129, [000001FFE3D81100][000001FFE2891540 49] AppleTV, [000001FFE3D8EC00][000001FFE28956C0 49] AppleTV4K, [000001FFE3D81000][000001FFE2899840 49] TVOS, [000001FFE3D8C400][000001FFE289D9C0 49] Mac, [000001FFE3D80D00][000001FFE28A1B40 49] MacClient, [000001FFE3D8DF00][000001FFE28A4140 49] MacNoEditor, [000001FFE3D83300][000001FFE28A82C0 49] MacServer, [000001FFE3D8F200][000001FFE28AC440 49] Linux, [000001FFE3D80A00][000001FFE28B05C0 49] LinuxAArch64, [000001FFE3D8C700][000001FFE28B4740 49] LinuxNoEditor, [000001FFE3D82300][000001FFE28B88C0 49] LinuxAArch64NoEditor, [000001FFE3D8DE00][000001FFE179CA00 49] LinuxClient, [000001FFE3D81B00][000001FFE28BCB40 49] LinuxAArch64Client, [000001FFE3D8CC00][000001FFE28C0C80 49] LinuxServer, [000001FFE3D83500][000001FFE28C4DC0 49] LinuxAArch64Server, [000001FFE3D8D600][000001FFE28CCF40 49] Android, [000001FFE3DDAF00][000001FFE28D10C0 49] Android_Low, [000001FFE3E59100][000001FFE28D5240 49] Android_Mid, [000001FFE3DDAC00][000001FFE28D93C0 49] Android_High, [000001FFE3E59B00][000001FFE28DD540 49] Android_Default, [000001FFE3DDBE00][000001FFE28E16C0 49] Android_Adreno4xx, [000001FFE3E5A300][000001FFE28E5840 49] Android_Adreno5xx_Low, [000001FFE3DD9E00][000001FFE28E99C0 49] Android_Adreno5xx, [000001FFE3E59F00][000001FFE28EDB40 49] Android_Adreno6xx, [000001FFE3DD8F00][000001FFE28F0140 49] Android_Adreno6xx_Vulkan, [000001FFE3E58E00][000001FFE28F42C0 49] Android_Mali_T6xx, [000001FFE3DD9A00][000001FFE28F8440 49] Android_Mali_T7xx, [000001FFE3E5A200][000001FFE28FC5C0 49] Android_Mali_T8xx, [000001FFE3DDB700][000001FFE2900740 49] Android_Mali_G71, [000001FFE3E58200][000001FFE29048C0 49] Android_Mali_G72, [000001FFE3DDA200][000001FFE2908A40 49] Android_Mali_G72_Vulkan, [000001FFE3E5A600][000001FFE28C8B80 49] Android_Mali_G76, [000001FFE3DDB600][000001FFE290CCC0 49] Android_Mali_G76_Vulkan, [000001FFE3E58800][000001FFE2910E00 49] Android_Mali_G77, [000001FFE3DDB000][000001FFE2914F40 49] Android_Mali_G77_Vulkan, [000001FFE3E58900][000001FFE291D0C0 49] Android_Mali_G78, [000001FFE3DD8300][000001FFE2921240 49] Android_Mali_G78_Vulkan, [000001FFE3E59200][000001FFE29253C0 49] Android_Mali_G710, [000001FFE3DD8B00][000001FFE2929540 49] Android_Mali_G710_Vulkan, [000001FFE3E59800][000001FFE292D6C0 49] Android_Vulkan_SM5, [000001FFE3D8D100][000001FFE2931840 49] Android_PowerVR_G6xxx, [000001FFE3E59C00][000001FFE29359C0 49] Android_PowerVR_GT7xxx, [000001FFE3D8D800][000001FFE2939B40 49] Android_PowerVR_GE8xxx, [000001FFE3E58C00][000001FFE293C140 49] Android_PowerVR_GM9xxx, [000001FFE3D8CF00][000001FFE29402C0 49] Android_PowerVR_GM9xxx_Vulkan, [000001FFE3E59700][000001FFE2944440 49] Android_TegraK1, [000001FFE3D8E700][000001FFE29485C0 49] Android_Unknown_Vulkan, [000001FFE3E58300][000001FFE294C740 49] Lumin, [000001FFE3D8CA00][000001FFE29508C0 49] Lumin_Desktop, [000001FFE3E59600][000001FFE2954A40 49] HoloLens, 
[2024.01.20-19.38.35:898][  0]LogMeshReduction: Using QuadricMeshReduction for automatic static mesh reduction
[2024.01.20-19.38.35:898][  0]LogMeshReduction: Using SimplygonMeshReduction for automatic skeletal mesh reduction
[2024.01.20-19.38.35:898][  0]LogMeshReduction: Using ProxyLODMeshReduction for automatic mesh merging
[2024.01.20-19.38.35:898][  0]LogMeshReduction: No distributed automatic mesh merging module available
[2024.01.20-19.38.35:899][  0]LogMeshMerging: No distributed automatic mesh merging module available
[2024.01.20-19.38.35:914][  0]LogNetVersion: SnakeProject 1.0.0, NetCL: 17155196, EngineNetVer: 17, GameNetVer: 0 (Checksum: 2950587140)
[2024.01.20-19.38.36:300][  0]LogTexture: Default maximum texture size for cubemaps generated from long-lat sources has been changed from 512 to unlimited. In order to preserve old behaiour for '/Engine/MapTemplates/Sky/DaylightAmbientCubemap.DaylightAmbientCubemap', its maximum texture size has been explicitly set to 512.
[2024.01.20-19.38.36:362][  0]LogHMD: PokeAHoleMaterial loaded successfully
[2024.01.20-19.38.36:368][  0]LogUObjectArray: 17178 objects as part of root set at end of initial load.
[2024.01.20-19.38.36:369][  0]LogUObjectAllocator: 4302048 out of 0 bytes used by permanent object pool.
[2024.01.20-19.38.36:369][  0]LogUObjectArray: CloseDisregardForGC: 0/0 objects in disregard for GC pool
[2024.01.20-19.38.36:683][  0]LogNiagaraDebuggerClient: Niagara Debugger Client Initialized | Session: E2E899C2473A94C5337558A7179569CF | Instance: BC7E06CE43C300CA95E4E8A915BEB92C (ELENA-3836).
[2024.01.20-19.38.36:872][  0]LogPython: Using Python 3.7.7
[2024.01.20-19.38.37:447][  0]LogTcpMessaging: Initializing TcpMessaging bridge
[2024.01.20-19.38.37:454][  0]LogUdpMessaging: Initializing bridge on interface 0.0.0.0:0 to multicast group 230.0.0.1:6666.
[2024.01.20-19.38.37:676][  0]SourceControl: Source control is disabled
[2024.01.20-19.38.37:676][  0]SourceControl: Source control is disabled
[2024.01.20-19.38.38:121][  0]LogUProjectInfo: Found projects:
[2024.01.20-19.38.38:398][  0]LogOpenImageDenoise: OIDN starting up
[2024.01.20-19.38.38:461][  0]LogAndroidPermission: UAndroidPermissionCallbackProxy::GetInstance
[2024.01.20-19.38.38:483][  0]LogAudioCaptureCore: Display: No Audio Capture implementations found. Audio input will be silent.
[2024.01.20-19.38.38:484][  0]LogAudioCaptureCore: Display: No Audio Capture implementations found. Audio input will be silent.
[2024.01.20-19.38.38:621][  0]LogCollectionManager: Loaded 0 collections in 0.001478 seconds
[2024.01.20-19.38.38:653][  0]LogFileCache: Scanning file cache for directory 'D:/GameProjects/UE/Snake/SnakeProject/Saved/Collections/' took 0.00s
[2024.01.20-19.38.38:653][  0]LogFileCache: Scanning file cache for directory 'D:/GameProjects/UE/Snake/SnakeProject/Content/Developers/lll33/Collections/' took 0.00s
[2024.01.20-19.38.38:653][  0]LogFileCache: Scanning file cache for directory 'D:/GameProjects/UE/Snake/SnakeProject/Content/Collections/' took 0.00s
[2024.01.20-19.38.38:653][  0]LogOcInput: OculusInput pre-init called
[2024.01.20-19.38.38:896][  0]LogEngine: Initializing Engine...
[2024.01.20-19.38.38:899][  0]LogHMD: Failed to enumerate extensions. Please check that you have a valid OpenXR runtime installed.
[2024.01.20-19.38.38:900][  0]LogHMD: Failed to initialize OpenVR with code 110
[2024.01.20-19.38.38:900][  0]LogMagicLeap: Warning: VR disabled because ZI is not enabled.  To enable, in the editor, Edit -> Project Settings -> Plugins -> Magic Leap Plugin -> Enable Zero Iteration
[2024.01.20-19.38.38:901][  0]LogStats: UGameplayTagsManager::InitializeManager -  0.000 s
[2024.01.20-19.38.39:021][  0]LogInit: Initializing FReadOnlyCVARCache
[2024.01.20-19.38.39:034][  0]LogAIModule: Creating AISystem for world Untitled
[2024.01.20-19.38.39:042][  0]LogAudio: Display: Initializing Audio Device Manager...
[2024.01.20-19.38.39:047][  0]LogAudio: Display: Loading Default Audio Settings Objects...
[2024.01.20-19.38.39:047][  0]LogAudio: Display: No default SoundConcurrencyObject specified (or failed to load).
[2024.01.20-19.38.39:049][  0]LogAudio: Display: Audio Device Manager Initialized
[2024.01.20-19.38.39:049][  0]LogAudio: Display: Creating Audio Device:                 Id: 1, Scope: Shared, Realtime: True
[2024.01.20-19.38.39:049][  0]LogAudioMixer: Display: Audio Mixer Platform Settings:
[2024.01.20-19.38.39:049][  0]LogAudioMixer: Display: 	Sample Rate:						  48000
[2024.01.20-19.38.39:049][  0]LogAudioMixer: Display: 	Callback Buffer Frame Size Requested: 1024
[2024.01.20-19.38.39:049][  0]LogAudioMixer: Display: 	Callback Buffer Frame Size To Use:	  1024
[2024.01.20-19.38.39:050][  0]LogAudioMixer: Display: 	Number of buffers to queue:			  2
[2024.01.20-19.38.39:050][  0]LogAudioMixer: Display: 	Max Channels (voices):				  32
[2024.01.20-19.38.39:050][  0]LogAudioMixer: Display: 	Number of Async Source Workers:		  0
[2024.01.20-19.38.39:050][  0]LogAudio: Display: AudioDevice MaxSources: 32
[2024.01.20-19.38.39:050][  0]LogAudio: Display: Audio Spatialization Plugin: None (built-in).
[2024.01.20-19.38.39:050][  0]LogAudio: Display: Audio Reverb Plugin: None (built-in).
[2024.01.20-19.38.39:050][  0]LogAudio: Display: Audio Occlusion Plugin: None (built-in).
[2024.01.20-19.38.39:050][  0]LogAudioMixer: Display: Initializing audio mixer.
[2024.01.20-19.38.39:071][  0]LogAudioMixer: Display: 0: FrontLeft
[2024.01.20-19.38.39:071][  0]LogAudioMixer: Display: 1: FrontRight
[2024.01.20-19.38.39:090][  0]LogAudioMixer: Display: Using Audio Device Headphones (Realtek(R) Audio)
[2024.01.20-19.38.39:094][  0]LogAudioMixer: Display: Initializing Sound Submixes...
[2024.01.20-19.38.39:095][  0]LogAudioMixer: Display: Creating Master Submix 'MasterSubmixDefault'
[2024.01.20-19.38.39:097][  0]LogAudioMixer: Display: Creating Master Submix 'MasterReverbSubmixDefault'
[2024.01.20-19.38.39:098][  0]LogAudioMixer: Display: Creating Master Submix 'MasterEQSubmixDefault'
[2024.01.20-19.38.39:098][  0]LogAudioMixer: FMixerPlatformXAudio2::StartAudioStream() called
[2024.01.20-19.38.39:098][  0]LogAudioMixer: Display: Output buffers initialized: Frames=1024, Channels=2, Samples=2048
[2024.01.20-19.38.39:100][  0]LogAudioMixer: Display: Starting AudioMixerPlatformInterface::RunInternal()
[2024.01.20-19.38.39:100][  0]LogAudioMixer: Display: FMixerPlatformXAudio2::SubmitBuffer() called for the first time
[2024.01.20-19.38.39:100][  0]LogInit: FAudioDevice initialized.
[2024.01.20-19.38.39:101][  0]LogAudio: Display: Audio Device (ID: 1) registered with world 'Untitled'.
[2024.01.20-19.38.39:101][  0]LogNetVersion: Set ProjectVersion to 1.0.0.0. Version Checksum will be recalculated on next use.
[2024.01.20-19.38.39:155][  0]LogDerivedDataCache: Saved boot cache 0.05s 94MB C:/Users/lll33/AppData/Local/UnrealEngine/4.27/DerivedDataCache/Boot.ddc.
[2024.01.20-19.38.39:156][  0]LogInit: Texture streaming: Enabled
[2024.01.20-19.38.39:175][  0]LogAnalytics: Display: [UEEditor.Rocket.Release] APIServer = https://datarouter.ol.epicgames.com/. AppVersion = 4.27.2-18319896+++UE4+Release-4.27
[2024.01.20-19.38.39:181][  0]LogEngineSessionManager: EngineSessionManager initialized
[2024.01.20-19.38.39:181][  0]LogEditorSessionSummary: Verbose: Initializing EditorSessionSummaryWriter for editor session tracking
[2024.01.20-19.38.39:184][  0]LogEditorSessionSummary: EditorSessionSummaryWriter initialized
[2024.01.20-19.38.39:205][  0]LogInit: Transaction tracking system initialized
[2024.01.20-19.38.39:239][  0]BlueprintLog: New page: Editor Load
[2024.01.20-19.38.39:330][  0]LocalizationService: Localization service is disabled
[2024.01.20-19.38.39:363][  0]TimingProfiler: Initialize
[2024.01.20-19.38.39:364][  0]TimingProfiler: OnSessionChanged
[2024.01.20-19.38.39:364][  0]LoadingProfiler: Initialize
[2024.01.20-19.38.39:364][  0]LoadingProfiler: OnSessionChanged
[2024.01.20-19.38.39:364][  0]NetworkingProfiler: Initialize
[2024.01.20-19.38.39:364][  0]NetworkingProfiler: OnSessionChanged
[2024.01.20-19.38.39:364][  0]MemoryProfiler: Initialize
[2024.01.20-19.38.39:365][  0]MemoryProfiler: OnSessionChanged
[2024.01.20-19.38.39:560][  0]LogCook: Display: CookSettings for Memory: MemoryMaxUsedVirtual 0MiB, MemoryMaxUsedPhysical 16384MiB, MemoryMinFreeVirtual 0MiB, MemoryMinFreePhysical 1024MiB
[2024.01.20-19.38.39:561][  0]LogCook: Display: Mobile HDR setting 1
[2024.01.20-19.38.39:660][  0]LogFileCache: Scanning file cache for directory 'D:/GameProjects/UE/Snake/SnakeProject/Content/' took 0.00s
[2024.01.20-19.38.39:986][  0]LogInit: Display: Engine is initialized. Leaving FEngineLoop::Init()
[2024.01.20-19.38.39:989][  0]LogUnrealEdMisc: Loading editor; pre map load, took 7.956
[2024.01.20-19.38.39:989][  0]Cmd: MAP LOAD FILE="D:/GameProjects/UE/Snake/SnakeProject/Content/Main.umap" TEMPLATE=0 SHOWPROGRESS=1 FEATURELEVEL=3
[2024.01.20-19.38.39:990][  0]LightingResults: New page: Lighting Build
[2024.01.20-19.38.39:992][  0]LogWorld: UWorld::CleanupWorld for Untitled, bSessionEnded=true, bCleanupResources=true
[2024.01.20-19.38.39:993][  0]LogSlate: InvalidateAllWidgets triggered.  All widgets were invalidated
[2024.01.20-19.38.39:993][  0]MapCheck: New page: Map Check
[2024.01.20-19.38.39:993][  0]LightingResults: New page: Lighting Build
[2024.01.20-19.38.39:999][  0]LogAudio: Display: Audio Device unregistered from world 'None'.
[2024.01.20-19.38.40:003][  0]LogUObjectHash: Compacting FUObjectHashTables data took   0.81ms
[2024.01.20-19.38.40:066][  0]LogAudio: Display: Audio Device (ID: 1) registered with world 'Main'.
[2024.01.20-19.38.40:067][  0]LogAIModule: Creating AISystem for world Main
[2024.01.20-19.38.40:076][  0]LogEditorServer: Finished looking for orphan Actors (0.000 secs)
[2024.01.20-19.38.40:084][  0]LogUObjectHash: Compacting FUObjectHashTables data took   1.17ms
[2024.01.20-19.38.40:084][  0]Cmd: MAP CHECKDEP NOCLEARLOG
[2024.01.20-19.38.40:085][  0]MapCheck: Map check complete: 0 Error(s), 0 Warning(s), took 0,111ms to complete.
[2024.01.20-19.38.40:085][  0]LogFileHelpers: Loading map 'Main' took 0.096
[2024.01.20-19.38.40:089][  0]LogUnrealEdMisc: Total Editor Startup Time, took 8.055
[2024.01.20-19.38.40:206][  0]LogSlate: Updating window title bar state: overlay mode, drag disabled, window buttons hidden, title bar hidden
[2024.01.20-19.38.40:213][  0]LogSlate: Updating window title bar state: overlay mode, drag disabled, window buttons hidden, title bar hidden
[2024.01.20-19.38.40:222][  0]LogSlate: Updating window title bar state: overlay mode, drag disabled, window buttons hidden, title bar hidden
[2024.01.20-19.38.40:232][  0]LogSlate: Updating window title bar state: overlay mode, drag disabled, window buttons hidden, title bar hidden
[2024.01.20-19.38.40:247][  0]LogNativeClassHierarchy: Verbose: Native class hierarchy populated in 0.0099 seconds. Added 3828 classes and 930 folders.
[2024.01.20-19.38.40:253][  0]LogNativeClassHierarchy: Verbose: Native class hierarchy updated for 'WidgetCarousel' in 0.0004 seconds. Added 0 classes and 0 folders.
[2024.01.20-19.38.40:255][  0]LogPakFile: PakFile PrimaryIndexSize=187
[2024.01.20-19.38.40:255][  0]LogPakFile: PakFile PathHashIndexSize=101
[2024.01.20-19.38.40:255][  0]LogPakFile: PakFile FullDirectoryIndexSize=148
[2024.01.20-19.38.40:255][  0]LogShaderLibrary: Display: ShaderCodeLibraryPakFileMountedCallback: PakFile 'C:/Program Files/Epic Games/UE_4.27/FeaturePacks/FP_FirstPerson.upack' (chunk index -1, root 'root:/') mounted
[2024.01.20-19.38.40:257][  0]LogShaderLibrary: Display: ShaderCodeLibraryPakFileMountedCallback: pending pak file info (ChunkID:-1 Root:root:/ File:C:/Program Files/Epic Games/UE_4.27/FeaturePacks/FP_FirstPerson.upack)
[2024.01.20-19.38.40:257][  0]LogPakFile: OnPakFileMounted2Time == 0.000284
[2024.01.20-19.38.40:258][  0]LogPakFile: PakFile PrimaryIndexSize=189
[2024.01.20-19.38.40:258][  0]LogPakFile: PakFile PathHashIndexSize=101
[2024.01.20-19.38.40:258][  0]LogPakFile: PakFile FullDirectoryIndexSize=152
[2024.01.20-19.38.40:258][  0]LogShaderLibrary: Display: ShaderCodeLibraryPakFileMountedCallback: PakFile 'C:/Program Files/Epic Games/UE_4.27/FeaturePacks/FP_FirstPersonBP.upack' (chunk index -1, root 'root:/') mounted
[2024.01.20-19.38.40:258][  0]LogShaderLibrary: Display: ShaderCodeLibraryPakFileMountedCallback: pending pak file info (ChunkID:-1 Root:root:/ File:C:/Program Files/Epic Games/UE_4.27/FeaturePacks/FP_FirstPersonBP.upack)
[2024.01.20-19.38.40:259][  0]LogPakFile: OnPakFileMounted2Time == 0.000350
[2024.01.20-19.38.40:259][  0]LogPakFile: PakFile PrimaryIndexSize=191
[2024.01.20-19.38.40:260][  0]LogPakFile: PakFile PathHashIndexSize=101
[2024.01.20-19.38.40:260][  0]LogPakFile: PakFile FullDirectoryIndexSize=160
[2024.01.20-19.38.40:260][  0]LogShaderLibrary: Display: ShaderCodeLibraryPakFileMountedCallback: PakFile 'C:/Program Files/Epic Games/UE_4.27/FeaturePacks/MobileStarterContent.upack' (chunk index -1, root 'root:/') mounted
[2024.01.20-19.38.40:260][  0]LogShaderLibrary: Display: ShaderCodeLibraryPakFileMountedCallback: pending pak file info (ChunkID:-1 Root:root:/ File:C:/Program Files/Epic Games/UE_4.27/FeaturePacks/MobileStarterContent.upack)
[2024.01.20-19.38.40:260][  0]LogPakFile: OnPakFileMounted2Time == 0.000220
[2024.01.20-19.38.40:261][  0]LogPakFile: PakFile PrimaryIndexSize=185
[2024.01.20-19.38.40:261][  0]LogPakFile: PakFile PathHashIndexSize=101
[2024.01.20-19.38.40:261][  0]LogPakFile: PakFile FullDirectoryIndexSize=148
[2024.01.20-19.38.40:261][  0]LogShaderLibrary: Display: ShaderCodeLibraryPakFileMountedCallback: PakFile 'C:/Program Files/Epic Games/UE_4.27/FeaturePacks/StarterContent.upack' (chunk index -1, root 'root:/') mounted
[2024.01.20-19.38.40:261][  0]LogShaderLibrary: Display: ShaderCodeLibraryPakFileMountedCallback: pending pak file info (ChunkID:-1 Root:root:/ File:C:/Program Files/Epic Games/UE_4.27/FeaturePacks/StarterContent.upack)
[2024.01.20-19.38.40:262][  0]LogPakFile: OnPakFileMounted2Time == 0.000285
[2024.01.20-19.38.40:263][  0]LogPakFile: PakFile PrimaryIndexSize=190
[2024.01.20-19.38.40:263][  0]LogPakFile: PakFile PathHashIndexSize=101
[2024.01.20-19.38.40:263][  0]LogPakFile: PakFile FullDirectoryIndexSize=154
[2024.01.20-19.38.40:264][  0]LogShaderLibrary: Display: ShaderCodeLibraryPakFileMountedCallback: PakFile 'C:/Program Files/Epic Games/UE_4.27/FeaturePacks/TP_2DSideScroller.upack' (chunk index -1, root 'root:/') mounted
[2024.01.20-19.38.40:264][  0]LogShaderLibrary: Display: ShaderCodeLibraryPakFileMountedCallback: pending pak file info (ChunkID:-1 Root:root:/ File:C:/Program Files/Epic Games/UE_4.27/FeaturePacks/TP_2DSideScroller.upack)
[2024.01.20-19.38.40:264][  0]LogPakFile: OnPakFileMounted2Time == 0.000456
[2024.01.20-19.38.40:265][  0]LogPakFile: PakFile PrimaryIndexSize=192
[2024.01.20-19.38.40:265][  0]LogPakFile: PakFile PathHashIndexSize=101
[2024.01.20-19.38.40:265][  0]LogPakFile: PakFile FullDirectoryIndexSize=158
[2024.01.20-19.38.40:266][  0]LogShaderLibrary: Display: ShaderCodeLibraryPakFileMountedCallback: PakFile 'C:/Program Files/Epic Games/UE_4.27/FeaturePacks/TP_2DSideScrollerBP.upack' (chunk index -1, root 'root:/') mounted
[2024.01.20-19.38.40:266][  0]LogShaderLibrary: Display: ShaderCodeLibraryPakFileMountedCallback: pending pak file info (ChunkID:-1 Root:root:/ File:C:/Program Files/Epic Games/UE_4.27/FeaturePacks/TP_2DSideScrollerBP.upack)
[2024.01.20-19.38.40:266][  0]LogPakFile: OnPakFileMounted2Time == 0.000172
[2024.01.20-19.38.40:266][  0]LogPakFile: PakFile PrimaryIndexSize=182
[2024.01.20-19.38.40:266][  0]LogPakFile: PakFile PathHashIndexSize=101
[2024.01.20-19.38.40:266][  0]LogPakFile: PakFile FullDirectoryIndexSize=138
[2024.01.20-19.38.40:267][  0]LogShaderLibrary: Display: ShaderCodeLibraryPakFileMountedCallback: PakFile 'C:/Program Files/Epic Games/UE_4.27/FeaturePacks/TP_Flying.upack' (chunk index -1, root 'root:/') mounted
[2024.01.20-19.38.40:267][  0]LogShaderLibrary: Display: ShaderCodeLibraryPakFileMountedCallback: pending pak file info (ChunkID:-1 Root:root:/ File:C:/Program Files/Epic Games/UE_4.27/FeaturePacks/TP_Flying.upack)
[2024.01.20-19.38.40:267][  0]LogPakFile: OnPakFileMounted2Time == 0.000206
[2024.01.20-19.38.40:267][  0]LogPakFile: PakFile PrimaryIndexSize=184
[2024.01.20-19.38.40:267][  0]LogPakFile: PakFile PathHashIndexSize=101
[2024.01.20-19.38.40:267][  0]LogPakFile: PakFile FullDirectoryIndexSize=142
[2024.01.20-19.38.40:268][  0]LogShaderLibrary: Display: ShaderCodeLibraryPakFileMountedCallback: PakFile 'C:/Program Files/Epic Games/UE_4.27/FeaturePacks/TP_FlyingBP.upack' (chunk index -1, root 'root:/') mounted
[2024.01.20-19.38.40:268][  0]LogShaderLibrary: Display: ShaderCodeLibraryPakFileMountedCallback: pending pak file info (ChunkID:-1 Root:root:/ File:C:/Program Files/Epic Games/UE_4.27/FeaturePacks/TP_FlyingBP.upack)
[2024.01.20-19.38.40:268][  0]LogPakFile: OnPakFileMounted2Time == 0.000163
[2024.01.20-19.38.40:268][  0]LogPakFile: PakFile PrimaryIndexSize=188
[2024.01.20-19.38.40:268][  0]LogPakFile: PakFile PathHashIndexSize=101
[2024.01.20-19.38.40:268][  0]LogPakFile: PakFile FullDirectoryIndexSize=150
[2024.01.20-19.38.40:269][  0]LogShaderLibrary: Display: ShaderCodeLibraryPakFileMountedCallback: PakFile 'C:/Program Files/Epic Games/UE_4.27/FeaturePacks/TP_HandheldARBP.upack' (chunk index -1, root 'root:/') mounted
[2024.01.20-19.38.40:269][  0]LogShaderLibrary: Display: ShaderCodeLibraryPakFileMountedCallback: pending pak file info (ChunkID:-1 Root:root:/ File:C:/Program Files/Epic Games/UE_4.27/FeaturePacks/TP_HandheldARBP.upack)
[2024.01.20-19.38.40:269][  0]LogPakFile: OnPakFileMounted2Time == 0.000294
[2024.01.20-19.38.40:270][  0]LogPakFile: PakFile PrimaryIndexSize=182
[2024.01.20-19.38.40:270][  0]LogPakFile: PakFile PathHashIndexSize=101
[2024.01.20-19.38.40:270][  0]LogPakFile: PakFile FullDirectoryIndexSize=138
[2024.01.20-19.38.40:270][  0]LogShaderLibrary: Display: ShaderCodeLibraryPakFileMountedCallback: PakFile 'C:/Program Files/Epic Games/UE_4.27/FeaturePacks/TP_Puzzle.upack' (chunk index -1, root 'root:/') mounted
[2024.01.20-19.38.40:270][  0]LogShaderLibrary: Display: ShaderCodeLibraryPakFileMountedCallback: pending pak file info (ChunkID:-1 Root:root:/ File:C:/Program Files/Epic Games/UE_4.27/FeaturePacks/TP_Puzzle.upack)
[2024.01.20-19.38.40:270][  0]LogPakFile: OnPakFileMounted2Time == 0.000200
[2024.01.20-19.38.40:271][  0]LogPakFile: PakFile PrimaryIndexSize=184
[2024.01.20-19.38.40:271][  0]LogPakFile: PakFile PathHashIndexSize=101
[2024.01.20-19.38.40:271][  0]LogPakFile: PakFile FullDirectoryIndexSize=142
[2024.01.20-19.38.40:271][  0]LogShaderLibrary: Display: ShaderCodeLibraryPakFileMountedCallback: PakFile 'C:/Program Files/Epic Games/UE_4.27/FeaturePacks/TP_PuzzleBP.upack' (chunk index -1, root 'root:/') mounted
[2024.01.20-19.38.40:271][  0]LogShaderLibrary: Display: ShaderCodeLibraryPakFileMountedCallback: pending pak file info (ChunkID:-1 Root:root:/ File:C:/Program Files/Epic Games/UE_4.27/FeaturePacks/TP_PuzzleBP.upack)
[2024.01.20-19.38.40:271][  0]LogPakFile: OnPakFileMounted2Time == 0.000198
[2024.01.20-19.38.40:271][  0]LogPakFile: PakFile PrimaryIndexSize=183
[2024.01.20-19.38.40:272][  0]LogPakFile: PakFile PathHashIndexSize=101
[2024.01.20-19.38.40:272][  0]LogPakFile: PakFile FullDirectoryIndexSize=140
[2024.01.20-19.38.40:272][  0]LogShaderLibrary: Display: ShaderCodeLibraryPakFileMountedCallback: PakFile 'C:/Program Files/Epic Games/UE_4.27/FeaturePacks/TP_Rolling.upack' (chunk index -1, root 'root:/') mounted
[2024.01.20-19.38.40:272][  0]LogShaderLibrary: Display: ShaderCodeLibraryPakFileMountedCallback: pending pak file info (ChunkID:-1 Root:root:/ File:C:/Program Files/Epic Games/UE_4.27/FeaturePacks/TP_Rolling.upack)
[2024.01.20-19.38.40:272][  0]LogPakFile: OnPakFileMounted2Time == 0.000285
[2024.01.20-19.38.40:273][  0]LogPakFile: PakFile PrimaryIndexSize=185
[2024.01.20-19.38.40:273][  0]LogPakFile: PakFile PathHashIndexSize=101
[2024.01.20-19.38.40:273][  0]LogPakFile: PakFile FullDirectoryIndexSize=144
[2024.01.20-19.38.40:273][  0]LogShaderLibrary: Display: ShaderCodeLibraryPakFileMountedCallback: PakFile 'C:/Program Files/Epic Games/UE_4.27/FeaturePacks/TP_RollingBP.upack' (chunk index -1, root 'root:/') mounted
[2024.01.20-19.38.40:273][  0]LogShaderLibrary: Display: ShaderCodeLibraryPakFileMountedCallback: pending pak file info (ChunkID:-1 Root:root:/ File:C:/Program Files/Epic Games/UE_4.27/FeaturePacks/TP_RollingBP.upack)
[2024.01.20-19.38.40:273][  0]LogPakFile: OnPakFileMounted2Time == 0.000186
[2024.01.20-19.38.40:274][  0]LogPakFile: PakFile PrimaryIndexSize=188
[2024.01.20-19.38.40:274][  0]LogPakFile: PakFile PathHashIndexSize=101
[2024.01.20-19.38.40:274][  0]LogPakFile: PakFile FullDirectoryIndexSize=150
[2024.01.20-19.38.40:274][  0]LogShaderLibrary: Display: ShaderCodeLibraryPakFileMountedCallback: PakFile 'C:/Program Files/Epic Games/UE_4.27/FeaturePacks/TP_SideScroller.upack' (chunk index -1, root 'root:/') mounted
[2024.01.20-19.38.40:274][  0]LogShaderLibrary: Display: ShaderCodeLibraryPakFileMountedCallback: pending pak file info (ChunkID:-1 Root:root:/ File:C:/Program Files/Epic Games/UE_4.27/FeaturePacks/TP_SideScroller.upack)
[2024.01.20-19.38.40:274][  0]LogPakFile: OnPakFileMounted2Time == 0.000209
[2024.01.20-19.38.40:275][  0]LogPakFile: PakFile PrimaryIndexSize=190
[2024.01.20-19.38.40:275][  0]LogPakFile: PakFile PathHashIndexSize=101
[2024.01.20-19.38.40:275][  0]LogPakFile: PakFile FullDirectoryIndexSize=154
[2024.01.20-19.38.40:275][  0]LogShaderLibrary: Display: ShaderCodeLibraryPakFileMountedCallback: PakFile 'C:/Program Files/Epic Games/UE_4.27/FeaturePacks/TP_SideScrollerBP.upack' (chunk index -1, root 'root:/') mounted
[2024.01.20-19.38.40:275][  0]LogShaderLibrary: Display: ShaderCodeLibraryPakFileMountedCallback: pending pak file info (ChunkID:-1 Root:root:/ File:C:/Program Files/Epic Games/UE_4.27/FeaturePacks/TP_SideScrollerBP.upack)
[2024.01.20-19.38.40:276][  0]LogPakFile: OnPakFileMounted2Time == 0.000202
[2024.01.20-19.38.40:276][  0]LogPakFile: PakFile PrimaryIndexSize=187
[2024.01.20-19.38.40:276][  0]LogPakFile: PakFile PathHashIndexSize=101
[2024.01.20-19.38.40:277][  0]LogPakFile: PakFile FullDirectoryIndexSize=148
[2024.01.20-19.38.40:277][  0]LogShaderLibrary: Display: ShaderCodeLibraryPakFileMountedCallback: PakFile 'C:/Program Files/Epic Games/UE_4.27/FeaturePacks/TP_ThirdPerson.upack' (chunk index -1, root 'root:/') mounted
[2024.01.20-19.38.40:277][  0]LogShaderLibrary: Display: ShaderCodeLibraryPakFileMountedCallback: pending pak file info (ChunkID:-1 Root:root:/ File:C:/Program Files/Epic Games/UE_4.27/FeaturePacks/TP_ThirdPerson.upack)
[2024.01.20-19.38.40:277][  0]LogPakFile: OnPakFileMounted2Time == 0.000177
[2024.01.20-19.38.40:277][  0]LogPakFile: PakFile PrimaryIndexSize=189
[2024.01.20-19.38.40:277][  0]LogPakFile: PakFile PathHashIndexSize=101
[2024.01.20-19.38.40:277][  0]LogPakFile: PakFile FullDirectoryIndexSize=152
[2024.01.20-19.38.40:278][  0]LogShaderLibrary: Display: ShaderCodeLibraryPakFileMountedCallback: PakFile 'C:/Program Files/Epic Games/UE_4.27/FeaturePacks/TP_ThirdPersonBP.upack' (chunk index -1, root 'root:/') mounted
[2024.01.20-19.38.40:278][  0]LogShaderLibrary: Display: ShaderCodeLibraryPakFileMountedCallback: pending pak file info (ChunkID:-1 Root:root:/ File:C:/Program Files/Epic Games/UE_4.27/FeaturePacks/TP_ThirdPersonBP.upack)
[2024.01.20-19.38.40:278][  0]LogPakFile: OnPakFileMounted2Time == 0.000202
[2024.01.20-19.38.40:278][  0]LogPakFile: PakFile PrimaryIndexSize=183
[2024.01.20-19.38.40:279][  0]LogPakFile: PakFile PathHashIndexSize=101
[2024.01.20-19.38.40:279][  0]LogPakFile: PakFile FullDirectoryIndexSize=140
[2024.01.20-19.38.40:279][  0]LogShaderLibrary: Display: ShaderCodeLibraryPakFileMountedCallback: PakFile 'C:/Program Files/Epic Games/UE_4.27/FeaturePacks/TP_TopDown.upack' (chunk index -1, root 'root:/') mounted
[2024.01.20-19.38.40:279][  0]LogShaderLibrary: Display: ShaderCodeLibraryPakFileMountedCallback: pending pak file info (ChunkID:-1 Root:root:/ File:C:/Program Files/Epic Games/UE_4.27/FeaturePacks/TP_TopDown.upack)
[2024.01.20-19.38.40:279][  0]LogPakFile: OnPakFileMounted2Time == 0.000205
[2024.01.20-19.38.40:280][  0]LogPakFile: PakFile PrimaryIndexSize=185
[2024.01.20-19.38.40:280][  0]LogPakFile: PakFile PathHashIndexSize=101
[2024.01.20-19.38.40:280][  0]LogPakFile: PakFile FullDirectoryIndexSize=144
[2024.01.20-19.38.40:280][  0]LogShaderLibrary: Display: ShaderCodeLibraryPakFileMountedCallback: PakFile 'C:/Program Files/Epic Games/UE_4.27/FeaturePacks/TP_TopDownBP.upack' (chunk index -1, root 'root:/') mounted
[2024.01.20-19.38.40:280][  0]LogShaderLibrary: Display: ShaderCodeLibraryPakFileMountedCallback: pending pak file info (ChunkID:-1 Root:root:/ File:C:/Program Files/Epic Games/UE_4.27/FeaturePacks/TP_TopDownBP.upack)
[2024.01.20-19.38.40:280][  0]LogPakFile: OnPakFileMounted2Time == 0.000173
[2024.01.20-19.38.40:281][  0]LogPakFile: PakFile PrimaryIndexSize=185
[2024.01.20-19.38.40:281][  0]LogPakFile: PakFile PathHashIndexSize=101
[2024.01.20-19.38.40:281][  0]LogPakFile: PakFile FullDirectoryIndexSize=144
[2024.01.20-19.38.40:281][  0]LogShaderLibrary: Display: ShaderCodeLibraryPakFileMountedCallback: PakFile 'C:/Program Files/Epic Games/UE_4.27/FeaturePacks/TP_TwinStick.upack' (chunk index -1, root 'root:/') mounted
[2024.01.20-19.38.40:281][  0]LogShaderLibrary: Display: ShaderCodeLibraryPakFileMountedCallback: pending pak file info (ChunkID:-1 Root:root:/ File:C:/Program Files/Epic Games/UE_4.27/FeaturePacks/TP_TwinStick.upack)
[2024.01.20-19.38.40:281][  0]LogPakFile: OnPakFileMounted2Time == 0.000173
[2024.01.20-19.38.40:282][  0]LogPakFile: PakFile PrimaryIndexSize=187
[2024.01.20-19.38.40:282][  0]LogPakFile: PakFile PathHashIndexSize=101
[2024.01.20-19.38.40:282][  0]LogPakFile: PakFile FullDirectoryIndexSize=148
[2024.01.20-19.38.40:282][  0]LogShaderLibrary: Display: ShaderCodeLibraryPakFileMountedCallback: PakFile 'C:/Program Files/Epic Games/UE_4.27/FeaturePacks/TP_TwinStickBP.upack' (chunk index -1, root 'root:/') mounted
[2024.01.20-19.38.40:282][  0]LogShaderLibrary: Display: ShaderCodeLibraryPakFileMountedCallback: pending pak file info (ChunkID:-1 Root:root:/ File:C:/Program Files/Epic Games/UE_4.27/FeaturePacks/TP_TwinStickBP.upack)
[2024.01.20-19.38.40:282][  0]LogPakFile: OnPakFileMounted2Time == 0.000203
[2024.01.20-19.38.40:283][  0]LogPakFile: PakFile PrimaryIndexSize=183
[2024.01.20-19.38.40:283][  0]LogPakFile: PakFile PathHashIndexSize=101
[2024.01.20-19.38.40:283][  0]LogPakFile: PakFile FullDirectoryIndexSize=140
[2024.01.20-19.38.40:284][  0]LogShaderLibrary: Display: ShaderCodeLibraryPakFileMountedCallback: PakFile 'C:/Program Files/Epic Games/UE_4.27/FeaturePacks/TP_Vehicle.upack' (chunk index -1, root 'root:/') mounted
[2024.01.20-19.38.40:284][  0]LogShaderLibrary: Display: ShaderCodeLibraryPakFileMountedCallback: pending pak file info (ChunkID:-1 Root:root:/ File:C:/Program Files/Epic Games/UE_4.27/FeaturePacks/TP_Vehicle.upack)
[2024.01.20-19.38.40:284][  0]LogPakFile: OnPakFileMounted2Time == 0.000187
[2024.01.20-19.38.40:284][  0]LogPakFile: PakFile PrimaryIndexSize=186
[2024.01.20-19.38.40:284][  0]LogPakFile: PakFile PathHashIndexSize=101
[2024.01.20-19.38.40:285][  0]LogPakFile: PakFile FullDirectoryIndexSize=146
[2024.01.20-19.38.40:285][  0]LogShaderLibrary: Display: ShaderCodeLibraryPakFileMountedCallback: PakFile 'C:/Program Files/Epic Games/UE_4.27/FeaturePacks/TP_VehicleAdv.upack' (chunk index -1, root 'root:/') mounted
[2024.01.20-19.38.40:285][  0]LogShaderLibrary: Display: ShaderCodeLibraryPakFileMountedCallback: pending pak file info (ChunkID:-1 Root:root:/ File:C:/Program Files/Epic Games/UE_4.27/FeaturePacks/TP_VehicleAdv.upack)
[2024.01.20-19.38.40:285][  0]LogPakFile: OnPakFileMounted2Time == 0.000171
[2024.01.20-19.38.40:285][  0]LogPakFile: PakFile PrimaryIndexSize=188
[2024.01.20-19.38.40:286][  0]LogPakFile: PakFile PathHashIndexSize=101
[2024.01.20-19.38.40:286][  0]LogPakFile: PakFile FullDirectoryIndexSize=150
[2024.01.20-19.38.40:286][  0]LogShaderLibrary: Display: ShaderCodeLibraryPakFileMountedCallback: PakFile 'C:/Program Files/Epic Games/UE_4.27/FeaturePacks/TP_VehicleAdvBP.upack' (chunk index -1, root 'root:/') mounted
[2024.01.20-19.38.40:286][  0]LogShaderLibrary: Display: ShaderCodeLibraryPakFileMountedCallback: pending pak file info (ChunkID:-1 Root:root:/ File:C:/Program Files/Epic Games/UE_4.27/FeaturePacks/TP_VehicleAdvBP.upack)
[2024.01.20-19.38.40:286][  0]LogPakFile: OnPakFileMounted2Time == 0.000181
[2024.01.20-19.38.40:287][  0]LogPakFile: PakFile PrimaryIndexSize=185
[2024.01.20-19.38.40:287][  0]LogPakFile: PakFile PathHashIndexSize=101
[2024.01.20-19.38.40:287][  0]LogPakFile: PakFile FullDirectoryIndexSize=144
[2024.01.20-19.38.40:287][  0]LogShaderLibrary: Display: ShaderCodeLibraryPakFileMountedCallback: PakFile 'C:/Program Files/Epic Games/UE_4.27/FeaturePacks/TP_VehicleBP.upack' (chunk index -1, root 'root:/') mounted
[2024.01.20-19.38.40:287][  0]LogShaderLibrary: Display: ShaderCodeLibraryPakFileMountedCallback: pending pak file info (ChunkID:-1 Root:root:/ File:C:/Program Files/Epic Games/UE_4.27/FeaturePacks/TP_VehicleBP.upack)
[2024.01.20-19.38.40:287][  0]LogPakFile: OnPakFileMounted2Time == 0.000188
[2024.01.20-19.38.40:287][  0]LogPakFile: PakFile PrimaryIndexSize=192
[2024.01.20-19.38.40:288][  0]LogPakFile: PakFile PathHashIndexSize=101
[2024.01.20-19.38.40:288][  0]LogPakFile: PakFile FullDirectoryIndexSize=158
[2024.01.20-19.38.40:288][  0]LogShaderLibrary: Display: ShaderCodeLibraryPakFileMountedCallback: PakFile 'C:/Program Files/Epic Games/UE_4.27/FeaturePacks/TP_VirtualRealityBP.upack' (chunk index -1, root 'root:/') mounted
[2024.01.20-19.38.40:288][  0]LogShaderLibrary: Display: ShaderCodeLibraryPakFileMountedCallback: pending pak file info (ChunkID:-1 Root:root:/ File:C:/Program Files/Epic Games/UE_4.27/FeaturePacks/TP_VirtualRealityBP.upack)
[2024.01.20-19.38.40:288][  0]LogPakFile: OnPakFileMounted2Time == 0.000203
[2024.01.20-19.38.40:341][  0]LogNativeClassHierarchy: Verbose: Native class hierarchy updated for 'AddContentDialog' in 0.0004 seconds. Added 0 classes and 0 folders.
[2024.01.20-19.38.40:342][  0]LogNativeClassHierarchy: Verbose: Native class hierarchy updated for 'SceneOutliner' in 0.0003 seconds. Added 2 classes and 0 folders.
[2024.01.20-19.38.40:460][  0]LogSlate: Took 0.000529 seconds to synchronously load lazily loaded font '../../../Engine/Content/Slate/Fonts/Roboto-Regular.ttf' (155K)
[2024.01.20-19.38.40:461][  0]LogSlate: Took 0.000178 seconds to synchronously load lazily loaded font '../../../Engine/Content/Editor/Slate/Fonts/FontAwesome.ttf' (139K)
[2024.01.20-19.38.40:463][  0]LogSlate: Took 0.000157 seconds to synchronously load lazily loaded font '../../../Engine/Content/Slate/Fonts/Roboto-Bold.ttf' (160K)
[2024.01.20-19.38.40:548][  0]LogRenderer: Reallocating scene render targets to support 968x428 Format 10 NumSamples 1 (Frame:1).
[2024.01.20-19.38.40:607][  0]LogSlate: Took 0.000357 seconds to synchronously load lazily loaded font '../../../Engine/Content/Slate/Fonts/Roboto-Light.ttf' (167K)
[2024.01.20-19.38.40:714][  0]LogNativeClassHierarchy: Verbose: Native class hierarchy updated for 'HierarchicalLODOutliner' in 0.0004 seconds. Added 0 classes and 0 folders.
[2024.01.20-19.38.40:714][  0]LogLoad: (Engine Initialization) Total time: 8.68 seconds
[2024.01.20-19.38.40:714][  0]LogLoad: (Engine Initialization) Total Blueprint compile time: 0.00 seconds
[2024.01.20-19.38.40:760][  0]LogAssetRegistry: Asset discovery search completed in 5.2402 seconds
[2024.01.20-19.38.40:768][  0]LogCollectionManager: Fixed up redirectors for 0 collections in 0.000006 seconds (updated 0 objects)
[2024.01.20-19.38.40:770][  0]LogContentStreaming: Texture pool size now 1000 MB
[2024.01.20-19.38.42:625][127]LogSlate: Took 0.000364 seconds to synchronously load lazily loaded font '../../../Engine/Content/Slate/Fonts/Roboto-Light.ttf' (167K)
[2024.01.20-19.38.42:644][127]LogAssetEditorSubsystem: Opening Asset editor for Blueprint /Game/BP_SnakeElement.BP_SnakeElement
[2024.01.20-19.38.42:869][127]LogNativeClassHierarchy: Verbose: Native class hierarchy updated for 'BlueprintGraph' in 0.0007 seconds. Added 126 classes and 0 folders.
[2024.01.20-19.38.43:744][127]LogActor: Warning: BP_SnakeElement_C /Engine/Transient.World_2:PersistentLevel.BP_SnakeElement_C_0 has natively added scene component(s), but none of them were set as the actor's RootComponent - picking one arbitrarily
[2024.01.20-19.38.43:745][127]LogActor: Warning: BP_SnakeElement_C /Engine/Transient.World_1:PersistentLevel.BP_SnakeElement_C_0 has natively added scene component(s), but none of them were set as the actor's RootComponent - picking one arbitrarily
[2024.01.20-19.38.43:750][127]LogSlate: Took 0.000603 seconds to synchronously load lazily loaded font '../../../Engine/Content/Slate/Fonts/Roboto-BoldCondensed.ttf' (158K)
[2024.01.20-19.38.43:794][128]LogSlate: Took 0.000319 seconds to synchronously load lazily loaded font '../../../Engine/Content/Slate/Fonts/Roboto-Italic.ttf' (157K)
[2024.01.20-19.39.08:855][441]LogRenderer: Reallocating scene render targets to support 968x464 Format 10 NumSamples 1 (Frame:1).
[2024.01.20-19.39.14:915][766]BlueprintLog: New page: Compile BP_SnakeElement
[2024.01.20-19.39.14:937][766]LogActor: Warning: BP_SnakeElement_C /Engine/Transient.World_2:PersistentLevel.BP_SnakeElement_C_0 has natively added scene component(s), but none of them were set as the actor's RootComponent - picking one arbitrarily
[2024.01.20-19.39.14:938][766]LogActor: Warning: BP_SnakeElement_C /Engine/Transient.World_1:PersistentLevel.BP_SnakeElement_C_0 has natively added scene component(s), but none of them were set as the actor's RootComponent - picking one arbitrarily
[2024.01.20-19.39.14:976][766]LogUObjectHash: Compacting FUObjectHashTables data took   3.21ms
[2024.01.20-19.39.14:978][766]LogActor: Warning: BP_SnakeElement_C /Engine/Transient.World_2:PersistentLevel.BP_SnakeElement_C_1 has natively added scene component(s), but none of them were set as the actor's RootComponent - picking one arbitrarily
[2024.01.20-19.39.15:001][766]LogSlate: Took 0.000147 seconds to synchronously load lazily loaded font '../../../Engine/Content/Slate/Fonts/DroidSansMono.ttf' (77K)
[2024.01.20-19.39.15:639][795]LogActor: Warning: BP_SnakeElement_C /Engine/Transient.World_5:PersistentLevel.BP_SnakeElement_C_0 has natively added scene component(s), but none of them were set as the actor's RootComponent - picking one arbitrarily
[2024.01.20-19.39.15:651][795]Cmd: OBJ SAVEPACKAGE PACKAGE="/Game/BP_SnakeElement" FILE="D:/GameProjects/UE/Snake/SnakeProject/Content/BP_SnakeElement.uasset" SILENT=true
[2024.01.20-19.39.15:667][795]LogSavePackage: Moving 'D:/GameProjects/UE/Snake/SnakeProject/Saved/BP_SnakeElementA56F348547DD7E512493BD878ABA2E63.tmp' to 'D:/GameProjects/UE/Snake/SnakeProject/Content/BP_SnakeElement.uasset'
[2024.01.20-19.39.15:686][795]AssetCheck: New page: Asset Save: BP_SnakeElement
[2024.01.20-19.39.15:686][795]LogContentValidation: Display: Validating Blueprint /Game/BP_SnakeElement.BP_SnakeElement
[2024.01.20-19.39.19:102][  7]LogSlate: Window 'BP_SnakeElement' being destroyed
[2024.01.20-19.39.19:121][  7]LogSlate: Window 'BP_SnakeElement' being destroyed
[2024.01.20-19.39.19:125][  7]LogWorld: UWorld::CleanupWorld for World_1, bSessionEnded=true, bCleanupResources=true
[2024.01.20-19.39.19:126][  7]LogSlate: InvalidateAllWidgets triggered.  All widgets were invalidated
