Log file open, 01/20/24 20:24:26
LogWindows: Failed to load 'aqProf.dll' (GetLastError=126)
LogWindows: File 'aqProf.dll' does not exist
LogWindows: Failed to load 'VtuneApi.dll' (GetLastError=126)
LogWindows: File 'VtuneApi.dll' does not exist
LogWindows: Failed to load 'VtuneApi32e.dll' (GetLastError=126)
LogWindows: File 'VtuneApi32e.dll' does not exist
LogConsoleResponse: Display: Failed to find resolution value strings in scalability ini. Falling back to default.
LogConsoleResponse: Display: Failed to find resolution value strings in scalability ini. Falling back to default.
LogInit: Display: Running engine for game: SnakeProject
LogPlatformFile: Not using cached read wrapper
LogTaskGraph: Started task graph with 5 named threads and 35 total threads with 3 sets of task threads.
LogStats: Stats thread started at 0.447351
LogICUInternationalization: ICU TimeZone Detection - Raw Offset: +3:00, Platform Override: ''
LogInit: Display: Loading text-based GConfig....
LogPluginManager: Mounting plugin MeshPainting
LogPluginManager: Mounting plugin XGEController
LogPluginManager: Mounting plugin Paper2D
LogPluginManager: Mounting plugin AISupport
LogPluginManager: Mounting plugin EnvironmentQueryEditor
LogPluginManager: Mounting plugin OodleData
LogPluginManager: Mounting plugin CameraShakePreviewer
LogPluginManager: Mounting plugin LightPropagationVolume
LogPluginManager: Mounting plugin GameplayCameras
LogPluginManager: Mounting plugin OodleNetwork
LogPluginManager: Mounting plugin LiveLink
LogPluginManager: Mounting plugin CurveEditorTools
LogPluginManager: Mounting plugin DataValidation
LogPluginManager: Mounting plugin CryptoKeys
LogPluginManager: Mounting plugin FacialAnimation
LogPluginManager: Mounting plugin GeometryMode
LogPluginManager: Mounting plugin MacGraphicsSwitching
LogPluginManager: Mounting plugin MaterialAnalyzer
LogPluginManager: Mounting plugin GameplayTagsEditor
LogPluginManager: Mounting plugin MobileLauncherProfileWizard
LogPluginManager: Mounting plugin SpeedTreeImporter
LogPluginManager: Mounting plugin AnimationSharing
LogPluginManager: Mounting plugin CLionSourceCodeAccess
LogPluginManager: Mounting plugin CodeLiteSourceCodeAccess
LogPluginManager: Mounting plugin AssetManagerEditor
LogPluginManager: Mounting plugin KDevelopSourceCodeAccess
LogPluginManager: Mounting plugin GitSourceControl
LogPluginManager: Mounting plugin NullSourceCodeAccess
LogPluginManager: Mounting plugin PluginBrowser
LogPluginManager: Mounting plugin PerforceSourceControl
LogPluginManager: Mounting plugin PixWinPlugin
LogPluginManager: Mounting plugin PluginUtils
LogPluginManager: Mounting plugin PlasticSourceControl
LogPluginManager: Mounting plugin PropertyAccessNode
LogPluginManager: Mounting plugin RiderSourceCodeAccess
LogPluginManager: Mounting plugin TextureFormatOodle
LogPluginManager: Mounting plugin SubversionSourceControl
LogPluginManager: Mounting plugin UObjectPlugin
LogPluginManager: Mounting plugin VisualStudioCodeSourceCodeAccess
LogPluginManager: Mounting plugin XCodeSourceCodeAccess
LogPluginManager: Mounting plugin AlembicImporter
LogPluginManager: Mounting plugin AutomationUtils
LogPluginManager: Mounting plugin BackChannel
LogPluginManager: Mounting plugin ChaosCloth
LogPluginManager: Mounting plugin ChaosClothEditor
LogPluginManager: Mounting plugin ChaosEditor
LogPluginManager: Mounting plugin ChaosNiagara
LogPluginManager: Mounting plugin ChaosSolverPlugin
LogPluginManager: Mounting plugin CharacterAI
LogPluginManager: Mounting plugin VisualStudioSourceCodeAccess
LogPluginManager: Mounting plugin LuminPlatformFeatures
LogPluginManager: Mounting plugin MagicLeap
LogPluginManager: Mounting plugin GeometryCache
LogPluginManager: Mounting plugin GeometryCollectionPlugin
LogPluginManager: Mounting plugin MagicLeapLightEstimation
LogPluginManager: Mounting plugin MagicLeapMedia
LogPluginManager: Mounting plugin MagicLeapPassableWorld
LogPluginManager: Mounting plugin MLSDK
LogPluginManager: Mounting plugin DatasmithContent
LogPluginManager: Mounting plugin GeometryProcessing
LogPluginManager: Mounting plugin VariantManagerContent
LogPluginManager: Mounting plugin MotoSynth
LogPluginManager: Mounting plugin OpenImageDenoise
LogPluginManager: Mounting plugin Niagara
LogPluginManager: Mounting plugin PlatformCrypto
LogPluginManager: Mounting plugin ProxyLODPlugin
LogPluginManager: Mounting plugin PythonScriptPlugin
LogPluginManager: Mounting plugin PlanarCut
LogPluginManager: Mounting plugin SkeletalReduction
LogPluginManager: Mounting plugin TcpMessaging
LogPluginManager: Mounting plugin AndroidMedia
LogPluginManager: Mounting plugin UdpMessaging
LogPluginManager: Mounting plugin AvfMedia
LogPluginManager: Mounting plugin ImgMedia
LogPluginManager: Mounting plugin MediaCompositing
LogPluginManager: Mounting plugin MediaPlayerEditor
LogPluginManager: Mounting plugin WebMMedia
LogPluginManager: Mounting plugin LauncherChunkInstaller
LogPluginManager: Mounting plugin ActorSequence
LogPluginManager: Mounting plugin LevelSequenceEditor
LogPluginManager: Mounting plugin MatineeToLevelSequence
LogPluginManager: Mounting plugin WmfMedia
LogPluginManager: Mounting plugin OnlineSubsystem
LogPluginManager: Mounting plugin OnlineSubsystemNull
LogPluginManager: Mounting plugin OnlineSubsystemUtils
LogPluginManager: Mounting plugin ScreenshotTools
LogPluginManager: Mounting plugin ActorLayerUtilities
LogPluginManager: Mounting plugin AndroidDeviceProfileSelector
LogPluginManager: Mounting plugin AndroidMoviePlayer
LogPluginManager: Mounting plugin AndroidPermission
LogPluginManager: Mounting plugin AppleMoviePlayer
LogPluginManager: Mounting plugin AppleImageUtils
LogPluginManager: Mounting plugin ArchVisCharacter
LogPluginManager: Mounting plugin AssetTags
LogPluginManager: Mounting plugin AudioCapture
LogPluginManager: Mounting plugin AudioSynesthesia
LogPluginManager: Mounting plugin CableComponent
LogPluginManager: Mounting plugin ChunkDownloader
LogPluginManager: Mounting plugin ExampleDeviceProfileSelector
LogPluginManager: Mounting plugin EditableMesh
LogPluginManager: Mounting plugin TemplateSequence
LogPluginManager: Mounting plugin GooglePAD
LogPluginManager: Mounting plugin GoogleCloudMessaging
LogPluginManager: Mounting plugin CustomMeshComponent
LogPluginManager: Mounting plugin IOSDeviceProfileSelector
LogPluginManager: Mounting plugin LinuxDeviceProfileSelector
LogPluginManager: Mounting plugin LocationServicesBPLibrary
LogPluginManager: Mounting plugin MobilePatchingUtils
LogPluginManager: Mounting plugin OpenXR
LogPluginManager: Mounting plugin OpenXREyeTracker
LogPluginManager: Mounting plugin OpenXRHandTracking
LogPluginManager: Mounting plugin PhysXVehicles
LogPluginManager: Mounting plugin Takes
LogPluginManager: Mounting plugin PostSplashScreen
LogPluginManager: Mounting plugin ProceduralMeshComponent
LogPluginManager: Mounting plugin RuntimePhysXCooking
LogPluginManager: Mounting plugin SignificanceManager
LogPluginManager: Mounting plugin SoundFields
LogPluginManager: Mounting plugin PropertyAccessEditor
LogPluginManager: Mounting plugin Synthesis
LogPluginManager: Mounting plugin WebMMoviePlayer
LogPluginManager: Mounting plugin WindowsMoviePlayer
LogPluginManager: Mounting plugin ContentBrowserFileDataSource
LogPluginManager: Mounting plugin ContentBrowserClassDataSource
LogPluginManager: Mounting plugin ContentBrowserAssetDataSource
LogPluginManager: Mounting plugin OnlineSubsystemGooglePlay
LogPluginManager: Mounting plugin OnlineSubsystemIOS
LogPluginManager: Mounting plugin OculusVR
LogPluginManager: Mounting plugin SteamVR
PixWinPlugin: PIX capture plugin failed to initialize! Check that the process is launched from PIX.
LogInit: Using libcurl 7.55.1-DEV
LogInit:  - built for x86_64-pc-win32
LogInit:  - supports SSL with OpenSSL/1.1.1
LogInit:  - supports HTTP deflate (compression) using libz 1.2.8
LogInit:  - other features:
LogInit:      CURL_VERSION_SSL
LogInit:      CURL_VERSION_LIBZ
LogInit:      CURL_VERSION_IPV6
LogInit:      CURL_VERSION_ASYNCHDNS
LogInit:      CURL_VERSION_LARGEFILE
LogInit:      CURL_VERSION_IDN
LogInit:  CurlRequestOptions (configurable via config and command line):
LogInit:  - bVerifyPeer = true  - Libcurl will verify peer certificate
LogInit:  - bUseHttpProxy = false  - Libcurl will NOT use HTTP proxy
LogInit:  - bDontReuseConnections = false  - Libcurl will reuse connections
LogInit:  - MaxHostConnections = 16  - Libcurl will limit the number of connections to a host
LogInit:  - LocalHostAddr = Default
LogInit:  - BufferSize = 65536
LogOnline: OSS: Creating online subsystem instance for: NULL
LogInit: WinSock: version 1.1 (2.2), MaxSocks=32767, MaxUdp=65467
LogOnline: OSS: TryLoadSubsystemAndSetDefault: Loaded subsystem for module [NULL]
LogOculusPluginWrapper: OculusPlugin initialized successfully
LogHMD: Failed initializing OVRPlugin 1.59.0
LogInit: Build: ++UE4+Release-4.27-CL-18319896
LogInit: Engine Version: 4.27.2-18319896+++UE4+Release-4.27
LogInit: Compatible Engine Version: 4.27.0-17155196+++UE4+Release-4.27
LogInit: Net CL: 17155196
LogInit: OS: Windows 10 (Release 2009) (), CPU: Intel(R) Core(TM) i7-10750H CPU @ 2.60GHz, GPU: Intel(R) UHD Graphics
LogInit: Compiled (64-bit): Nov 30 2021 07:12:08
LogInit: Compiled with Visual C++: 19.24.28315.00
LogInit: Build Configuration: Development
LogInit: Branch Name: ++UE4+Release-4.27
LogInit: Command Line:  -skipcompile
LogInit: Base Directory: C:/Program Files/Epic Games/UE_4.27/Engine/Binaries/Win64/
LogInit: Allocator: TBB
LogInit: Installed Engine Build: 1
LogDevObjectVersion: Number of dev versions registered: 29
LogDevObjectVersion:   Dev-Blueprints (B0D832E4-1F89-4F0D-ACCF-7EB736FD4AA2): 10
LogDevObjectVersion:   Dev-Build (E1C64328-A22C-4D53-A36C-8E866417BD8C): 0
LogDevObjectVersion:   Dev-Core (375EC13C-06E4-48FB-B500-84F0262A717E): 4
LogDevObjectVersion:   Dev-Editor (E4B068ED-F494-42E9-A231-DA0B2E46BB41): 40
LogDevObjectVersion:   Dev-Framework (CFFC743F-43B0-4480-9391-14DF171D2073): 37
LogDevObjectVersion:   Dev-Mobile (B02B49B5-BB20-44E9-A304-32B752E40360): 3
LogDevObjectVersion:   Dev-Networking (A4E4105C-59A1-49B5-A7C5-40C4547EDFEE): 0
LogDevObjectVersion:   Dev-Online (39C831C9-5AE6-47DC-9A44-9C173E1C8E7C): 0
LogDevObjectVersion:   Dev-Physics (78F01B33-EBEA-4F98-B9B4-84EACCB95AA2): 14
LogDevObjectVersion:   Dev-Platform (6631380F-2D4D-43E0-8009-CF276956A95A): 0
LogDevObjectVersion:   Dev-Rendering (12F88B9F-8875-4AFC-A67C-D90C383ABD29): 45
LogDevObjectVersion:   Dev-Sequencer (7B5AE74C-D270-4C10-A958-57980B212A5A): 13
LogDevObjectVersion:   Dev-VR (D7296918-1DD6-4BDD-9DE2-64A83CC13884): 3
LogDevObjectVersion:   Dev-LoadTimes (C2A15278-BFE7-4AFE-6C17-90FF531DF755): 1
LogDevObjectVersion:   Private-Geometry (6EACA3D4-40EC-4CC1-B786-8BED09428FC5): 3
LogDevObjectVersion:   Dev-AnimPhys (29E575DD-E0A3-4627-9D10-D276232CDCEA): 17
LogDevObjectVersion:   Dev-Anim (AF43A65D-7FD3-4947-9873-3E8ED9C1BB05): 15
LogDevObjectVersion:   Dev-ReflectionCapture (6B266CEC-1EC7-4B8F-A30B-E4D90942FC07): 1
LogDevObjectVersion:   Dev-Automation (0DF73D61-A23F-47EA-B727-89E90C41499A): 1
LogDevObjectVersion:   FortniteMain (601D1886-AC64-4F84-AA16-D3DE0DEAC7D6): 47
LogDevObjectVersion:   FortniteRelease (E7086368-6B23-4C58-8439-1B7016265E91): 1
LogDevObjectVersion:   Dev-Enterprise (9DFFBCD6-494F-0158-E221-12823C92A888): 10
LogDevObjectVersion:   Dev-Niagara (F2AED0AC-9AFE-416F-8664-AA7FFA26D6FC): 1
LogDevObjectVersion:   Dev-Destruction (174F1F0B-B4C6-45A5-B13F-2EE8D0FB917D): 10
LogDevObjectVersion:   Dev-Physics-Ext (35F94A83-E258-406C-A318-09F59610247C): 41
LogDevObjectVersion:   Dev-PhysicsMaterial-Chaos (B68FC16E-8B1B-42E2-B453-215C058844FE): 1
LogDevObjectVersion:   Dev-CineCamera (B2E18506-4273-CFC2-A54E-F4BB758BBA07): 1
LogDevObjectVersion:   Dev-VirtualProduction (64F58936-FD1B-42BA-BA96-7289D5D0FA4E): 1
LogDevObjectVersion:   Dev-MediaFramework (6F0ED827-A609-4895-9C91-998D90180EA4): 2
LogInit: Presizing for max 25165824 objects, including 0 objects not considered by GC, pre-allocating 0 bytes for permanent pool.
LogConfig: Applying CVar settings from Section [/Script/Engine.StreamingSettings] File [D:/GameProjects/UE/Snake/SnakeProject/Saved/Config/Windows/Engine.ini]
LogConfig: Setting CVar [[s.MinBulkDataSizeForAsyncLoading:131072]]
LogConfig: Setting CVar [[s.AsyncLoadingThreadEnabled:0]]
LogConfig: Setting CVar [[s.EventDrivenLoaderEnabled:1]]
LogConfig: Setting CVar [[s.WarnIfTimeLimitExceeded:0]]
LogConfig: Setting CVar [[s.TimeLimitExceededMultiplier:1.5]]
LogConfig: Setting CVar [[s.TimeLimitExceededMinTime:0.005]]
LogConfig: Setting CVar [[s.UseBackgroundLevelStreaming:1]]
LogConfig: Setting CVar [[s.PriorityAsyncLoadingExtraTime:15.0]]
LogConfig: Setting CVar [[s.LevelStreamingActorsUpdateTimeLimit:5.0]]
LogConfig: Setting CVar [[s.PriorityLevelStreamingActorsUpdateExtraTime:5.0]]
LogConfig: Setting CVar [[s.LevelStreamingComponentsRegistrationGranularity:10]]
LogConfig: Setting CVar [[s.UnregisterComponentsTimeLimit:1.0]]
LogConfig: Setting CVar [[s.LevelStreamingComponentsUnregistrationGranularity:5]]
LogConfig: Setting CVar [[s.FlushStreamingOnExit:1]]
LogInit: Object subsystem initialized
LogConfig: Setting CVar [[con.DebugEarlyDefault:1]]
LogConfig: Setting CVar [[r.setres:1280x720]]
[2024.01.20-17.24.27:521][  0]LogConfig: Setting CVar [[r.VSync:0]]
[2024.01.20-17.24.27:521][  0]LogConfig: Setting CVar [[r.RHICmdBypass:0]]
[2024.01.20-17.24.27:521][  0]LogConfig: Applying CVar settings from Section [/Script/Engine.RendererSettings] File [D:/GameProjects/UE/Snake/SnakeProject/Saved/Config/Windows/Engine.ini]
[2024.01.20-17.24.27:521][  0]LogConfig: Setting CVar [[r.GPUCrashDebugging:0]]
[2024.01.20-17.24.27:521][  0]LogConfig: Setting CVar [[r.DefaultFeature.AntiAliasing:0]]
[2024.01.20-17.24.27:521][  0]LogConfig: Setting CVar [[r.DefaultFeature.MotionBlur:0]]
[2024.01.20-17.24.27:522][  0]LogConfig: Applying CVar settings from Section [/Script/Engine.RendererOverrideSettings] File [D:/GameProjects/UE/Snake/SnakeProject/Saved/Config/Windows/Engine.ini]
[2024.01.20-17.24.27:522][  0]LogConfig: Applying CVar settings from Section [/Script/Engine.StreamingSettings] File [D:/GameProjects/UE/Snake/SnakeProject/Saved/Config/Windows/Engine.ini]
[2024.01.20-17.24.27:522][  0]LogConfig: Setting CVar [[s.MinBulkDataSizeForAsyncLoading:131072]]
[2024.01.20-17.24.27:522][  0]LogConfig: Setting CVar [[s.AsyncLoadingThreadEnabled:0]]
[2024.01.20-17.24.27:522][  0]LogConfig: Setting CVar [[s.EventDrivenLoaderEnabled:1]]
[2024.01.20-17.24.27:522][  0]LogConfig: Setting CVar [[s.WarnIfTimeLimitExceeded:0]]
[2024.01.20-17.24.27:522][  0]LogConfig: Setting CVar [[s.TimeLimitExceededMultiplier:1.5]]
[2024.01.20-17.24.27:522][  0]LogConfig: Setting CVar [[s.TimeLimitExceededMinTime:0.005]]
[2024.01.20-17.24.27:522][  0]LogConfig: Setting CVar [[s.UseBackgroundLevelStreaming:1]]
[2024.01.20-17.24.27:522][  0]LogConfig: Setting CVar [[s.PriorityAsyncLoadingExtraTime:15.0]]
[2024.01.20-17.24.27:522][  0]LogConfig: Setting CVar [[s.LevelStreamingActorsUpdateTimeLimit:5.0]]
[2024.01.20-17.24.27:522][  0]LogConfig: Setting CVar [[s.PriorityLevelStreamingActorsUpdateExtraTime:5.0]]
[2024.01.20-17.24.27:522][  0]LogConfig: Setting CVar [[s.LevelStreamingComponentsRegistrationGranularity:10]]
[2024.01.20-17.24.27:522][  0]LogConfig: Setting CVar [[s.UnregisterComponentsTimeLimit:1.0]]
[2024.01.20-17.24.27:523][  0]LogConfig: Setting CVar [[s.LevelStreamingComponentsUnregistrationGranularity:5]]
[2024.01.20-17.24.27:523][  0]LogConfig: Setting CVar [[s.FlushStreamingOnExit:1]]
[2024.01.20-17.24.27:523][  0]LogConfig: Applying CVar settings from Section [/Script/Engine.GarbageCollectionSettings] File [D:/GameProjects/UE/Snake/SnakeProject/Saved/Config/Windows/Engine.ini]
[2024.01.20-17.24.27:523][  0]LogConfig: Setting CVar [[gc.MaxObjectsNotConsideredByGC:1]]
[2024.01.20-17.24.27:523][  0]LogConfig: Setting CVar [[gc.SizeOfPermanentObjectPool:0]]
[2024.01.20-17.24.27:523][  0]LogConfig: Setting CVar [[gc.FlushStreamingOnGC:0]]
[2024.01.20-17.24.27:523][  0]LogConfig: Setting CVar [[gc.NumRetriesBeforeForcingGC:10]]
[2024.01.20-17.24.27:523][  0]LogConfig: Setting CVar [[gc.AllowParallelGC:1]]
[2024.01.20-17.24.27:523][  0]LogConfig: Setting CVar [[gc.TimeBetweenPurgingPendingKillObjects:61.1]]
[2024.01.20-17.24.27:523][  0]LogConfig: Setting CVar [[gc.MaxObjectsInEditor:25165824]]
[2024.01.20-17.24.27:523][  0]LogConfig: Setting CVar [[gc.IncrementalBeginDestroyEnabled:1]]
[2024.01.20-17.24.27:523][  0]LogConfig: Setting CVar [[gc.CreateGCClusters:1]]
[2024.01.20-17.24.27:524][  0]LogConfig: Setting CVar [[gc.MinGCClusterSize:5]]
[2024.01.20-17.24.27:524][  0]LogConfig: Setting CVar [[gc.ActorClusteringEnabled:0]]
[2024.01.20-17.24.27:524][  0]LogConfig: Setting CVar [[gc.BlueprintClusteringEnabled:0]]
[2024.01.20-17.24.27:524][  0]LogConfig: Setting CVar [[gc.UseDisregardForGCOnDedicatedServers:0]]
[2024.01.20-17.24.27:524][  0]LogConfig: Setting CVar [[gc.MultithreadedDestructionEnabled:1]]
[2024.01.20-17.24.27:524][  0]LogConfig: Applying CVar settings from Section [/Script/Engine.NetworkSettings] File [D:/GameProjects/UE/Snake/SnakeProject/Saved/Config/Windows/Engine.ini]
[2024.01.20-17.24.27:524][  0]LogConfig: Applying CVar settings from Section [/Script/UnrealEd.CookerSettings] File [D:/GameProjects/UE/Snake/SnakeProject/Saved/Config/Windows/Engine.ini]
[2024.01.20-17.24.27:533][  0]LogConfig: Applying CVar settings from Section [ViewDistanceQuality@3] File [D:/GameProjects/UE/Snake/SnakeProject/Saved/Config/Windows/Scalability.ini]
[2024.01.20-17.24.27:534][  0]LogConfig: Setting CVar [[r.SkeletalMeshLODBias:0]]
[2024.01.20-17.24.27:534][  0]LogConfig: Setting CVar [[r.ViewDistanceScale:1.0]]
[2024.01.20-17.24.27:534][  0]LogConfig: Applying CVar settings from Section [AntiAliasingQuality@3] File [D:/GameProjects/UE/Snake/SnakeProject/Saved/Config/Windows/Scalability.ini]
[2024.01.20-17.24.27:534][  0]LogConfig: Setting CVar [[r.PostProcessAAQuality:4]]
[2024.01.20-17.24.27:534][  0]LogConfig: Applying CVar settings from Section [ShadowQuality@3] File [D:/GameProjects/UE/Snake/SnakeProject/Saved/Config/Windows/Scalability.ini]
[2024.01.20-17.24.27:534][  0]LogConfig: Setting CVar [[r.LightFunctionQuality:1]]
[2024.01.20-17.24.27:534][  0]LogConfig: Setting CVar [[r.ShadowQuality:5]]
[2024.01.20-17.24.27:534][  0]LogConfig: Setting CVar [[r.Shadow.CSM.MaxCascades:10]]
[2024.01.20-17.24.27:534][  0]LogConfig: Setting CVar [[r.Shadow.MaxResolution:2048]]
[2024.01.20-17.24.27:534][  0]LogConfig: Setting CVar [[r.Shadow.MaxCSMResolution:2048]]
[2024.01.20-17.24.27:534][  0]LogConfig: Setting CVar [[r.Shadow.RadiusThreshold:0.01]]
[2024.01.20-17.24.27:534][  0]LogConfig: Setting CVar [[r.Shadow.DistanceScale:1.0]]
[2024.01.20-17.24.27:535][  0]LogConfig: Setting CVar [[r.Shadow.CSM.TransitionScale:1.0]]
[2024.01.20-17.24.27:535][  0]LogConfig: Setting CVar [[r.Shadow.PreShadowResolutionFactor:1.0]]
[2024.01.20-17.24.27:535][  0]LogConfig: Setting CVar [[r.DistanceFieldShadowing:1]]
[2024.01.20-17.24.27:535][  0]LogConfig: Setting CVar [[r.DistanceFieldAO:1]]
[2024.01.20-17.24.27:535][  0]LogConfig: Setting CVar [[r.AOQuality:2]]
[2024.01.20-17.24.27:535][  0]LogConfig: Setting CVar [[r.VolumetricFog:1]]
[2024.01.20-17.24.27:535][  0]LogConfig: Setting CVar [[r.VolumetricFog.GridPixelSize:8]]
[2024.01.20-17.24.27:535][  0]LogConfig: Setting CVar [[r.VolumetricFog.GridSizeZ:128]]
[2024.01.20-17.24.27:535][  0]LogConfig: Setting CVar [[r.VolumetricFog.HistoryMissSupersampleCount:4]]
[2024.01.20-17.24.27:535][  0]LogConfig: Setting CVar [[r.LightMaxDrawDistanceScale:1]]
[2024.01.20-17.24.27:535][  0]LogConfig: Setting CVar [[r.CapsuleShadows:1]]
[2024.01.20-17.24.27:536][  0]LogConfig: Applying CVar settings from Section [PostProcessQuality@3] File [D:/GameProjects/UE/Snake/SnakeProject/Saved/Config/Windows/Scalability.ini]
[2024.01.20-17.24.27:536][  0]LogConfig: Setting CVar [[r.MotionBlurQuality:4]]
[2024.01.20-17.24.27:536][  0]LogConfig: Setting CVar [[r.AmbientOcclusionMipLevelFactor:0.4]]
[2024.01.20-17.24.27:536][  0]LogConfig: Setting CVar [[r.AmbientOcclusionMaxQuality:100]]
[2024.01.20-17.24.27:536][  0]LogConfig: Setting CVar [[r.AmbientOcclusionLevels:-1]]
[2024.01.20-17.24.27:536][  0]LogConfig: Setting CVar [[r.AmbientOcclusionRadiusScale:1.0]]
[2024.01.20-17.24.27:536][  0]LogConfig: Setting CVar [[r.DepthOfFieldQuality:2]]
[2024.01.20-17.24.27:536][  0]LogConfig: Setting CVar [[r.RenderTargetPoolMin:400]]
[2024.01.20-17.24.27:536][  0]LogConfig: Setting CVar [[r.LensFlareQuality:2]]
[2024.01.20-17.24.27:536][  0]LogConfig: Setting CVar [[r.SceneColorFringeQuality:1]]
[2024.01.20-17.24.27:536][  0]LogConfig: Setting CVar [[r.EyeAdaptationQuality:2]]
[2024.01.20-17.24.27:537][  0]LogConfig: Setting CVar [[r.BloomQuality:5]]
[2024.01.20-17.24.27:537][  0]LogConfig: Setting CVar [[r.FastBlurThreshold:100]]
[2024.01.20-17.24.27:537][  0]LogConfig: Setting CVar [[r.Upscale.Quality:3]]
[2024.01.20-17.24.27:537][  0]LogConfig: Setting CVar [[r.Tonemapper.GrainQuantization:1]]
[2024.01.20-17.24.27:537][  0]LogConfig: Setting CVar [[r.LightShaftQuality:1]]
[2024.01.20-17.24.27:537][  0]LogConfig: Setting CVar [[r.Filter.SizeScale:1]]
[2024.01.20-17.24.27:537][  0]LogConfig: Setting CVar [[r.Tonemapper.Quality:5]]
[2024.01.20-17.24.27:537][  0]LogConfig: Setting CVar [[r.DOF.Gather.AccumulatorQuality:1        ; higher gathering accumulator quality]]
[2024.01.20-17.24.27:537][  0]LogConfig: Setting CVar [[r.DOF.Gather.PostfilterMethod:1          ; Median3x3 postfilering method]]
[2024.01.20-17.24.27:537][  0]LogConfig: Setting CVar [[r.DOF.Gather.EnableBokehSettings:0       ; no bokeh simulation when gathering]]
[2024.01.20-17.24.27:537][  0]LogConfig: Setting CVar [[r.DOF.Gather.RingCount:4                 ; medium number of samples when gathering]]
[2024.01.20-17.24.27:537][  0]LogConfig: Setting CVar [[r.DOF.Scatter.ForegroundCompositing:1    ; additive foreground scattering]]
[2024.01.20-17.24.27:537][  0]LogConfig: Setting CVar [[r.DOF.Scatter.BackgroundCompositing:2    ; additive background scattering]]
[2024.01.20-17.24.27:538][  0]LogConfig: Setting CVar [[r.DOF.Scatter.EnableBokehSettings:1      ; bokeh simulation when scattering]]
[2024.01.20-17.24.27:538][  0]LogConfig: Setting CVar [[r.DOF.Scatter.MaxSpriteRatio:0.1         ; only a maximum of 10% of scattered bokeh]]
[2024.01.20-17.24.27:538][  0]LogConfig: Setting CVar [[r.DOF.Recombine.Quality:1                ; cheap slight out of focus]]
[2024.01.20-17.24.27:538][  0]LogConfig: Setting CVar [[r.DOF.Recombine.EnableBokehSettings:0    ; no bokeh simulation on slight out of focus]]
[2024.01.20-17.24.27:538][  0]LogConfig: Setting CVar [[r.DOF.TemporalAAQuality:1                ; more stable temporal accumulation]]
[2024.01.20-17.24.27:538][  0]LogConfig: Setting CVar [[r.DOF.Kernel.MaxForegroundRadius:0.025]]
[2024.01.20-17.24.27:538][  0]LogConfig: Setting CVar [[r.DOF.Kernel.MaxBackgroundRadius:0.025]]
[2024.01.20-17.24.27:538][  0]LogConfig: Applying CVar settings from Section [TextureQuality@3] File [D:/GameProjects/UE/Snake/SnakeProject/Saved/Config/Windows/Scalability.ini]
[2024.01.20-17.24.27:538][  0]LogConfig: Setting CVar [[r.Streaming.MipBias:0]]
[2024.01.20-17.24.27:538][  0]LogConfig: Setting CVar [[r.Streaming.AmortizeCPUToGPUCopy:0]]
[2024.01.20-17.24.27:538][  0]LogConfig: Setting CVar [[r.Streaming.MaxNumTexturesToStreamPerFrame:0]]
[2024.01.20-17.24.27:538][  0]LogConfig: Setting CVar [[r.Streaming.Boost:1]]
[2024.01.20-17.24.27:538][  0]LogConfig: Setting CVar [[r.MaxAnisotropy:8]]
[2024.01.20-17.24.27:538][  0]LogConfig: Setting CVar [[r.VT.MaxAnisotropy:8]]
[2024.01.20-17.24.27:539][  0]LogConfig: Setting CVar [[r.Streaming.LimitPoolSizeToVRAM:0]]
[2024.01.20-17.24.27:539][  0]LogConfig: Setting CVar [[r.Streaming.PoolSize:1000]]
[2024.01.20-17.24.27:539][  0]LogConfig: Setting CVar [[r.Streaming.MaxEffectiveScreenSize:0]]
[2024.01.20-17.24.27:539][  0]LogConfig: Applying CVar settings from Section [EffectsQuality@3] File [D:/GameProjects/UE/Snake/SnakeProject/Saved/Config/Windows/Scalability.ini]
[2024.01.20-17.24.27:539][  0]LogConfig: Setting CVar [[r.TranslucencyLightingVolumeDim:64]]
[2024.01.20-17.24.27:539][  0]LogConfig: Setting CVar [[r.RefractionQuality:2]]
[2024.01.20-17.24.27:539][  0]LogConfig: Setting CVar [[r.SSR.Quality:3]]
[2024.01.20-17.24.27:539][  0]LogConfig: Setting CVar [[r.SSR.HalfResSceneColor:0]]
[2024.01.20-17.24.27:539][  0]LogConfig: Setting CVar [[r.SceneColorFormat:4]]
[2024.01.20-17.24.27:539][  0]LogConfig: Setting CVar [[r.DetailMode:2]]
[2024.01.20-17.24.27:539][  0]LogConfig: Setting CVar [[r.TranslucencyVolumeBlur:1]]
[2024.01.20-17.24.27:539][  0]LogConfig: Setting CVar [[r.MaterialQualityLevel:1 ; High quality]]
[2024.01.20-17.24.27:539][  0]LogConfig: Setting CVar [[r.AnisotropicMaterials:1]]
[2024.01.20-17.24.27:540][  0]LogConfig: Setting CVar [[r.SSS.Scale:1]]
[2024.01.20-17.24.27:540][  0]LogConfig: Setting CVar [[r.SSS.SampleSet:2]]
[2024.01.20-17.24.27:540][  0]LogConfig: Setting CVar [[r.SSS.Quality:1]]
[2024.01.20-17.24.27:540][  0]LogConfig: Setting CVar [[r.SSS.HalfRes:0]]
[2024.01.20-17.24.27:540][  0]LogConfig: Setting CVar [[r.SSGI.Quality:3]]
[2024.01.20-17.24.27:540][  0]LogConfig: Setting CVar [[r.EmitterSpawnRateScale:1.0]]
[2024.01.20-17.24.27:540][  0]LogConfig: Setting CVar [[r.ParticleLightQuality:2]]
[2024.01.20-17.24.27:540][  0]LogConfig: Setting CVar [[r.SkyAtmosphere.AerialPerspectiveLUT.FastApplyOnOpaque:1 ; Always have FastSkyLUT 1 in this case to avoid wrong sky]]
[2024.01.20-17.24.27:540][  0]LogConfig: Setting CVar [[r.SkyAtmosphere.AerialPerspectiveLUT.SampleCountMaxPerSlice:4]]
[2024.01.20-17.24.27:540][  0]LogConfig: Setting CVar [[r.SkyAtmosphere.AerialPerspectiveLUT.DepthResolution:16.0]]
[2024.01.20-17.24.27:540][  0]LogConfig: Setting CVar [[r.SkyAtmosphere.FastSkyLUT:1]]
[2024.01.20-17.24.27:540][  0]LogConfig: Setting CVar [[r.SkyAtmosphere.FastSkyLUT.SampleCountMin:4.0]]
[2024.01.20-17.24.27:541][  0]LogConfig: Setting CVar [[r.SkyAtmosphere.FastSkyLUT.SampleCountMax:128.0]]
[2024.01.20-17.24.27:541][  0]LogConfig: Setting CVar [[r.SkyAtmosphere.SampleCountMin:4.0]]
[2024.01.20-17.24.27:541][  0]LogConfig: Setting CVar [[r.SkyAtmosphere.SampleCountMax:128.0]]
[2024.01.20-17.24.27:541][  0]LogConfig: Setting CVar [[r.SkyAtmosphere.TransmittanceLUT.UseSmallFormat:0]]
[2024.01.20-17.24.27:541][  0]LogConfig: Setting CVar [[r.SkyAtmosphere.TransmittanceLUT.SampleCount:10.0]]
[2024.01.20-17.24.27:541][  0]LogConfig: Setting CVar [[r.SkyAtmosphere.MultiScatteringLUT.SampleCount:15.0]]
[2024.01.20-17.24.27:541][  0]LogConfig: Setting CVar [[r.SkyLight.RealTimeReflectionCapture:1]]
[2024.01.20-17.24.27:541][  0]LogConfig: Applying CVar settings from Section [FoliageQuality@3] File [D:/GameProjects/UE/Snake/SnakeProject/Saved/Config/Windows/Scalability.ini]
[2024.01.20-17.24.27:541][  0]LogConfig: Setting CVar [[foliage.DensityScale:1.0]]
[2024.01.20-17.24.27:541][  0]LogConfig: Setting CVar [[grass.DensityScale:1.0]]
[2024.01.20-17.24.27:541][  0]LogConfig: Applying CVar settings from Section [ShadingQuality@3] File [D:/GameProjects/UE/Snake/SnakeProject/Saved/Config/Windows/Scalability.ini]
[2024.01.20-17.24.27:542][  0]LogConfig: Setting CVar [[r.HairStrands.SkyLighting.IntegrationType:2]]
[2024.01.20-17.24.27:542][  0]LogConfig: Setting CVar [[r.HairStrands.SkyAO.SampleCount:4]]
[2024.01.20-17.24.27:542][  0]LogConfig: Setting CVar [[r.HairStrands.Visibility.MSAA.SamplePerPixel:4]]
[2024.01.20-17.24.27:542][  0]LogInit: Selected Device Profile: [Windows]
[2024.01.20-17.24.27:542][  0]LogInit: Applying CVar settings loaded from the selected device profile: [Windows]
[2024.01.20-17.24.27:542][  0]LogHAL: Display: Platform has ~ 16 GB [16987742208 / 17179869184 / 16], which maps to Larger [LargestMinGB=32, LargerMinGB=12, DefaultMinGB=8, SmallerMinGB=6, SmallestMinGB=0)
[2024.01.20-17.24.27:542][  0]LogInit: Going up to parent DeviceProfile []
[2024.01.20-17.24.27:542][  0]LogConfig: Applying CVar settings from Section [ViewDistanceQuality@3] File [D:/GameProjects/UE/Snake/SnakeProject/Saved/Config/Windows/Scalability.ini]
[2024.01.20-17.24.27:542][  0]LogConfig: Setting CVar [[r.SkeletalMeshLODBias:0]]
[2024.01.20-17.24.27:542][  0]LogConfig: Setting CVar [[r.ViewDistanceScale:1.0]]
[2024.01.20-17.24.27:542][  0]LogConfig: Applying CVar settings from Section [AntiAliasingQuality@3] File [D:/GameProjects/UE/Snake/SnakeProject/Saved/Config/Windows/Scalability.ini]
[2024.01.20-17.24.27:543][  0]LogConfig: Setting CVar [[r.PostProcessAAQuality:4]]
[2024.01.20-17.24.27:543][  0]LogConfig: Applying CVar settings from Section [ShadowQuality@3] File [D:/GameProjects/UE/Snake/SnakeProject/Saved/Config/Windows/Scalability.ini]
[2024.01.20-17.24.27:543][  0]LogConfig: Setting CVar [[r.LightFunctionQuality:1]]
[2024.01.20-17.24.27:543][  0]LogConfig: Setting CVar [[r.ShadowQuality:5]]
[2024.01.20-17.24.27:543][  0]LogConfig: Setting CVar [[r.Shadow.CSM.MaxCascades:10]]
[2024.01.20-17.24.27:543][  0]LogConfig: Setting CVar [[r.Shadow.MaxResolution:2048]]
[2024.01.20-17.24.27:543][  0]LogConfig: Setting CVar [[r.Shadow.MaxCSMResolution:2048]]
[2024.01.20-17.24.27:543][  0]LogConfig: Setting CVar [[r.Shadow.RadiusThreshold:0.01]]
[2024.01.20-17.24.27:543][  0]LogConfig: Setting CVar [[r.Shadow.DistanceScale:1.0]]
[2024.01.20-17.24.27:543][  0]LogConfig: Setting CVar [[r.Shadow.CSM.TransitionScale:1.0]]
[2024.01.20-17.24.27:543][  0]LogConfig: Setting CVar [[r.Shadow.PreShadowResolutionFactor:1.0]]
[2024.01.20-17.24.27:543][  0]LogConfig: Setting CVar [[r.DistanceFieldShadowing:1]]
[2024.01.20-17.24.27:543][  0]LogConfig: Setting CVar [[r.DistanceFieldAO:1]]
[2024.01.20-17.24.27:544][  0]LogConfig: Setting CVar [[r.AOQuality:2]]
[2024.01.20-17.24.27:544][  0]LogConfig: Setting CVar [[r.VolumetricFog:1]]
[2024.01.20-17.24.27:544][  0]LogConfig: Setting CVar [[r.VolumetricFog.GridPixelSize:8]]
[2024.01.20-17.24.27:544][  0]LogConfig: Setting CVar [[r.VolumetricFog.GridSizeZ:128]]
[2024.01.20-17.24.27:544][  0]LogConfig: Setting CVar [[r.VolumetricFog.HistoryMissSupersampleCount:4]]
[2024.01.20-17.24.27:544][  0]LogConfig: Setting CVar [[r.LightMaxDrawDistanceScale:1]]
[2024.01.20-17.24.27:544][  0]LogConfig: Setting CVar [[r.CapsuleShadows:1]]
[2024.01.20-17.24.27:544][  0]LogConfig: Applying CVar settings from Section [PostProcessQuality@3] File [D:/GameProjects/UE/Snake/SnakeProject/Saved/Config/Windows/Scalability.ini]
[2024.01.20-17.24.27:544][  0]LogConfig: Setting CVar [[r.MotionBlurQuality:4]]
[2024.01.20-17.24.27:544][  0]LogConfig: Setting CVar [[r.AmbientOcclusionMipLevelFactor:0.4]]
[2024.01.20-17.24.27:544][  0]LogConfig: Setting CVar [[r.AmbientOcclusionMaxQuality:100]]
[2024.01.20-17.24.27:544][  0]LogConfig: Setting CVar [[r.AmbientOcclusionLevels:-1]]
[2024.01.20-17.24.27:544][  0]LogConfig: Setting CVar [[r.AmbientOcclusionRadiusScale:1.0]]
[2024.01.20-17.24.27:544][  0]LogConfig: Setting CVar [[r.DepthOfFieldQuality:2]]
[2024.01.20-17.24.27:545][  0]LogConfig: Setting CVar [[r.RenderTargetPoolMin:400]]
[2024.01.20-17.24.27:545][  0]LogConfig: Setting CVar [[r.LensFlareQuality:2]]
[2024.01.20-17.24.27:545][  0]LogConfig: Setting CVar [[r.SceneColorFringeQuality:1]]
[2024.01.20-17.24.27:545][  0]LogConfig: Setting CVar [[r.EyeAdaptationQuality:2]]
[2024.01.20-17.24.27:545][  0]LogConfig: Setting CVar [[r.BloomQuality:5]]
[2024.01.20-17.24.27:545][  0]LogConfig: Setting CVar [[r.FastBlurThreshold:100]]
[2024.01.20-17.24.27:545][  0]LogConfig: Setting CVar [[r.Upscale.Quality:3]]
[2024.01.20-17.24.27:545][  0]LogConfig: Setting CVar [[r.Tonemapper.GrainQuantization:1]]
[2024.01.20-17.24.27:545][  0]LogConfig: Setting CVar [[r.LightShaftQuality:1]]
[2024.01.20-17.24.27:545][  0]LogConfig: Setting CVar [[r.Filter.SizeScale:1]]
[2024.01.20-17.24.27:545][  0]LogConfig: Setting CVar [[r.Tonemapper.Quality:5]]
[2024.01.20-17.24.27:545][  0]LogConfig: Setting CVar [[r.DOF.Gather.AccumulatorQuality:1        ; higher gathering accumulator quality]]
[2024.01.20-17.24.27:546][  0]LogConfig: Setting CVar [[r.DOF.Gather.PostfilterMethod:1          ; Median3x3 postfilering method]]
[2024.01.20-17.24.27:546][  0]LogConfig: Setting CVar [[r.DOF.Gather.EnableBokehSettings:0       ; no bokeh simulation when gathering]]
[2024.01.20-17.24.27:546][  0]LogConfig: Setting CVar [[r.DOF.Gather.RingCount:4                 ; medium number of samples when gathering]]
[2024.01.20-17.24.27:546][  0]LogConfig: Setting CVar [[r.DOF.Scatter.ForegroundCompositing:1    ; additive foreground scattering]]
[2024.01.20-17.24.27:546][  0]LogConfig: Setting CVar [[r.DOF.Scatter.BackgroundCompositing:2    ; additive background scattering]]
[2024.01.20-17.24.27:546][  0]LogConfig: Setting CVar [[r.DOF.Scatter.EnableBokehSettings:1      ; bokeh simulation when scattering]]
[2024.01.20-17.24.27:546][  0]LogConfig: Setting CVar [[r.DOF.Scatter.MaxSpriteRatio:0.1         ; only a maximum of 10% of scattered bokeh]]
[2024.01.20-17.24.27:546][  0]LogConfig: Setting CVar [[r.DOF.Recombine.Quality:1                ; cheap slight out of focus]]
[2024.01.20-17.24.27:546][  0]LogConfig: Setting CVar [[r.DOF.Recombine.EnableBokehSettings:0    ; no bokeh simulation on slight out of focus]]
[2024.01.20-17.24.27:546][  0]LogConfig: Setting CVar [[r.DOF.TemporalAAQuality:1                ; more stable temporal accumulation]]
[2024.01.20-17.24.27:546][  0]LogConfig: Setting CVar [[r.DOF.Kernel.MaxForegroundRadius:0.025]]
[2024.01.20-17.24.27:546][  0]LogConfig: Setting CVar [[r.DOF.Kernel.MaxBackgroundRadius:0.025]]
[2024.01.20-17.24.27:546][  0]LogConfig: Applying CVar settings from Section [TextureQuality@3] File [D:/GameProjects/UE/Snake/SnakeProject/Saved/Config/Windows/Scalability.ini]
[2024.01.20-17.24.27:547][  0]LogConfig: Setting CVar [[r.Streaming.MipBias:0]]
[2024.01.20-17.24.27:547][  0]LogConfig: Setting CVar [[r.Streaming.AmortizeCPUToGPUCopy:0]]
[2024.01.20-17.24.27:547][  0]LogConfig: Setting CVar [[r.Streaming.MaxNumTexturesToStreamPerFrame:0]]
[2024.01.20-17.24.27:547][  0]LogConfig: Setting CVar [[r.Streaming.Boost:1]]
[2024.01.20-17.24.27:547][  0]LogConfig: Setting CVar [[r.MaxAnisotropy:8]]
[2024.01.20-17.24.27:547][  0]LogConfig: Setting CVar [[r.VT.MaxAnisotropy:8]]
[2024.01.20-17.24.27:547][  0]LogConfig: Setting CVar [[r.Streaming.LimitPoolSizeToVRAM:0]]
[2024.01.20-17.24.27:547][  0]LogConfig: Setting CVar [[r.Streaming.PoolSize:1000]]
[2024.01.20-17.24.27:547][  0]LogConfig: Setting CVar [[r.Streaming.MaxEffectiveScreenSize:0]]
[2024.01.20-17.24.27:547][  0]LogConfig: Applying CVar settings from Section [EffectsQuality@3] File [D:/GameProjects/UE/Snake/SnakeProject/Saved/Config/Windows/Scalability.ini]
[2024.01.20-17.24.27:547][  0]LogConfig: Setting CVar [[r.TranslucencyLightingVolumeDim:64]]
[2024.01.20-17.24.27:547][  0]LogConfig: Setting CVar [[r.RefractionQuality:2]]
[2024.01.20-17.24.27:547][  0]LogConfig: Setting CVar [[r.SSR.Quality:3]]
[2024.01.20-17.24.27:547][  0]LogConfig: Setting CVar [[r.SSR.HalfResSceneColor:0]]
[2024.01.20-17.24.27:547][  0]LogConfig: Setting CVar [[r.SceneColorFormat:4]]
[2024.01.20-17.24.27:547][  0]LogConfig: Setting CVar [[r.DetailMode:2]]
[2024.01.20-17.24.27:547][  0]LogConfig: Setting CVar [[r.TranslucencyVolumeBlur:1]]
[2024.01.20-17.24.27:547][  0]LogConfig: Setting CVar [[r.MaterialQualityLevel:1 ; High quality]]
[2024.01.20-17.24.27:547][  0]LogConfig: Setting CVar [[r.AnisotropicMaterials:1]]
[2024.01.20-17.24.27:549][  0]LogConfig: Setting CVar [[r.SSS.Scale:1]]
[2024.01.20-17.24.27:549][  0]LogConfig: Setting CVar [[r.SSS.SampleSet:2]]
[2024.01.20-17.24.27:549][  0]LogConfig: Setting CVar [[r.SSS.Quality:1]]
[2024.01.20-17.24.27:549][  0]LogConfig: Setting CVar [[r.SSS.HalfRes:0]]
[2024.01.20-17.24.27:549][  0]LogConfig: Setting CVar [[r.SSGI.Quality:3]]
[2024.01.20-17.24.27:549][  0]LogConfig: Setting CVar [[r.EmitterSpawnRateScale:1.0]]
[2024.01.20-17.24.27:549][  0]LogConfig: Setting CVar [[r.ParticleLightQuality:2]]
[2024.01.20-17.24.27:549][  0]LogConfig: Setting CVar [[r.SkyAtmosphere.AerialPerspectiveLUT.FastApplyOnOpaque:1 ; Always have FastSkyLUT 1 in this case to avoid wrong sky]]
[2024.01.20-17.24.27:549][  0]LogConfig: Setting CVar [[r.SkyAtmosphere.AerialPerspectiveLUT.SampleCountMaxPerSlice:4]]
[2024.01.20-17.24.27:549][  0]LogConfig: Setting CVar [[r.SkyAtmosphere.AerialPerspectiveLUT.DepthResolution:16.0]]
[2024.01.20-17.24.27:549][  0]LogConfig: Setting CVar [[r.SkyAtmosphere.FastSkyLUT:1]]
[2024.01.20-17.24.27:549][  0]LogConfig: Setting CVar [[r.SkyAtmosphere.FastSkyLUT.SampleCountMin:4.0]]
[2024.01.20-17.24.27:549][  0]LogConfig: Setting CVar [[r.SkyAtmosphere.FastSkyLUT.SampleCountMax:128.0]]
[2024.01.20-17.24.27:549][  0]LogConfig: Setting CVar [[r.SkyAtmosphere.SampleCountMin:4.0]]
[2024.01.20-17.24.27:550][  0]LogConfig: Setting CVar [[r.SkyAtmosphere.SampleCountMax:128.0]]
[2024.01.20-17.24.27:550][  0]LogConfig: Setting CVar [[r.SkyAtmosphere.TransmittanceLUT.UseSmallFormat:0]]
[2024.01.20-17.24.27:550][  0]LogConfig: Setting CVar [[r.SkyAtmosphere.TransmittanceLUT.SampleCount:10.0]]
[2024.01.20-17.24.27:550][  0]LogConfig: Setting CVar [[r.SkyAtmosphere.MultiScatteringLUT.SampleCount:15.0]]
[2024.01.20-17.24.27:550][  0]LogConfig: Setting CVar [[r.SkyLight.RealTimeReflectionCapture:1]]
[2024.01.20-17.24.27:550][  0]LogConfig: Applying CVar settings from Section [FoliageQuality@3] File [D:/GameProjects/UE/Snake/SnakeProject/Saved/Config/Windows/Scalability.ini]
[2024.01.20-17.24.27:550][  0]LogConfig: Setting CVar [[foliage.DensityScale:1.0]]
[2024.01.20-17.24.27:550][  0]LogConfig: Setting CVar [[grass.DensityScale:1.0]]
[2024.01.20-17.24.27:550][  0]LogConfig: Applying CVar settings from Section [ShadingQuality@3] File [D:/GameProjects/UE/Snake/SnakeProject/Saved/Config/Windows/Scalability.ini]
[2024.01.20-17.24.27:550][  0]LogConfig: Setting CVar [[r.HairStrands.SkyLighting.IntegrationType:2]]
[2024.01.20-17.24.27:550][  0]LogConfig: Setting CVar [[r.HairStrands.SkyAO.SampleCount:4]]
[2024.01.20-17.24.27:550][  0]LogConfig: Setting CVar [[r.HairStrands.Visibility.MSAA.SamplePerPixel:4]]
[2024.01.20-17.24.27:550][  0]LogConfig: Applying CVar settings from Section [Startup] File [../../../Engine/Config/ConsoleVariables.ini]
[2024.01.20-17.24.27:551][  0]LogConfig: Setting CVar [[net.UseAdaptiveNetUpdateFrequency:0]]
[2024.01.20-17.24.27:551][  0]LogConfig: Setting CVar [[p.chaos.AllowCreatePhysxBodies:1]]
[2024.01.20-17.24.27:551][  0]LogConfig: Setting CVar [[fx.SkipVectorVMBackendOptimizations:1]]
[2024.01.20-17.24.27:551][  0]LogConfig: Applying CVar settings from Section [ConsoleVariables] File [D:/GameProjects/UE/Snake/SnakeProject/Saved/Config/Windows/Engine.ini]
[2024.01.20-17.24.27:551][  0]LogConfig: Applying CVar settings from Section [ConsoleVariables] File [D:/GameProjects/UE/Snake/SnakeProject/Saved/Config/Windows/Editor.ini]
[2024.01.20-17.24.27:551][  0]LogInit: Computer: ELENA
[2024.01.20-17.24.27:551][  0]LogInit: User: lll33
[2024.01.20-17.24.27:551][  0]LogInit: CPU Page size=4096, Cores=6
[2024.01.20-17.24.27:551][  0]LogInit: High frequency timer resolution =10.000000 MHz
[2024.01.20-17.24.27:552][  0]LogMemory: Memory total: Physical=15.8GB (16GB approx)
[2024.01.20-17.24.27:552][  0]LogMemory: Platform Memory Stats for Windows
[2024.01.20-17.24.27:552][  0]LogMemory: Process Physical Memory: 145.48 MB used, 145.48 MB peak
[2024.01.20-17.24.27:552][  0]LogMemory: Process Virtual Memory: 127.95 MB used, 127.95 MB peak
[2024.01.20-17.24.27:552][  0]LogMemory: Physical Memory: 10447.79 MB used,  5752.98 MB free, 16200.77 MB total
[2024.01.20-17.24.27:552][  0]LogMemory: Virtual Memory: 134212864.00 MB used,  4861.39 MB free, 134217728.00 MB total
[2024.01.20-17.24.27:560][  0]LogWindows: WindowsPlatformFeatures enabled
[2024.01.20-17.24.27:652][  0]LogInit: Physics initialised using underlying interface: PhysX
[2024.01.20-17.24.27:653][  0]LogInit: Using OS detected language (ru-RU).
[2024.01.20-17.24.27:654][  0]LogInit: Using OS detected locale (ru-RU).
[2024.01.20-17.24.27:661][  0]LogTextLocalizationManager: No specific localization for 'ru-RU' exists, so the 'ru' localization will be used.
[2024.01.20-17.24.27:661][  0]LogTextLocalizationResource: LocRes '../../../Engine/Content/Localization/Editor/ru/Editor.locres' could not be opened for reading!
[2024.01.20-17.24.27:661][  0]LogTextLocalizationResource: LocRes '../../../Engine/Content/Localization/EditorTutorials/ru/EditorTutorials.locres' could not be opened for reading!
[2024.01.20-17.24.27:661][  0]LogTextLocalizationResource: LocRes '../../../Engine/Content/Localization/Keywords/ru/Keywords.locres' could not be opened for reading!
[2024.01.20-17.24.27:662][  0]LogTextLocalizationResource: LocRes '../../../Engine/Content/Localization/Category/ru/Category.locres' could not be opened for reading!
[2024.01.20-17.24.27:662][  0]LogTextLocalizationResource: LocRes '../../../Engine/Content/Localization/ToolTips/ru/ToolTips.locres' could not be opened for reading!
[2024.01.20-17.24.27:662][  0]LogTextLocalizationResource: LocRes '../../../Engine/Content/Localization/PropertyNames/ru/PropertyNames.locres' could not be opened for reading!
[2024.01.20-17.24.27:662][  0]LogTextLocalizationResource: LocRes '../../../Engine/Content/Localization/Engine/ru/Engine.locres' could not be opened for reading!
[2024.01.20-17.24.27:664][  0]LogInit: Setting process to per monitor DPI aware
[2024.01.20-17.24.27:690][  0]LogWindowsTextInputMethodSystem: Display: IME system deactivated.
[2024.01.20-17.24.27:709][  0]LogSlate: New Slate User Created.  User Index 0, Is Virtual User: 0
[2024.01.20-17.24.27:709][  0]LogSlate: Slate User Registered.  User Index 0, Is Virtual User: 0
[2024.01.20-17.24.27:852][  0]LogD3D11RHI: Loaded GFSDK_Aftermath_Lib.x64.dll
[2024.01.20-17.24.27:909][  0]LogHMD: Failed to initialize OpenVR with code 110
[2024.01.20-17.24.27:909][  0]LogD3D11RHI: D3D11 min allowed feature level: 11_0
[2024.01.20-17.24.27:909][  0]LogD3D11RHI: D3D11 max allowed feature level: 11_0
[2024.01.20-17.24.27:909][  0]LogD3D11RHI: D3D11 adapters:
[2024.01.20-17.24.28:104][  0]LogD3D11RHI:    0. 'NVIDIA GeForce GTX 1660 Ti' (Feature Level 11_0)
[2024.01.20-17.24.28:104][  0]LogD3D11RHI:       5979/0/8100 MB DedicatedVideo/DedicatedSystem/SharedSystem, Outputs:1, VendorId:0x10de
[2024.01.20-17.24.28:162][  0]LogD3D11RHI:    1. 'Intel(R) UHD Graphics' (Feature Level 11_0)
[2024.01.20-17.24.28:162][  0]LogD3D11RHI:       128/0/8100 MB DedicatedVideo/DedicatedSystem/SharedSystem, Outputs:0, VendorId:0x8086
[2024.01.20-17.24.28:167][  0]LogD3D11RHI:    2. 'Microsoft Basic Render Driver' (Feature Level 11_0)
[2024.01.20-17.24.28:167][  0]LogD3D11RHI:       0/0/8100 MB DedicatedVideo/DedicatedSystem/SharedSystem, Outputs:0, VendorId:0x1414
[2024.01.20-17.24.28:167][  0]LogD3D11RHI: Chosen D3D11 Adapter:
[2024.01.20-17.24.28:167][  0]LogD3D11RHI:     Description : NVIDIA GeForce GTX 1660 Ti
[2024.01.20-17.24.28:167][  0]LogD3D11RHI:     VendorId    : 10de
[2024.01.20-17.24.28:167][  0]LogD3D11RHI:     DeviceId    : 2191
[2024.01.20-17.24.28:167][  0]LogD3D11RHI:     SubSysId    : 12b81462
[2024.01.20-17.24.28:167][  0]LogD3D11RHI:     Revision    : 00a1
[2024.01.20-17.24.28:168][  0]LogD3D11RHI:     DedicatedVideoMemory : 6269435904 bytes
[2024.01.20-17.24.28:168][  0]LogD3D11RHI:     DedicatedSystemMemory : 0 bytes
[2024.01.20-17.24.28:168][  0]LogD3D11RHI:     SharedSystemMemory : 8493871104 bytes
[2024.01.20-17.24.28:168][  0]LogD3D11RHI:     AdapterLuid : 0 57722
[2024.01.20-17.24.28:177][  0]LogD3D11RHI: Creating new Direct3DDevice
[2024.01.20-17.24.28:177][  0]LogD3D11RHI:     GPU DeviceId: 0x2191 (for the marketing name, search the web for "GPU Device Id")
[2024.01.20-17.24.28:178][  0]LogWindows: EnumDisplayDevices:
[2024.01.20-17.24.28:178][  0]LogWindows:    0. 'Intel(R) UHD Graphics' (P:1 D:1)
[2024.01.20-17.24.28:178][  0]LogWindows:    1. 'Intel(R) UHD Graphics' (P:0 D:0)
[2024.01.20-17.24.28:179][  0]LogWindows:    2. 'Intel(R) UHD Graphics' (P:0 D:0)
[2024.01.20-17.24.28:179][  0]LogWindows:    3. 'NVIDIA GeForce GTX 1660 Ti' (P:0 D:0)
[2024.01.20-17.24.28:180][  0]LogWindows:    4. 'NVIDIA GeForce GTX 1660 Ti' (P:0 D:0)
[2024.01.20-17.24.28:180][  0]LogWindows:    5. 'NVIDIA GeForce GTX 1660 Ti' (P:0 D:0)
[2024.01.20-17.24.28:181][  0]LogWindows:    6. 'NVIDIA GeForce GTX 1660 Ti' (P:0 D:0)
[2024.01.20-17.24.28:181][  0]LogWindows: DebugString: PrimaryIsNotTheChoosenAdapter PrimaryIsNotTheChoosenAdapter PrimaryIsNotTheChoosenAdapter FoundDriverCount:4 
[2024.01.20-17.24.28:181][  0]LogD3D11RHI:     Adapter Name: NVIDIA GeForce GTX 1660 Ti
[2024.01.20-17.24.28:181][  0]LogD3D11RHI:   Driver Version: 546.17 (internal:31.0.15.4617, unified:546.17)
[2024.01.20-17.24.28:181][  0]LogD3D11RHI:      Driver Date: 11-9-2023
[2024.01.20-17.24.28:181][  0]LogRHI: Texture pool is 4185 MB (70% of 5979 MB)
[2024.01.20-17.24.28:182][  0]LogD3D11RHI: Creating D3DDevice using adapter:
[2024.01.20-17.24.28:182][  0]LogD3D11RHI:     Description : NVIDIA GeForce GTX 1660 Ti
[2024.01.20-17.24.28:182][  0]LogD3D11RHI:     VendorId    : 10de
[2024.01.20-17.24.28:182][  0]LogD3D11RHI:     DeviceId    : 2191
[2024.01.20-17.24.28:182][  0]LogD3D11RHI:     SubSysId    : 12b81462
[2024.01.20-17.24.28:182][  0]LogD3D11RHI:     Revision    : 00a1
[2024.01.20-17.24.28:182][  0]LogD3D11RHI:     DedicatedVideoMemory : 6269435904 bytes
[2024.01.20-17.24.28:183][  0]LogD3D11RHI:     DedicatedSystemMemory : 0 bytes
[2024.01.20-17.24.28:183][  0]LogD3D11RHI:     SharedSystemMemory : 8493871104 bytes
[2024.01.20-17.24.28:183][  0]LogD3D11RHI:     AdapterLuid : 0 57722
[2024.01.20-17.24.28:302][  0]LogD3D11RHI: RHI has support for 64 bit atomics
[2024.01.20-17.24.28:303][  0]LogD3D11RHI: Async texture creation enabled
[2024.01.20-17.24.28:303][  0]LogD3D11RHI: Array index from any shader is supported
[2024.01.20-17.24.28:326][  0]LogD3D11RHI: GPU Timing Frequency: 1000.000000 (Debug: 2 2)
[2024.01.20-17.24.28:366][  0]LogRHI: GeForceNow SDK initialized: 1
[2024.01.20-17.24.28:670][  0]LogTargetPlatformManager: Display: Loaded TargetPlatform 'AllDesktop'
[2024.01.20-17.24.28:689][  0]LogTargetPlatformManager: Display: Loaded TargetPlatform 'Android'
[2024.01.20-17.24.28:689][  0]LogTargetPlatformManager: Display: Loaded TargetPlatform 'Android_ASTC'
[2024.01.20-17.24.28:689][  0]LogTargetPlatformManager: Display: Loaded TargetPlatform 'Android_DXT'
[2024.01.20-17.24.28:689][  0]LogTargetPlatformManager: Display: Loaded TargetPlatform 'Android_ETC2'
[2024.01.20-17.24.28:689][  0]LogTargetPlatformManager: Display: Loaded TargetPlatform 'AndroidClient'
[2024.01.20-17.24.28:689][  0]LogTargetPlatformManager: Display: Loaded TargetPlatform 'Android_ASTCClient'
[2024.01.20-17.24.28:689][  0]LogTargetPlatformManager: Display: Loaded TargetPlatform 'Android_DXTClient'
[2024.01.20-17.24.28:689][  0]LogTargetPlatformManager: Display: Loaded TargetPlatform 'Android_ETC2Client'
[2024.01.20-17.24.28:689][  0]LogTargetPlatformManager: Display: Loaded TargetPlatform 'Android_Multi'
[2024.01.20-17.24.28:691][  0]LogTargetPlatformManager: Display: Loaded TargetPlatform 'Android_MultiClient'
[2024.01.20-17.24.28:713][  0]LogTargetPlatformManager: Display: Loaded TargetPlatform 'IOSClient'
[2024.01.20-17.24.28:713][  0]LogTargetPlatformManager: Display: Loaded TargetPlatform 'IOS'
[2024.01.20-17.24.28:722][  0]LogTargetPlatformManager: Display: Loaded TargetPlatform 'Linux'
[2024.01.20-17.24.28:728][  0]LogTargetPlatformManager: Display: Loaded TargetPlatform 'LinuxNoEditor'
[2024.01.20-17.24.28:733][  0]LogTargetPlatformManager: Display: Loaded TargetPlatform 'LinuxClient'
[2024.01.20-17.24.28:738][  0]LogTargetPlatformManager: Display: Loaded TargetPlatform 'LinuxServer'
[2024.01.20-17.24.28:749][  0]LogTargetPlatformManager: Display: Loaded TargetPlatform 'LinuxAArch64NoEditor'
[2024.01.20-17.24.28:754][  0]LogTargetPlatformManager: Display: Loaded TargetPlatform 'LinuxAArch64Client'
[2024.01.20-17.24.28:760][  0]LogTargetPlatformManager: Display: Loaded TargetPlatform 'LinuxAArch64Server'
[2024.01.20-17.24.28:781][  0]LogTargetPlatformManager: Display: Loaded TargetPlatform 'Lumin'
[2024.01.20-17.24.28:781][  0]LogTargetPlatformManager: Display: Loaded TargetPlatform 'LuminClient'
[2024.01.20-17.24.28:790][  0]LogTargetPlatformManager: Display: Loaded TargetPlatform 'MacNoEditor'
[2024.01.20-17.24.28:796][  0]LogTargetPlatformManager: Display: Loaded TargetPlatform 'Mac'
[2024.01.20-17.24.28:803][  0]LogTargetPlatformManager: Display: Loaded TargetPlatform 'MacClient'
[2024.01.20-17.24.28:809][  0]LogTargetPlatformManager: Display: Loaded TargetPlatform 'MacServer'
[2024.01.20-17.24.28:821][  0]LogTargetPlatformManager: Display: Loaded TargetPlatform 'TVOSClient'
[2024.01.20-17.24.28:822][  0]LogTargetPlatformManager: Display: Loaded TargetPlatform 'TVOS'
[2024.01.20-17.24.28:831][  0]LogTargetPlatformManager: Display: Loaded TargetPlatform 'WindowsNoEditor'
[2024.01.20-17.24.28:837][  0]LogTargetPlatformManager: Display: Loaded TargetPlatform 'Windows'
[2024.01.20-17.24.28:843][  0]LogTargetPlatformManager: Display: Loaded TargetPlatform 'WindowsClient'
[2024.01.20-17.24.28:849][  0]LogTargetPlatformManager: Display: Loaded TargetPlatform 'WindowsServer'
[2024.01.20-17.24.28:849][  0]LogTargetPlatformManager: Display: Building Assets For Windows
[2024.01.20-17.24.28:861][  0]LogAudioDebug: Display: Lib vorbis DLL was dynamically loaded.
[2024.01.20-17.24.28:904][  0]LogTextureFormatOodle: Display: Oodle Texture 2.9.0 init RDO Off
[2024.01.20-17.24.28:951][  0]LogRendererCore: Ray tracing is disabled. Reason: r.RayTracing=0.
[2024.01.20-17.24.28:951][  0]LogShaderCompilers: Guid format shader working directory is 9 characters bigger than the processId version (D:/GameProjects/UE/Snake/SnakeProject/Intermediate/Shaders/WorkingDirectory/6836/).
[2024.01.20-17.24.28:951][  0]LogShaderCompilers: Cleaned the shader compiler working directory 'C:/Users/lll33/AppData/Local/Temp/UnrealShaderWorkingDir/61A0E76A4092D8AF8C32578120EDB4F6/'.
[2024.01.20-17.24.28:951][  0]LogXGEController: Cannot use XGE Controller as Incredibuild is not installed on this machine.
[2024.01.20-17.24.28:952][  0]LogShaderCompilers: Cannot use XGE Shader Compiler as Incredibuild is not installed on this machine.
[2024.01.20-17.24.28:952][  0]LogShaderCompilers: Display: Using Local Shader Compiler.
[2024.01.20-17.24.29:649][  0]LogDerivedDataCache: Display: Max Cache Size: 512 MB
[2024.01.20-17.24.29:702][  0]LogDerivedDataCache: Loaded boot cache 0.05s 94MB C:/Users/lll33/AppData/Local/UnrealEngine/4.27/DerivedDataCache/Boot.ddc.
[2024.01.20-17.24.29:702][  0]LogDerivedDataCache: Display: Loaded Boot cache: C:/Users/lll33/AppData/Local/UnrealEngine/4.27/DerivedDataCache/Boot.ddc
[2024.01.20-17.24.29:702][  0]LogDerivedDataCache: FDerivedDataBackendGraph:  Pak pak cache file D:/GameProjects/UE/Snake/SnakeProject/DerivedDataCache/DDC.ddp not found, will not use a pak cache.
[2024.01.20-17.24.29:703][  0]LogDerivedDataCache: Unable to find inner node Pak for hierarchical cache Hierarchy.
[2024.01.20-17.24.29:703][  0]LogDerivedDataCache: FDerivedDataBackendGraph:  CompressedPak pak cache file D:/GameProjects/UE/Snake/SnakeProject/DerivedDataCache/Compressed.ddp not found, will not use a pak cache.
[2024.01.20-17.24.29:703][  0]LogDerivedDataCache: Unable to find inner node CompressedPak for hierarchical cache Hierarchy.
[2024.01.20-17.24.29:718][  0]LogDerivedDataCache: Display: Pak cache opened for reading ../../../Engine/DerivedDataCache/Compressed.ddp.
[2024.01.20-17.24.29:718][  0]LogDerivedDataCache: FDerivedDataBackendGraph:  EnterprisePak pak cache file ../../../Enterprise/DerivedDataCache/Compressed.ddp not found, will not use a pak cache.
[2024.01.20-17.24.29:718][  0]LogDerivedDataCache: Unable to find inner node EnterprisePak for hierarchical cache Hierarchy.
[2024.01.20-17.24.29:728][  0]LogDerivedDataCache: Speed tests for C:/Users/lll33/AppData/Local/UnrealEngine/Common/DerivedDataCache took 0.01 seconds
[2024.01.20-17.24.29:728][  0]LogDerivedDataCache: Display: Performance to C:/Users/lll33/AppData/Local/UnrealEngine/Common/DerivedDataCache: Latency=0.03ms. RandomReadSpeed=1014.28MBs, RandomWriteSpeed=117.53MBs. Assigned SpeedClass 'Local'
[2024.01.20-17.24.29:730][  0]LogDerivedDataCache: Using Local data cache path C:/Users/lll33/AppData/Local/UnrealEngine/Common/DerivedDataCache: Writable
[2024.01.20-17.24.29:730][  0]LogDerivedDataCache: Shared data cache path not found in *engine.ini, will not use an Shared cache.
[2024.01.20-17.24.29:730][  0]LogDerivedDataCache: Unable to find inner node Shared for hierarchical cache Hierarchy.
[2024.01.20-17.24.29:780][  0]LogSlate: Using FreeType 2.10.0
[2024.01.20-17.24.29:781][  0]LogSlate: SlateFontServices - WITH_FREETYPE: 1, WITH_HARFBUZZ: 1
[2024.01.20-17.24.29:810][  0]LogAssetRegistry: FAssetRegistry took 0.0037 seconds to start up
[2024.01.20-17.24.30:060][  0]LogInit: Selected Device Profile: [Windows]
[2024.01.20-17.24.30:060][  0]LogInit: Active device profile: [000001CB0F547A00][000001CB0E004480 49] Windows
[2024.01.20-17.24.30:061][  0]LogInit: Profiles: [000001CB0F547A00][000001CB0E004480 49] Windows, [000001CB0F504700][000001CB0E0005C0 49] WindowsNoEditor, [000001CB0F544800][000001CB0E53A700 49] WindowsServer, [000001CB0F507200][000001CB0E542880 49] WindowsClient, [000001CB0F547100][000001CB0E546A00 49] IOS, [000001CB0F505100][000001CB0E54AB80 49] iPadAir, [000001CB0F545000][000001CB0E54ED00 49] iPadAir2, [000001CB0F4C4200][000001CB05B92FC0 49] IPadPro, [000001CB0F4C4300][000001CB05B8F000 49] iPadAir3, [000001CB0F546B00][000001CB05B97180 49] iPadAir4, [000001CB0F4C7400][000001CB05B9B300 49] iPadMini2, [000001CB0F545500][000001CB05B9F480 49] iPadMini3, [000001CB0F4C5500][000001CB05BA3600 49] iPadMini4, [000001CB0F546300][000001CB0E6FF780 49] iPadMini5, [000001CB0F4B7A00][000001CB0E707A40 49] iPhone6, [000001CB0F4B7B00][000001CB0E703A80 49] iPodTouch6, [000001CB0F4C7000][000001CB0E70E1C0 49] iPhone7, [000001CB0F4C6F00][000001CB0E70A200 49] iPodTouch7, [000001CB0F4B4C00][000001CB0E712380 49] iPhone5S, [000001CB0F4C5000][000001CB0E716500 49] iPhone6Plus, [000001CB0F4B6D00][000001CB0E53E640 49] iPhone6S, [000001CB0F4C7600][000001CB0E71A780 49] iPhone6SPlus, [000001CB0F4B5400][000001CB0E71E8C0 49] iPhone7Plus, [000001CB0F4C5200][000001CB0E722A40 49] iPhoneSE, [000001CB0F4B6500][000001CB0E726BC0 49] iPhone8, [000001CB0F4C5700][000001CB0E72AD40 49] iPhone8Plus, [000001CB0F4B5C00][000001CB0E72EEC0 49] iPhoneX, [000001CB0F4C6000][000001CB0E733040 49] iPhoneXS, [000001CB0F4B4500][000001CB0E7371C0 49] iPhoneXSMax, [000001CB0F4C5B00][000001CB0E73B340 49] iPhoneXR, [000001CB0F4B5D00][000001CB0E1334C0 49] iPhone11, [000001CB0F4C6D00][000001CB0E137640 49] iPhone11Pro, [000001CB0F4B5700][000001CB0E13B7C0 49] iPhone11ProMax, [000001CB0F4C7D00][000001CB0E13F940 49] iPhoneSE2, [000001CB0F4B6400][000001CB0E143AC0 49] iPhone12Mini, [000001CB0F4C4900][000001CB0E1460C0 49] iPhone12, [000001CB0F4B6B00][000001CB0E14A240 49] iPhone12Pro, [000001CB0F4C6E00][000001CB0E14E3C0 49] iPhone12ProMax, [000001CB0F4B5900][000001CB0E152540 49] iPadPro105, [000001CB0F4C6100][000001CB0E1566C0 49] iPadPro129, [000001CB0F4B5600][000001CB0DFFC800 49] iPadPro97, [000001CB0F4C7E00][000001CB0E15A940 49] iPadPro2_129, [000001CB0F4B4300][000001CB0E15EA80 49] iPad5, [000001CB0F4C7C00][000001CB0E162BC0 49] iPad6, [000001CB0F4B5200][000001CB0E16AD40 49] iPad7, [000001CB0F4C5C00][000001CB0E16EEC0 49] iPad8, [000001CB0F4B7E00][000001CB0E173040 49] iPadPro11, [000001CB0F4C6800][000001CB0E3411C0 49] iPadPro2_11, [000001CB0F4B5500][000001CB0E345340 49] iPadPro3_129, [000001CB0F4C6200][000001CB0E3494C0 49] iPadPro4_129, [000001CB0F4B5100][000001CB0E34D640 49] AppleTV, [000001CB0F4C6C00][000001CB0E3517C0 49] AppleTV4K, [000001CB0F4B5000][000001CB0E355940 49] TVOS, [000001CB0F4C4400][000001CB0E359AC0 49] Mac, [000001CB0F4B4D00][000001CB0E35C0C0 49] MacClient, [000001CB0F4C5F00][000001CB0E360240 49] MacNoEditor, [000001CB0F4B7300][000001CB0E3643C0 49] MacServer, [000001CB0F4C7200][000001CB0E368540 49] Linux, [000001CB0F4B4A00][000001CB0E36C6C0 49] LinuxAArch64, [000001CB0F4C4700][000001CB0E370840 49] LinuxNoEditor, [000001CB0F4B6300][000001CB0E166980 49] LinuxAArch64NoEditor, [000001CB0F4C5E00][000001CB0E374AC0 49] LinuxClient, [000001CB0F4B5B00][000001CB0E378C00 49] LinuxAArch64Client, [000001CB0F4C4C00][000001CB0E37CD40 49] LinuxServer, [000001CB0F4B7500][000001CB0E384EC0 49] LinuxAArch64Server, [000001CB0F4C5600][000001CB0E389040 49] Android, [000001CB0F506F00][000001CB0E38D1C0 49] Android_Low, [000001CB0F58D100][000001CB0E391340 49] Android_Mid, [000001CB0F506C00][000001CB0E3954C0 49] Android_High, [000001CB0F58DB00][000001CB0E399640 49] Android_Default, [000001CB0F507E00][000001CB0E39D7C0 49] Android_Adreno4xx, [000001CB0F58E300][000001CB0E3A1940 49] Android_Adreno5xx_Low, [000001CB0F505E00][000001CB0E3A5AC0 49] Android_Adreno5xx, [000001CB0F58DF00][000001CB0E3A80C0 49] Android_Adreno6xx, [000001CB0F504F00][000001CB0E3AC240 49] Android_Adreno6xx_Vulkan, [000001CB0F58CE00][000001CB0E3B03C0 49] Android_Mali_T6xx, [000001CB0F505A00][000001CB0E3B4540 49] Android_Mali_T7xx, [000001CB0F58E200][000001CB0E3B86C0 49] Android_Mali_T8xx, [000001CB0F507700][000001CB0E3BC840 49] Android_Mali_G71, [000001CB0F58C200][000001CB0E3C09C0 49] Android_Mali_G72, [000001CB0F506200][000001CB0E3C4B40 49] Android_Mali_G72_Vulkan, [000001CB0F58E600][000001CB0E380C80 49] Android_Mali_G76, [000001CB0F507600][000001CB0E3C8DC0 49] Android_Mali_G76_Vulkan, [000001CB0F58C800][000001CB0E3CCF00 49] Android_Mali_G77, [000001CB0F507000][000001CB0E3D5080 49] Android_Mali_G77_Vulkan, [000001CB0F58C900][000001CB0E3D9200 49] Android_Mali_G78, [000001CB0F504300][000001CB0E3DD380 49] Android_Mali_G78_Vulkan, [000001CB0F58D200][000001CB0E3E1500 49] Android_Mali_G710, [000001CB0F504B00][000001CB0E3E5680 49] Android_Mali_G710_Vulkan, [000001CB0F58D800][000001CB0E3E9800 49] Android_Vulkan_SM5, [000001CB0F4C5100][000001CB0E3ED980 49] Android_PowerVR_G6xxx, [000001CB0F58DC00][000001CB0E3F1B00 49] Android_PowerVR_GT7xxx, [000001CB0F4C5800][000001CB0E3F4100 49] Android_PowerVR_GE8xxx, [000001CB0F58CC00][000001CB0E3F8280 49] Android_PowerVR_GM9xxx, [000001CB0F4C4F00][000001CB0E3FC400 49] Android_PowerVR_GM9xxx_Vulkan, [000001CB0F58D700][000001CB0E400580 49] Android_TegraK1, [000001CB0F4C6700][000001CB0E404700 49] Android_Unknown_Vulkan, [000001CB0F58C300][000001CB0E408880 49] Lumin, [000001CB0F4C4A00][000001CB0E40CA00 49] Lumin_Desktop, [000001CB0F58D600][000001CB0E410B80 49] HoloLens, 
[2024.01.20-17.24.30:207][  0]LogMeshReduction: Using QuadricMeshReduction for automatic static mesh reduction
[2024.01.20-17.24.30:207][  0]LogMeshReduction: Using SimplygonMeshReduction for automatic skeletal mesh reduction
[2024.01.20-17.24.30:207][  0]LogMeshReduction: Using ProxyLODMeshReduction for automatic mesh merging
[2024.01.20-17.24.30:207][  0]LogMeshReduction: No distributed automatic mesh merging module available
[2024.01.20-17.24.30:207][  0]LogMeshMerging: No distributed automatic mesh merging module available
[2024.01.20-17.24.30:225][  0]LogNetVersion: SnakeProject 1.0.0, NetCL: 17155196, EngineNetVer: 17, GameNetVer: 0 (Checksum: 2950587140)
[2024.01.20-17.24.30:619][  0]LogTexture: Default maximum texture size for cubemaps generated from long-lat sources has been changed from 512 to unlimited. In order to preserve old behaiour for '/Engine/MapTemplates/Sky/DaylightAmbientCubemap.DaylightAmbientCubemap', its maximum texture size has been explicitly set to 512.
[2024.01.20-17.24.30:687][  0]LogHMD: PokeAHoleMaterial loaded successfully
[2024.01.20-17.24.30:695][  0]LogUObjectArray: 17178 objects as part of root set at end of initial load.
[2024.01.20-17.24.30:695][  0]LogUObjectAllocator: 4302048 out of 0 bytes used by permanent object pool.
[2024.01.20-17.24.30:695][  0]LogUObjectArray: CloseDisregardForGC: 0/0 objects in disregard for GC pool
[2024.01.20-17.24.31:209][  0]LogNiagaraDebuggerClient: Niagara Debugger Client Initialized | Session: D8F89F4A422334A1E6E206A653C560F6 | Instance: 1417407A4C8CCFEB2F5821ABEE5E9C24 (ELENA-6836).
[2024.01.20-17.24.31:265][  0]LogPython: Using Python 3.7.7
[2024.01.20-17.24.31:827][  0]LogTcpMessaging: Initializing TcpMessaging bridge
[2024.01.20-17.24.31:836][  0]LogUdpMessaging: Initializing bridge on interface 0.0.0.0:0 to multicast group 230.0.0.1:6666.
[2024.01.20-17.24.32:119][  0]SourceControl: Source control is disabled
[2024.01.20-17.24.32:557][  0]LogUProjectInfo: Found projects:
[2024.01.20-17.24.32:757][  0]LogOpenImageDenoise: OIDN starting up
[2024.01.20-17.24.32:805][  0]LogAndroidPermission: UAndroidPermissionCallbackProxy::GetInstance
[2024.01.20-17.24.32:837][  0]LogAudioCaptureCore: Display: No Audio Capture implementations found. Audio input will be silent.
[2024.01.20-17.24.32:837][  0]LogAudioCaptureCore: Display: No Audio Capture implementations found. Audio input will be silent.
[2024.01.20-17.24.32:972][  0]LogCollectionManager: Loaded 0 collections in 0.001345 seconds
[2024.01.20-17.24.32:997][  0]LogFileCache: Scanning file cache for directory 'D:/GameProjects/UE/Snake/SnakeProject/Saved/Collections/' took 0.00s
[2024.01.20-17.24.32:997][  0]LogFileCache: Scanning file cache for directory 'D:/GameProjects/UE/Snake/SnakeProject/Content/Developers/lll33/Collections/' took 0.00s
[2024.01.20-17.24.32:997][  0]LogFileCache: Scanning file cache for directory 'D:/GameProjects/UE/Snake/SnakeProject/Content/Collections/' took 0.00s
[2024.01.20-17.24.32:997][  0]LogOcInput: OculusInput pre-init called
[2024.01.20-17.24.33:298][  0]LogEngine: Initializing Engine...
[2024.01.20-17.24.33:302][  0]LogHMD: Failed to enumerate extensions. Please check that you have a valid OpenXR runtime installed.
[2024.01.20-17.24.33:302][  0]LogHMD: Failed to initialize OpenVR with code 110
[2024.01.20-17.24.33:303][  0]LogMagicLeap: Warning: VR disabled because ZI is not enabled.  To enable, in the editor, Edit -> Project Settings -> Plugins -> Magic Leap Plugin -> Enable Zero Iteration
[2024.01.20-17.24.33:303][  0]LogStats: UGameplayTagsManager::InitializeManager -  0.000 s
[2024.01.20-17.24.33:410][  0]LogInit: Initializing FReadOnlyCVARCache
[2024.01.20-17.24.33:420][  0]LogAIModule: Creating AISystem for world Untitled
[2024.01.20-17.24.33:429][  0]LogAudio: Display: Initializing Audio Device Manager...
[2024.01.20-17.24.33:434][  0]LogAudio: Display: Loading Default Audio Settings Objects...
[2024.01.20-17.24.33:435][  0]LogAudio: Display: No default SoundConcurrencyObject specified (or failed to load).
[2024.01.20-17.24.33:435][  0]LogAudio: Display: Audio Device Manager Initialized
[2024.01.20-17.24.33:436][  0]LogAudio: Display: Creating Audio Device:                 Id: 1, Scope: Shared, Realtime: True
[2024.01.20-17.24.33:436][  0]LogAudioMixer: Display: Audio Mixer Platform Settings:
[2024.01.20-17.24.33:436][  0]LogAudioMixer: Display: 	Sample Rate:						  48000
[2024.01.20-17.24.33:436][  0]LogAudioMixer: Display: 	Callback Buffer Frame Size Requested: 1024
[2024.01.20-17.24.33:436][  0]LogAudioMixer: Display: 	Callback Buffer Frame Size To Use:	  1024
[2024.01.20-17.24.33:436][  0]LogAudioMixer: Display: 	Number of buffers to queue:			  2
[2024.01.20-17.24.33:436][  0]LogAudioMixer: Display: 	Max Channels (voices):				  32
[2024.01.20-17.24.33:437][  0]LogAudioMixer: Display: 	Number of Async Source Workers:		  0
[2024.01.20-17.24.33:437][  0]LogAudio: Display: AudioDevice MaxSources: 32
[2024.01.20-17.24.33:437][  0]LogAudio: Display: Audio Spatialization Plugin: None (built-in).
[2024.01.20-17.24.33:437][  0]LogAudio: Display: Audio Reverb Plugin: None (built-in).
[2024.01.20-17.24.33:437][  0]LogAudio: Display: Audio Occlusion Plugin: None (built-in).
[2024.01.20-17.24.33:437][  0]LogAudioMixer: Display: Initializing audio mixer.
[2024.01.20-17.24.33:456][  0]LogAudioMixer: Display: 0: FrontLeft
[2024.01.20-17.24.33:456][  0]LogAudioMixer: Display: 1: FrontRight
[2024.01.20-17.24.33:473][  0]LogAudioMixer: Display: Using Audio Device Headphones (Realtek(R) Audio)
[2024.01.20-17.24.33:476][  0]LogAudioMixer: Display: Initializing Sound Submixes...
[2024.01.20-17.24.33:478][  0]LogAudioMixer: Display: Creating Master Submix 'MasterSubmixDefault'
[2024.01.20-17.24.33:478][  0]LogAudioMixer: Display: Creating Master Submix 'MasterReverbSubmixDefault'
[2024.01.20-17.24.33:479][  0]LogAudioMixer: Display: Creating Master Submix 'MasterEQSubmixDefault'
[2024.01.20-17.24.33:479][  0]LogAudioMixer: FMixerPlatformXAudio2::StartAudioStream() called
[2024.01.20-17.24.33:479][  0]LogAudioMixer: Display: Output buffers initialized: Frames=1024, Channels=2, Samples=2048
[2024.01.20-17.24.33:481][  0]LogAudioMixer: Display: Starting AudioMixerPlatformInterface::RunInternal()
[2024.01.20-17.24.33:481][  0]LogAudioMixer: Display: FMixerPlatformXAudio2::SubmitBuffer() called for the first time
[2024.01.20-17.24.33:481][  0]LogInit: FAudioDevice initialized.
[2024.01.20-17.24.33:482][  0]LogAudio: Display: Audio Device (ID: 1) registered with world 'Untitled'.
[2024.01.20-17.24.33:482][  0]LogNetVersion: Set ProjectVersion to 1.0.0.0. Version Checksum will be recalculated on next use.
[2024.01.20-17.24.33:532][  0]LogDerivedDataCache: Saved boot cache 0.05s 94MB C:/Users/lll33/AppData/Local/UnrealEngine/4.27/DerivedDataCache/Boot.ddc.
[2024.01.20-17.24.33:533][  0]LogInit: Texture streaming: Enabled
[2024.01.20-17.24.33:549][  0]LogAnalytics: Display: [UEEditor.Rocket.Release] APIServer = https://datarouter.ol.epicgames.com/. AppVersion = 4.27.2-18319896+++UE4+Release-4.27
[2024.01.20-17.24.33:554][  0]LogEngineSessionManager: EngineSessionManager initialized
[2024.01.20-17.24.33:554][  0]LogEngineSessionManager: EngineSessionManager sent abnormal shutdown report. Type=Debugger, SessionId={C1EEE1EE-4D2D-66B5-882F-52AB12C920D3}
[2024.01.20-17.24.33:554][  0]LogEditorSessionSummary: Verbose: Initializing EditorSessionSummaryWriter for editor session tracking
[2024.01.20-17.24.33:556][  0]LogEditorSessionSummary: EditorSessionSummaryWriter initialized
[2024.01.20-17.24.33:579][  0]LogInit: Transaction tracking system initialized
[2024.01.20-17.24.33:611][  0]BlueprintLog: New page: Editor Load
[2024.01.20-17.24.33:696][  0]LocalizationService: Localization service is disabled
[2024.01.20-17.24.33:731][  0]TimingProfiler: Initialize
[2024.01.20-17.24.33:732][  0]TimingProfiler: OnSessionChanged
[2024.01.20-17.24.33:732][  0]LoadingProfiler: Initialize
[2024.01.20-17.24.33:732][  0]LoadingProfiler: OnSessionChanged
[2024.01.20-17.24.33:732][  0]NetworkingProfiler: Initialize
[2024.01.20-17.24.33:732][  0]NetworkingProfiler: OnSessionChanged
[2024.01.20-17.24.33:732][  0]MemoryProfiler: Initialize
[2024.01.20-17.24.33:733][  0]MemoryProfiler: OnSessionChanged
[2024.01.20-17.24.33:957][  0]LogCook: Display: CookSettings for Memory: MemoryMaxUsedVirtual 0MiB, MemoryMaxUsedPhysical 16384MiB, MemoryMinFreeVirtual 0MiB, MemoryMinFreePhysical 1024MiB
[2024.01.20-17.24.33:957][  0]LogFileCache: Scanning file cache for directory 'D:/GameProjects/UE/Snake/SnakeProject/Content/' took 0.00s
[2024.01.20-17.24.33:957][  0]LogCook: Display: Mobile HDR setting 1
[2024.01.20-17.24.34:497][  0]LogInit: Display: Engine is initialized. Leaving FEngineLoop::Init()
[2024.01.20-17.24.34:501][  0]LogUnrealEdMisc: Loading editor; pre map load, took 8.429
[2024.01.20-17.24.34:501][  0]Cmd: MAP LOAD FILE="D:/GameProjects/UE/Snake/SnakeProject/Content/Main.umap" TEMPLATE=0 SHOWPROGRESS=1 FEATURELEVEL=3
[2024.01.20-17.24.34:501][  0]LightingResults: New page: Lighting Build
[2024.01.20-17.24.34:503][  0]LogWorld: UWorld::CleanupWorld for Untitled, bSessionEnded=true, bCleanupResources=true
[2024.01.20-17.24.34:503][  0]LogSlate: InvalidateAllWidgets triggered.  All widgets were invalidated
[2024.01.20-17.24.34:503][  0]MapCheck: New page: Map Check
[2024.01.20-17.24.34:504][  0]LightingResults: New page: Lighting Build
[2024.01.20-17.24.34:509][  0]LogAudio: Display: Audio Device unregistered from world 'None'.
[2024.01.20-17.24.34:513][  0]LogUObjectHash: Compacting FUObjectHashTables data took   0.82ms
[2024.01.20-17.24.34:572][  0]LogAudio: Display: Audio Device (ID: 1) registered with world 'Main'.
[2024.01.20-17.24.34:574][  0]LogAIModule: Creating AISystem for world Main
[2024.01.20-17.24.34:581][  0]LogEditorServer: Finished looking for orphan Actors (0.000 secs)
[2024.01.20-17.24.34:600][  0]LogUObjectHash: Compacting FUObjectHashTables data took   1.35ms
[2024.01.20-17.24.34:600][  0]Cmd: MAP CHECKDEP NOCLEARLOG
[2024.01.20-17.24.34:601][  0]MapCheck: Map check complete: 0 Error(s), 0 Warning(s), took 0,162ms to complete.
[2024.01.20-17.24.34:601][  0]LogFileHelpers: Loading map 'Main' took 0.101
[2024.01.20-17.24.34:604][  0]LogUnrealEdMisc: Total Editor Startup Time, took 8.533
[2024.01.20-17.24.34:738][  0]LogSlate: Updating window title bar state: overlay mode, drag disabled, window buttons hidden, title bar hidden
[2024.01.20-17.24.34:746][  0]LogSlate: Updating window title bar state: overlay mode, drag disabled, window buttons hidden, title bar hidden
[2024.01.20-17.24.34:755][  0]LogSlate: Updating window title bar state: overlay mode, drag disabled, window buttons hidden, title bar hidden
[2024.01.20-17.24.34:764][  0]LogSlate: Updating window title bar state: overlay mode, drag disabled, window buttons hidden, title bar hidden
[2024.01.20-17.24.34:782][  0]LogNativeClassHierarchy: Verbose: Native class hierarchy populated in 0.0123 seconds. Added 3828 classes and 930 folders.
[2024.01.20-17.24.34:787][  0]LogNativeClassHierarchy: Verbose: Native class hierarchy updated for 'WidgetCarousel' in 0.0003 seconds. Added 0 classes and 0 folders.
[2024.01.20-17.24.34:788][  0]LogPakFile: PakFile PrimaryIndexSize=187
[2024.01.20-17.24.34:789][  0]LogPakFile: PakFile PathHashIndexSize=101
[2024.01.20-17.24.34:789][  0]LogPakFile: PakFile FullDirectoryIndexSize=148
[2024.01.20-17.24.34:789][  0]LogShaderLibrary: Display: ShaderCodeLibraryPakFileMountedCallback: PakFile 'C:/Program Files/Epic Games/UE_4.27/FeaturePacks/FP_FirstPerson.upack' (chunk index -1, root 'root:/') mounted
[2024.01.20-17.24.34:789][  0]LogShaderLibrary: Display: ShaderCodeLibraryPakFileMountedCallback: pending pak file info (ChunkID:-1 Root:root:/ File:C:/Program Files/Epic Games/UE_4.27/FeaturePacks/FP_FirstPerson.upack)
[2024.01.20-17.24.34:789][  0]LogPakFile: OnPakFileMounted2Time == 0.000410
[2024.01.20-17.24.34:790][  0]LogPakFile: PakFile PrimaryIndexSize=189
[2024.01.20-17.24.34:790][  0]LogPakFile: PakFile PathHashIndexSize=101
[2024.01.20-17.24.34:791][  0]LogPakFile: PakFile FullDirectoryIndexSize=152
[2024.01.20-17.24.34:791][  0]LogShaderLibrary: Display: ShaderCodeLibraryPakFileMountedCallback: PakFile 'C:/Program Files/Epic Games/UE_4.27/FeaturePacks/FP_FirstPersonBP.upack' (chunk index -1, root 'root:/') mounted
[2024.01.20-17.24.34:791][  0]LogShaderLibrary: Display: ShaderCodeLibraryPakFileMountedCallback: pending pak file info (ChunkID:-1 Root:root:/ File:C:/Program Files/Epic Games/UE_4.27/FeaturePacks/FP_FirstPersonBP.upack)
[2024.01.20-17.24.34:791][  0]LogPakFile: OnPakFileMounted2Time == 0.000360
[2024.01.20-17.24.34:792][  0]LogPakFile: PakFile PrimaryIndexSize=191
[2024.01.20-17.24.34:792][  0]LogPakFile: PakFile PathHashIndexSize=101
[2024.01.20-17.24.34:792][  0]LogPakFile: PakFile FullDirectoryIndexSize=160
[2024.01.20-17.24.34:792][  0]LogShaderLibrary: Display: ShaderCodeLibraryPakFileMountedCallback: PakFile 'C:/Program Files/Epic Games/UE_4.27/FeaturePacks/MobileStarterContent.upack' (chunk index -1, root 'root:/') mounted
[2024.01.20-17.24.34:792][  0]LogShaderLibrary: Display: ShaderCodeLibraryPakFileMountedCallback: pending pak file info (ChunkID:-1 Root:root:/ File:C:/Program Files/Epic Games/UE_4.27/FeaturePacks/MobileStarterContent.upack)
[2024.01.20-17.24.34:792][  0]LogPakFile: OnPakFileMounted2Time == 0.000170
[2024.01.20-17.24.34:793][  0]LogPakFile: PakFile PrimaryIndexSize=185
[2024.01.20-17.24.34:793][  0]LogPakFile: PakFile PathHashIndexSize=101
[2024.01.20-17.24.34:793][  0]LogPakFile: PakFile FullDirectoryIndexSize=148
[2024.01.20-17.24.34:793][  0]LogShaderLibrary: Display: ShaderCodeLibraryPakFileMountedCallback: PakFile 'C:/Program Files/Epic Games/UE_4.27/FeaturePacks/StarterContent.upack' (chunk index -1, root 'root:/') mounted
[2024.01.20-17.24.34:794][  0]LogShaderLibrary: Display: ShaderCodeLibraryPakFileMountedCallback: pending pak file info (ChunkID:-1 Root:root:/ File:C:/Program Files/Epic Games/UE_4.27/FeaturePacks/StarterContent.upack)
[2024.01.20-17.24.34:794][  0]LogPakFile: OnPakFileMounted2Time == 0.000231
[2024.01.20-17.24.34:794][  0]LogPakFile: PakFile PrimaryIndexSize=190
[2024.01.20-17.24.34:795][  0]LogPakFile: PakFile PathHashIndexSize=101
[2024.01.20-17.24.34:795][  0]LogPakFile: PakFile FullDirectoryIndexSize=154
[2024.01.20-17.24.34:795][  0]LogShaderLibrary: Display: ShaderCodeLibraryPakFileMountedCallback: PakFile 'C:/Program Files/Epic Games/UE_4.27/FeaturePacks/TP_2DSideScroller.upack' (chunk index -1, root 'root:/') mounted
[2024.01.20-17.24.34:795][  0]LogShaderLibrary: Display: ShaderCodeLibraryPakFileMountedCallback: pending pak file info (ChunkID:-1 Root:root:/ File:C:/Program Files/Epic Games/UE_4.27/FeaturePacks/TP_2DSideScroller.upack)
[2024.01.20-17.24.34:795][  0]LogPakFile: OnPakFileMounted2Time == 0.000268
[2024.01.20-17.24.34:796][  0]LogPakFile: PakFile PrimaryIndexSize=192
[2024.01.20-17.24.34:796][  0]LogPakFile: PakFile PathHashIndexSize=101
[2024.01.20-17.24.34:796][  0]LogPakFile: PakFile FullDirectoryIndexSize=158
[2024.01.20-17.24.34:796][  0]LogShaderLibrary: Display: ShaderCodeLibraryPakFileMountedCallback: PakFile 'C:/Program Files/Epic Games/UE_4.27/FeaturePacks/TP_2DSideScrollerBP.upack' (chunk index -1, root 'root:/') mounted
[2024.01.20-17.24.34:796][  0]LogShaderLibrary: Display: ShaderCodeLibraryPakFileMountedCallback: pending pak file info (ChunkID:-1 Root:root:/ File:C:/Program Files/Epic Games/UE_4.27/FeaturePacks/TP_2DSideScrollerBP.upack)
[2024.01.20-17.24.34:796][  0]LogPakFile: OnPakFileMounted2Time == 0.000270
[2024.01.20-17.24.34:797][  0]LogPakFile: PakFile PrimaryIndexSize=182
[2024.01.20-17.24.34:797][  0]LogPakFile: PakFile PathHashIndexSize=101
[2024.01.20-17.24.34:797][  0]LogPakFile: PakFile FullDirectoryIndexSize=138
[2024.01.20-17.24.34:798][  0]LogShaderLibrary: Display: ShaderCodeLibraryPakFileMountedCallback: PakFile 'C:/Program Files/Epic Games/UE_4.27/FeaturePacks/TP_Flying.upack' (chunk index -1, root 'root:/') mounted
[2024.01.20-17.24.34:798][  0]LogShaderLibrary: Display: ShaderCodeLibraryPakFileMountedCallback: pending pak file info (ChunkID:-1 Root:root:/ File:C:/Program Files/Epic Games/UE_4.27/FeaturePacks/TP_Flying.upack)
[2024.01.20-17.24.34:798][  0]LogPakFile: OnPakFileMounted2Time == 0.000258
[2024.01.20-17.24.34:799][  0]LogPakFile: PakFile PrimaryIndexSize=184
[2024.01.20-17.24.34:799][  0]LogPakFile: PakFile PathHashIndexSize=101
[2024.01.20-17.24.34:799][  0]LogPakFile: PakFile FullDirectoryIndexSize=142
[2024.01.20-17.24.34:799][  0]LogShaderLibrary: Display: ShaderCodeLibraryPakFileMountedCallback: PakFile 'C:/Program Files/Epic Games/UE_4.27/FeaturePacks/TP_FlyingBP.upack' (chunk index -1, root 'root:/') mounted
[2024.01.20-17.24.34:799][  0]LogShaderLibrary: Display: ShaderCodeLibraryPakFileMountedCallback: pending pak file info (ChunkID:-1 Root:root:/ File:C:/Program Files/Epic Games/UE_4.27/FeaturePacks/TP_FlyingBP.upack)
[2024.01.20-17.24.34:799][  0]LogPakFile: OnPakFileMounted2Time == 0.000290
[2024.01.20-17.24.34:800][  0]LogPakFile: PakFile PrimaryIndexSize=188
[2024.01.20-17.24.34:800][  0]LogPakFile: PakFile PathHashIndexSize=101
[2024.01.20-17.24.34:800][  0]LogPakFile: PakFile FullDirectoryIndexSize=150
[2024.01.20-17.24.34:801][  0]LogShaderLibrary: Display: ShaderCodeLibraryPakFileMountedCallback: PakFile 'C:/Program Files/Epic Games/UE_4.27/FeaturePacks/TP_HandheldARBP.upack' (chunk index -1, root 'root:/') mounted
[2024.01.20-17.24.34:801][  0]LogShaderLibrary: Display: ShaderCodeLibraryPakFileMountedCallback: pending pak file info (ChunkID:-1 Root:root:/ File:C:/Program Files/Epic Games/UE_4.27/FeaturePacks/TP_HandheldARBP.upack)
[2024.01.20-17.24.34:801][  0]LogPakFile: OnPakFileMounted2Time == 0.000327
[2024.01.20-17.24.34:802][  0]LogPakFile: PakFile PrimaryIndexSize=182
[2024.01.20-17.24.34:802][  0]LogPakFile: PakFile PathHashIndexSize=101
[2024.01.20-17.24.34:802][  0]LogPakFile: PakFile FullDirectoryIndexSize=138
[2024.01.20-17.24.34:802][  0]LogShaderLibrary: Display: ShaderCodeLibraryPakFileMountedCallback: PakFile 'C:/Program Files/Epic Games/UE_4.27/FeaturePacks/TP_Puzzle.upack' (chunk index -1, root 'root:/') mounted
[2024.01.20-17.24.34:802][  0]LogShaderLibrary: Display: ShaderCodeLibraryPakFileMountedCallback: pending pak file info (ChunkID:-1 Root:root:/ File:C:/Program Files/Epic Games/UE_4.27/FeaturePacks/TP_Puzzle.upack)
[2024.01.20-17.24.34:803][  0]LogPakFile: OnPakFileMounted2Time == 0.000292
[2024.01.20-17.24.34:803][  0]LogPakFile: PakFile PrimaryIndexSize=184
[2024.01.20-17.24.34:804][  0]LogPakFile: PakFile PathHashIndexSize=101
[2024.01.20-17.24.34:804][  0]LogPakFile: PakFile FullDirectoryIndexSize=142
[2024.01.20-17.24.34:804][  0]LogShaderLibrary: Display: ShaderCodeLibraryPakFileMountedCallback: PakFile 'C:/Program Files/Epic Games/UE_4.27/FeaturePacks/TP_PuzzleBP.upack' (chunk index -1, root 'root:/') mounted
[2024.01.20-17.24.34:804][  0]LogShaderLibrary: Display: ShaderCodeLibraryPakFileMountedCallback: pending pak file info (ChunkID:-1 Root:root:/ File:C:/Program Files/Epic Games/UE_4.27/FeaturePacks/TP_PuzzleBP.upack)
[2024.01.20-17.24.34:804][  0]LogPakFile: OnPakFileMounted2Time == 0.000312
[2024.01.20-17.24.34:805][  0]LogPakFile: PakFile PrimaryIndexSize=183
[2024.01.20-17.24.34:806][  0]LogPakFile: PakFile PathHashIndexSize=101
[2024.01.20-17.24.34:806][  0]LogPakFile: PakFile FullDirectoryIndexSize=140
[2024.01.20-17.24.34:806][  0]LogShaderLibrary: Display: ShaderCodeLibraryPakFileMountedCallback: PakFile 'C:/Program Files/Epic Games/UE_4.27/FeaturePacks/TP_Rolling.upack' (chunk index -1, root 'root:/') mounted
[2024.01.20-17.24.34:806][  0]LogShaderLibrary: Display: ShaderCodeLibraryPakFileMountedCallback: pending pak file info (ChunkID:-1 Root:root:/ File:C:/Program Files/Epic Games/UE_4.27/FeaturePacks/TP_Rolling.upack)
[2024.01.20-17.24.34:806][  0]LogPakFile: OnPakFileMounted2Time == 0.000228
[2024.01.20-17.24.34:807][  0]LogPakFile: PakFile PrimaryIndexSize=185
[2024.01.20-17.24.34:807][  0]LogPakFile: PakFile PathHashIndexSize=101
[2024.01.20-17.24.34:807][  0]LogPakFile: PakFile FullDirectoryIndexSize=144
[2024.01.20-17.24.34:807][  0]LogShaderLibrary: Display: ShaderCodeLibraryPakFileMountedCallback: PakFile 'C:/Program Files/Epic Games/UE_4.27/FeaturePacks/TP_RollingBP.upack' (chunk index -1, root 'root:/') mounted
[2024.01.20-17.24.34:807][  0]LogShaderLibrary: Display: ShaderCodeLibraryPakFileMountedCallback: pending pak file info (ChunkID:-1 Root:root:/ File:C:/Program Files/Epic Games/UE_4.27/FeaturePacks/TP_RollingBP.upack)
[2024.01.20-17.24.34:807][  0]LogPakFile: OnPakFileMounted2Time == 0.000304
[2024.01.20-17.24.34:809][  0]LogPakFile: PakFile PrimaryIndexSize=188
[2024.01.20-17.24.34:809][  0]LogPakFile: PakFile PathHashIndexSize=101
[2024.01.20-17.24.34:809][  0]LogPakFile: PakFile FullDirectoryIndexSize=150
[2024.01.20-17.24.34:810][  0]LogShaderLibrary: Display: ShaderCodeLibraryPakFileMountedCallback: PakFile 'C:/Program Files/Epic Games/UE_4.27/FeaturePacks/TP_SideScroller.upack' (chunk index -1, root 'root:/') mounted
[2024.01.20-17.24.34:810][  0]LogShaderLibrary: Display: ShaderCodeLibraryPakFileMountedCallback: pending pak file info (ChunkID:-1 Root:root:/ File:C:/Program Files/Epic Games/UE_4.27/FeaturePacks/TP_SideScroller.upack)
[2024.01.20-17.24.34:810][  0]LogPakFile: OnPakFileMounted2Time == 0.000305
[2024.01.20-17.24.34:811][  0]LogPakFile: PakFile PrimaryIndexSize=190
[2024.01.20-17.24.34:811][  0]LogPakFile: PakFile PathHashIndexSize=101
[2024.01.20-17.24.34:811][  0]LogPakFile: PakFile FullDirectoryIndexSize=154
[2024.01.20-17.24.34:811][  0]LogShaderLibrary: Display: ShaderCodeLibraryPakFileMountedCallback: PakFile 'C:/Program Files/Epic Games/UE_4.27/FeaturePacks/TP_SideScrollerBP.upack' (chunk index -1, root 'root:/') mounted
[2024.01.20-17.24.34:811][  0]LogShaderLibrary: Display: ShaderCodeLibraryPakFileMountedCallback: pending pak file info (ChunkID:-1 Root:root:/ File:C:/Program Files/Epic Games/UE_4.27/FeaturePacks/TP_SideScrollerBP.upack)
[2024.01.20-17.24.34:811][  0]LogPakFile: OnPakFileMounted2Time == 0.000273
[2024.01.20-17.24.34:812][  0]LogPakFile: PakFile PrimaryIndexSize=187
[2024.01.20-17.24.34:812][  0]LogPakFile: PakFile PathHashIndexSize=101
[2024.01.20-17.24.34:813][  0]LogPakFile: PakFile FullDirectoryIndexSize=148
[2024.01.20-17.24.34:813][  0]LogShaderLibrary: Display: ShaderCodeLibraryPakFileMountedCallback: PakFile 'C:/Program Files/Epic Games/UE_4.27/FeaturePacks/TP_ThirdPerson.upack' (chunk index -1, root 'root:/') mounted
[2024.01.20-17.24.34:813][  0]LogShaderLibrary: Display: ShaderCodeLibraryPakFileMountedCallback: pending pak file info (ChunkID:-1 Root:root:/ File:C:/Program Files/Epic Games/UE_4.27/FeaturePacks/TP_ThirdPerson.upack)
[2024.01.20-17.24.34:813][  0]LogPakFile: OnPakFileMounted2Time == 0.000253
[2024.01.20-17.24.34:814][  0]LogPakFile: PakFile PrimaryIndexSize=189
[2024.01.20-17.24.34:814][  0]LogPakFile: PakFile PathHashIndexSize=101
[2024.01.20-17.24.34:814][  0]LogPakFile: PakFile FullDirectoryIndexSize=152
[2024.01.20-17.24.34:814][  0]LogShaderLibrary: Display: ShaderCodeLibraryPakFileMountedCallback: PakFile 'C:/Program Files/Epic Games/UE_4.27/FeaturePacks/TP_ThirdPersonBP.upack' (chunk index -1, root 'root:/') mounted
[2024.01.20-17.24.34:814][  0]LogShaderLibrary: Display: ShaderCodeLibraryPakFileMountedCallback: pending pak file info (ChunkID:-1 Root:root:/ File:C:/Program Files/Epic Games/UE_4.27/FeaturePacks/TP_ThirdPersonBP.upack)
[2024.01.20-17.24.34:815][  0]LogPakFile: OnPakFileMounted2Time == 0.000310
[2024.01.20-17.24.34:815][  0]LogPakFile: PakFile PrimaryIndexSize=183
[2024.01.20-17.24.34:815][  0]LogPakFile: PakFile PathHashIndexSize=101
[2024.01.20-17.24.34:815][  0]LogPakFile: PakFile FullDirectoryIndexSize=140
[2024.01.20-17.24.34:816][  0]LogShaderLibrary: Display: ShaderCodeLibraryPakFileMountedCallback: PakFile 'C:/Program Files/Epic Games/UE_4.27/FeaturePacks/TP_TopDown.upack' (chunk index -1, root 'root:/') mounted
[2024.01.20-17.24.34:816][  0]LogShaderLibrary: Display: ShaderCodeLibraryPakFileMountedCallback: pending pak file info (ChunkID:-1 Root:root:/ File:C:/Program Files/Epic Games/UE_4.27/FeaturePacks/TP_TopDown.upack)
[2024.01.20-17.24.34:816][  0]LogPakFile: OnPakFileMounted2Time == 0.000333
[2024.01.20-17.24.34:817][  0]LogPakFile: PakFile PrimaryIndexSize=185
[2024.01.20-17.24.34:817][  0]LogPakFile: PakFile PathHashIndexSize=101
[2024.01.20-17.24.34:817][  0]LogPakFile: PakFile FullDirectoryIndexSize=144
[2024.01.20-17.24.34:817][  0]LogShaderLibrary: Display: ShaderCodeLibraryPakFileMountedCallback: PakFile 'C:/Program Files/Epic Games/UE_4.27/FeaturePacks/TP_TopDownBP.upack' (chunk index -1, root 'root:/') mounted
[2024.01.20-17.24.34:817][  0]LogShaderLibrary: Display: ShaderCodeLibraryPakFileMountedCallback: pending pak file info (ChunkID:-1 Root:root:/ File:C:/Program Files/Epic Games/UE_4.27/FeaturePacks/TP_TopDownBP.upack)
[2024.01.20-17.24.34:817][  0]LogPakFile: OnPakFileMounted2Time == 0.000331
[2024.01.20-17.24.34:818][  0]LogPakFile: PakFile PrimaryIndexSize=185
[2024.01.20-17.24.34:819][  0]LogPakFile: PakFile PathHashIndexSize=101
[2024.01.20-17.24.34:819][  0]LogPakFile: PakFile FullDirectoryIndexSize=144
[2024.01.20-17.24.34:819][  0]LogShaderLibrary: Display: ShaderCodeLibraryPakFileMountedCallback: PakFile 'C:/Program Files/Epic Games/UE_4.27/FeaturePacks/TP_TwinStick.upack' (chunk index -1, root 'root:/') mounted
[2024.01.20-17.24.34:819][  0]LogShaderLibrary: Display: ShaderCodeLibraryPakFileMountedCallback: pending pak file info (ChunkID:-1 Root:root:/ File:C:/Program Files/Epic Games/UE_4.27/FeaturePacks/TP_TwinStick.upack)
[2024.01.20-17.24.34:819][  0]LogPakFile: OnPakFileMounted2Time == 0.000304
[2024.01.20-17.24.34:820][  0]LogPakFile: PakFile PrimaryIndexSize=187
[2024.01.20-17.24.34:820][  0]LogPakFile: PakFile PathHashIndexSize=101
[2024.01.20-17.24.34:820][  0]LogPakFile: PakFile FullDirectoryIndexSize=148
[2024.01.20-17.24.34:820][  0]LogShaderLibrary: Display: ShaderCodeLibraryPakFileMountedCallback: PakFile 'C:/Program Files/Epic Games/UE_4.27/FeaturePacks/TP_TwinStickBP.upack' (chunk index -1, root 'root:/') mounted
[2024.01.20-17.24.34:821][  0]LogShaderLibrary: Display: ShaderCodeLibraryPakFileMountedCallback: pending pak file info (ChunkID:-1 Root:root:/ File:C:/Program Files/Epic Games/UE_4.27/FeaturePacks/TP_TwinStickBP.upack)
[2024.01.20-17.24.34:821][  0]LogPakFile: OnPakFileMounted2Time == 0.000309
[2024.01.20-17.24.34:821][  0]LogPakFile: PakFile PrimaryIndexSize=183
[2024.01.20-17.24.34:822][  0]LogPakFile: PakFile PathHashIndexSize=101
[2024.01.20-17.24.34:822][  0]LogPakFile: PakFile FullDirectoryIndexSize=140
[2024.01.20-17.24.34:822][  0]LogShaderLibrary: Display: ShaderCodeLibraryPakFileMountedCallback: PakFile 'C:/Program Files/Epic Games/UE_4.27/FeaturePacks/TP_Vehicle.upack' (chunk index -1, root 'root:/') mounted
[2024.01.20-17.24.34:822][  0]LogShaderLibrary: Display: ShaderCodeLibraryPakFileMountedCallback: pending pak file info (ChunkID:-1 Root:root:/ File:C:/Program Files/Epic Games/UE_4.27/FeaturePacks/TP_Vehicle.upack)
[2024.01.20-17.24.34:822][  0]LogPakFile: OnPakFileMounted2Time == 0.000368
[2024.01.20-17.24.34:823][  0]LogPakFile: PakFile PrimaryIndexSize=186
[2024.01.20-17.24.34:823][  0]LogPakFile: PakFile PathHashIndexSize=101
[2024.01.20-17.24.34:824][  0]LogPakFile: PakFile FullDirectoryIndexSize=146
[2024.01.20-17.24.34:824][  0]LogShaderLibrary: Display: ShaderCodeLibraryPakFileMountedCallback: PakFile 'C:/Program Files/Epic Games/UE_4.27/FeaturePacks/TP_VehicleAdv.upack' (chunk index -1, root 'root:/') mounted
[2024.01.20-17.24.34:824][  0]LogShaderLibrary: Display: ShaderCodeLibraryPakFileMountedCallback: pending pak file info (ChunkID:-1 Root:root:/ File:C:/Program Files/Epic Games/UE_4.27/FeaturePacks/TP_VehicleAdv.upack)
[2024.01.20-17.24.34:824][  0]LogPakFile: OnPakFileMounted2Time == 0.000296
[2024.01.20-17.24.34:825][  0]LogPakFile: PakFile PrimaryIndexSize=188
[2024.01.20-17.24.34:825][  0]LogPakFile: PakFile PathHashIndexSize=101
[2024.01.20-17.24.34:825][  0]LogPakFile: PakFile FullDirectoryIndexSize=150
[2024.01.20-17.24.34:826][  0]LogShaderLibrary: Display: ShaderCodeLibraryPakFileMountedCallback: PakFile 'C:/Program Files/Epic Games/UE_4.27/FeaturePacks/TP_VehicleAdvBP.upack' (chunk index -1, root 'root:/') mounted
[2024.01.20-17.24.34:826][  0]LogShaderLibrary: Display: ShaderCodeLibraryPakFileMountedCallback: pending pak file info (ChunkID:-1 Root:root:/ File:C:/Program Files/Epic Games/UE_4.27/FeaturePacks/TP_VehicleAdvBP.upack)
[2024.01.20-17.24.34:826][  0]LogPakFile: OnPakFileMounted2Time == 0.000282
[2024.01.20-17.24.34:827][  0]LogPakFile: PakFile PrimaryIndexSize=185
[2024.01.20-17.24.34:827][  0]LogPakFile: PakFile PathHashIndexSize=101
[2024.01.20-17.24.34:827][  0]LogPakFile: PakFile FullDirectoryIndexSize=144
[2024.01.20-17.24.34:827][  0]LogShaderLibrary: Display: ShaderCodeLibraryPakFileMountedCallback: PakFile 'C:/Program Files/Epic Games/UE_4.27/FeaturePacks/TP_VehicleBP.upack' (chunk index -1, root 'root:/') mounted
[2024.01.20-17.24.34:827][  0]LogShaderLibrary: Display: ShaderCodeLibraryPakFileMountedCallback: pending pak file info (ChunkID:-1 Root:root:/ File:C:/Program Files/Epic Games/UE_4.27/FeaturePacks/TP_VehicleBP.upack)
[2024.01.20-17.24.34:827][  0]LogPakFile: OnPakFileMounted2Time == 0.000247
[2024.01.20-17.24.34:828][  0]LogPakFile: PakFile PrimaryIndexSize=192
[2024.01.20-17.24.34:828][  0]LogPakFile: PakFile PathHashIndexSize=101
[2024.01.20-17.24.34:828][  0]LogPakFile: PakFile FullDirectoryIndexSize=158
[2024.01.20-17.24.34:828][  0]LogShaderLibrary: Display: ShaderCodeLibraryPakFileMountedCallback: PakFile 'C:/Program Files/Epic Games/UE_4.27/FeaturePacks/TP_VirtualRealityBP.upack' (chunk index -1, root 'root:/') mounted
[2024.01.20-17.24.34:829][  0]LogShaderLibrary: Display: ShaderCodeLibraryPakFileMountedCallback: pending pak file info (ChunkID:-1 Root:root:/ File:C:/Program Files/Epic Games/UE_4.27/FeaturePacks/TP_VirtualRealityBP.upack)
[2024.01.20-17.24.34:829][  0]LogPakFile: OnPakFileMounted2Time == 0.000312
[2024.01.20-17.24.34:888][  0]LogNativeClassHierarchy: Verbose: Native class hierarchy updated for 'AddContentDialog' in 0.0003 seconds. Added 0 classes and 0 folders.
[2024.01.20-17.24.34:890][  0]LogNativeClassHierarchy: Verbose: Native class hierarchy updated for 'SceneOutliner' in 0.0003 seconds. Added 2 classes and 0 folders.
[2024.01.20-17.24.35:005][  0]LogSlate: Took 0.000292 seconds to synchronously load lazily loaded font '../../../Engine/Content/Slate/Fonts/Roboto-Regular.ttf' (155K)
[2024.01.20-17.24.35:006][  0]LogSlate: Took 0.000233 seconds to synchronously load lazily loaded font '../../../Engine/Content/Editor/Slate/Fonts/FontAwesome.ttf' (139K)
[2024.01.20-17.24.35:008][  0]LogSlate: Took 0.000188 seconds to synchronously load lazily loaded font '../../../Engine/Content/Slate/Fonts/Roboto-Bold.ttf' (160K)
[2024.01.20-17.24.35:101][  0]LogRenderer: Reallocating scene render targets to support 968x428 Format 10 NumSamples 1 (Frame:1).
[2024.01.20-17.24.35:150][  0]LogSlate: Took 0.000177 seconds to synchronously load lazily loaded font '../../../Engine/Content/Slate/Fonts/Roboto-Light.ttf' (167K)
[2024.01.20-17.24.35:247][  0]LogNativeClassHierarchy: Verbose: Native class hierarchy updated for 'HierarchicalLODOutliner' in 0.0003 seconds. Added 0 classes and 0 folders.
[2024.01.20-17.24.35:247][  0]LogLoad: (Engine Initialization) Total time: 9.18 seconds
[2024.01.20-17.24.35:247][  0]LogLoad: (Engine Initialization) Total Blueprint compile time: 0.00 seconds
[2024.01.20-17.24.35:352][  0]LogAssetRegistry: Asset discovery search completed in 5.5454 seconds
[2024.01.20-17.24.35:357][  0]LogCollectionManager: Fixed up redirectors for 0 collections in 0.000003 seconds (updated 0 objects)
[2024.01.20-17.24.35:359][  0]LogContentStreaming: Texture pool size now 1000 MB
[2024.01.20-17.24.35:564][  3]LogEditorViewport: Clicking on Actor (LMB): StaticMeshActor (Floor)
