Log file open, 01/20/24 18:24:57
LogWindows: Failed to load 'aqProf.dll' (GetLastError=126)
LogWindows: File 'aqProf.dll' does not exist
LogWindows: Failed to load 'VtuneApi.dll' (GetLastError=126)
LogWindows: File 'VtuneApi.dll' does not exist
LogWindows: Failed to load 'VtuneApi32e.dll' (GetLastError=126)
LogWindows: File 'VtuneApi32e.dll' does not exist
LogConsoleResponse: Display: Failed to find resolution value strings in scalability ini. Falling back to default.
LogConsoleResponse: Display: Failed to find resolution value strings in scalability ini. Falling back to default.
LogInit: Display: Running engine for game: SnakeProject
LogPlatformFile: Not using cached read wrapper
LogTaskGraph: Started task graph with 5 named threads and 35 total threads with 3 sets of task threads.
LogStats: Stats thread started at 0.276792
LogICUInternationalization: ICU TimeZone Detection - Raw Offset: +3:00, Platform Override: ''
LogInit: Display: Loading text-based GConfig....
LogPluginManager: Mounting plugin MeshPainting
LogPluginManager: Mounting plugin XGEController
LogPluginManager: Mounting plugin Paper2D
LogPluginManager: Mounting plugin LiveLink
LogPluginManager: Mounting plugin AISupport
LogPluginManager: Mounting plugin EnvironmentQueryEditor
LogPluginManager: Mounting plugin LightPropagationVolume
LogPluginManager: Mounting plugin CameraShakePreviewer
LogPluginManager: Mounting plugin GameplayCameras
LogPluginManager: Mounting plugin OodleData
LogPluginManager: Mounting plugin OodleNetwork
LogPluginManager: Mounting plugin AssetManagerEditor
LogPluginManager: Mounting plugin CryptoKeys
LogPluginManager: Mounting plugin CurveEditorTools
LogPluginManager: Mounting plugin DataValidation
LogPluginManager: Mounting plugin GameplayTagsEditor
LogPluginManager: Mounting plugin FacialAnimation
LogPluginManager: Mounting plugin GeometryMode
LogPluginManager: Mounting plugin MacGraphicsSwitching
LogPluginManager: Mounting plugin MaterialAnalyzer
LogPluginManager: Mounting plugin MobileLauncherProfileWizard
LogPluginManager: Mounting plugin PluginBrowser
LogPluginManager: Mounting plugin SpeedTreeImporter
LogPluginManager: Mounting plugin AnimationSharing
LogPluginManager: Mounting plugin CodeLiteSourceCodeAccess
LogPluginManager: Mounting plugin CLionSourceCodeAccess
LogPluginManager: Mounting plugin GitSourceControl
LogPluginManager: Mounting plugin KDevelopSourceCodeAccess
LogPluginManager: Mounting plugin NullSourceCodeAccess
LogPluginManager: Mounting plugin PixWinPlugin
LogPluginManager: Mounting plugin PerforceSourceControl
LogPluginManager: Mounting plugin PlasticSourceControl
LogPluginManager: Mounting plugin PluginUtils
LogPluginManager: Mounting plugin PropertyAccessNode
LogPluginManager: Mounting plugin SubversionSourceControl
LogPluginManager: Mounting plugin RiderSourceCodeAccess
LogPluginManager: Mounting plugin TextureFormatOodle
LogPluginManager: Mounting plugin UObjectPlugin
LogPluginManager: Mounting plugin VisualStudioSourceCodeAccess
LogPluginManager: Mounting plugin VisualStudioCodeSourceCodeAccess
LogPluginManager: Mounting plugin XCodeSourceCodeAccess
LogPluginManager: Mounting plugin Niagara
LogPluginManager: Mounting plugin DatasmithContent
LogPluginManager: Mounting plugin VariantManagerContent
LogPluginManager: Mounting plugin BackChannel
LogPluginManager: Mounting plugin AutomationUtils
LogPluginManager: Mounting plugin AlembicImporter
LogPluginManager: Mounting plugin ChaosClothEditor
LogPluginManager: Mounting plugin ChaosEditor
LogPluginManager: Mounting plugin ChaosCloth
LogPluginManager: Mounting plugin ChaosNiagara
LogPluginManager: Mounting plugin ChaosSolverPlugin
LogPluginManager: Mounting plugin CharacterAI
LogPluginManager: Mounting plugin GeometryCache
LogPluginManager: Mounting plugin GeometryCollectionPlugin
LogPluginManager: Mounting plugin LuminPlatformFeatures
LogPluginManager: Mounting plugin MagicLeap
LogPluginManager: Mounting plugin MagicLeapLightEstimation
LogPluginManager: Mounting plugin MagicLeapMedia
LogPluginManager: Mounting plugin MagicLeapPassableWorld
LogPluginManager: Mounting plugin GeometryProcessing
LogPluginManager: Mounting plugin MLSDK
LogPluginManager: Mounting plugin OpenImageDenoise
LogPluginManager: Mounting plugin PlanarCut
LogPluginManager: Mounting plugin MotoSynth
LogPluginManager: Mounting plugin PlatformCrypto
LogPluginManager: Mounting plugin ProxyLODPlugin
LogPluginManager: Mounting plugin PythonScriptPlugin
LogPluginManager: Mounting plugin SkeletalReduction
LogPluginManager: Mounting plugin AvfMedia
LogPluginManager: Mounting plugin AndroidMedia
LogPluginManager: Mounting plugin ImgMedia
LogPluginManager: Mounting plugin MediaCompositing
LogPluginManager: Mounting plugin MediaPlayerEditor
LogPluginManager: Mounting plugin WmfMedia
LogPluginManager: Mounting plugin WebMMedia
LogPluginManager: Mounting plugin TcpMessaging
LogPluginManager: Mounting plugin UdpMessaging
LogPluginManager: Mounting plugin ActorSequence
LogPluginManager: Mounting plugin MatineeToLevelSequence
LogPluginManager: Mounting plugin LevelSequenceEditor
LogPluginManager: Mounting plugin TemplateSequence
LogPluginManager: Mounting plugin LauncherChunkInstaller
LogPluginManager: Mounting plugin OnlineSubsystem
LogPluginManager: Mounting plugin OnlineSubsystemNull
LogPluginManager: Mounting plugin OnlineSubsystemUtils
LogPluginManager: Mounting plugin ActorLayerUtilities
LogPluginManager: Mounting plugin AndroidMoviePlayer
LogPluginManager: Mounting plugin AndroidDeviceProfileSelector
LogPluginManager: Mounting plugin AndroidPermission
LogPluginManager: Mounting plugin AppleMoviePlayer
LogPluginManager: Mounting plugin AppleImageUtils
LogPluginManager: Mounting plugin ArchVisCharacter
LogPluginManager: Mounting plugin AssetTags
LogPluginManager: Mounting plugin AudioCapture
LogPluginManager: Mounting plugin AudioSynesthesia
LogPluginManager: Mounting plugin CableComponent
LogPluginManager: Mounting plugin ChunkDownloader
LogPluginManager: Mounting plugin CustomMeshComponent
LogPluginManager: Mounting plugin EditableMesh
LogPluginManager: Mounting plugin ExampleDeviceProfileSelector
LogPluginManager: Mounting plugin GoogleCloudMessaging
LogPluginManager: Mounting plugin GooglePAD
LogPluginManager: Mounting plugin ScreenshotTools
LogPluginManager: Mounting plugin IOSDeviceProfileSelector
LogPluginManager: Mounting plugin LinuxDeviceProfileSelector
LogPluginManager: Mounting plugin LocationServicesBPLibrary
LogPluginManager: Mounting plugin MobilePatchingUtils
LogPluginManager: Mounting plugin OpenXR
LogPluginManager: Mounting plugin OpenXREyeTracker
LogPluginManager: Mounting plugin OpenXRHandTracking
LogPluginManager: Mounting plugin PhysXVehicles
LogPluginManager: Mounting plugin Takes
LogPluginManager: Mounting plugin PostSplashScreen
LogPluginManager: Mounting plugin PropertyAccessEditor
LogPluginManager: Mounting plugin ProceduralMeshComponent
LogPluginManager: Mounting plugin SignificanceManager
LogPluginManager: Mounting plugin SoundFields
LogPluginManager: Mounting plugin RuntimePhysXCooking
LogPluginManager: Mounting plugin Synthesis
LogPluginManager: Mounting plugin WebMMoviePlayer
LogPluginManager: Mounting plugin WindowsMoviePlayer
LogPluginManager: Mounting plugin ContentBrowserAssetDataSource
LogPluginManager: Mounting plugin ContentBrowserClassDataSource
LogPluginManager: Mounting plugin ContentBrowserFileDataSource
LogPluginManager: Mounting plugin OnlineSubsystemGooglePlay
LogPluginManager: Mounting plugin OnlineSubsystemIOS
LogPluginManager: Mounting plugin OculusVR
LogPluginManager: Mounting plugin SteamVR
PixWinPlugin: PIX capture plugin failed to initialize! Check that the process is launched from PIX.
LogInit: Using libcurl 7.55.1-DEV
LogInit:  - built for x86_64-pc-win32
LogInit:  - supports SSL with OpenSSL/1.1.1
LogInit:  - supports HTTP deflate (compression) using libz 1.2.8
LogInit:  - other features:
LogInit:      CURL_VERSION_SSL
LogInit:      CURL_VERSION_LIBZ
LogInit:      CURL_VERSION_IPV6
LogInit:      CURL_VERSION_ASYNCHDNS
LogInit:      CURL_VERSION_LARGEFILE
LogInit:      CURL_VERSION_IDN
LogInit:  CurlRequestOptions (configurable via config and command line):
LogInit:  - bVerifyPeer = true  - Libcurl will verify peer certificate
LogInit:  - bUseHttpProxy = false  - Libcurl will NOT use HTTP proxy
LogInit:  - bDontReuseConnections = false  - Libcurl will reuse connections
LogInit:  - MaxHostConnections = 16  - Libcurl will limit the number of connections to a host
LogInit:  - LocalHostAddr = Default
LogInit:  - BufferSize = 65536
LogOnline: OSS: Creating online subsystem instance for: NULL
LogInit: WinSock: version 1.1 (2.2), MaxSocks=32767, MaxUdp=65467
LogOnline: OSS: TryLoadSubsystemAndSetDefault: Loaded subsystem for module [NULL]
LogOculusPluginWrapper: OculusPlugin initialized successfully
LogHMD: Failed initializing OVRPlugin 1.59.0
LogInit: Build: ++UE4+Release-4.27-CL-18319896
LogInit: Engine Version: 4.27.2-18319896+++UE4+Release-4.27
LogInit: Compatible Engine Version: 4.27.0-17155196+++UE4+Release-4.27
LogInit: Net CL: 17155196
LogInit: OS: Windows 10 (Release 2009) (), CPU: Intel(R) Core(TM) i7-10750H CPU @ 2.60GHz, GPU: Intel(R) UHD Graphics
LogInit: Compiled (64-bit): Nov 30 2021 07:12:08
LogInit: Compiled with Visual C++: 19.24.28315.00
LogInit: Build Configuration: Development
LogInit: Branch Name: ++UE4+Release-4.27
LogInit: Command Line:  -skipcompile
LogInit: Base Directory: C:/Program Files/Epic Games/UE_4.27/Engine/Binaries/Win64/
LogInit: Allocator: TBB
LogInit: Installed Engine Build: 1
LogDevObjectVersion: Number of dev versions registered: 29
LogDevObjectVersion:   Dev-Blueprints (B0D832E4-1F89-4F0D-ACCF-7EB736FD4AA2): 10
LogDevObjectVersion:   Dev-Build (E1C64328-A22C-4D53-A36C-8E866417BD8C): 0
LogDevObjectVersion:   Dev-Core (375EC13C-06E4-48FB-B500-84F0262A717E): 4
LogDevObjectVersion:   Dev-Editor (E4B068ED-F494-42E9-A231-DA0B2E46BB41): 40
LogDevObjectVersion:   Dev-Framework (CFFC743F-43B0-4480-9391-14DF171D2073): 37
LogDevObjectVersion:   Dev-Mobile (B02B49B5-BB20-44E9-A304-32B752E40360): 3
LogDevObjectVersion:   Dev-Networking (A4E4105C-59A1-49B5-A7C5-40C4547EDFEE): 0
LogDevObjectVersion:   Dev-Online (39C831C9-5AE6-47DC-9A44-9C173E1C8E7C): 0
LogDevObjectVersion:   Dev-Physics (78F01B33-EBEA-4F98-B9B4-84EACCB95AA2): 14
LogDevObjectVersion:   Dev-Platform (6631380F-2D4D-43E0-8009-CF276956A95A): 0
LogDevObjectVersion:   Dev-Rendering (12F88B9F-8875-4AFC-A67C-D90C383ABD29): 45
LogDevObjectVersion:   Dev-Sequencer (7B5AE74C-D270-4C10-A958-57980B212A5A): 13
LogDevObjectVersion:   Dev-VR (D7296918-1DD6-4BDD-9DE2-64A83CC13884): 3
LogDevObjectVersion:   Dev-LoadTimes (C2A15278-BFE7-4AFE-6C17-90FF531DF755): 1
LogDevObjectVersion:   Private-Geometry (6EACA3D4-40EC-4CC1-B786-8BED09428FC5): 3
LogDevObjectVersion:   Dev-AnimPhys (29E575DD-E0A3-4627-9D10-D276232CDCEA): 17
LogDevObjectVersion:   Dev-Anim (AF43A65D-7FD3-4947-9873-3E8ED9C1BB05): 15
LogDevObjectVersion:   Dev-ReflectionCapture (6B266CEC-1EC7-4B8F-A30B-E4D90942FC07): 1
LogDevObjectVersion:   Dev-Automation (0DF73D61-A23F-47EA-B727-89E90C41499A): 1
LogDevObjectVersion:   FortniteMain (601D1886-AC64-4F84-AA16-D3DE0DEAC7D6): 47
LogDevObjectVersion:   FortniteRelease (E7086368-6B23-4C58-8439-1B7016265E91): 1
LogDevObjectVersion:   Dev-Enterprise (9DFFBCD6-494F-0158-E221-12823C92A888): 10
LogDevObjectVersion:   Dev-Niagara (F2AED0AC-9AFE-416F-8664-AA7FFA26D6FC): 1
LogDevObjectVersion:   Dev-Destruction (174F1F0B-B4C6-45A5-B13F-2EE8D0FB917D): 10
LogDevObjectVersion:   Dev-Physics-Ext (35F94A83-E258-406C-A318-09F59610247C): 41
LogDevObjectVersion:   Dev-PhysicsMaterial-Chaos (B68FC16E-8B1B-42E2-B453-215C058844FE): 1
LogDevObjectVersion:   Dev-CineCamera (B2E18506-4273-CFC2-A54E-F4BB758BBA07): 1
LogDevObjectVersion:   Dev-VirtualProduction (64F58936-FD1B-42BA-BA96-7289D5D0FA4E): 1
LogDevObjectVersion:   Dev-MediaFramework (6F0ED827-A609-4895-9C91-998D90180EA4): 2
LogInit: Presizing for max 25165824 objects, including 0 objects not considered by GC, pre-allocating 0 bytes for permanent pool.
LogConfig: Applying CVar settings from Section [/Script/Engine.StreamingSettings] File [D:/GameProjects/UE/Snake/SnakeProject/Saved/Config/Windows/Engine.ini]
LogConfig: Setting CVar [[s.MinBulkDataSizeForAsyncLoading:131072]]
LogConfig: Setting CVar [[s.AsyncLoadingThreadEnabled:0]]
LogConfig: Setting CVar [[s.EventDrivenLoaderEnabled:1]]
LogConfig: Setting CVar [[s.WarnIfTimeLimitExceeded:0]]
LogConfig: Setting CVar [[s.TimeLimitExceededMultiplier:1.5]]
LogConfig: Setting CVar [[s.TimeLimitExceededMinTime:0.005]]
LogConfig: Setting CVar [[s.UseBackgroundLevelStreaming:1]]
LogConfig: Setting CVar [[s.PriorityAsyncLoadingExtraTime:15.0]]
LogConfig: Setting CVar [[s.LevelStreamingActorsUpdateTimeLimit:5.0]]
LogConfig: Setting CVar [[s.PriorityLevelStreamingActorsUpdateExtraTime:5.0]]
LogConfig: Setting CVar [[s.LevelStreamingComponentsRegistrationGranularity:10]]
LogConfig: Setting CVar [[s.UnregisterComponentsTimeLimit:1.0]]
LogConfig: Setting CVar [[s.LevelStreamingComponentsUnregistrationGranularity:5]]
LogConfig: Setting CVar [[s.FlushStreamingOnExit:1]]
LogInit: Object subsystem initialized
LogConfig: Setting CVar [[con.DebugEarlyDefault:1]]
LogConfig: Setting CVar [[r.setres:1280x720]]
[2024.01.20-15.24.58:076][  0]LogConfig: Setting CVar [[r.VSync:0]]
[2024.01.20-15.24.58:076][  0]LogConfig: Setting CVar [[r.RHICmdBypass:0]]
[2024.01.20-15.24.58:076][  0]LogConfig: Applying CVar settings from Section [/Script/Engine.RendererSettings] File [D:/GameProjects/UE/Snake/SnakeProject/Saved/Config/Windows/Engine.ini]
[2024.01.20-15.24.58:076][  0]LogConfig: Setting CVar [[r.GPUCrashDebugging:0]]
[2024.01.20-15.24.58:076][  0]LogConfig: Applying CVar settings from Section [/Script/Engine.RendererOverrideSettings] File [D:/GameProjects/UE/Snake/SnakeProject/Saved/Config/Windows/Engine.ini]
[2024.01.20-15.24.58:077][  0]LogConfig: Applying CVar settings from Section [/Script/Engine.StreamingSettings] File [D:/GameProjects/UE/Snake/SnakeProject/Saved/Config/Windows/Engine.ini]
[2024.01.20-15.24.58:077][  0]LogConfig: Setting CVar [[s.MinBulkDataSizeForAsyncLoading:131072]]
[2024.01.20-15.24.58:077][  0]LogConfig: Setting CVar [[s.AsyncLoadingThreadEnabled:0]]
[2024.01.20-15.24.58:077][  0]LogConfig: Setting CVar [[s.EventDrivenLoaderEnabled:1]]
[2024.01.20-15.24.58:077][  0]LogConfig: Setting CVar [[s.WarnIfTimeLimitExceeded:0]]
[2024.01.20-15.24.58:077][  0]LogConfig: Setting CVar [[s.TimeLimitExceededMultiplier:1.5]]
[2024.01.20-15.24.58:077][  0]LogConfig: Setting CVar [[s.TimeLimitExceededMinTime:0.005]]
[2024.01.20-15.24.58:077][  0]LogConfig: Setting CVar [[s.UseBackgroundLevelStreaming:1]]
[2024.01.20-15.24.58:077][  0]LogConfig: Setting CVar [[s.PriorityAsyncLoadingExtraTime:15.0]]
[2024.01.20-15.24.58:077][  0]LogConfig: Setting CVar [[s.LevelStreamingActorsUpdateTimeLimit:5.0]]
[2024.01.20-15.24.58:077][  0]LogConfig: Setting CVar [[s.PriorityLevelStreamingActorsUpdateExtraTime:5.0]]
[2024.01.20-15.24.58:077][  0]LogConfig: Setting CVar [[s.LevelStreamingComponentsRegistrationGranularity:10]]
[2024.01.20-15.24.58:077][  0]LogConfig: Setting CVar [[s.UnregisterComponentsTimeLimit:1.0]]
[2024.01.20-15.24.58:077][  0]LogConfig: Setting CVar [[s.LevelStreamingComponentsUnregistrationGranularity:5]]
[2024.01.20-15.24.58:077][  0]LogConfig: Setting CVar [[s.FlushStreamingOnExit:1]]
[2024.01.20-15.24.58:077][  0]LogConfig: Applying CVar settings from Section [/Script/Engine.GarbageCollectionSettings] File [D:/GameProjects/UE/Snake/SnakeProject/Saved/Config/Windows/Engine.ini]
[2024.01.20-15.24.58:077][  0]LogConfig: Setting CVar [[gc.MaxObjectsNotConsideredByGC:1]]
[2024.01.20-15.24.58:078][  0]LogConfig: Setting CVar [[gc.SizeOfPermanentObjectPool:0]]
[2024.01.20-15.24.58:078][  0]LogConfig: Setting CVar [[gc.FlushStreamingOnGC:0]]
[2024.01.20-15.24.58:078][  0]LogConfig: Setting CVar [[gc.NumRetriesBeforeForcingGC:10]]
[2024.01.20-15.24.58:078][  0]LogConfig: Setting CVar [[gc.AllowParallelGC:1]]
[2024.01.20-15.24.58:078][  0]LogConfig: Setting CVar [[gc.TimeBetweenPurgingPendingKillObjects:61.1]]
[2024.01.20-15.24.58:078][  0]LogConfig: Setting CVar [[gc.MaxObjectsInEditor:25165824]]
[2024.01.20-15.24.58:078][  0]LogConfig: Setting CVar [[gc.IncrementalBeginDestroyEnabled:1]]
[2024.01.20-15.24.58:078][  0]LogConfig: Setting CVar [[gc.CreateGCClusters:1]]
[2024.01.20-15.24.58:078][  0]LogConfig: Setting CVar [[gc.MinGCClusterSize:5]]
[2024.01.20-15.24.58:078][  0]LogConfig: Setting CVar [[gc.ActorClusteringEnabled:0]]
[2024.01.20-15.24.58:078][  0]LogConfig: Setting CVar [[gc.BlueprintClusteringEnabled:0]]
[2024.01.20-15.24.58:078][  0]LogConfig: Setting CVar [[gc.UseDisregardForGCOnDedicatedServers:0]]
[2024.01.20-15.24.58:078][  0]LogConfig: Setting CVar [[gc.MultithreadedDestructionEnabled:1]]
[2024.01.20-15.24.58:078][  0]LogConfig: Applying CVar settings from Section [/Script/Engine.NetworkSettings] File [D:/GameProjects/UE/Snake/SnakeProject/Saved/Config/Windows/Engine.ini]
[2024.01.20-15.24.58:078][  0]LogConfig: Applying CVar settings from Section [/Script/UnrealEd.CookerSettings] File [D:/GameProjects/UE/Snake/SnakeProject/Saved/Config/Windows/Engine.ini]
[2024.01.20-15.24.58:086][  0]LogConfig: Applying CVar settings from Section [ViewDistanceQuality@3] File [D:/GameProjects/UE/Snake/SnakeProject/Saved/Config/Windows/Scalability.ini]
[2024.01.20-15.24.58:086][  0]LogConfig: Setting CVar [[r.SkeletalMeshLODBias:0]]
[2024.01.20-15.24.58:086][  0]LogConfig: Setting CVar [[r.ViewDistanceScale:1.0]]
[2024.01.20-15.24.58:086][  0]LogConfig: Applying CVar settings from Section [AntiAliasingQuality@3] File [D:/GameProjects/UE/Snake/SnakeProject/Saved/Config/Windows/Scalability.ini]
[2024.01.20-15.24.58:086][  0]LogConfig: Setting CVar [[r.PostProcessAAQuality:4]]
[2024.01.20-15.24.58:086][  0]LogConfig: Applying CVar settings from Section [ShadowQuality@3] File [D:/GameProjects/UE/Snake/SnakeProject/Saved/Config/Windows/Scalability.ini]
[2024.01.20-15.24.58:086][  0]LogConfig: Setting CVar [[r.LightFunctionQuality:1]]
[2024.01.20-15.24.58:086][  0]LogConfig: Setting CVar [[r.ShadowQuality:5]]
[2024.01.20-15.24.58:087][  0]LogConfig: Setting CVar [[r.Shadow.CSM.MaxCascades:10]]
[2024.01.20-15.24.58:087][  0]LogConfig: Setting CVar [[r.Shadow.MaxResolution:2048]]
[2024.01.20-15.24.58:087][  0]LogConfig: Setting CVar [[r.Shadow.MaxCSMResolution:2048]]
[2024.01.20-15.24.58:087][  0]LogConfig: Setting CVar [[r.Shadow.RadiusThreshold:0.01]]
[2024.01.20-15.24.58:087][  0]LogConfig: Setting CVar [[r.Shadow.DistanceScale:1.0]]
[2024.01.20-15.24.58:087][  0]LogConfig: Setting CVar [[r.Shadow.CSM.TransitionScale:1.0]]
[2024.01.20-15.24.58:087][  0]LogConfig: Setting CVar [[r.Shadow.PreShadowResolutionFactor:1.0]]
[2024.01.20-15.24.58:087][  0]LogConfig: Setting CVar [[r.DistanceFieldShadowing:1]]
[2024.01.20-15.24.58:087][  0]LogConfig: Setting CVar [[r.DistanceFieldAO:1]]
[2024.01.20-15.24.58:087][  0]LogConfig: Setting CVar [[r.AOQuality:2]]
[2024.01.20-15.24.58:087][  0]LogConfig: Setting CVar [[r.VolumetricFog:1]]
[2024.01.20-15.24.58:087][  0]LogConfig: Setting CVar [[r.VolumetricFog.GridPixelSize:8]]
[2024.01.20-15.24.58:087][  0]LogConfig: Setting CVar [[r.VolumetricFog.GridSizeZ:128]]
[2024.01.20-15.24.58:087][  0]LogConfig: Setting CVar [[r.VolumetricFog.HistoryMissSupersampleCount:4]]
[2024.01.20-15.24.58:087][  0]LogConfig: Setting CVar [[r.LightMaxDrawDistanceScale:1]]
[2024.01.20-15.24.58:087][  0]LogConfig: Setting CVar [[r.CapsuleShadows:1]]
[2024.01.20-15.24.58:088][  0]LogConfig: Applying CVar settings from Section [PostProcessQuality@3] File [D:/GameProjects/UE/Snake/SnakeProject/Saved/Config/Windows/Scalability.ini]
[2024.01.20-15.24.58:088][  0]LogConfig: Setting CVar [[r.MotionBlurQuality:4]]
[2024.01.20-15.24.58:088][  0]LogConfig: Setting CVar [[r.AmbientOcclusionMipLevelFactor:0.4]]
[2024.01.20-15.24.58:088][  0]LogConfig: Setting CVar [[r.AmbientOcclusionMaxQuality:100]]
[2024.01.20-15.24.58:088][  0]LogConfig: Setting CVar [[r.AmbientOcclusionLevels:-1]]
[2024.01.20-15.24.58:088][  0]LogConfig: Setting CVar [[r.AmbientOcclusionRadiusScale:1.0]]
[2024.01.20-15.24.58:088][  0]LogConfig: Setting CVar [[r.DepthOfFieldQuality:2]]
[2024.01.20-15.24.58:088][  0]LogConfig: Setting CVar [[r.RenderTargetPoolMin:400]]
[2024.01.20-15.24.58:088][  0]LogConfig: Setting CVar [[r.LensFlareQuality:2]]
[2024.01.20-15.24.58:088][  0]LogConfig: Setting CVar [[r.SceneColorFringeQuality:1]]
[2024.01.20-15.24.58:088][  0]LogConfig: Setting CVar [[r.EyeAdaptationQuality:2]]
[2024.01.20-15.24.58:088][  0]LogConfig: Setting CVar [[r.BloomQuality:5]]
[2024.01.20-15.24.58:088][  0]LogConfig: Setting CVar [[r.FastBlurThreshold:100]]
[2024.01.20-15.24.58:088][  0]LogConfig: Setting CVar [[r.Upscale.Quality:3]]
[2024.01.20-15.24.58:088][  0]LogConfig: Setting CVar [[r.Tonemapper.GrainQuantization:1]]
[2024.01.20-15.24.58:088][  0]LogConfig: Setting CVar [[r.LightShaftQuality:1]]
[2024.01.20-15.24.58:088][  0]LogConfig: Setting CVar [[r.Filter.SizeScale:1]]
[2024.01.20-15.24.58:089][  0]LogConfig: Setting CVar [[r.Tonemapper.Quality:5]]
[2024.01.20-15.24.58:089][  0]LogConfig: Setting CVar [[r.DOF.Gather.AccumulatorQuality:1        ; higher gathering accumulator quality]]
[2024.01.20-15.24.58:089][  0]LogConfig: Setting CVar [[r.DOF.Gather.PostfilterMethod:1          ; Median3x3 postfilering method]]
[2024.01.20-15.24.58:089][  0]LogConfig: Setting CVar [[r.DOF.Gather.EnableBokehSettings:0       ; no bokeh simulation when gathering]]
[2024.01.20-15.24.58:089][  0]LogConfig: Setting CVar [[r.DOF.Gather.RingCount:4                 ; medium number of samples when gathering]]
[2024.01.20-15.24.58:089][  0]LogConfig: Setting CVar [[r.DOF.Scatter.ForegroundCompositing:1    ; additive foreground scattering]]
[2024.01.20-15.24.58:089][  0]LogConfig: Setting CVar [[r.DOF.Scatter.BackgroundCompositing:2    ; additive background scattering]]
[2024.01.20-15.24.58:089][  0]LogConfig: Setting CVar [[r.DOF.Scatter.EnableBokehSettings:1      ; bokeh simulation when scattering]]
[2024.01.20-15.24.58:089][  0]LogConfig: Setting CVar [[r.DOF.Scatter.MaxSpriteRatio:0.1         ; only a maximum of 10% of scattered bokeh]]
[2024.01.20-15.24.58:089][  0]LogConfig: Setting CVar [[r.DOF.Recombine.Quality:1                ; cheap slight out of focus]]
[2024.01.20-15.24.58:089][  0]LogConfig: Setting CVar [[r.DOF.Recombine.EnableBokehSettings:0    ; no bokeh simulation on slight out of focus]]
[2024.01.20-15.24.58:089][  0]LogConfig: Setting CVar [[r.DOF.TemporalAAQuality:1                ; more stable temporal accumulation]]
[2024.01.20-15.24.58:089][  0]LogConfig: Setting CVar [[r.DOF.Kernel.MaxForegroundRadius:0.025]]
[2024.01.20-15.24.58:089][  0]LogConfig: Setting CVar [[r.DOF.Kernel.MaxBackgroundRadius:0.025]]
[2024.01.20-15.24.58:089][  0]LogConfig: Applying CVar settings from Section [TextureQuality@3] File [D:/GameProjects/UE/Snake/SnakeProject/Saved/Config/Windows/Scalability.ini]
[2024.01.20-15.24.58:089][  0]LogConfig: Setting CVar [[r.Streaming.MipBias:0]]
[2024.01.20-15.24.58:089][  0]LogConfig: Setting CVar [[r.Streaming.AmortizeCPUToGPUCopy:0]]
[2024.01.20-15.24.58:090][  0]LogConfig: Setting CVar [[r.Streaming.MaxNumTexturesToStreamPerFrame:0]]
[2024.01.20-15.24.58:090][  0]LogConfig: Setting CVar [[r.Streaming.Boost:1]]
[2024.01.20-15.24.58:090][  0]LogConfig: Setting CVar [[r.MaxAnisotropy:8]]
[2024.01.20-15.24.58:090][  0]LogConfig: Setting CVar [[r.VT.MaxAnisotropy:8]]
[2024.01.20-15.24.58:090][  0]LogConfig: Setting CVar [[r.Streaming.LimitPoolSizeToVRAM:0]]
[2024.01.20-15.24.58:090][  0]LogConfig: Setting CVar [[r.Streaming.PoolSize:1000]]
[2024.01.20-15.24.58:090][  0]LogConfig: Setting CVar [[r.Streaming.MaxEffectiveScreenSize:0]]
[2024.01.20-15.24.58:090][  0]LogConfig: Applying CVar settings from Section [EffectsQuality@3] File [D:/GameProjects/UE/Snake/SnakeProject/Saved/Config/Windows/Scalability.ini]
[2024.01.20-15.24.58:090][  0]LogConfig: Setting CVar [[r.TranslucencyLightingVolumeDim:64]]
[2024.01.20-15.24.58:090][  0]LogConfig: Setting CVar [[r.RefractionQuality:2]]
[2024.01.20-15.24.58:090][  0]LogConfig: Setting CVar [[r.SSR.Quality:3]]
[2024.01.20-15.24.58:090][  0]LogConfig: Setting CVar [[r.SSR.HalfResSceneColor:0]]
[2024.01.20-15.24.58:090][  0]LogConfig: Setting CVar [[r.SceneColorFormat:4]]
[2024.01.20-15.24.58:090][  0]LogConfig: Setting CVar [[r.DetailMode:2]]
[2024.01.20-15.24.58:090][  0]LogConfig: Setting CVar [[r.TranslucencyVolumeBlur:1]]
[2024.01.20-15.24.58:090][  0]LogConfig: Setting CVar [[r.MaterialQualityLevel:1 ; High quality]]
[2024.01.20-15.24.58:090][  0]LogConfig: Setting CVar [[r.AnisotropicMaterials:1]]
[2024.01.20-15.24.58:090][  0]LogConfig: Setting CVar [[r.SSS.Scale:1]]
[2024.01.20-15.24.58:091][  0]LogConfig: Setting CVar [[r.SSS.SampleSet:2]]
[2024.01.20-15.24.58:091][  0]LogConfig: Setting CVar [[r.SSS.Quality:1]]
[2024.01.20-15.24.58:091][  0]LogConfig: Setting CVar [[r.SSS.HalfRes:0]]
[2024.01.20-15.24.58:091][  0]LogConfig: Setting CVar [[r.SSGI.Quality:3]]
[2024.01.20-15.24.58:091][  0]LogConfig: Setting CVar [[r.EmitterSpawnRateScale:1.0]]
[2024.01.20-15.24.58:091][  0]LogConfig: Setting CVar [[r.ParticleLightQuality:2]]
[2024.01.20-15.24.58:091][  0]LogConfig: Setting CVar [[r.SkyAtmosphere.AerialPerspectiveLUT.FastApplyOnOpaque:1 ; Always have FastSkyLUT 1 in this case to avoid wrong sky]]
[2024.01.20-15.24.58:091][  0]LogConfig: Setting CVar [[r.SkyAtmosphere.AerialPerspectiveLUT.SampleCountMaxPerSlice:4]]
[2024.01.20-15.24.58:091][  0]LogConfig: Setting CVar [[r.SkyAtmosphere.AerialPerspectiveLUT.DepthResolution:16.0]]
[2024.01.20-15.24.58:091][  0]LogConfig: Setting CVar [[r.SkyAtmosphere.FastSkyLUT:1]]
[2024.01.20-15.24.58:091][  0]LogConfig: Setting CVar [[r.SkyAtmosphere.FastSkyLUT.SampleCountMin:4.0]]
[2024.01.20-15.24.58:091][  0]LogConfig: Setting CVar [[r.SkyAtmosphere.FastSkyLUT.SampleCountMax:128.0]]
[2024.01.20-15.24.58:091][  0]LogConfig: Setting CVar [[r.SkyAtmosphere.SampleCountMin:4.0]]
[2024.01.20-15.24.58:091][  0]LogConfig: Setting CVar [[r.SkyAtmosphere.SampleCountMax:128.0]]
[2024.01.20-15.24.58:091][  0]LogConfig: Setting CVar [[r.SkyAtmosphere.TransmittanceLUT.UseSmallFormat:0]]
[2024.01.20-15.24.58:091][  0]LogConfig: Setting CVar [[r.SkyAtmosphere.TransmittanceLUT.SampleCount:10.0]]
[2024.01.20-15.24.58:091][  0]LogConfig: Setting CVar [[r.SkyAtmosphere.MultiScatteringLUT.SampleCount:15.0]]
[2024.01.20-15.24.58:092][  0]LogConfig: Setting CVar [[r.SkyLight.RealTimeReflectionCapture:1]]
[2024.01.20-15.24.58:092][  0]LogConfig: Applying CVar settings from Section [FoliageQuality@3] File [D:/GameProjects/UE/Snake/SnakeProject/Saved/Config/Windows/Scalability.ini]
[2024.01.20-15.24.58:092][  0]LogConfig: Setting CVar [[foliage.DensityScale:1.0]]
[2024.01.20-15.24.58:092][  0]LogConfig: Setting CVar [[grass.DensityScale:1.0]]
[2024.01.20-15.24.58:092][  0]LogConfig: Applying CVar settings from Section [ShadingQuality@3] File [D:/GameProjects/UE/Snake/SnakeProject/Saved/Config/Windows/Scalability.ini]
[2024.01.20-15.24.58:092][  0]LogConfig: Setting CVar [[r.HairStrands.SkyLighting.IntegrationType:2]]
[2024.01.20-15.24.58:092][  0]LogConfig: Setting CVar [[r.HairStrands.SkyAO.SampleCount:4]]
[2024.01.20-15.24.58:092][  0]LogConfig: Setting CVar [[r.HairStrands.Visibility.MSAA.SamplePerPixel:4]]
[2024.01.20-15.24.58:092][  0]LogInit: Selected Device Profile: [Windows]
[2024.01.20-15.24.58:092][  0]LogInit: Applying CVar settings loaded from the selected device profile: [Windows]
[2024.01.20-15.24.58:092][  0]LogHAL: Display: Platform has ~ 16 GB [16987742208 / 17179869184 / 16], which maps to Larger [LargestMinGB=32, LargerMinGB=12, DefaultMinGB=8, SmallerMinGB=6, SmallestMinGB=0)
[2024.01.20-15.24.58:092][  0]LogInit: Going up to parent DeviceProfile []
[2024.01.20-15.24.58:092][  0]LogConfig: Applying CVar settings from Section [ViewDistanceQuality@3] File [D:/GameProjects/UE/Snake/SnakeProject/Saved/Config/Windows/Scalability.ini]
[2024.01.20-15.24.58:092][  0]LogConfig: Setting CVar [[r.SkeletalMeshLODBias:0]]
[2024.01.20-15.24.58:092][  0]LogConfig: Setting CVar [[r.ViewDistanceScale:1.0]]
[2024.01.20-15.24.58:093][  0]LogConfig: Applying CVar settings from Section [AntiAliasingQuality@3] File [D:/GameProjects/UE/Snake/SnakeProject/Saved/Config/Windows/Scalability.ini]
[2024.01.20-15.24.58:093][  0]LogConfig: Setting CVar [[r.PostProcessAAQuality:4]]
[2024.01.20-15.24.58:093][  0]LogConfig: Applying CVar settings from Section [ShadowQuality@3] File [D:/GameProjects/UE/Snake/SnakeProject/Saved/Config/Windows/Scalability.ini]
[2024.01.20-15.24.58:093][  0]LogConfig: Setting CVar [[r.LightFunctionQuality:1]]
[2024.01.20-15.24.58:093][  0]LogConfig: Setting CVar [[r.ShadowQuality:5]]
[2024.01.20-15.24.58:093][  0]LogConfig: Setting CVar [[r.Shadow.CSM.MaxCascades:10]]
[2024.01.20-15.24.58:093][  0]LogConfig: Setting CVar [[r.Shadow.MaxResolution:2048]]
[2024.01.20-15.24.58:093][  0]LogConfig: Setting CVar [[r.Shadow.MaxCSMResolution:2048]]
[2024.01.20-15.24.58:093][  0]LogConfig: Setting CVar [[r.Shadow.RadiusThreshold:0.01]]
[2024.01.20-15.24.58:093][  0]LogConfig: Setting CVar [[r.Shadow.DistanceScale:1.0]]
[2024.01.20-15.24.58:093][  0]LogConfig: Setting CVar [[r.Shadow.CSM.TransitionScale:1.0]]
[2024.01.20-15.24.58:093][  0]LogConfig: Setting CVar [[r.Shadow.PreShadowResolutionFactor:1.0]]
[2024.01.20-15.24.58:093][  0]LogConfig: Setting CVar [[r.DistanceFieldShadowing:1]]
[2024.01.20-15.24.58:093][  0]LogConfig: Setting CVar [[r.DistanceFieldAO:1]]
[2024.01.20-15.24.58:093][  0]LogConfig: Setting CVar [[r.AOQuality:2]]
[2024.01.20-15.24.58:093][  0]LogConfig: Setting CVar [[r.VolumetricFog:1]]
[2024.01.20-15.24.58:093][  0]LogConfig: Setting CVar [[r.VolumetricFog.GridPixelSize:8]]
[2024.01.20-15.24.58:093][  0]LogConfig: Setting CVar [[r.VolumetricFog.GridSizeZ:128]]
[2024.01.20-15.24.58:093][  0]LogConfig: Setting CVar [[r.VolumetricFog.HistoryMissSupersampleCount:4]]
[2024.01.20-15.24.58:093][  0]LogConfig: Setting CVar [[r.LightMaxDrawDistanceScale:1]]
[2024.01.20-15.24.58:093][  0]LogConfig: Setting CVar [[r.CapsuleShadows:1]]
[2024.01.20-15.24.58:093][  0]LogConfig: Applying CVar settings from Section [PostProcessQuality@3] File [D:/GameProjects/UE/Snake/SnakeProject/Saved/Config/Windows/Scalability.ini]
[2024.01.20-15.24.58:093][  0]LogConfig: Setting CVar [[r.MotionBlurQuality:4]]
[2024.01.20-15.24.58:093][  0]LogConfig: Setting CVar [[r.AmbientOcclusionMipLevelFactor:0.4]]
[2024.01.20-15.24.58:094][  0]LogConfig: Setting CVar [[r.AmbientOcclusionMaxQuality:100]]
[2024.01.20-15.24.58:094][  0]LogConfig: Setting CVar [[r.AmbientOcclusionLevels:-1]]
[2024.01.20-15.24.58:094][  0]LogConfig: Setting CVar [[r.AmbientOcclusionRadiusScale:1.0]]
[2024.01.20-15.24.58:094][  0]LogConfig: Setting CVar [[r.DepthOfFieldQuality:2]]
[2024.01.20-15.24.58:094][  0]LogConfig: Setting CVar [[r.RenderTargetPoolMin:400]]
[2024.01.20-15.24.58:094][  0]LogConfig: Setting CVar [[r.LensFlareQuality:2]]
[2024.01.20-15.24.58:094][  0]LogConfig: Setting CVar [[r.SceneColorFringeQuality:1]]
[2024.01.20-15.24.58:094][  0]LogConfig: Setting CVar [[r.EyeAdaptationQuality:2]]
[2024.01.20-15.24.58:094][  0]LogConfig: Setting CVar [[r.BloomQuality:5]]
[2024.01.20-15.24.58:094][  0]LogConfig: Setting CVar [[r.FastBlurThreshold:100]]
[2024.01.20-15.24.58:094][  0]LogConfig: Setting CVar [[r.Upscale.Quality:3]]
[2024.01.20-15.24.58:094][  0]LogConfig: Setting CVar [[r.Tonemapper.GrainQuantization:1]]
[2024.01.20-15.24.58:094][  0]LogConfig: Setting CVar [[r.LightShaftQuality:1]]
[2024.01.20-15.24.58:094][  0]LogConfig: Setting CVar [[r.Filter.SizeScale:1]]
[2024.01.20-15.24.58:094][  0]LogConfig: Setting CVar [[r.Tonemapper.Quality:5]]
[2024.01.20-15.24.58:094][  0]LogConfig: Setting CVar [[r.DOF.Gather.AccumulatorQuality:1        ; higher gathering accumulator quality]]
[2024.01.20-15.24.58:094][  0]LogConfig: Setting CVar [[r.DOF.Gather.PostfilterMethod:1          ; Median3x3 postfilering method]]
[2024.01.20-15.24.58:095][  0]LogConfig: Setting CVar [[r.DOF.Gather.EnableBokehSettings:0       ; no bokeh simulation when gathering]]
[2024.01.20-15.24.58:095][  0]LogConfig: Setting CVar [[r.DOF.Gather.RingCount:4                 ; medium number of samples when gathering]]
[2024.01.20-15.24.58:095][  0]LogConfig: Setting CVar [[r.DOF.Scatter.ForegroundCompositing:1    ; additive foreground scattering]]
[2024.01.20-15.24.58:095][  0]LogConfig: Setting CVar [[r.DOF.Scatter.BackgroundCompositing:2    ; additive background scattering]]
[2024.01.20-15.24.58:095][  0]LogConfig: Setting CVar [[r.DOF.Scatter.EnableBokehSettings:1      ; bokeh simulation when scattering]]
[2024.01.20-15.24.58:095][  0]LogConfig: Setting CVar [[r.DOF.Scatter.MaxSpriteRatio:0.1         ; only a maximum of 10% of scattered bokeh]]
[2024.01.20-15.24.58:095][  0]LogConfig: Setting CVar [[r.DOF.Recombine.Quality:1                ; cheap slight out of focus]]
[2024.01.20-15.24.58:095][  0]LogConfig: Setting CVar [[r.DOF.Recombine.EnableBokehSettings:0    ; no bokeh simulation on slight out of focus]]
[2024.01.20-15.24.58:095][  0]LogConfig: Setting CVar [[r.DOF.TemporalAAQuality:1                ; more stable temporal accumulation]]
[2024.01.20-15.24.58:095][  0]LogConfig: Setting CVar [[r.DOF.Kernel.MaxForegroundRadius:0.025]]
[2024.01.20-15.24.58:095][  0]LogConfig: Setting CVar [[r.DOF.Kernel.MaxBackgroundRadius:0.025]]
[2024.01.20-15.24.58:095][  0]LogConfig: Applying CVar settings from Section [TextureQuality@3] File [D:/GameProjects/UE/Snake/SnakeProject/Saved/Config/Windows/Scalability.ini]
[2024.01.20-15.24.58:095][  0]LogConfig: Setting CVar [[r.Streaming.MipBias:0]]
[2024.01.20-15.24.58:095][  0]LogConfig: Setting CVar [[r.Streaming.AmortizeCPUToGPUCopy:0]]
[2024.01.20-15.24.58:095][  0]LogConfig: Setting CVar [[r.Streaming.MaxNumTexturesToStreamPerFrame:0]]
[2024.01.20-15.24.58:095][  0]LogConfig: Setting CVar [[r.Streaming.Boost:1]]
[2024.01.20-15.24.58:095][  0]LogConfig: Setting CVar [[r.MaxAnisotropy:8]]
[2024.01.20-15.24.58:095][  0]LogConfig: Setting CVar [[r.VT.MaxAnisotropy:8]]
[2024.01.20-15.24.58:096][  0]LogConfig: Setting CVar [[r.Streaming.LimitPoolSizeToVRAM:0]]
[2024.01.20-15.24.58:096][  0]LogConfig: Setting CVar [[r.Streaming.PoolSize:1000]]
[2024.01.20-15.24.58:096][  0]LogConfig: Setting CVar [[r.Streaming.MaxEffectiveScreenSize:0]]
[2024.01.20-15.24.58:096][  0]LogConfig: Applying CVar settings from Section [EffectsQuality@3] File [D:/GameProjects/UE/Snake/SnakeProject/Saved/Config/Windows/Scalability.ini]
[2024.01.20-15.24.58:096][  0]LogConfig: Setting CVar [[r.TranslucencyLightingVolumeDim:64]]
[2024.01.20-15.24.58:096][  0]LogConfig: Setting CVar [[r.RefractionQuality:2]]
[2024.01.20-15.24.58:096][  0]LogConfig: Setting CVar [[r.SSR.Quality:3]]
[2024.01.20-15.24.58:096][  0]LogConfig: Setting CVar [[r.SSR.HalfResSceneColor:0]]
[2024.01.20-15.24.58:096][  0]LogConfig: Setting CVar [[r.SceneColorFormat:4]]
[2024.01.20-15.24.58:096][  0]LogConfig: Setting CVar [[r.DetailMode:2]]
[2024.01.20-15.24.58:096][  0]LogConfig: Setting CVar [[r.TranslucencyVolumeBlur:1]]
[2024.01.20-15.24.58:096][  0]LogConfig: Setting CVar [[r.MaterialQualityLevel:1 ; High quality]]
[2024.01.20-15.24.58:096][  0]LogConfig: Setting CVar [[r.AnisotropicMaterials:1]]
[2024.01.20-15.24.58:096][  0]LogConfig: Setting CVar [[r.SSS.Scale:1]]
[2024.01.20-15.24.58:096][  0]LogConfig: Setting CVar [[r.SSS.SampleSet:2]]
[2024.01.20-15.24.58:096][  0]LogConfig: Setting CVar [[r.SSS.Quality:1]]
[2024.01.20-15.24.58:096][  0]LogConfig: Setting CVar [[r.SSS.HalfRes:0]]
[2024.01.20-15.24.58:097][  0]LogConfig: Setting CVar [[r.SSGI.Quality:3]]
[2024.01.20-15.24.58:097][  0]LogConfig: Setting CVar [[r.EmitterSpawnRateScale:1.0]]
[2024.01.20-15.24.58:097][  0]LogConfig: Setting CVar [[r.ParticleLightQuality:2]]
[2024.01.20-15.24.58:097][  0]LogConfig: Setting CVar [[r.SkyAtmosphere.AerialPerspectiveLUT.FastApplyOnOpaque:1 ; Always have FastSkyLUT 1 in this case to avoid wrong sky]]
[2024.01.20-15.24.58:097][  0]LogConfig: Setting CVar [[r.SkyAtmosphere.AerialPerspectiveLUT.SampleCountMaxPerSlice:4]]
[2024.01.20-15.24.58:097][  0]LogConfig: Setting CVar [[r.SkyAtmosphere.AerialPerspectiveLUT.DepthResolution:16.0]]
[2024.01.20-15.24.58:097][  0]LogConfig: Setting CVar [[r.SkyAtmosphere.FastSkyLUT:1]]
[2024.01.20-15.24.58:097][  0]LogConfig: Setting CVar [[r.SkyAtmosphere.FastSkyLUT.SampleCountMin:4.0]]
[2024.01.20-15.24.58:097][  0]LogConfig: Setting CVar [[r.SkyAtmosphere.FastSkyLUT.SampleCountMax:128.0]]
[2024.01.20-15.24.58:097][  0]LogConfig: Setting CVar [[r.SkyAtmosphere.SampleCountMin:4.0]]
[2024.01.20-15.24.58:097][  0]LogConfig: Setting CVar [[r.SkyAtmosphere.SampleCountMax:128.0]]
[2024.01.20-15.24.58:097][  0]LogConfig: Setting CVar [[r.SkyAtmosphere.TransmittanceLUT.UseSmallFormat:0]]
[2024.01.20-15.24.58:097][  0]LogConfig: Setting CVar [[r.SkyAtmosphere.TransmittanceLUT.SampleCount:10.0]]
[2024.01.20-15.24.58:097][  0]LogConfig: Setting CVar [[r.SkyAtmosphere.MultiScatteringLUT.SampleCount:15.0]]
[2024.01.20-15.24.58:097][  0]LogConfig: Setting CVar [[r.SkyLight.RealTimeReflectionCapture:1]]
[2024.01.20-15.24.58:097][  0]LogConfig: Applying CVar settings from Section [FoliageQuality@3] File [D:/GameProjects/UE/Snake/SnakeProject/Saved/Config/Windows/Scalability.ini]
[2024.01.20-15.24.58:097][  0]LogConfig: Setting CVar [[foliage.DensityScale:1.0]]
[2024.01.20-15.24.58:097][  0]LogConfig: Setting CVar [[grass.DensityScale:1.0]]
[2024.01.20-15.24.58:098][  0]LogConfig: Applying CVar settings from Section [ShadingQuality@3] File [D:/GameProjects/UE/Snake/SnakeProject/Saved/Config/Windows/Scalability.ini]
[2024.01.20-15.24.58:098][  0]LogConfig: Setting CVar [[r.HairStrands.SkyLighting.IntegrationType:2]]
[2024.01.20-15.24.58:098][  0]LogConfig: Setting CVar [[r.HairStrands.SkyAO.SampleCount:4]]
[2024.01.20-15.24.58:098][  0]LogConfig: Setting CVar [[r.HairStrands.Visibility.MSAA.SamplePerPixel:4]]
[2024.01.20-15.24.58:098][  0]LogConfig: Applying CVar settings from Section [Startup] File [../../../Engine/Config/ConsoleVariables.ini]
[2024.01.20-15.24.58:098][  0]LogConfig: Setting CVar [[net.UseAdaptiveNetUpdateFrequency:0]]
[2024.01.20-15.24.58:098][  0]LogConfig: Setting CVar [[p.chaos.AllowCreatePhysxBodies:1]]
[2024.01.20-15.24.58:098][  0]LogConfig: Setting CVar [[fx.SkipVectorVMBackendOptimizations:1]]
[2024.01.20-15.24.58:098][  0]LogConfig: Applying CVar settings from Section [ConsoleVariables] File [D:/GameProjects/UE/Snake/SnakeProject/Saved/Config/Windows/Engine.ini]
[2024.01.20-15.24.58:098][  0]LogConfig: Applying CVar settings from Section [ConsoleVariables] File [D:/GameProjects/UE/Snake/SnakeProject/Saved/Config/Windows/Editor.ini]
[2024.01.20-15.24.58:098][  0]LogInit: Computer: ELENA
[2024.01.20-15.24.58:098][  0]LogInit: User: lll33
[2024.01.20-15.24.58:099][  0]LogInit: CPU Page size=4096, Cores=6
[2024.01.20-15.24.58:099][  0]LogInit: High frequency timer resolution =10.000000 MHz
[2024.01.20-15.24.58:099][  0]LogMemory: Memory total: Physical=15.8GB (16GB approx)
[2024.01.20-15.24.58:099][  0]LogMemory: Platform Memory Stats for Windows
[2024.01.20-15.24.58:099][  0]LogMemory: Process Physical Memory: 145.31 MB used, 145.31 MB peak
[2024.01.20-15.24.58:099][  0]LogMemory: Process Virtual Memory: 127.99 MB used, 127.99 MB peak
[2024.01.20-15.24.58:099][  0]LogMemory: Physical Memory: 9979.82 MB used,  6220.95 MB free, 16200.77 MB total
[2024.01.20-15.24.58:099][  0]LogMemory: Virtual Memory: 134212456.00 MB used,  5269.49 MB free, 134217728.00 MB total
[2024.01.20-15.24.58:107][  0]LogWindows: WindowsPlatformFeatures enabled
[2024.01.20-15.24.58:180][  0]LogInit: Physics initialised using underlying interface: PhysX
[2024.01.20-15.24.58:181][  0]LogInit: Using OS detected language (ru-RU).
[2024.01.20-15.24.58:181][  0]LogInit: Using OS detected locale (ru-RU).
[2024.01.20-15.24.58:184][  0]LogTextLocalizationManager: No specific localization for 'ru-RU' exists, so the 'ru' localization will be used.
[2024.01.20-15.24.58:185][  0]LogTextLocalizationResource: LocRes '../../../Engine/Content/Localization/Editor/ru/Editor.locres' could not be opened for reading!
[2024.01.20-15.24.58:185][  0]LogTextLocalizationResource: LocRes '../../../Engine/Content/Localization/EditorTutorials/ru/EditorTutorials.locres' could not be opened for reading!
[2024.01.20-15.24.58:185][  0]LogTextLocalizationResource: LocRes '../../../Engine/Content/Localization/Keywords/ru/Keywords.locres' could not be opened for reading!
[2024.01.20-15.24.58:185][  0]LogTextLocalizationResource: LocRes '../../../Engine/Content/Localization/Category/ru/Category.locres' could not be opened for reading!
[2024.01.20-15.24.58:185][  0]LogTextLocalizationResource: LocRes '../../../Engine/Content/Localization/ToolTips/ru/ToolTips.locres' could not be opened for reading!
[2024.01.20-15.24.58:186][  0]LogTextLocalizationResource: LocRes '../../../Engine/Content/Localization/PropertyNames/ru/PropertyNames.locres' could not be opened for reading!
[2024.01.20-15.24.58:186][  0]LogTextLocalizationResource: LocRes '../../../Engine/Content/Localization/Engine/ru/Engine.locres' could not be opened for reading!
[2024.01.20-15.24.58:187][  0]LogInit: Setting process to per monitor DPI aware
[2024.01.20-15.24.58:202][  0]LogWindowsTextInputMethodSystem: Display: IME system deactivated.
[2024.01.20-15.24.58:216][  0]LogSlate: New Slate User Created.  User Index 0, Is Virtual User: 0
[2024.01.20-15.24.58:216][  0]LogSlate: Slate User Registered.  User Index 0, Is Virtual User: 0
[2024.01.20-15.24.58:341][  0]LogD3D11RHI: Loaded GFSDK_Aftermath_Lib.x64.dll
[2024.01.20-15.24.58:386][  0]LogHMD: Failed to initialize OpenVR with code 110
[2024.01.20-15.24.58:386][  0]LogD3D11RHI: D3D11 min allowed feature level: 11_0
[2024.01.20-15.24.58:386][  0]LogD3D11RHI: D3D11 max allowed feature level: 11_0
[2024.01.20-15.24.58:386][  0]LogD3D11RHI: D3D11 adapters:
[2024.01.20-15.24.58:547][  0]LogD3D11RHI:    0. 'NVIDIA GeForce GTX 1660 Ti' (Feature Level 11_0)
[2024.01.20-15.24.58:547][  0]LogD3D11RHI:       5979/0/8100 MB DedicatedVideo/DedicatedSystem/SharedSystem, Outputs:1, VendorId:0x10de
[2024.01.20-15.24.58:593][  0]LogD3D11RHI:    1. 'Intel(R) UHD Graphics' (Feature Level 11_0)
[2024.01.20-15.24.58:593][  0]LogD3D11RHI:       128/0/8100 MB DedicatedVideo/DedicatedSystem/SharedSystem, Outputs:0, VendorId:0x8086
[2024.01.20-15.24.58:596][  0]LogD3D11RHI:    2. 'Microsoft Basic Render Driver' (Feature Level 11_0)
[2024.01.20-15.24.58:596][  0]LogD3D11RHI:       0/0/8100 MB DedicatedVideo/DedicatedSystem/SharedSystem, Outputs:0, VendorId:0x1414
[2024.01.20-15.24.58:596][  0]LogD3D11RHI: Chosen D3D11 Adapter:
[2024.01.20-15.24.58:597][  0]LogD3D11RHI:     Description : NVIDIA GeForce GTX 1660 Ti
[2024.01.20-15.24.58:597][  0]LogD3D11RHI:     VendorId    : 10de
[2024.01.20-15.24.58:597][  0]LogD3D11RHI:     DeviceId    : 2191
[2024.01.20-15.24.58:597][  0]LogD3D11RHI:     SubSysId    : 12b81462
[2024.01.20-15.24.58:597][  0]LogD3D11RHI:     Revision    : 00a1
[2024.01.20-15.24.58:597][  0]LogD3D11RHI:     DedicatedVideoMemory : 6269435904 bytes
[2024.01.20-15.24.58:597][  0]LogD3D11RHI:     DedicatedSystemMemory : 0 bytes
[2024.01.20-15.24.58:597][  0]LogD3D11RHI:     SharedSystemMemory : 8493871104 bytes
[2024.01.20-15.24.58:597][  0]LogD3D11RHI:     AdapterLuid : 0 57722
[2024.01.20-15.24.58:606][  0]LogD3D11RHI: Creating new Direct3DDevice
[2024.01.20-15.24.58:606][  0]LogD3D11RHI:     GPU DeviceId: 0x2191 (for the marketing name, search the web for "GPU Device Id")
[2024.01.20-15.24.58:606][  0]LogWindows: EnumDisplayDevices:
[2024.01.20-15.24.58:606][  0]LogWindows:    0. 'Intel(R) UHD Graphics' (P:1 D:1)
[2024.01.20-15.24.58:607][  0]LogWindows:    1. 'Intel(R) UHD Graphics' (P:0 D:0)
[2024.01.20-15.24.58:607][  0]LogWindows:    2. 'Intel(R) UHD Graphics' (P:0 D:0)
[2024.01.20-15.24.58:608][  0]LogWindows:    3. 'NVIDIA GeForce GTX 1660 Ti' (P:0 D:0)
[2024.01.20-15.24.58:608][  0]LogWindows:    4. 'NVIDIA GeForce GTX 1660 Ti' (P:0 D:0)
[2024.01.20-15.24.58:608][  0]LogWindows:    5. 'NVIDIA GeForce GTX 1660 Ti' (P:0 D:0)
[2024.01.20-15.24.58:608][  0]LogWindows:    6. 'NVIDIA GeForce GTX 1660 Ti' (P:0 D:0)
[2024.01.20-15.24.58:609][  0]LogWindows: DebugString: PrimaryIsNotTheChoosenAdapter PrimaryIsNotTheChoosenAdapter PrimaryIsNotTheChoosenAdapter FoundDriverCount:4 
[2024.01.20-15.24.58:609][  0]LogD3D11RHI:     Adapter Name: NVIDIA GeForce GTX 1660 Ti
[2024.01.20-15.24.58:609][  0]LogD3D11RHI:   Driver Version: 546.17 (internal:31.0.15.4617, unified:546.17)
[2024.01.20-15.24.58:609][  0]LogD3D11RHI:      Driver Date: 11-9-2023
[2024.01.20-15.24.58:609][  0]LogRHI: Texture pool is 4185 MB (70% of 5979 MB)
[2024.01.20-15.24.58:609][  0]LogD3D11RHI: Creating D3DDevice using adapter:
[2024.01.20-15.24.58:609][  0]LogD3D11RHI:     Description : NVIDIA GeForce GTX 1660 Ti
[2024.01.20-15.24.58:609][  0]LogD3D11RHI:     VendorId    : 10de
[2024.01.20-15.24.58:609][  0]LogD3D11RHI:     DeviceId    : 2191
[2024.01.20-15.24.58:609][  0]LogD3D11RHI:     SubSysId    : 12b81462
[2024.01.20-15.24.58:609][  0]LogD3D11RHI:     Revision    : 00a1
[2024.01.20-15.24.58:609][  0]LogD3D11RHI:     DedicatedVideoMemory : 6269435904 bytes
[2024.01.20-15.24.58:609][  0]LogD3D11RHI:     DedicatedSystemMemory : 0 bytes
[2024.01.20-15.24.58:610][  0]LogD3D11RHI:     SharedSystemMemory : 8493871104 bytes
[2024.01.20-15.24.58:610][  0]LogD3D11RHI:     AdapterLuid : 0 57722
[2024.01.20-15.24.58:702][  0]LogD3D11RHI: RHI has support for 64 bit atomics
[2024.01.20-15.24.58:703][  0]LogD3D11RHI: Async texture creation enabled
[2024.01.20-15.24.58:703][  0]LogD3D11RHI: Array index from any shader is supported
[2024.01.20-15.24.58:718][  0]LogD3D11RHI: GPU Timing Frequency: 1000.000000 (Debug: 2 1)
[2024.01.20-15.24.58:756][  0]LogRHI: GeForceNow SDK initialized: 1
[2024.01.20-15.24.59:034][  0]LogTargetPlatformManager: Display: Loaded TargetPlatform 'AllDesktop'
[2024.01.20-15.24.59:053][  0]LogTargetPlatformManager: Display: Loaded TargetPlatform 'Android'
[2024.01.20-15.24.59:053][  0]LogTargetPlatformManager: Display: Loaded TargetPlatform 'Android_ASTC'
[2024.01.20-15.24.59:053][  0]LogTargetPlatformManager: Display: Loaded TargetPlatform 'Android_DXT'
[2024.01.20-15.24.59:053][  0]LogTargetPlatformManager: Display: Loaded TargetPlatform 'Android_ETC2'
[2024.01.20-15.24.59:054][  0]LogTargetPlatformManager: Display: Loaded TargetPlatform 'AndroidClient'
[2024.01.20-15.24.59:054][  0]LogTargetPlatformManager: Display: Loaded TargetPlatform 'Android_ASTCClient'
[2024.01.20-15.24.59:054][  0]LogTargetPlatformManager: Display: Loaded TargetPlatform 'Android_DXTClient'
[2024.01.20-15.24.59:054][  0]LogTargetPlatformManager: Display: Loaded TargetPlatform 'Android_ETC2Client'
[2024.01.20-15.24.59:054][  0]LogTargetPlatformManager: Display: Loaded TargetPlatform 'Android_Multi'
[2024.01.20-15.24.59:054][  0]LogTargetPlatformManager: Display: Loaded TargetPlatform 'Android_MultiClient'
[2024.01.20-15.24.59:135][  0]LogTargetPlatformManager: Display: Loaded TargetPlatform 'IOSClient'
[2024.01.20-15.24.59:136][  0]LogTargetPlatformManager: Display: Loaded TargetPlatform 'IOS'
[2024.01.20-15.24.59:145][  0]LogTargetPlatformManager: Display: Loaded TargetPlatform 'Linux'
[2024.01.20-15.24.59:151][  0]LogTargetPlatformManager: Display: Loaded TargetPlatform 'LinuxNoEditor'
[2024.01.20-15.24.59:157][  0]LogTargetPlatformManager: Display: Loaded TargetPlatform 'LinuxClient'
[2024.01.20-15.24.59:162][  0]LogTargetPlatformManager: Display: Loaded TargetPlatform 'LinuxServer'
[2024.01.20-15.24.59:172][  0]LogTargetPlatformManager: Display: Loaded TargetPlatform 'LinuxAArch64NoEditor'
[2024.01.20-15.24.59:177][  0]LogTargetPlatformManager: Display: Loaded TargetPlatform 'LinuxAArch64Client'
[2024.01.20-15.24.59:184][  0]LogTargetPlatformManager: Display: Loaded TargetPlatform 'LinuxAArch64Server'
[2024.01.20-15.24.59:205][  0]LogTargetPlatformManager: Display: Loaded TargetPlatform 'Lumin'
[2024.01.20-15.24.59:205][  0]LogTargetPlatformManager: Display: Loaded TargetPlatform 'LuminClient'
[2024.01.20-15.24.59:213][  0]LogTargetPlatformManager: Display: Loaded TargetPlatform 'MacNoEditor'
[2024.01.20-15.24.59:218][  0]LogTargetPlatformManager: Display: Loaded TargetPlatform 'Mac'
[2024.01.20-15.24.59:224][  0]LogTargetPlatformManager: Display: Loaded TargetPlatform 'MacClient'
[2024.01.20-15.24.59:229][  0]LogTargetPlatformManager: Display: Loaded TargetPlatform 'MacServer'
[2024.01.20-15.24.59:238][  0]LogTargetPlatformManager: Display: Loaded TargetPlatform 'TVOSClient'
[2024.01.20-15.24.59:239][  0]LogTargetPlatformManager: Display: Loaded TargetPlatform 'TVOS'
[2024.01.20-15.24.59:248][  0]LogTargetPlatformManager: Display: Loaded TargetPlatform 'WindowsNoEditor'
[2024.01.20-15.24.59:252][  0]LogTargetPlatformManager: Display: Loaded TargetPlatform 'Windows'
[2024.01.20-15.24.59:258][  0]LogTargetPlatformManager: Display: Loaded TargetPlatform 'WindowsClient'
[2024.01.20-15.24.59:265][  0]LogTargetPlatformManager: Display: Loaded TargetPlatform 'WindowsServer'
[2024.01.20-15.24.59:265][  0]LogTargetPlatformManager: Display: Building Assets For Windows
[2024.01.20-15.24.59:275][  0]LogAudioDebug: Display: Lib vorbis DLL was dynamically loaded.
[2024.01.20-15.24.59:317][  0]LogTextureFormatOodle: Display: Oodle Texture 2.9.0 init RDO Off
[2024.01.20-15.24.59:361][  0]LogRendererCore: Ray tracing is disabled. Reason: r.RayTracing=0.
[2024.01.20-15.24.59:361][  0]LogShaderCompilers: Guid format shader working directory is 8 characters bigger than the processId version (D:/GameProjects/UE/Snake/SnakeProject/Intermediate/Shaders/WorkingDirectory/14960/).
[2024.01.20-15.24.59:361][  0]LogShaderCompilers: Cleaned the shader compiler working directory 'C:/Users/lll33/AppData/Local/Temp/UnrealShaderWorkingDir/7844B3BC40694AE6DB69DB8E37BCE285/'.
[2024.01.20-15.24.59:361][  0]LogXGEController: Cannot use XGE Controller as Incredibuild is not installed on this machine.
[2024.01.20-15.24.59:361][  0]LogShaderCompilers: Cannot use XGE Shader Compiler as Incredibuild is not installed on this machine.
[2024.01.20-15.24.59:361][  0]LogShaderCompilers: Display: Using Local Shader Compiler.
[2024.01.20-15.25.00:033][  0]LogDerivedDataCache: Display: Max Cache Size: 512 MB
[2024.01.20-15.25.00:088][  0]LogDerivedDataCache: Loaded boot cache 0.06s 94MB C:/Users/lll33/AppData/Local/UnrealEngine/4.27/DerivedDataCache/Boot.ddc.
[2024.01.20-15.25.00:088][  0]LogDerivedDataCache: Display: Loaded Boot cache: C:/Users/lll33/AppData/Local/UnrealEngine/4.27/DerivedDataCache/Boot.ddc
[2024.01.20-15.25.00:089][  0]LogDerivedDataCache: FDerivedDataBackendGraph:  Pak pak cache file D:/GameProjects/UE/Snake/SnakeProject/DerivedDataCache/DDC.ddp not found, will not use a pak cache.
[2024.01.20-15.25.00:089][  0]LogDerivedDataCache: Unable to find inner node Pak for hierarchical cache Hierarchy.
[2024.01.20-15.25.00:089][  0]LogDerivedDataCache: FDerivedDataBackendGraph:  CompressedPak pak cache file D:/GameProjects/UE/Snake/SnakeProject/DerivedDataCache/Compressed.ddp not found, will not use a pak cache.
[2024.01.20-15.25.00:089][  0]LogDerivedDataCache: Unable to find inner node CompressedPak for hierarchical cache Hierarchy.
[2024.01.20-15.25.00:107][  0]LogDerivedDataCache: Display: Pak cache opened for reading ../../../Engine/DerivedDataCache/Compressed.ddp.
[2024.01.20-15.25.00:107][  0]LogDerivedDataCache: FDerivedDataBackendGraph:  EnterprisePak pak cache file ../../../Enterprise/DerivedDataCache/Compressed.ddp not found, will not use a pak cache.
[2024.01.20-15.25.00:107][  0]LogDerivedDataCache: Unable to find inner node EnterprisePak for hierarchical cache Hierarchy.
[2024.01.20-15.25.00:114][  0]LogDerivedDataCache: Speed tests for C:/Users/lll33/AppData/Local/UnrealEngine/Common/DerivedDataCache took 0.01 seconds
[2024.01.20-15.25.00:114][  0]LogDerivedDataCache: Display: Performance to C:/Users/lll33/AppData/Local/UnrealEngine/Common/DerivedDataCache: Latency=0.02ms. RandomReadSpeed=1069.96MBs, RandomWriteSpeed=181.16MBs. Assigned SpeedClass 'Local'
[2024.01.20-15.25.00:116][  0]LogDerivedDataCache: Using Local data cache path C:/Users/lll33/AppData/Local/UnrealEngine/Common/DerivedDataCache: Writable
[2024.01.20-15.25.00:116][  0]LogDerivedDataCache: Shared data cache path not found in *engine.ini, will not use an Shared cache.
[2024.01.20-15.25.00:116][  0]LogDerivedDataCache: Unable to find inner node Shared for hierarchical cache Hierarchy.
[2024.01.20-15.25.00:159][  0]LogSlate: Using FreeType 2.10.0
[2024.01.20-15.25.00:160][  0]LogSlate: SlateFontServices - WITH_FREETYPE: 1, WITH_HARFBUZZ: 1
[2024.01.20-15.25.00:184][  0]LogAssetRegistry: FAssetRegistry took 0.0028 seconds to start up
[2024.01.20-15.25.00:391][  0]LogInit: Selected Device Profile: [Windows]
[2024.01.20-15.25.00:391][  0]LogInit: Active device profile: [000002683A0EBA00][0000026830073A00 49] Windows
[2024.01.20-15.25.00:391][  0]LogInit: Profiles: [000002683A0EBA00][0000026830073A00 49] Windows, [000002683A0A0700][0000026835AFFB80 49] WindowsNoEditor, [000002683A0E8800][000002682FFEE180 49] WindowsServer, [000002683A0A3200][000002682FFF2300 49] WindowsClient, [000002683A0EB100][0000026830076440 49] IOS, [000002683A0A1100][000002682FFFA580 49] iPadAir, [000002683A0E9000][000002682FFFE6C0 49] iPadAir2, [000002683A034200][0000026839222980 49] IPadPro, [000002683A034300][000002683921E9C0 49] iPadAir3, [000002683A0EAB00][0000026838FD2B40 49] iPadAir4, [000002683A037400][0000026838FD6CC0 49] iPadMini2, [000002683A0E9500][0000026838FDAE40 49] iPadMini3, [000002683A035500][0000026838FE8FC0 49] iPadMini4, [000002683A0EA300][000002682FFF7140 49] iPadMini5, [000002683A02BA00][000002683923B400 49] iPhone6, [000002683A02BB00][0000026838FED440 49] iPodTouch6, [000002683A037000][0000026839243700 49] iPhone7, [000002683A036F00][000002683923F740 49] iPodTouch7, [000002683A028C00][0000026835AFB8C0 49] iPhone5S, [000002683A035000][0000026830003A40 49] iPhone6Plus, [000002683A02AD00][0000026839247BC0 49] iPhone6S, [000002683A037600][000002683924A1C0 49] iPhone6SPlus, [000002683A029400][000002683924E340 49] iPhone7Plus, [000002683A035200][00000268392524C0 49] iPhoneSE, [000002683A02A500][0000026830006600 49] iPhone8, [000002683A035700][0000026839256740 49] iPhone8Plus, [000002683A029C00][000002683925A880 49] iPhoneX, [000002683A036000][000002683925E9C0 49] iPhoneXS, [000002683A028500][0000026839266B40 49] iPhoneXSMax, [000002683A035B00][000002683926ACC0 49] iPhoneXR, [000002683A029D00][000002683A582E40 49] iPhone11, [000002683A036D00][000002683A586FC0 49] iPhone11Pro, [000002683A029700][000002683A58B140 49] iPhone11ProMax, [000002683A037D00][000002683A58F2C0 49] iPhoneSE2, [000002683A02A400][000002683A593440 49] iPhone12Mini, [000002683A034900][000002683A5975C0 49] iPhone12, [000002683A02AB00][000002683A59B740 49] iPhone12Pro, [000002683A036E00][000002683A59F8C0 49] iPhone12ProMax, [000002683A029900][000002683A5A3A40 49] iPadPro105, [000002683A036100][000002683A5A7BC0 49] iPadPro129, [000002683A029600][000002683A5AA1C0 49] iPadPro97, [000002683A037E00][000002683A5AE340 49] iPadPro2_129, [000002683A028300][000002683A5B24C0 49] iPad5, [000002683A037C00][000002683A5B6640 49] iPad6, [000002683A029200][0000026839262780 49] iPad7, [000002683A035C00][000002683A5BA8C0 49] iPad8, [000002683A02BE00][000002683A5BEA00 49] iPadPro11, [000002683A036800][000002683A5C2B40 49] iPadPro2_11, [000002683A029500][000002683A5CACC0 49] iPadPro3_129, [000002683A036200][000002683A5CEE40 49] iPadPro4_129, [000002683A029100][000002683A5D2FC0 49] AppleTV, [000002683A036C00][000002683A5D7140 49] AppleTV4K, [000002683A029000][000002683A5DB2C0 49] TVOS, [000002683A034400][000002683A5DF440 49] Mac, [000002683A028D00][000002683A5E35C0 49] MacClient, [000002683A035F00][000002683A5E7740 49] MacNoEditor, [000002683A02B300][000002683A5EB8C0 49] MacServer, [000002683A037200][000002683A5EFA40 49] Linux, [000002683A028A00][000002683A5F3BC0 49] LinuxAArch64, [000002683A034700][000002683A5F61C0 49] LinuxNoEditor, [000002683A02A300][000002683A5FA340 49] LinuxAArch64NoEditor, [000002683A035E00][000002683A5FE4C0 49] LinuxClient, [000002683A029B00][000002683A602640 49] LinuxAArch64Client, [000002683A034C00][000002683A6067C0 49] LinuxServer, [000002683A02B500][000002683A60A940 49] LinuxAArch64Server, [000002683A035600][000002683A5C6A80 49] Android, [000002683A0A2F00][000002683A60EBC0 49] Android_Low, [000002683A13D100][000002683A612D00 49] Android_Mid, [000002683A0A2C00][000002683A61AE80 49] Android_High, [000002683A13DB00][000002683A61F000 49] Android_Default, [000002683A0A3E00][000002683A623180 49] Android_Adreno4xx, [000002683A13E300][000002683A627300 49] Android_Adreno5xx_Low, [000002683A0A1E00][000002683A62B480 49] Android_Adreno5xx, [000002683A13DF00][000002683A62F600 49] Android_Adreno6xx, [000002683A0A0F00][000002683A633780 49] Android_Adreno6xx_Vulkan, [000002683A13CE00][000002683A637900 49] Android_Mali_T6xx, [000002683A0A1A00][000002683A63BA80 49] Android_Mali_T7xx, [000002683A13E200][000002683A63FC00 49] Android_Mali_T8xx, [000002683A0A3700][000002683A642200 49] Android_Mali_G71, [000002683A13C200][000002683A646380 49] Android_Mali_G72, [000002683A0A2200][000002683A64A500 49] Android_Mali_G72_Vulkan, [000002683A13E600][000002683A64E680 49] Android_Mali_G76, [000002683A0A3600][000002683A652800 49] Android_Mali_G76_Vulkan, [000002683A13C800][000002683A656980 49] Android_Mali_G77, [000002683A0A3000][000002683A65AB00 49] Android_Mali_G77_Vulkan, [000002683A13C900][000002683A616C40 49] Android_Mali_G78, [000002683A0A0300][000002683A65ED80 49] Android_Mali_G78_Vulkan, [000002683A13D200][000002683A662EC0 49] Android_Mali_G710, [000002683A0A0B00][000002683A66B040 49] Android_Mali_G710_Vulkan, [000002683A13D800][000002683A66F1C0 49] Android_Vulkan_SM5, [000002683A035100][000002683A673340 49] Android_PowerVR_G6xxx, [000002683A13DC00][000002683A6774C0 49] Android_PowerVR_GT7xxx, [000002683A035800][000002683A97B640 49] Android_PowerVR_GE8xxx, [000002683A13CC00][000002683A97F7C0 49] Android_PowerVR_GM9xxx, [000002683A034F00][000002683A983940 49] Android_PowerVR_GM9xxx_Vulkan, [000002683A13D700][000002683A987AC0 49] Android_TegraK1, [000002683A036700][000002683A98A0C0 49] Android_Unknown_Vulkan, [000002683A13C300][000002683A98E240 49] Lumin, [000002683A034A00][000002683A9923C0 49] Lumin_Desktop, [000002683A13D600][000002683A996540 49] HoloLens, 
[2024.01.20-15.25.00:518][  0]LogMeshReduction: Using QuadricMeshReduction for automatic static mesh reduction
[2024.01.20-15.25.00:519][  0]LogMeshReduction: Using SimplygonMeshReduction for automatic skeletal mesh reduction
[2024.01.20-15.25.00:519][  0]LogMeshReduction: Using ProxyLODMeshReduction for automatic mesh merging
[2024.01.20-15.25.00:519][  0]LogMeshReduction: No distributed automatic mesh merging module available
[2024.01.20-15.25.00:519][  0]LogMeshMerging: No distributed automatic mesh merging module available
[2024.01.20-15.25.00:533][  0]LogNetVersion: SnakeProject 1.0.0, NetCL: 17155196, EngineNetVer: 17, GameNetVer: 0 (Checksum: 2950587140)
[2024.01.20-15.25.00:861][  0]LogTexture: Default maximum texture size for cubemaps generated from long-lat sources has been changed from 512 to unlimited. In order to preserve old behaiour for '/Engine/MapTemplates/Sky/DaylightAmbientCubemap.DaylightAmbientCubemap', its maximum texture size has been explicitly set to 512.
[2024.01.20-15.25.00:911][  0]LogHMD: PokeAHoleMaterial loaded successfully
[2024.01.20-15.25.00:917][  0]LogUObjectArray: 17178 objects as part of root set at end of initial load.
[2024.01.20-15.25.00:917][  0]LogUObjectAllocator: 4302048 out of 0 bytes used by permanent object pool.
[2024.01.20-15.25.00:917][  0]LogUObjectArray: CloseDisregardForGC: 0/0 objects in disregard for GC pool
[2024.01.20-15.25.01:234][  0]LogNiagaraDebuggerClient: Niagara Debugger Client Initialized | Session: 27FA498E4EED9B71F6FB4A879FD392EA | Instance: 7B7ECAA64C3B6920A9F7159E7043796C (ELENA-14960).
[2024.01.20-15.25.01:362][  0]LogPython: Using Python 3.7.7
[2024.01.20-15.25.01:827][  0]LogTcpMessaging: Initializing TcpMessaging bridge
[2024.01.20-15.25.01:834][  0]LogUdpMessaging: Initializing bridge on interface 0.0.0.0:0 to multicast group 230.0.0.1:6666.
[2024.01.20-15.25.02:105][  0]SourceControl: Source control is disabled
[2024.01.20-15.25.02:450][  0]LogUProjectInfo: Found projects:
[2024.01.20-15.25.02:640][  0]LogOpenImageDenoise: OIDN starting up
[2024.01.20-15.25.02:688][  0]LogAndroidPermission: UAndroidPermissionCallbackProxy::GetInstance
[2024.01.20-15.25.02:718][  0]LogAudioCaptureCore: Display: No Audio Capture implementations found. Audio input will be silent.
[2024.01.20-15.25.02:718][  0]LogAudioCaptureCore: Display: No Audio Capture implementations found. Audio input will be silent.
[2024.01.20-15.25.02:845][  0]LogCollectionManager: Loaded 0 collections in 0.001418 seconds
[2024.01.20-15.25.02:871][  0]LogFileCache: Scanning file cache for directory 'D:/GameProjects/UE/Snake/SnakeProject/Saved/Collections/' took 0.00s
[2024.01.20-15.25.02:871][  0]LogFileCache: Scanning file cache for directory 'D:/GameProjects/UE/Snake/SnakeProject/Content/Developers/lll33/Collections/' took 0.00s
[2024.01.20-15.25.02:871][  0]LogFileCache: Scanning file cache for directory 'D:/GameProjects/UE/Snake/SnakeProject/Content/Collections/' took 0.00s
[2024.01.20-15.25.02:871][  0]LogOcInput: OculusInput pre-init called
[2024.01.20-15.25.03:079][  0]LogEngine: Initializing Engine...
[2024.01.20-15.25.03:082][  0]LogHMD: Failed to enumerate extensions. Please check that you have a valid OpenXR runtime installed.
[2024.01.20-15.25.03:082][  0]LogHMD: Failed to initialize OpenVR with code 110
[2024.01.20-15.25.03:082][  0]LogMagicLeap: Warning: VR disabled because ZI is not enabled.  To enable, in the editor, Edit -> Project Settings -> Plugins -> Magic Leap Plugin -> Enable Zero Iteration
[2024.01.20-15.25.03:083][  0]LogStats: UGameplayTagsManager::InitializeManager -  0.000 s
[2024.01.20-15.25.03:186][  0]LogInit: Initializing FReadOnlyCVARCache
[2024.01.20-15.25.03:194][  0]LogAIModule: Creating AISystem for world Untitled
[2024.01.20-15.25.03:203][  0]LogAudio: Display: Initializing Audio Device Manager...
[2024.01.20-15.25.03:208][  0]LogAudio: Display: Loading Default Audio Settings Objects...
[2024.01.20-15.25.03:209][  0]LogAudio: Display: No default SoundConcurrencyObject specified (or failed to load).
[2024.01.20-15.25.03:209][  0]LogAudio: Display: Audio Device Manager Initialized
[2024.01.20-15.25.03:209][  0]LogAudio: Display: Creating Audio Device:                 Id: 1, Scope: Shared, Realtime: True
[2024.01.20-15.25.03:209][  0]LogAudioMixer: Display: Audio Mixer Platform Settings:
[2024.01.20-15.25.03:210][  0]LogAudioMixer: Display: 	Sample Rate:						  48000
[2024.01.20-15.25.03:210][  0]LogAudioMixer: Display: 	Callback Buffer Frame Size Requested: 1024
[2024.01.20-15.25.03:210][  0]LogAudioMixer: Display: 	Callback Buffer Frame Size To Use:	  1024
[2024.01.20-15.25.03:210][  0]LogAudioMixer: Display: 	Number of buffers to queue:			  2
[2024.01.20-15.25.03:210][  0]LogAudioMixer: Display: 	Max Channels (voices):				  32
[2024.01.20-15.25.03:210][  0]LogAudioMixer: Display: 	Number of Async Source Workers:		  0
[2024.01.20-15.25.03:210][  0]LogAudio: Display: AudioDevice MaxSources: 32
[2024.01.20-15.25.03:210][  0]LogAudio: Display: Audio Spatialization Plugin: None (built-in).
[2024.01.20-15.25.03:210][  0]LogAudio: Display: Audio Reverb Plugin: None (built-in).
[2024.01.20-15.25.03:211][  0]LogAudio: Display: Audio Occlusion Plugin: None (built-in).
[2024.01.20-15.25.03:211][  0]LogAudioMixer: Display: Initializing audio mixer.
[2024.01.20-15.25.03:226][  0]LogAudioMixer: Display: 0: FrontLeft
[2024.01.20-15.25.03:227][  0]LogAudioMixer: Display: 1: FrontRight
[2024.01.20-15.25.03:244][  0]LogAudioMixer: Display: Using Audio Device Headphones (Realtek(R) Audio)
[2024.01.20-15.25.03:244][  0]LogAudioMixer: Display: Initializing Sound Submixes...
[2024.01.20-15.25.03:246][  0]LogAudioMixer: Display: Creating Master Submix 'MasterSubmixDefault'
[2024.01.20-15.25.03:246][  0]LogAudioMixer: Display: Creating Master Submix 'MasterReverbSubmixDefault'
[2024.01.20-15.25.03:247][  0]LogAudioMixer: Display: Creating Master Submix 'MasterEQSubmixDefault'
[2024.01.20-15.25.03:247][  0]LogAudioMixer: FMixerPlatformXAudio2::StartAudioStream() called
[2024.01.20-15.25.03:247][  0]LogAudioMixer: Display: Output buffers initialized: Frames=1024, Channels=2, Samples=2048
[2024.01.20-15.25.03:249][  0]LogAudioMixer: Display: Starting AudioMixerPlatformInterface::RunInternal()
[2024.01.20-15.25.03:249][  0]LogAudioMixer: Display: FMixerPlatformXAudio2::SubmitBuffer() called for the first time
[2024.01.20-15.25.03:249][  0]LogInit: FAudioDevice initialized.
[2024.01.20-15.25.03:249][  0]LogAudio: Display: Audio Device (ID: 1) registered with world 'Untitled'.
[2024.01.20-15.25.03:249][  0]LogNetVersion: Set ProjectVersion to 1.0.0.0. Version Checksum will be recalculated on next use.
[2024.01.20-15.25.03:299][  0]LogDerivedDataCache: Saved boot cache 0.05s 94MB C:/Users/lll33/AppData/Local/UnrealEngine/4.27/DerivedDataCache/Boot.ddc.
[2024.01.20-15.25.03:300][  0]LogInit: Texture streaming: Enabled
[2024.01.20-15.25.03:315][  0]LogAnalytics: Display: [UEEditor.Rocket.Release] APIServer = https://datarouter.ol.epicgames.com/. AppVersion = 4.27.2-18319896+++UE4+Release-4.27
[2024.01.20-15.25.03:321][  0]LogEngineSessionManager: EngineSessionManager initialized
[2024.01.20-15.25.03:321][  0]LogEditorSessionSummary: Verbose: Initializing EditorSessionSummaryWriter for editor session tracking
[2024.01.20-15.25.03:324][  0]LogEditorSessionSummary: EditorSessionSummaryWriter initialized
[2024.01.20-15.25.03:343][  0]LogInit: Transaction tracking system initialized
[2024.01.20-15.25.03:371][  0]BlueprintLog: New page: Editor Load
[2024.01.20-15.25.03:449][  0]LocalizationService: Localization service is disabled
[2024.01.20-15.25.03:478][  0]TimingProfiler: Initialize
[2024.01.20-15.25.03:479][  0]TimingProfiler: OnSessionChanged
[2024.01.20-15.25.03:479][  0]LoadingProfiler: Initialize
[2024.01.20-15.25.03:479][  0]LoadingProfiler: OnSessionChanged
[2024.01.20-15.25.03:479][  0]NetworkingProfiler: Initialize
[2024.01.20-15.25.03:479][  0]NetworkingProfiler: OnSessionChanged
[2024.01.20-15.25.03:479][  0]MemoryProfiler: Initialize
[2024.01.20-15.25.03:479][  0]MemoryProfiler: OnSessionChanged
[2024.01.20-15.25.03:648][  0]LogCook: Display: CookSettings for Memory: MemoryMaxUsedVirtual 0MiB, MemoryMaxUsedPhysical 16384MiB, MemoryMinFreeVirtual 0MiB, MemoryMinFreePhysical 1024MiB
[2024.01.20-15.25.03:648][  0]LogFileCache: Scanning file cache for directory 'D:/GameProjects/UE/Snake/SnakeProject/Content/' took 0.00s
[2024.01.20-15.25.03:648][  0]LogCook: Display: Mobile HDR setting 1
[2024.01.20-15.25.04:033][  0]LogInit: Display: Engine is initialized. Leaving FEngineLoop::Init()
[2024.01.20-15.25.04:036][  0]LogUnrealEdMisc: Loading editor; pre map load, took 7.238
[2024.01.20-15.25.04:036][  0]Cmd: MAP LOAD FILE="D:/GameProjects/UE/Snake/SnakeProject/Content/Main.umap" TEMPLATE=0 SHOWPROGRESS=1 FEATURELEVEL=3
[2024.01.20-15.25.04:036][  0]LightingResults: New page: Lighting Build
[2024.01.20-15.25.04:037][  0]LogWorld: UWorld::CleanupWorld for Untitled, bSessionEnded=true, bCleanupResources=true
[2024.01.20-15.25.04:038][  0]LogSlate: InvalidateAllWidgets triggered.  All widgets were invalidated
[2024.01.20-15.25.04:038][  0]MapCheck: New page: Map Check
[2024.01.20-15.25.04:038][  0]LightingResults: New page: Lighting Build
[2024.01.20-15.25.04:041][  0]LogAudio: Display: Audio Device unregistered from world 'None'.
[2024.01.20-15.25.04:044][  0]LogUObjectHash: Compacting FUObjectHashTables data took   0.70ms
[2024.01.20-15.25.04:093][  0]LogAudio: Display: Audio Device (ID: 1) registered with world 'Main'.
[2024.01.20-15.25.04:096][  0]LogAIModule: Creating AISystem for world Main
[2024.01.20-15.25.04:100][  0]LogEditorServer: Finished looking for orphan Actors (0.000 secs)
[2024.01.20-15.25.04:113][  0]LogUObjectHash: Compacting FUObjectHashTables data took   1.22ms
[2024.01.20-15.25.04:114][  0]Cmd: MAP CHECKDEP NOCLEARLOG
[2024.01.20-15.25.04:114][  0]MapCheck: Map check complete: 0 Error(s), 0 Warning(s), took 0,162ms to complete.
[2024.01.20-15.25.04:115][  0]LogFileHelpers: Loading map 'Main' took 0.079
[2024.01.20-15.25.04:117][  0]LogUnrealEdMisc: Total Editor Startup Time, took 7.320
[2024.01.20-15.25.04:225][  0]LogSlate: Updating window title bar state: overlay mode, drag disabled, window buttons hidden, title bar hidden
[2024.01.20-15.25.04:234][  0]LogSlate: Updating window title bar state: overlay mode, drag disabled, window buttons hidden, title bar hidden
[2024.01.20-15.25.04:241][  0]LogSlate: Updating window title bar state: overlay mode, drag disabled, window buttons hidden, title bar hidden
[2024.01.20-15.25.04:248][  0]LogSlate: Updating window title bar state: overlay mode, drag disabled, window buttons hidden, title bar hidden
[2024.01.20-15.25.04:263][  0]LogNativeClassHierarchy: Verbose: Native class hierarchy populated in 0.0104 seconds. Added 3826 classes and 930 folders.
[2024.01.20-15.25.04:267][  0]LogNativeClassHierarchy: Verbose: Native class hierarchy updated for 'WidgetCarousel' in 0.0003 seconds. Added 0 classes and 0 folders.
[2024.01.20-15.25.04:269][  0]LogPakFile: PakFile PrimaryIndexSize=187
[2024.01.20-15.25.04:269][  0]LogPakFile: PakFile PathHashIndexSize=101
[2024.01.20-15.25.04:269][  0]LogPakFile: PakFile FullDirectoryIndexSize=148
[2024.01.20-15.25.04:269][  0]LogShaderLibrary: Display: ShaderCodeLibraryPakFileMountedCallback: PakFile 'C:/Program Files/Epic Games/UE_4.27/FeaturePacks/FP_FirstPerson.upack' (chunk index -1, root 'root:/') mounted
[2024.01.20-15.25.04:269][  0]LogShaderLibrary: Display: ShaderCodeLibraryPakFileMountedCallback: pending pak file info (ChunkID:-1 Root:root:/ File:C:/Program Files/Epic Games/UE_4.27/FeaturePacks/FP_FirstPerson.upack)
[2024.01.20-15.25.04:269][  0]LogPakFile: OnPakFileMounted2Time == 0.000325
[2024.01.20-15.25.04:270][  0]LogPakFile: PakFile PrimaryIndexSize=189
[2024.01.20-15.25.04:270][  0]LogPakFile: PakFile PathHashIndexSize=101
[2024.01.20-15.25.04:270][  0]LogPakFile: PakFile FullDirectoryIndexSize=152
[2024.01.20-15.25.04:270][  0]LogShaderLibrary: Display: ShaderCodeLibraryPakFileMountedCallback: PakFile 'C:/Program Files/Epic Games/UE_4.27/FeaturePacks/FP_FirstPersonBP.upack' (chunk index -1, root 'root:/') mounted
[2024.01.20-15.25.04:271][  0]LogShaderLibrary: Display: ShaderCodeLibraryPakFileMountedCallback: pending pak file info (ChunkID:-1 Root:root:/ File:C:/Program Files/Epic Games/UE_4.27/FeaturePacks/FP_FirstPersonBP.upack)
[2024.01.20-15.25.04:271][  0]LogPakFile: OnPakFileMounted2Time == 0.000172
[2024.01.20-15.25.04:271][  0]LogPakFile: PakFile PrimaryIndexSize=191
[2024.01.20-15.25.04:271][  0]LogPakFile: PakFile PathHashIndexSize=101
[2024.01.20-15.25.04:271][  0]LogPakFile: PakFile FullDirectoryIndexSize=160
[2024.01.20-15.25.04:271][  0]LogShaderLibrary: Display: ShaderCodeLibraryPakFileMountedCallback: PakFile 'C:/Program Files/Epic Games/UE_4.27/FeaturePacks/MobileStarterContent.upack' (chunk index -1, root 'root:/') mounted
[2024.01.20-15.25.04:271][  0]LogShaderLibrary: Display: ShaderCodeLibraryPakFileMountedCallback: pending pak file info (ChunkID:-1 Root:root:/ File:C:/Program Files/Epic Games/UE_4.27/FeaturePacks/MobileStarterContent.upack)
[2024.01.20-15.25.04:271][  0]LogPakFile: OnPakFileMounted2Time == 0.000171
[2024.01.20-15.25.04:271][  0]LogPakFile: PakFile PrimaryIndexSize=185
[2024.01.20-15.25.04:272][  0]LogPakFile: PakFile PathHashIndexSize=101
[2024.01.20-15.25.04:272][  0]LogPakFile: PakFile FullDirectoryIndexSize=148
[2024.01.20-15.25.04:272][  0]LogShaderLibrary: Display: ShaderCodeLibraryPakFileMountedCallback: PakFile 'C:/Program Files/Epic Games/UE_4.27/FeaturePacks/StarterContent.upack' (chunk index -1, root 'root:/') mounted
[2024.01.20-15.25.04:272][  0]LogShaderLibrary: Display: ShaderCodeLibraryPakFileMountedCallback: pending pak file info (ChunkID:-1 Root:root:/ File:C:/Program Files/Epic Games/UE_4.27/FeaturePacks/StarterContent.upack)
[2024.01.20-15.25.04:272][  0]LogPakFile: OnPakFileMounted2Time == 0.000192
[2024.01.20-15.25.04:272][  0]LogPakFile: PakFile PrimaryIndexSize=190
[2024.01.20-15.25.04:273][  0]LogPakFile: PakFile PathHashIndexSize=101
[2024.01.20-15.25.04:273][  0]LogPakFile: PakFile FullDirectoryIndexSize=154
[2024.01.20-15.25.04:273][  0]LogShaderLibrary: Display: ShaderCodeLibraryPakFileMountedCallback: PakFile 'C:/Program Files/Epic Games/UE_4.27/FeaturePacks/TP_2DSideScroller.upack' (chunk index -1, root 'root:/') mounted
[2024.01.20-15.25.04:273][  0]LogShaderLibrary: Display: ShaderCodeLibraryPakFileMountedCallback: pending pak file info (ChunkID:-1 Root:root:/ File:C:/Program Files/Epic Games/UE_4.27/FeaturePacks/TP_2DSideScroller.upack)
[2024.01.20-15.25.04:273][  0]LogPakFile: OnPakFileMounted2Time == 0.000161
[2024.01.20-15.25.04:273][  0]LogPakFile: PakFile PrimaryIndexSize=192
[2024.01.20-15.25.04:274][  0]LogPakFile: PakFile PathHashIndexSize=101
[2024.01.20-15.25.04:274][  0]LogPakFile: PakFile FullDirectoryIndexSize=158
[2024.01.20-15.25.04:274][  0]LogShaderLibrary: Display: ShaderCodeLibraryPakFileMountedCallback: PakFile 'C:/Program Files/Epic Games/UE_4.27/FeaturePacks/TP_2DSideScrollerBP.upack' (chunk index -1, root 'root:/') mounted
[2024.01.20-15.25.04:274][  0]LogShaderLibrary: Display: ShaderCodeLibraryPakFileMountedCallback: pending pak file info (ChunkID:-1 Root:root:/ File:C:/Program Files/Epic Games/UE_4.27/FeaturePacks/TP_2DSideScrollerBP.upack)
[2024.01.20-15.25.04:274][  0]LogPakFile: OnPakFileMounted2Time == 0.000174
[2024.01.20-15.25.04:275][  0]LogPakFile: PakFile PrimaryIndexSize=182
[2024.01.20-15.25.04:275][  0]LogPakFile: PakFile PathHashIndexSize=101
[2024.01.20-15.25.04:275][  0]LogPakFile: PakFile FullDirectoryIndexSize=138
[2024.01.20-15.25.04:275][  0]LogShaderLibrary: Display: ShaderCodeLibraryPakFileMountedCallback: PakFile 'C:/Program Files/Epic Games/UE_4.27/FeaturePacks/TP_Flying.upack' (chunk index -1, root 'root:/') mounted
[2024.01.20-15.25.04:275][  0]LogShaderLibrary: Display: ShaderCodeLibraryPakFileMountedCallback: pending pak file info (ChunkID:-1 Root:root:/ File:C:/Program Files/Epic Games/UE_4.27/FeaturePacks/TP_Flying.upack)
[2024.01.20-15.25.04:275][  0]LogPakFile: OnPakFileMounted2Time == 0.000157
[2024.01.20-15.25.04:276][  0]LogPakFile: PakFile PrimaryIndexSize=184
[2024.01.20-15.25.04:276][  0]LogPakFile: PakFile PathHashIndexSize=101
[2024.01.20-15.25.04:276][  0]LogPakFile: PakFile FullDirectoryIndexSize=142
[2024.01.20-15.25.04:276][  0]LogShaderLibrary: Display: ShaderCodeLibraryPakFileMountedCallback: PakFile 'C:/Program Files/Epic Games/UE_4.27/FeaturePacks/TP_FlyingBP.upack' (chunk index -1, root 'root:/') mounted
[2024.01.20-15.25.04:276][  0]LogShaderLibrary: Display: ShaderCodeLibraryPakFileMountedCallback: pending pak file info (ChunkID:-1 Root:root:/ File:C:/Program Files/Epic Games/UE_4.27/FeaturePacks/TP_FlyingBP.upack)
[2024.01.20-15.25.04:276][  0]LogPakFile: OnPakFileMounted2Time == 0.000159
[2024.01.20-15.25.04:277][  0]LogPakFile: PakFile PrimaryIndexSize=188
[2024.01.20-15.25.04:277][  0]LogPakFile: PakFile PathHashIndexSize=101
[2024.01.20-15.25.04:277][  0]LogPakFile: PakFile FullDirectoryIndexSize=150
[2024.01.20-15.25.04:277][  0]LogShaderLibrary: Display: ShaderCodeLibraryPakFileMountedCallback: PakFile 'C:/Program Files/Epic Games/UE_4.27/FeaturePacks/TP_HandheldARBP.upack' (chunk index -1, root 'root:/') mounted
[2024.01.20-15.25.04:277][  0]LogShaderLibrary: Display: ShaderCodeLibraryPakFileMountedCallback: pending pak file info (ChunkID:-1 Root:root:/ File:C:/Program Files/Epic Games/UE_4.27/FeaturePacks/TP_HandheldARBP.upack)
[2024.01.20-15.25.04:277][  0]LogPakFile: OnPakFileMounted2Time == 0.000168
[2024.01.20-15.25.04:278][  0]LogPakFile: PakFile PrimaryIndexSize=182
[2024.01.20-15.25.04:278][  0]LogPakFile: PakFile PathHashIndexSize=101
[2024.01.20-15.25.04:278][  0]LogPakFile: PakFile FullDirectoryIndexSize=138
[2024.01.20-15.25.04:278][  0]LogShaderLibrary: Display: ShaderCodeLibraryPakFileMountedCallback: PakFile 'C:/Program Files/Epic Games/UE_4.27/FeaturePacks/TP_Puzzle.upack' (chunk index -1, root 'root:/') mounted
[2024.01.20-15.25.04:278][  0]LogShaderLibrary: Display: ShaderCodeLibraryPakFileMountedCallback: pending pak file info (ChunkID:-1 Root:root:/ File:C:/Program Files/Epic Games/UE_4.27/FeaturePacks/TP_Puzzle.upack)
[2024.01.20-15.25.04:278][  0]LogPakFile: OnPakFileMounted2Time == 0.000158
[2024.01.20-15.25.04:279][  0]LogPakFile: PakFile PrimaryIndexSize=184
[2024.01.20-15.25.04:279][  0]LogPakFile: PakFile PathHashIndexSize=101
[2024.01.20-15.25.04:279][  0]LogPakFile: PakFile FullDirectoryIndexSize=142
[2024.01.20-15.25.04:279][  0]LogShaderLibrary: Display: ShaderCodeLibraryPakFileMountedCallback: PakFile 'C:/Program Files/Epic Games/UE_4.27/FeaturePacks/TP_PuzzleBP.upack' (chunk index -1, root 'root:/') mounted
[2024.01.20-15.25.04:279][  0]LogShaderLibrary: Display: ShaderCodeLibraryPakFileMountedCallback: pending pak file info (ChunkID:-1 Root:root:/ File:C:/Program Files/Epic Games/UE_4.27/FeaturePacks/TP_PuzzleBP.upack)
[2024.01.20-15.25.04:279][  0]LogPakFile: OnPakFileMounted2Time == 0.000168
[2024.01.20-15.25.04:279][  0]LogPakFile: PakFile PrimaryIndexSize=183
[2024.01.20-15.25.04:280][  0]LogPakFile: PakFile PathHashIndexSize=101
[2024.01.20-15.25.04:280][  0]LogPakFile: PakFile FullDirectoryIndexSize=140
[2024.01.20-15.25.04:280][  0]LogShaderLibrary: Display: ShaderCodeLibraryPakFileMountedCallback: PakFile 'C:/Program Files/Epic Games/UE_4.27/FeaturePacks/TP_Rolling.upack' (chunk index -1, root 'root:/') mounted
[2024.01.20-15.25.04:280][  0]LogShaderLibrary: Display: ShaderCodeLibraryPakFileMountedCallback: pending pak file info (ChunkID:-1 Root:root:/ File:C:/Program Files/Epic Games/UE_4.27/FeaturePacks/TP_Rolling.upack)
[2024.01.20-15.25.04:280][  0]LogPakFile: OnPakFileMounted2Time == 0.000230
[2024.01.20-15.25.04:281][  0]LogPakFile: PakFile PrimaryIndexSize=185
[2024.01.20-15.25.04:281][  0]LogPakFile: PakFile PathHashIndexSize=101
[2024.01.20-15.25.04:281][  0]LogPakFile: PakFile FullDirectoryIndexSize=144
[2024.01.20-15.25.04:281][  0]LogShaderLibrary: Display: ShaderCodeLibraryPakFileMountedCallback: PakFile 'C:/Program Files/Epic Games/UE_4.27/FeaturePacks/TP_RollingBP.upack' (chunk index -1, root 'root:/') mounted
[2024.01.20-15.25.04:281][  0]LogShaderLibrary: Display: ShaderCodeLibraryPakFileMountedCallback: pending pak file info (ChunkID:-1 Root:root:/ File:C:/Program Files/Epic Games/UE_4.27/FeaturePacks/TP_RollingBP.upack)
[2024.01.20-15.25.04:281][  0]LogPakFile: OnPakFileMounted2Time == 0.000167
[2024.01.20-15.25.04:282][  0]LogPakFile: PakFile PrimaryIndexSize=188
[2024.01.20-15.25.04:283][  0]LogPakFile: PakFile PathHashIndexSize=101
[2024.01.20-15.25.04:283][  0]LogPakFile: PakFile FullDirectoryIndexSize=150
[2024.01.20-15.25.04:283][  0]LogShaderLibrary: Display: ShaderCodeLibraryPakFileMountedCallback: PakFile 'C:/Program Files/Epic Games/UE_4.27/FeaturePacks/TP_SideScroller.upack' (chunk index -1, root 'root:/') mounted
[2024.01.20-15.25.04:283][  0]LogShaderLibrary: Display: ShaderCodeLibraryPakFileMountedCallback: pending pak file info (ChunkID:-1 Root:root:/ File:C:/Program Files/Epic Games/UE_4.27/FeaturePacks/TP_SideScroller.upack)
[2024.01.20-15.25.04:283][  0]LogPakFile: OnPakFileMounted2Time == 0.000193
[2024.01.20-15.25.04:284][  0]LogPakFile: PakFile PrimaryIndexSize=190
[2024.01.20-15.25.04:284][  0]LogPakFile: PakFile PathHashIndexSize=101
[2024.01.20-15.25.04:284][  0]LogPakFile: PakFile FullDirectoryIndexSize=154
[2024.01.20-15.25.04:284][  0]LogShaderLibrary: Display: ShaderCodeLibraryPakFileMountedCallback: PakFile 'C:/Program Files/Epic Games/UE_4.27/FeaturePacks/TP_SideScrollerBP.upack' (chunk index -1, root 'root:/') mounted
[2024.01.20-15.25.04:284][  0]LogShaderLibrary: Display: ShaderCodeLibraryPakFileMountedCallback: pending pak file info (ChunkID:-1 Root:root:/ File:C:/Program Files/Epic Games/UE_4.27/FeaturePacks/TP_SideScrollerBP.upack)
[2024.01.20-15.25.04:284][  0]LogPakFile: OnPakFileMounted2Time == 0.000188
[2024.01.20-15.25.04:285][  0]LogPakFile: PakFile PrimaryIndexSize=187
[2024.01.20-15.25.04:285][  0]LogPakFile: PakFile PathHashIndexSize=101
[2024.01.20-15.25.04:285][  0]LogPakFile: PakFile FullDirectoryIndexSize=148
[2024.01.20-15.25.04:285][  0]LogShaderLibrary: Display: ShaderCodeLibraryPakFileMountedCallback: PakFile 'C:/Program Files/Epic Games/UE_4.27/FeaturePacks/TP_ThirdPerson.upack' (chunk index -1, root 'root:/') mounted
[2024.01.20-15.25.04:286][  0]LogShaderLibrary: Display: ShaderCodeLibraryPakFileMountedCallback: pending pak file info (ChunkID:-1 Root:root:/ File:C:/Program Files/Epic Games/UE_4.27/FeaturePacks/TP_ThirdPerson.upack)
[2024.01.20-15.25.04:286][  0]LogPakFile: OnPakFileMounted2Time == 0.000261
[2024.01.20-15.25.04:286][  0]LogPakFile: PakFile PrimaryIndexSize=189
[2024.01.20-15.25.04:286][  0]LogPakFile: PakFile PathHashIndexSize=101
[2024.01.20-15.25.04:287][  0]LogPakFile: PakFile FullDirectoryIndexSize=152
[2024.01.20-15.25.04:287][  0]LogShaderLibrary: Display: ShaderCodeLibraryPakFileMountedCallback: PakFile 'C:/Program Files/Epic Games/UE_4.27/FeaturePacks/TP_ThirdPersonBP.upack' (chunk index -1, root 'root:/') mounted
[2024.01.20-15.25.04:287][  0]LogShaderLibrary: Display: ShaderCodeLibraryPakFileMountedCallback: pending pak file info (ChunkID:-1 Root:root:/ File:C:/Program Files/Epic Games/UE_4.27/FeaturePacks/TP_ThirdPersonBP.upack)
[2024.01.20-15.25.04:287][  0]LogPakFile: OnPakFileMounted2Time == 0.000192
[2024.01.20-15.25.04:287][  0]LogPakFile: PakFile PrimaryIndexSize=183
[2024.01.20-15.25.04:287][  0]LogPakFile: PakFile PathHashIndexSize=101
[2024.01.20-15.25.04:287][  0]LogPakFile: PakFile FullDirectoryIndexSize=140
[2024.01.20-15.25.04:288][  0]LogShaderLibrary: Display: ShaderCodeLibraryPakFileMountedCallback: PakFile 'C:/Program Files/Epic Games/UE_4.27/FeaturePacks/TP_TopDown.upack' (chunk index -1, root 'root:/') mounted
[2024.01.20-15.25.04:288][  0]LogShaderLibrary: Display: ShaderCodeLibraryPakFileMountedCallback: pending pak file info (ChunkID:-1 Root:root:/ File:C:/Program Files/Epic Games/UE_4.27/FeaturePacks/TP_TopDown.upack)
[2024.01.20-15.25.04:288][  0]LogPakFile: OnPakFileMounted2Time == 0.000202
[2024.01.20-15.25.04:288][  0]LogPakFile: PakFile PrimaryIndexSize=185
[2024.01.20-15.25.04:288][  0]LogPakFile: PakFile PathHashIndexSize=101
[2024.01.20-15.25.04:289][  0]LogPakFile: PakFile FullDirectoryIndexSize=144
[2024.01.20-15.25.04:289][  0]LogShaderLibrary: Display: ShaderCodeLibraryPakFileMountedCallback: PakFile 'C:/Program Files/Epic Games/UE_4.27/FeaturePacks/TP_TopDownBP.upack' (chunk index -1, root 'root:/') mounted
[2024.01.20-15.25.04:289][  0]LogShaderLibrary: Display: ShaderCodeLibraryPakFileMountedCallback: pending pak file info (ChunkID:-1 Root:root:/ File:C:/Program Files/Epic Games/UE_4.27/FeaturePacks/TP_TopDownBP.upack)
[2024.01.20-15.25.04:289][  0]LogPakFile: OnPakFileMounted2Time == 0.000189
[2024.01.20-15.25.04:289][  0]LogPakFile: PakFile PrimaryIndexSize=185
[2024.01.20-15.25.04:290][  0]LogPakFile: PakFile PathHashIndexSize=101
[2024.01.20-15.25.04:290][  0]LogPakFile: PakFile FullDirectoryIndexSize=144
[2024.01.20-15.25.04:290][  0]LogShaderLibrary: Display: ShaderCodeLibraryPakFileMountedCallback: PakFile 'C:/Program Files/Epic Games/UE_4.27/FeaturePacks/TP_TwinStick.upack' (chunk index -1, root 'root:/') mounted
[2024.01.20-15.25.04:290][  0]LogShaderLibrary: Display: ShaderCodeLibraryPakFileMountedCallback: pending pak file info (ChunkID:-1 Root:root:/ File:C:/Program Files/Epic Games/UE_4.27/FeaturePacks/TP_TwinStick.upack)
[2024.01.20-15.25.04:290][  0]LogPakFile: OnPakFileMounted2Time == 0.000194
[2024.01.20-15.25.04:291][  0]LogPakFile: PakFile PrimaryIndexSize=187
[2024.01.20-15.25.04:291][  0]LogPakFile: PakFile PathHashIndexSize=101
[2024.01.20-15.25.04:291][  0]LogPakFile: PakFile FullDirectoryIndexSize=148
[2024.01.20-15.25.04:291][  0]LogShaderLibrary: Display: ShaderCodeLibraryPakFileMountedCallback: PakFile 'C:/Program Files/Epic Games/UE_4.27/FeaturePacks/TP_TwinStickBP.upack' (chunk index -1, root 'root:/') mounted
[2024.01.20-15.25.04:291][  0]LogShaderLibrary: Display: ShaderCodeLibraryPakFileMountedCallback: pending pak file info (ChunkID:-1 Root:root:/ File:C:/Program Files/Epic Games/UE_4.27/FeaturePacks/TP_TwinStickBP.upack)
[2024.01.20-15.25.04:291][  0]LogPakFile: OnPakFileMounted2Time == 0.000187
[2024.01.20-15.25.04:291][  0]LogPakFile: PakFile PrimaryIndexSize=183
[2024.01.20-15.25.04:291][  0]LogPakFile: PakFile PathHashIndexSize=101
[2024.01.20-15.25.04:291][  0]LogPakFile: PakFile FullDirectoryIndexSize=140
[2024.01.20-15.25.04:291][  0]LogShaderLibrary: Display: ShaderCodeLibraryPakFileMountedCallback: PakFile 'C:/Program Files/Epic Games/UE_4.27/FeaturePacks/TP_Vehicle.upack' (chunk index -1, root 'root:/') mounted
[2024.01.20-15.25.04:291][  0]LogShaderLibrary: Display: ShaderCodeLibraryPakFileMountedCallback: pending pak file info (ChunkID:-1 Root:root:/ File:C:/Program Files/Epic Games/UE_4.27/FeaturePacks/TP_Vehicle.upack)
[2024.01.20-15.25.04:292][  0]LogPakFile: OnPakFileMounted2Time == 0.000182
[2024.01.20-15.25.04:292][  0]LogPakFile: PakFile PrimaryIndexSize=186
[2024.01.20-15.25.04:292][  0]LogPakFile: PakFile PathHashIndexSize=101
[2024.01.20-15.25.04:292][  0]LogPakFile: PakFile FullDirectoryIndexSize=146
[2024.01.20-15.25.04:292][  0]LogShaderLibrary: Display: ShaderCodeLibraryPakFileMountedCallback: PakFile 'C:/Program Files/Epic Games/UE_4.27/FeaturePacks/TP_VehicleAdv.upack' (chunk index -1, root 'root:/') mounted
[2024.01.20-15.25.04:292][  0]LogShaderLibrary: Display: ShaderCodeLibraryPakFileMountedCallback: pending pak file info (ChunkID:-1 Root:root:/ File:C:/Program Files/Epic Games/UE_4.27/FeaturePacks/TP_VehicleAdv.upack)
[2024.01.20-15.25.04:292][  0]LogPakFile: OnPakFileMounted2Time == 0.000178
[2024.01.20-15.25.04:293][  0]LogPakFile: PakFile PrimaryIndexSize=188
[2024.01.20-15.25.04:293][  0]LogPakFile: PakFile PathHashIndexSize=101
[2024.01.20-15.25.04:293][  0]LogPakFile: PakFile FullDirectoryIndexSize=150
[2024.01.20-15.25.04:293][  0]LogShaderLibrary: Display: ShaderCodeLibraryPakFileMountedCallback: PakFile 'C:/Program Files/Epic Games/UE_4.27/FeaturePacks/TP_VehicleAdvBP.upack' (chunk index -1, root 'root:/') mounted
[2024.01.20-15.25.04:293][  0]LogShaderLibrary: Display: ShaderCodeLibraryPakFileMountedCallback: pending pak file info (ChunkID:-1 Root:root:/ File:C:/Program Files/Epic Games/UE_4.27/FeaturePacks/TP_VehicleAdvBP.upack)
[2024.01.20-15.25.04:293][  0]LogPakFile: OnPakFileMounted2Time == 0.000168
[2024.01.20-15.25.04:294][  0]LogPakFile: PakFile PrimaryIndexSize=185
[2024.01.20-15.25.04:294][  0]LogPakFile: PakFile PathHashIndexSize=101
[2024.01.20-15.25.04:294][  0]LogPakFile: PakFile FullDirectoryIndexSize=144
[2024.01.20-15.25.04:294][  0]LogShaderLibrary: Display: ShaderCodeLibraryPakFileMountedCallback: PakFile 'C:/Program Files/Epic Games/UE_4.27/FeaturePacks/TP_VehicleBP.upack' (chunk index -1, root 'root:/') mounted
[2024.01.20-15.25.04:294][  0]LogShaderLibrary: Display: ShaderCodeLibraryPakFileMountedCallback: pending pak file info (ChunkID:-1 Root:root:/ File:C:/Program Files/Epic Games/UE_4.27/FeaturePacks/TP_VehicleBP.upack)
[2024.01.20-15.25.04:294][  0]LogPakFile: OnPakFileMounted2Time == 0.000186
[2024.01.20-15.25.04:295][  0]LogPakFile: PakFile PrimaryIndexSize=192
[2024.01.20-15.25.04:295][  0]LogPakFile: PakFile PathHashIndexSize=101
[2024.01.20-15.25.04:295][  0]LogPakFile: PakFile FullDirectoryIndexSize=158
[2024.01.20-15.25.04:295][  0]LogShaderLibrary: Display: ShaderCodeLibraryPakFileMountedCallback: PakFile 'C:/Program Files/Epic Games/UE_4.27/FeaturePacks/TP_VirtualRealityBP.upack' (chunk index -1, root 'root:/') mounted
[2024.01.20-15.25.04:295][  0]LogShaderLibrary: Display: ShaderCodeLibraryPakFileMountedCallback: pending pak file info (ChunkID:-1 Root:root:/ File:C:/Program Files/Epic Games/UE_4.27/FeaturePacks/TP_VirtualRealityBP.upack)
[2024.01.20-15.25.04:295][  0]LogPakFile: OnPakFileMounted2Time == 0.000184
[2024.01.20-15.25.04:353][  0]LogNativeClassHierarchy: Verbose: Native class hierarchy updated for 'AddContentDialog' in 0.0003 seconds. Added 0 classes and 0 folders.
[2024.01.20-15.25.04:355][  0]LogNativeClassHierarchy: Verbose: Native class hierarchy updated for 'SceneOutliner' in 0.0003 seconds. Added 2 classes and 0 folders.
[2024.01.20-15.25.04:447][  0]LogSlate: Took 0.000185 seconds to synchronously load lazily loaded font '../../../Engine/Content/Slate/Fonts/Roboto-Regular.ttf' (155K)
[2024.01.20-15.25.04:448][  0]LogSlate: Took 0.000172 seconds to synchronously load lazily loaded font '../../../Engine/Content/Editor/Slate/Fonts/FontAwesome.ttf' (139K)
[2024.01.20-15.25.04:450][  0]LogSlate: Took 0.000313 seconds to synchronously load lazily loaded font '../../../Engine/Content/Slate/Fonts/Roboto-Bold.ttf' (160K)
[2024.01.20-15.25.04:526][  0]LogRenderer: Reallocating scene render targets to support 964x428 Format 10 NumSamples 1 (Frame:1).
[2024.01.20-15.25.04:565][  0]LogSlate: Took 0.000300 seconds to synchronously load lazily loaded font '../../../Engine/Content/Slate/Fonts/Roboto-Light.ttf' (167K)
[2024.01.20-15.25.04:640][  0]LogNativeClassHierarchy: Verbose: Native class hierarchy updated for 'HierarchicalLODOutliner' in 0.0002 seconds. Added 0 classes and 0 folders.
[2024.01.20-15.25.04:640][  0]LogLoad: (Engine Initialization) Total time: 7.84 seconds
[2024.01.20-15.25.04:640][  0]LogLoad: (Engine Initialization) Total Blueprint compile time: 0.00 seconds
[2024.01.20-15.25.04:687][  0]LogAssetRegistry: Asset discovery search completed in 4.5043 seconds
[2024.01.20-15.25.04:693][  0]LogCollectionManager: Fixed up redirectors for 0 collections in 0.000005 seconds (updated 0 objects)
[2024.01.20-15.25.04:695][  0]LogContentStreaming: Texture pool size now 1000 MB
[2024.01.20-15.25.07:524][163]LogTemp: Repeating last play command: Selected Viewport
[2024.01.20-15.25.07:528][163]LogPlayLevel: PlayLevel: No blueprints needed recompiling
[2024.01.20-15.25.07:528][163]PIE: New page: PIE session: Main (20 янв. 2024 г., 21:25:07)
[2024.01.20-15.25.07:530][163]LogOnline: OSS: Creating online subsystem instance for: NULL
[2024.01.20-15.25.07:531][163]LogOnline: OSS: TryLoadSubsystemAndSetDefault: Loaded subsystem for module [NULL]
[2024.01.20-15.25.07:533][163]LogPlayLevel: Creating play world package: /Game/UEDPIE_0_Main
[2024.01.20-15.25.07:535][163]LogPlayLevel: PIE: StaticDuplicateObject took: (0.001919s)
[2024.01.20-15.25.07:536][163]LogAIModule: Creating AISystem for world Main
[2024.01.20-15.25.07:536][163]LogPlayLevel: PIE: World Init took: (0.001146s)
[2024.01.20-15.25.07:536][163]LogPlayLevel: PIE: Created PIE world by copying editor world from /Game/Main.Main to /Game/UEDPIE_0_Main.Main (0.003432s)
[2024.01.20-15.25.07:546][163]LogUObjectHash: Compacting FUObjectHashTables data took   0.53ms
[2024.01.20-15.25.07:549][163]LogAudio: Display: Creating Audio Device:                 Id: 2, Scope: Unique, Realtime: True
[2024.01.20-15.25.07:549][163]LogAudioMixer: Display: Audio Mixer Platform Settings:
[2024.01.20-15.25.07:549][163]LogAudioMixer: Display: 	Sample Rate:						  48000
[2024.01.20-15.25.07:550][163]LogAudioMixer: Display: 	Callback Buffer Frame Size Requested: 1024
[2024.01.20-15.25.07:550][163]LogAudioMixer: Display: 	Callback Buffer Frame Size To Use:	  1024
[2024.01.20-15.25.07:550][163]LogAudioMixer: Display: 	Number of buffers to queue:			  2
[2024.01.20-15.25.07:550][163]LogAudioMixer: Display: 	Max Channels (voices):				  32
[2024.01.20-15.25.07:550][163]LogAudioMixer: Display: 	Number of Async Source Workers:		  0
[2024.01.20-15.25.07:550][163]LogAudio: Display: AudioDevice MaxSources: 32
[2024.01.20-15.25.07:550][163]LogAudio: Display: Audio Spatialization Plugin: None (built-in).
[2024.01.20-15.25.07:550][163]LogAudio: Display: Audio Reverb Plugin: None (built-in).
[2024.01.20-15.25.07:551][163]LogAudio: Display: Audio Occlusion Plugin: None (built-in).
[2024.01.20-15.25.07:551][163]LogAudioMixer: Display: Initializing audio mixer.
[2024.01.20-15.25.07:552][163]LogAudioMixer: Display: 0: FrontLeft
[2024.01.20-15.25.07:552][163]LogAudioMixer: Display: 1: FrontRight
[2024.01.20-15.25.07:561][163]LogAudioMixer: Display: Using Audio Device Headphones (Realtek(R) Audio)
[2024.01.20-15.25.07:561][163]LogAudioMixer: Display: Initializing Sound Submixes...
[2024.01.20-15.25.07:562][163]LogAudioMixer: Display: Creating Master Submix 'MasterSubmixDefault'
[2024.01.20-15.25.07:562][163]LogAudioMixer: Display: Creating Master Submix 'MasterReverbSubmixDefault'
[2024.01.20-15.25.07:562][163]LogAudioMixer: Display: Creating Master Submix 'MasterEQSubmixDefault'
[2024.01.20-15.25.07:562][163]LogAudioMixer: FMixerPlatformXAudio2::StartAudioStream() called
[2024.01.20-15.25.07:562][163]LogAudioMixer: Display: Output buffers initialized: Frames=1024, Channels=2, Samples=2048
[2024.01.20-15.25.07:564][163]LogAudioMixer: Display: Starting AudioMixerPlatformInterface::RunInternal()
[2024.01.20-15.25.07:564][163]LogAudioMixer: Display: FMixerPlatformXAudio2::SubmitBuffer() called for the first time
[2024.01.20-15.25.07:564][163]LogInit: FAudioDevice initialized.
[2024.01.20-15.25.07:564][163]LogAudio: Display: Audio Device (ID: 2) registered with world 'Main'.
[2024.01.20-15.25.07:588][163]LogLoad: Game class is 'BP_SnakeGameMode_C'
[2024.01.20-15.25.07:590][163]LogWorld: Bringing World /Game/UEDPIE_0_Main.Main up for play (max tick rate 60) at 2024.01.20-18.25.07
[2024.01.20-15.25.07:590][163]LogWorld: Bringing up level for play took: 0.000770
[2024.01.20-15.25.07:591][163]LogOnline: OSS: Creating online subsystem instance for: :Context_1
[2024.01.20-15.25.07:594][163]LogNativeClassHierarchy: Verbose: Native class hierarchy updated for 'MovieSceneCapture' in 0.0003 seconds. Added 20 classes and 0 folders.
[2024.01.20-15.25.07:595][163]LogActor: Warning: BP_SnakeElement_C /Game/UEDPIE_0_Main.Main:PersistentLevel.BP_SnakeElement_C_0 has natively added scene component(s), but none of them were set as the actor's RootComponent - picking one arbitrarily
[2024.01.20-15.25.07:595][163]LogActor: Warning: BP_SnakeElement_C /Game/UEDPIE_0_Main.Main:PersistentLevel.BP_SnakeElement_C_1 has natively added scene component(s), but none of them were set as the actor's RootComponent - picking one arbitrarily
[2024.01.20-15.25.07:596][163]LogActor: Warning: BP_SnakeElement_C /Game/UEDPIE_0_Main.Main:PersistentLevel.BP_SnakeElement_C_2 has natively added scene component(s), but none of them were set as the actor's RootComponent - picking one arbitrarily
[2024.01.20-15.25.07:596][163]LogActor: Warning: BP_SnakeElement_C /Game/UEDPIE_0_Main.Main:PersistentLevel.BP_SnakeElement_C_3 has natively added scene component(s), but none of them were set as the actor's RootComponent - picking one arbitrarily
[2024.01.20-15.25.07:596][163]LogActor: Warning: BP_SnakeElement_C /Game/UEDPIE_0_Main.Main:PersistentLevel.BP_SnakeElement_C_4 has natively added scene component(s), but none of them were set as the actor's RootComponent - picking one arbitrarily
[2024.01.20-15.25.07:596][163]PIE: Server logged in
[2024.01.20-15.25.07:597][163]PIE: Play in editor total start time 0,07 seconds.
[2024.01.20-15.25.07:599][163]LogTemp: Warning: I just started running
[2024.01.20-15.25.08:033][188]LogTemp: Warning: I just started running
[2024.01.20-15.25.08:534][218]LogTemp: Warning: I just started running
[2024.01.20-15.25.09:035][248]LogTemp: Warning: I just started running
[2024.01.20-15.25.09:535][278]LogTemp: Warning: I just started running
[2024.01.20-15.25.10:034][308]LogTemp: Warning: I just started running
[2024.01.20-15.25.10:530][337]LogTemp: Warning: I just started running
[2024.01.20-15.25.11:033][367]LogTemp: Warning: I just started running
[2024.01.20-15.25.11:530][397]LogTemp: Warning: I just started running
[2024.01.20-15.25.17:977][776]LogSlate: Took 0.000155 seconds to synchronously load lazily loaded font '../../../Engine/Content/Slate/Fonts/DroidSansMono.ttf' (77K)
[2024.01.20-15.25.18:341][795]LogTemp: Warning: I just started running
[2024.01.20-15.25.18:841][825]LogTemp: Warning: I just started running
[2024.01.20-15.25.19:342][855]LogTemp: Warning: I just started running
[2024.01.20-15.25.19:841][885]LogTemp: Warning: I just started running
[2024.01.20-15.25.20:341][915]LogTemp: Warning: I just started running
[2024.01.20-15.25.20:841][945]LogTemp: Warning: I just started running
[2024.01.20-15.25.21:342][975]LogTemp: Warning: I just started running
[2024.01.20-15.25.21:842][  5]LogTemp: Warning: I just started running
[2024.01.20-15.25.22:342][ 35]LogTemp: Warning: I just started running
[2024.01.20-15.25.22:842][ 65]LogTemp: Warning: I just started running
[2024.01.20-15.25.23:341][ 95]LogTemp: Warning: I just started running
[2024.01.20-15.25.23:841][125]LogTemp: Warning: I just started running
[2024.01.20-15.25.24:341][155]LogTemp: Warning: I just started running
[2024.01.20-15.25.24:744][177]LogSlate: Updating window title bar state: overlay mode, drag disabled, window buttons hidden, title bar hidden
[2024.01.20-15.25.24:744][177]LogWorld: BeginTearingDown for /Game/UEDPIE_0_Main
[2024.01.20-15.25.24:744][177]LogWorld: UWorld::CleanupWorld for Main, bSessionEnded=true, bCleanupResources=true
[2024.01.20-15.25.24:745][177]LogSlate: InvalidateAllWidgets triggered.  All widgets were invalidated
[2024.01.20-15.25.24:754][177]LogPlayLevel: Display: Shutting down PIE online subsystems
[2024.01.20-15.25.24:755][177]LogSlate: InvalidateAllWidgets triggered.  All widgets were invalidated
[2024.01.20-15.25.24:759][177]LogAudio: Display: Audio Device unregistered from world 'None'.
[2024.01.20-15.25.24:760][177]LogAudioMixer: FMixerPlatformXAudio2::StopAudioStream() called
[2024.01.20-15.25.24:761][177]LogAudioMixer: FMixerPlatformXAudio2::StopAudioStream() called
[2024.01.20-15.25.24:764][177]LogSlate: Updating window title bar state: overlay mode, drag disabled, window buttons hidden, title bar hidden
[2024.01.20-15.25.24:766][177]LogUObjectHash: Compacting FUObjectHashTables data took   0.65ms
[2024.01.20-15.25.24:810][180]LogPlayLevel: Display: Destroying online subsystem :Context_1
