Log file open, 01/20/24 18:41:28
LogWindows: Failed to load 'aqProf.dll' (GetLastError=126)
LogWindows: File 'aqProf.dll' does not exist
LogWindows: Failed to load 'VtuneApi.dll' (GetLastError=126)
LogWindows: File 'VtuneApi.dll' does not exist
LogWindows: Failed to load 'VtuneApi32e.dll' (GetLastError=126)
LogWindows: File 'VtuneApi32e.dll' does not exist
LogConsoleResponse: Display: Failed to find resolution value strings in scalability ini. Falling back to default.
LogConsoleResponse: Display: Failed to find resolution value strings in scalability ini. Falling back to default.
LogInit: Display: Running engine for game: SnakeProject
LogPlatformFile: Not using cached read wrapper
LogTaskGraph: Started task graph with 5 named threads and 35 total threads with 3 sets of task threads.
LogStats: Stats thread started at 0.289504
LogICUInternationalization: ICU TimeZone Detection - Raw Offset: +3:00, Platform Override: ''
LogInit: Display: Loading text-based GConfig....
LogPluginManager: Mounting plugin MeshPainting
LogPluginManager: Mounting plugin XGEController
LogPluginManager: Mounting plugin Paper2D
LogPluginManager: Mounting plugin LiveLink
LogPluginManager: Mounting plugin AISupport
LogPluginManager: Mounting plugin EnvironmentQueryEditor
LogPluginManager: Mounting plugin LightPropagationVolume
LogPluginManager: Mounting plugin CameraShakePreviewer
LogPluginManager: Mounting plugin AssetManagerEditor
LogPluginManager: Mounting plugin CurveEditorTools
LogPluginManager: Mounting plugin CryptoKeys
LogPluginManager: Mounting plugin DataValidation
LogPluginManager: Mounting plugin FacialAnimation
LogPluginManager: Mounting plugin GameplayTagsEditor
LogPluginManager: Mounting plugin GeometryMode
LogPluginManager: Mounting plugin MacGraphicsSwitching
LogPluginManager: Mounting plugin MaterialAnalyzer
LogPluginManager: Mounting plugin MobileLauncherProfileWizard
LogPluginManager: Mounting plugin PluginBrowser
LogPluginManager: Mounting plugin SpeedTreeImporter
LogPluginManager: Mounting plugin AnimationSharing
LogPluginManager: Mounting plugin GameplayCameras
LogPluginManager: Mounting plugin CLionSourceCodeAccess
LogPluginManager: Mounting plugin CodeLiteSourceCodeAccess
LogPluginManager: Mounting plugin GitSourceControl
LogPluginManager: Mounting plugin NullSourceCodeAccess
LogPluginManager: Mounting plugin KDevelopSourceCodeAccess
LogPluginManager: Mounting plugin OodleData
LogPluginManager: Mounting plugin PerforceSourceControl
LogPluginManager: Mounting plugin PixWinPlugin
LogPluginManager: Mounting plugin PlasticSourceControl
LogPluginManager: Mounting plugin PluginUtils
LogPluginManager: Mounting plugin PropertyAccessNode
LogPluginManager: Mounting plugin RiderSourceCodeAccess
LogPluginManager: Mounting plugin SubversionSourceControl
LogPluginManager: Mounting plugin TextureFormatOodle
LogPluginManager: Mounting plugin UObjectPlugin
LogPluginManager: Mounting plugin XCodeSourceCodeAccess
LogPluginManager: Mounting plugin VisualStudioCodeSourceCodeAccess
LogPluginManager: Mounting plugin VisualStudioSourceCodeAccess
LogPluginManager: Mounting plugin OodleNetwork
LogPluginManager: Mounting plugin DatasmithContent
LogPluginManager: Mounting plugin VariantManagerContent
LogPluginManager: Mounting plugin Niagara
LogPluginManager: Mounting plugin AlembicImporter
LogPluginManager: Mounting plugin AutomationUtils
LogPluginManager: Mounting plugin BackChannel
LogPluginManager: Mounting plugin ChaosCloth
LogPluginManager: Mounting plugin ChaosClothEditor
LogPluginManager: Mounting plugin ChaosEditor
LogPluginManager: Mounting plugin ChaosNiagara
LogPluginManager: Mounting plugin ChaosSolverPlugin
LogPluginManager: Mounting plugin CharacterAI
LogPluginManager: Mounting plugin GeometryCache
LogPluginManager: Mounting plugin GeometryCollectionPlugin
LogPluginManager: Mounting plugin AvfMedia
LogPluginManager: Mounting plugin AndroidMedia
LogPluginManager: Mounting plugin LuminPlatformFeatures
LogPluginManager: Mounting plugin MagicLeap
LogPluginManager: Mounting plugin GeometryProcessing
LogPluginManager: Mounting plugin ImgMedia
LogPluginManager: Mounting plugin MediaCompositing
LogPluginManager: Mounting plugin MediaPlayerEditor
LogPluginManager: Mounting plugin MotoSynth
LogPluginManager: Mounting plugin OpenImageDenoise
LogPluginManager: Mounting plugin PlanarCut
LogPluginManager: Mounting plugin PlatformCrypto
LogPluginManager: Mounting plugin ProxyLODPlugin
LogPluginManager: Mounting plugin MagicLeapLightEstimation
LogPluginManager: Mounting plugin PythonScriptPlugin
LogPluginManager: Mounting plugin WebMMedia
LogPluginManager: Mounting plugin MagicLeapMedia
LogPluginManager: Mounting plugin WmfMedia
LogPluginManager: Mounting plugin TcpMessaging
LogPluginManager: Mounting plugin UdpMessaging
LogPluginManager: Mounting plugin MagicLeapPassableWorld
LogPluginManager: Mounting plugin MLSDK
LogPluginManager: Mounting plugin SkeletalReduction
LogPluginManager: Mounting plugin ActorSequence
LogPluginManager: Mounting plugin LevelSequenceEditor
LogPluginManager: Mounting plugin LauncherChunkInstaller
LogPluginManager: Mounting plugin MatineeToLevelSequence
LogPluginManager: Mounting plugin TemplateSequence
LogPluginManager: Mounting plugin OnlineSubsystem
LogPluginManager: Mounting plugin OnlineSubsystemNull
LogPluginManager: Mounting plugin OnlineSubsystemUtils
LogPluginManager: Mounting plugin ActorLayerUtilities
LogPluginManager: Mounting plugin ScreenshotTools
LogPluginManager: Mounting plugin AndroidDeviceProfileSelector
LogPluginManager: Mounting plugin AndroidMoviePlayer
LogPluginManager: Mounting plugin AndroidPermission
LogPluginManager: Mounting plugin AppleImageUtils
LogPluginManager: Mounting plugin AppleMoviePlayer
LogPluginManager: Mounting plugin AssetTags
LogPluginManager: Mounting plugin ArchVisCharacter
LogPluginManager: Mounting plugin AudioCapture
LogPluginManager: Mounting plugin AudioSynesthesia
LogPluginManager: Mounting plugin CableComponent
LogPluginManager: Mounting plugin ChunkDownloader
LogPluginManager: Mounting plugin CustomMeshComponent
LogPluginManager: Mounting plugin EditableMesh
LogPluginManager: Mounting plugin ExampleDeviceProfileSelector
LogPluginManager: Mounting plugin GooglePAD
LogPluginManager: Mounting plugin GoogleCloudMessaging
LogPluginManager: Mounting plugin Takes
LogPluginManager: Mounting plugin IOSDeviceProfileSelector
LogPluginManager: Mounting plugin LinuxDeviceProfileSelector
LogPluginManager: Mounting plugin LocationServicesBPLibrary
LogPluginManager: Mounting plugin MobilePatchingUtils
LogPluginManager: Mounting plugin OpenXR
LogPluginManager: Mounting plugin OpenXRHandTracking
LogPluginManager: Mounting plugin OpenXREyeTracker
LogPluginManager: Mounting plugin PhysXVehicles
LogPluginManager: Mounting plugin PostSplashScreen
LogPluginManager: Mounting plugin PropertyAccessEditor
LogPluginManager: Mounting plugin ProceduralMeshComponent
LogPluginManager: Mounting plugin RuntimePhysXCooking
LogPluginManager: Mounting plugin SignificanceManager
LogPluginManager: Mounting plugin SoundFields
LogPluginManager: Mounting plugin Synthesis
LogPluginManager: Mounting plugin WebMMoviePlayer
LogPluginManager: Mounting plugin WindowsMoviePlayer
LogPluginManager: Mounting plugin ContentBrowserAssetDataSource
LogPluginManager: Mounting plugin ContentBrowserClassDataSource
LogPluginManager: Mounting plugin ContentBrowserFileDataSource
LogPluginManager: Mounting plugin OnlineSubsystemGooglePlay
LogPluginManager: Mounting plugin OnlineSubsystemIOS
LogPluginManager: Mounting plugin OculusVR
LogPluginManager: Mounting plugin SteamVR
PixWinPlugin: PIX capture plugin failed to initialize! Check that the process is launched from PIX.
LogInit: Using libcurl 7.55.1-DEV
LogInit:  - built for x86_64-pc-win32
LogInit:  - supports SSL with OpenSSL/1.1.1
LogInit:  - supports HTTP deflate (compression) using libz 1.2.8
LogInit:  - other features:
LogInit:      CURL_VERSION_SSL
LogInit:      CURL_VERSION_LIBZ
LogInit:      CURL_VERSION_IPV6
LogInit:      CURL_VERSION_ASYNCHDNS
LogInit:      CURL_VERSION_LARGEFILE
LogInit:      CURL_VERSION_IDN
LogInit:  CurlRequestOptions (configurable via config and command line):
LogInit:  - bVerifyPeer = true  - Libcurl will verify peer certificate
LogInit:  - bUseHttpProxy = false  - Libcurl will NOT use HTTP proxy
LogInit:  - bDontReuseConnections = false  - Libcurl will reuse connections
LogInit:  - MaxHostConnections = 16  - Libcurl will limit the number of connections to a host
LogInit:  - LocalHostAddr = Default
LogInit:  - BufferSize = 65536
LogOnline: OSS: Creating online subsystem instance for: NULL
LogInit: WinSock: version 1.1 (2.2), MaxSocks=32767, MaxUdp=65467
LogOnline: OSS: TryLoadSubsystemAndSetDefault: Loaded subsystem for module [NULL]
LogOculusPluginWrapper: OculusPlugin initialized successfully
LogHMD: Failed initializing OVRPlugin 1.59.0
LogInit: Build: ++UE4+Release-4.27-CL-18319896
LogInit: Engine Version: 4.27.2-18319896+++UE4+Release-4.27
LogInit: Compatible Engine Version: 4.27.0-17155196+++UE4+Release-4.27
LogInit: Net CL: 17155196
LogInit: OS: Windows 10 (Release 2009) (), CPU: Intel(R) Core(TM) i7-10750H CPU @ 2.60GHz, GPU: Intel(R) UHD Graphics
LogInit: Compiled (64-bit): Nov 30 2021 07:12:08
LogInit: Compiled with Visual C++: 19.24.28315.00
LogInit: Build Configuration: Development
LogInit: Branch Name: ++UE4+Release-4.27
LogInit: Command Line:  -skipcompile
LogInit: Base Directory: C:/Program Files/Epic Games/UE_4.27/Engine/Binaries/Win64/
LogInit: Allocator: TBB
LogInit: Installed Engine Build: 1
LogDevObjectVersion: Number of dev versions registered: 29
LogDevObjectVersion:   Dev-Blueprints (B0D832E4-1F89-4F0D-ACCF-7EB736FD4AA2): 10
LogDevObjectVersion:   Dev-Build (E1C64328-A22C-4D53-A36C-8E866417BD8C): 0
LogDevObjectVersion:   Dev-Core (375EC13C-06E4-48FB-B500-84F0262A717E): 4
LogDevObjectVersion:   Dev-Editor (E4B068ED-F494-42E9-A231-DA0B2E46BB41): 40
LogDevObjectVersion:   Dev-Framework (CFFC743F-43B0-4480-9391-14DF171D2073): 37
LogDevObjectVersion:   Dev-Mobile (B02B49B5-BB20-44E9-A304-32B752E40360): 3
LogDevObjectVersion:   Dev-Networking (A4E4105C-59A1-49B5-A7C5-40C4547EDFEE): 0
LogDevObjectVersion:   Dev-Online (39C831C9-5AE6-47DC-9A44-9C173E1C8E7C): 0
LogDevObjectVersion:   Dev-Physics (78F01B33-EBEA-4F98-B9B4-84EACCB95AA2): 14
LogDevObjectVersion:   Dev-Platform (6631380F-2D4D-43E0-8009-CF276956A95A): 0
LogDevObjectVersion:   Dev-Rendering (12F88B9F-8875-4AFC-A67C-D90C383ABD29): 45
LogDevObjectVersion:   Dev-Sequencer (7B5AE74C-D270-4C10-A958-57980B212A5A): 13
LogDevObjectVersion:   Dev-VR (D7296918-1DD6-4BDD-9DE2-64A83CC13884): 3
LogDevObjectVersion:   Dev-LoadTimes (C2A15278-BFE7-4AFE-6C17-90FF531DF755): 1
LogDevObjectVersion:   Private-Geometry (6EACA3D4-40EC-4CC1-B786-8BED09428FC5): 3
LogDevObjectVersion:   Dev-AnimPhys (29E575DD-E0A3-4627-9D10-D276232CDCEA): 17
LogDevObjectVersion:   Dev-Anim (AF43A65D-7FD3-4947-9873-3E8ED9C1BB05): 15
LogDevObjectVersion:   Dev-ReflectionCapture (6B266CEC-1EC7-4B8F-A30B-E4D90942FC07): 1
LogDevObjectVersion:   Dev-Automation (0DF73D61-A23F-47EA-B727-89E90C41499A): 1
LogDevObjectVersion:   FortniteMain (601D1886-AC64-4F84-AA16-D3DE0DEAC7D6): 47
LogDevObjectVersion:   FortniteRelease (E7086368-6B23-4C58-8439-1B7016265E91): 1
LogDevObjectVersion:   Dev-Enterprise (9DFFBCD6-494F-0158-E221-12823C92A888): 10
LogDevObjectVersion:   Dev-Niagara (F2AED0AC-9AFE-416F-8664-AA7FFA26D6FC): 1
LogDevObjectVersion:   Dev-Destruction (174F1F0B-B4C6-45A5-B13F-2EE8D0FB917D): 10
LogDevObjectVersion:   Dev-Physics-Ext (35F94A83-E258-406C-A318-09F59610247C): 41
LogDevObjectVersion:   Dev-PhysicsMaterial-Chaos (B68FC16E-8B1B-42E2-B453-215C058844FE): 1
LogDevObjectVersion:   Dev-CineCamera (B2E18506-4273-CFC2-A54E-F4BB758BBA07): 1
LogDevObjectVersion:   Dev-VirtualProduction (64F58936-FD1B-42BA-BA96-7289D5D0FA4E): 1
LogDevObjectVersion:   Dev-MediaFramework (6F0ED827-A609-4895-9C91-998D90180EA4): 2
LogInit: Presizing for max 25165824 objects, including 0 objects not considered by GC, pre-allocating 0 bytes for permanent pool.
LogConfig: Applying CVar settings from Section [/Script/Engine.StreamingSettings] File [D:/GameProjects/UE/Snake/SnakeProject/Saved/Config/Windows/Engine.ini]
LogConfig: Setting CVar [[s.MinBulkDataSizeForAsyncLoading:131072]]
LogConfig: Setting CVar [[s.AsyncLoadingThreadEnabled:0]]
LogConfig: Setting CVar [[s.EventDrivenLoaderEnabled:1]]
LogConfig: Setting CVar [[s.WarnIfTimeLimitExceeded:0]]
LogConfig: Setting CVar [[s.TimeLimitExceededMultiplier:1.5]]
LogConfig: Setting CVar [[s.TimeLimitExceededMinTime:0.005]]
LogConfig: Setting CVar [[s.UseBackgroundLevelStreaming:1]]
LogConfig: Setting CVar [[s.PriorityAsyncLoadingExtraTime:15.0]]
LogConfig: Setting CVar [[s.LevelStreamingActorsUpdateTimeLimit:5.0]]
LogConfig: Setting CVar [[s.PriorityLevelStreamingActorsUpdateExtraTime:5.0]]
LogConfig: Setting CVar [[s.LevelStreamingComponentsRegistrationGranularity:10]]
LogConfig: Setting CVar [[s.UnregisterComponentsTimeLimit:1.0]]
LogConfig: Setting CVar [[s.LevelStreamingComponentsUnregistrationGranularity:5]]
LogConfig: Setting CVar [[s.FlushStreamingOnExit:1]]
LogInit: Object subsystem initialized
LogConfig: Setting CVar [[con.DebugEarlyDefault:1]]
LogConfig: Setting CVar [[r.setres:1280x720]]
[2024.01.20-15.41.29:272][  0]LogConfig: Setting CVar [[r.VSync:0]]
[2024.01.20-15.41.29:273][  0]LogConfig: Setting CVar [[r.RHICmdBypass:0]]
[2024.01.20-15.41.29:273][  0]LogConfig: Applying CVar settings from Section [/Script/Engine.RendererSettings] File [D:/GameProjects/UE/Snake/SnakeProject/Saved/Config/Windows/Engine.ini]
[2024.01.20-15.41.29:273][  0]LogConfig: Setting CVar [[r.GPUCrashDebugging:0]]
[2024.01.20-15.41.29:273][  0]LogConfig: Applying CVar settings from Section [/Script/Engine.RendererOverrideSettings] File [D:/GameProjects/UE/Snake/SnakeProject/Saved/Config/Windows/Engine.ini]
[2024.01.20-15.41.29:273][  0]LogConfig: Applying CVar settings from Section [/Script/Engine.StreamingSettings] File [D:/GameProjects/UE/Snake/SnakeProject/Saved/Config/Windows/Engine.ini]
[2024.01.20-15.41.29:273][  0]LogConfig: Setting CVar [[s.MinBulkDataSizeForAsyncLoading:131072]]
[2024.01.20-15.41.29:273][  0]LogConfig: Setting CVar [[s.AsyncLoadingThreadEnabled:0]]
[2024.01.20-15.41.29:273][  0]LogConfig: Setting CVar [[s.EventDrivenLoaderEnabled:1]]
[2024.01.20-15.41.29:273][  0]LogConfig: Setting CVar [[s.WarnIfTimeLimitExceeded:0]]
[2024.01.20-15.41.29:273][  0]LogConfig: Setting CVar [[s.TimeLimitExceededMultiplier:1.5]]
[2024.01.20-15.41.29:273][  0]LogConfig: Setting CVar [[s.TimeLimitExceededMinTime:0.005]]
[2024.01.20-15.41.29:273][  0]LogConfig: Setting CVar [[s.UseBackgroundLevelStreaming:1]]
[2024.01.20-15.41.29:273][  0]LogConfig: Setting CVar [[s.PriorityAsyncLoadingExtraTime:15.0]]
[2024.01.20-15.41.29:273][  0]LogConfig: Setting CVar [[s.LevelStreamingActorsUpdateTimeLimit:5.0]]
[2024.01.20-15.41.29:273][  0]LogConfig: Setting CVar [[s.PriorityLevelStreamingActorsUpdateExtraTime:5.0]]
[2024.01.20-15.41.29:273][  0]LogConfig: Setting CVar [[s.LevelStreamingComponentsRegistrationGranularity:10]]
[2024.01.20-15.41.29:273][  0]LogConfig: Setting CVar [[s.UnregisterComponentsTimeLimit:1.0]]
[2024.01.20-15.41.29:274][  0]LogConfig: Setting CVar [[s.LevelStreamingComponentsUnregistrationGranularity:5]]
[2024.01.20-15.41.29:274][  0]LogConfig: Setting CVar [[s.FlushStreamingOnExit:1]]
[2024.01.20-15.41.29:274][  0]LogConfig: Applying CVar settings from Section [/Script/Engine.GarbageCollectionSettings] File [D:/GameProjects/UE/Snake/SnakeProject/Saved/Config/Windows/Engine.ini]
[2024.01.20-15.41.29:274][  0]LogConfig: Setting CVar [[gc.MaxObjectsNotConsideredByGC:1]]
[2024.01.20-15.41.29:274][  0]LogConfig: Setting CVar [[gc.SizeOfPermanentObjectPool:0]]
[2024.01.20-15.41.29:274][  0]LogConfig: Setting CVar [[gc.FlushStreamingOnGC:0]]
[2024.01.20-15.41.29:274][  0]LogConfig: Setting CVar [[gc.NumRetriesBeforeForcingGC:10]]
[2024.01.20-15.41.29:274][  0]LogConfig: Setting CVar [[gc.AllowParallelGC:1]]
[2024.01.20-15.41.29:274][  0]LogConfig: Setting CVar [[gc.TimeBetweenPurgingPendingKillObjects:61.1]]
[2024.01.20-15.41.29:274][  0]LogConfig: Setting CVar [[gc.MaxObjectsInEditor:25165824]]
[2024.01.20-15.41.29:274][  0]LogConfig: Setting CVar [[gc.IncrementalBeginDestroyEnabled:1]]
[2024.01.20-15.41.29:274][  0]LogConfig: Setting CVar [[gc.CreateGCClusters:1]]
[2024.01.20-15.41.29:274][  0]LogConfig: Setting CVar [[gc.MinGCClusterSize:5]]
[2024.01.20-15.41.29:274][  0]LogConfig: Setting CVar [[gc.ActorClusteringEnabled:0]]
[2024.01.20-15.41.29:274][  0]LogConfig: Setting CVar [[gc.BlueprintClusteringEnabled:0]]
[2024.01.20-15.41.29:274][  0]LogConfig: Setting CVar [[gc.UseDisregardForGCOnDedicatedServers:0]]
[2024.01.20-15.41.29:274][  0]LogConfig: Setting CVar [[gc.MultithreadedDestructionEnabled:1]]
[2024.01.20-15.41.29:275][  0]LogConfig: Applying CVar settings from Section [/Script/Engine.NetworkSettings] File [D:/GameProjects/UE/Snake/SnakeProject/Saved/Config/Windows/Engine.ini]
[2024.01.20-15.41.29:275][  0]LogConfig: Applying CVar settings from Section [/Script/UnrealEd.CookerSettings] File [D:/GameProjects/UE/Snake/SnakeProject/Saved/Config/Windows/Engine.ini]
[2024.01.20-15.41.29:282][  0]LogConfig: Applying CVar settings from Section [ViewDistanceQuality@3] File [D:/GameProjects/UE/Snake/SnakeProject/Saved/Config/Windows/Scalability.ini]
[2024.01.20-15.41.29:282][  0]LogConfig: Setting CVar [[r.SkeletalMeshLODBias:0]]
[2024.01.20-15.41.29:282][  0]LogConfig: Setting CVar [[r.ViewDistanceScale:1.0]]
[2024.01.20-15.41.29:282][  0]LogConfig: Applying CVar settings from Section [AntiAliasingQuality@3] File [D:/GameProjects/UE/Snake/SnakeProject/Saved/Config/Windows/Scalability.ini]
[2024.01.20-15.41.29:282][  0]LogConfig: Setting CVar [[r.PostProcessAAQuality:4]]
[2024.01.20-15.41.29:282][  0]LogConfig: Applying CVar settings from Section [ShadowQuality@3] File [D:/GameProjects/UE/Snake/SnakeProject/Saved/Config/Windows/Scalability.ini]
[2024.01.20-15.41.29:282][  0]LogConfig: Setting CVar [[r.LightFunctionQuality:1]]
[2024.01.20-15.41.29:282][  0]LogConfig: Setting CVar [[r.ShadowQuality:5]]
[2024.01.20-15.41.29:282][  0]LogConfig: Setting CVar [[r.Shadow.CSM.MaxCascades:10]]
[2024.01.20-15.41.29:282][  0]LogConfig: Setting CVar [[r.Shadow.MaxResolution:2048]]
[2024.01.20-15.41.29:282][  0]LogConfig: Setting CVar [[r.Shadow.MaxCSMResolution:2048]]
[2024.01.20-15.41.29:283][  0]LogConfig: Setting CVar [[r.Shadow.RadiusThreshold:0.01]]
[2024.01.20-15.41.29:283][  0]LogConfig: Setting CVar [[r.Shadow.DistanceScale:1.0]]
[2024.01.20-15.41.29:283][  0]LogConfig: Setting CVar [[r.Shadow.CSM.TransitionScale:1.0]]
[2024.01.20-15.41.29:283][  0]LogConfig: Setting CVar [[r.Shadow.PreShadowResolutionFactor:1.0]]
[2024.01.20-15.41.29:283][  0]LogConfig: Setting CVar [[r.DistanceFieldShadowing:1]]
[2024.01.20-15.41.29:283][  0]LogConfig: Setting CVar [[r.DistanceFieldAO:1]]
[2024.01.20-15.41.29:283][  0]LogConfig: Setting CVar [[r.AOQuality:2]]
[2024.01.20-15.41.29:283][  0]LogConfig: Setting CVar [[r.VolumetricFog:1]]
[2024.01.20-15.41.29:283][  0]LogConfig: Setting CVar [[r.VolumetricFog.GridPixelSize:8]]
[2024.01.20-15.41.29:283][  0]LogConfig: Setting CVar [[r.VolumetricFog.GridSizeZ:128]]
[2024.01.20-15.41.29:283][  0]LogConfig: Setting CVar [[r.VolumetricFog.HistoryMissSupersampleCount:4]]
[2024.01.20-15.41.29:283][  0]LogConfig: Setting CVar [[r.LightMaxDrawDistanceScale:1]]
[2024.01.20-15.41.29:283][  0]LogConfig: Setting CVar [[r.CapsuleShadows:1]]
[2024.01.20-15.41.29:283][  0]LogConfig: Applying CVar settings from Section [PostProcessQuality@3] File [D:/GameProjects/UE/Snake/SnakeProject/Saved/Config/Windows/Scalability.ini]
[2024.01.20-15.41.29:283][  0]LogConfig: Setting CVar [[r.MotionBlurQuality:4]]
[2024.01.20-15.41.29:283][  0]LogConfig: Setting CVar [[r.AmbientOcclusionMipLevelFactor:0.4]]
[2024.01.20-15.41.29:283][  0]LogConfig: Setting CVar [[r.AmbientOcclusionMaxQuality:100]]
[2024.01.20-15.41.29:283][  0]LogConfig: Setting CVar [[r.AmbientOcclusionLevels:-1]]
[2024.01.20-15.41.29:283][  0]LogConfig: Setting CVar [[r.AmbientOcclusionRadiusScale:1.0]]
[2024.01.20-15.41.29:284][  0]LogConfig: Setting CVar [[r.DepthOfFieldQuality:2]]
[2024.01.20-15.41.29:284][  0]LogConfig: Setting CVar [[r.RenderTargetPoolMin:400]]
[2024.01.20-15.41.29:284][  0]LogConfig: Setting CVar [[r.LensFlareQuality:2]]
[2024.01.20-15.41.29:284][  0]LogConfig: Setting CVar [[r.SceneColorFringeQuality:1]]
[2024.01.20-15.41.29:284][  0]LogConfig: Setting CVar [[r.EyeAdaptationQuality:2]]
[2024.01.20-15.41.29:284][  0]LogConfig: Setting CVar [[r.BloomQuality:5]]
[2024.01.20-15.41.29:284][  0]LogConfig: Setting CVar [[r.FastBlurThreshold:100]]
[2024.01.20-15.41.29:284][  0]LogConfig: Setting CVar [[r.Upscale.Quality:3]]
[2024.01.20-15.41.29:284][  0]LogConfig: Setting CVar [[r.Tonemapper.GrainQuantization:1]]
[2024.01.20-15.41.29:284][  0]LogConfig: Setting CVar [[r.LightShaftQuality:1]]
[2024.01.20-15.41.29:284][  0]LogConfig: Setting CVar [[r.Filter.SizeScale:1]]
[2024.01.20-15.41.29:284][  0]LogConfig: Setting CVar [[r.Tonemapper.Quality:5]]
[2024.01.20-15.41.29:284][  0]LogConfig: Setting CVar [[r.DOF.Gather.AccumulatorQuality:1        ; higher gathering accumulator quality]]
[2024.01.20-15.41.29:284][  0]LogConfig: Setting CVar [[r.DOF.Gather.PostfilterMethod:1          ; Median3x3 postfilering method]]
[2024.01.20-15.41.29:284][  0]LogConfig: Setting CVar [[r.DOF.Gather.EnableBokehSettings:0       ; no bokeh simulation when gathering]]
[2024.01.20-15.41.29:284][  0]LogConfig: Setting CVar [[r.DOF.Gather.RingCount:4                 ; medium number of samples when gathering]]
[2024.01.20-15.41.29:284][  0]LogConfig: Setting CVar [[r.DOF.Scatter.ForegroundCompositing:1    ; additive foreground scattering]]
[2024.01.20-15.41.29:284][  0]LogConfig: Setting CVar [[r.DOF.Scatter.BackgroundCompositing:2    ; additive background scattering]]
[2024.01.20-15.41.29:284][  0]LogConfig: Setting CVar [[r.DOF.Scatter.EnableBokehSettings:1      ; bokeh simulation when scattering]]
[2024.01.20-15.41.29:285][  0]LogConfig: Setting CVar [[r.DOF.Scatter.MaxSpriteRatio:0.1         ; only a maximum of 10% of scattered bokeh]]
[2024.01.20-15.41.29:285][  0]LogConfig: Setting CVar [[r.DOF.Recombine.Quality:1                ; cheap slight out of focus]]
[2024.01.20-15.41.29:285][  0]LogConfig: Setting CVar [[r.DOF.Recombine.EnableBokehSettings:0    ; no bokeh simulation on slight out of focus]]
[2024.01.20-15.41.29:285][  0]LogConfig: Setting CVar [[r.DOF.TemporalAAQuality:1                ; more stable temporal accumulation]]
[2024.01.20-15.41.29:285][  0]LogConfig: Setting CVar [[r.DOF.Kernel.MaxForegroundRadius:0.025]]
[2024.01.20-15.41.29:285][  0]LogConfig: Setting CVar [[r.DOF.Kernel.MaxBackgroundRadius:0.025]]
[2024.01.20-15.41.29:285][  0]LogConfig: Applying CVar settings from Section [TextureQuality@3] File [D:/GameProjects/UE/Snake/SnakeProject/Saved/Config/Windows/Scalability.ini]
[2024.01.20-15.41.29:285][  0]LogConfig: Setting CVar [[r.Streaming.MipBias:0]]
[2024.01.20-15.41.29:285][  0]LogConfig: Setting CVar [[r.Streaming.AmortizeCPUToGPUCopy:0]]
[2024.01.20-15.41.29:285][  0]LogConfig: Setting CVar [[r.Streaming.MaxNumTexturesToStreamPerFrame:0]]
[2024.01.20-15.41.29:285][  0]LogConfig: Setting CVar [[r.Streaming.Boost:1]]
[2024.01.20-15.41.29:285][  0]LogConfig: Setting CVar [[r.MaxAnisotropy:8]]
[2024.01.20-15.41.29:285][  0]LogConfig: Setting CVar [[r.VT.MaxAnisotropy:8]]
[2024.01.20-15.41.29:285][  0]LogConfig: Setting CVar [[r.Streaming.LimitPoolSizeToVRAM:0]]
[2024.01.20-15.41.29:285][  0]LogConfig: Setting CVar [[r.Streaming.PoolSize:1000]]
[2024.01.20-15.41.29:285][  0]LogConfig: Setting CVar [[r.Streaming.MaxEffectiveScreenSize:0]]
[2024.01.20-15.41.29:285][  0]LogConfig: Applying CVar settings from Section [EffectsQuality@3] File [D:/GameProjects/UE/Snake/SnakeProject/Saved/Config/Windows/Scalability.ini]
[2024.01.20-15.41.29:285][  0]LogConfig: Setting CVar [[r.TranslucencyLightingVolumeDim:64]]
[2024.01.20-15.41.29:286][  0]LogConfig: Setting CVar [[r.RefractionQuality:2]]
[2024.01.20-15.41.29:286][  0]LogConfig: Setting CVar [[r.SSR.Quality:3]]
[2024.01.20-15.41.29:286][  0]LogConfig: Setting CVar [[r.SSR.HalfResSceneColor:0]]
[2024.01.20-15.41.29:286][  0]LogConfig: Setting CVar [[r.SceneColorFormat:4]]
[2024.01.20-15.41.29:286][  0]LogConfig: Setting CVar [[r.DetailMode:2]]
[2024.01.20-15.41.29:286][  0]LogConfig: Setting CVar [[r.TranslucencyVolumeBlur:1]]
[2024.01.20-15.41.29:286][  0]LogConfig: Setting CVar [[r.MaterialQualityLevel:1 ; High quality]]
[2024.01.20-15.41.29:286][  0]LogConfig: Setting CVar [[r.AnisotropicMaterials:1]]
[2024.01.20-15.41.29:286][  0]LogConfig: Setting CVar [[r.SSS.Scale:1]]
[2024.01.20-15.41.29:286][  0]LogConfig: Setting CVar [[r.SSS.SampleSet:2]]
[2024.01.20-15.41.29:286][  0]LogConfig: Setting CVar [[r.SSS.Quality:1]]
[2024.01.20-15.41.29:286][  0]LogConfig: Setting CVar [[r.SSS.HalfRes:0]]
[2024.01.20-15.41.29:286][  0]LogConfig: Setting CVar [[r.SSGI.Quality:3]]
[2024.01.20-15.41.29:286][  0]LogConfig: Setting CVar [[r.EmitterSpawnRateScale:1.0]]
[2024.01.20-15.41.29:286][  0]LogConfig: Setting CVar [[r.ParticleLightQuality:2]]
[2024.01.20-15.41.29:286][  0]LogConfig: Setting CVar [[r.SkyAtmosphere.AerialPerspectiveLUT.FastApplyOnOpaque:1 ; Always have FastSkyLUT 1 in this case to avoid wrong sky]]
[2024.01.20-15.41.29:286][  0]LogConfig: Setting CVar [[r.SkyAtmosphere.AerialPerspectiveLUT.SampleCountMaxPerSlice:4]]
[2024.01.20-15.41.29:286][  0]LogConfig: Setting CVar [[r.SkyAtmosphere.AerialPerspectiveLUT.DepthResolution:16.0]]
[2024.01.20-15.41.29:287][  0]LogConfig: Setting CVar [[r.SkyAtmosphere.FastSkyLUT:1]]
[2024.01.20-15.41.29:287][  0]LogConfig: Setting CVar [[r.SkyAtmosphere.FastSkyLUT.SampleCountMin:4.0]]
[2024.01.20-15.41.29:287][  0]LogConfig: Setting CVar [[r.SkyAtmosphere.FastSkyLUT.SampleCountMax:128.0]]
[2024.01.20-15.41.29:287][  0]LogConfig: Setting CVar [[r.SkyAtmosphere.SampleCountMin:4.0]]
[2024.01.20-15.41.29:287][  0]LogConfig: Setting CVar [[r.SkyAtmosphere.SampleCountMax:128.0]]
[2024.01.20-15.41.29:287][  0]LogConfig: Setting CVar [[r.SkyAtmosphere.TransmittanceLUT.UseSmallFormat:0]]
[2024.01.20-15.41.29:287][  0]LogConfig: Setting CVar [[r.SkyAtmosphere.TransmittanceLUT.SampleCount:10.0]]
[2024.01.20-15.41.29:287][  0]LogConfig: Setting CVar [[r.SkyAtmosphere.MultiScatteringLUT.SampleCount:15.0]]
[2024.01.20-15.41.29:287][  0]LogConfig: Setting CVar [[r.SkyLight.RealTimeReflectionCapture:1]]
[2024.01.20-15.41.29:287][  0]LogConfig: Applying CVar settings from Section [FoliageQuality@3] File [D:/GameProjects/UE/Snake/SnakeProject/Saved/Config/Windows/Scalability.ini]
[2024.01.20-15.41.29:287][  0]LogConfig: Setting CVar [[foliage.DensityScale:1.0]]
[2024.01.20-15.41.29:287][  0]LogConfig: Setting CVar [[grass.DensityScale:1.0]]
[2024.01.20-15.41.29:287][  0]LogConfig: Applying CVar settings from Section [ShadingQuality@3] File [D:/GameProjects/UE/Snake/SnakeProject/Saved/Config/Windows/Scalability.ini]
[2024.01.20-15.41.29:287][  0]LogConfig: Setting CVar [[r.HairStrands.SkyLighting.IntegrationType:2]]
[2024.01.20-15.41.29:287][  0]LogConfig: Setting CVar [[r.HairStrands.SkyAO.SampleCount:4]]
[2024.01.20-15.41.29:287][  0]LogConfig: Setting CVar [[r.HairStrands.Visibility.MSAA.SamplePerPixel:4]]
[2024.01.20-15.41.29:287][  0]LogInit: Selected Device Profile: [Windows]
[2024.01.20-15.41.29:288][  0]LogInit: Applying CVar settings loaded from the selected device profile: [Windows]
[2024.01.20-15.41.29:288][  0]LogHAL: Display: Platform has ~ 16 GB [16987742208 / 17179869184 / 16], which maps to Larger [LargestMinGB=32, LargerMinGB=12, DefaultMinGB=8, SmallerMinGB=6, SmallestMinGB=0)
[2024.01.20-15.41.29:288][  0]LogInit: Going up to parent DeviceProfile []
[2024.01.20-15.41.29:288][  0]LogConfig: Applying CVar settings from Section [ViewDistanceQuality@3] File [D:/GameProjects/UE/Snake/SnakeProject/Saved/Config/Windows/Scalability.ini]
[2024.01.20-15.41.29:288][  0]LogConfig: Setting CVar [[r.SkeletalMeshLODBias:0]]
[2024.01.20-15.41.29:288][  0]LogConfig: Setting CVar [[r.ViewDistanceScale:1.0]]
[2024.01.20-15.41.29:288][  0]LogConfig: Applying CVar settings from Section [AntiAliasingQuality@3] File [D:/GameProjects/UE/Snake/SnakeProject/Saved/Config/Windows/Scalability.ini]
[2024.01.20-15.41.29:288][  0]LogConfig: Setting CVar [[r.PostProcessAAQuality:4]]
[2024.01.20-15.41.29:288][  0]LogConfig: Applying CVar settings from Section [ShadowQuality@3] File [D:/GameProjects/UE/Snake/SnakeProject/Saved/Config/Windows/Scalability.ini]
[2024.01.20-15.41.29:288][  0]LogConfig: Setting CVar [[r.LightFunctionQuality:1]]
[2024.01.20-15.41.29:288][  0]LogConfig: Setting CVar [[r.ShadowQuality:5]]
[2024.01.20-15.41.29:288][  0]LogConfig: Setting CVar [[r.Shadow.CSM.MaxCascades:10]]
[2024.01.20-15.41.29:288][  0]LogConfig: Setting CVar [[r.Shadow.MaxResolution:2048]]
[2024.01.20-15.41.29:288][  0]LogConfig: Setting CVar [[r.Shadow.MaxCSMResolution:2048]]
[2024.01.20-15.41.29:288][  0]LogConfig: Setting CVar [[r.Shadow.RadiusThreshold:0.01]]
[2024.01.20-15.41.29:288][  0]LogConfig: Setting CVar [[r.Shadow.DistanceScale:1.0]]
[2024.01.20-15.41.29:288][  0]LogConfig: Setting CVar [[r.Shadow.CSM.TransitionScale:1.0]]
[2024.01.20-15.41.29:289][  0]LogConfig: Setting CVar [[r.Shadow.PreShadowResolutionFactor:1.0]]
[2024.01.20-15.41.29:289][  0]LogConfig: Setting CVar [[r.DistanceFieldShadowing:1]]
[2024.01.20-15.41.29:289][  0]LogConfig: Setting CVar [[r.DistanceFieldAO:1]]
[2024.01.20-15.41.29:289][  0]LogConfig: Setting CVar [[r.AOQuality:2]]
[2024.01.20-15.41.29:289][  0]LogConfig: Setting CVar [[r.VolumetricFog:1]]
[2024.01.20-15.41.29:289][  0]LogConfig: Setting CVar [[r.VolumetricFog.GridPixelSize:8]]
[2024.01.20-15.41.29:289][  0]LogConfig: Setting CVar [[r.VolumetricFog.GridSizeZ:128]]
[2024.01.20-15.41.29:289][  0]LogConfig: Setting CVar [[r.VolumetricFog.HistoryMissSupersampleCount:4]]
[2024.01.20-15.41.29:289][  0]LogConfig: Setting CVar [[r.LightMaxDrawDistanceScale:1]]
[2024.01.20-15.41.29:289][  0]LogConfig: Setting CVar [[r.CapsuleShadows:1]]
[2024.01.20-15.41.29:289][  0]LogConfig: Applying CVar settings from Section [PostProcessQuality@3] File [D:/GameProjects/UE/Snake/SnakeProject/Saved/Config/Windows/Scalability.ini]
[2024.01.20-15.41.29:289][  0]LogConfig: Setting CVar [[r.MotionBlurQuality:4]]
[2024.01.20-15.41.29:289][  0]LogConfig: Setting CVar [[r.AmbientOcclusionMipLevelFactor:0.4]]
[2024.01.20-15.41.29:289][  0]LogConfig: Setting CVar [[r.AmbientOcclusionMaxQuality:100]]
[2024.01.20-15.41.29:289][  0]LogConfig: Setting CVar [[r.AmbientOcclusionLevels:-1]]
[2024.01.20-15.41.29:289][  0]LogConfig: Setting CVar [[r.AmbientOcclusionRadiusScale:1.0]]
[2024.01.20-15.41.29:289][  0]LogConfig: Setting CVar [[r.DepthOfFieldQuality:2]]
[2024.01.20-15.41.29:289][  0]LogConfig: Setting CVar [[r.RenderTargetPoolMin:400]]
[2024.01.20-15.41.29:289][  0]LogConfig: Setting CVar [[r.LensFlareQuality:2]]
[2024.01.20-15.41.29:289][  0]LogConfig: Setting CVar [[r.SceneColorFringeQuality:1]]
[2024.01.20-15.41.29:290][  0]LogConfig: Setting CVar [[r.EyeAdaptationQuality:2]]
[2024.01.20-15.41.29:290][  0]LogConfig: Setting CVar [[r.BloomQuality:5]]
[2024.01.20-15.41.29:290][  0]LogConfig: Setting CVar [[r.FastBlurThreshold:100]]
[2024.01.20-15.41.29:290][  0]LogConfig: Setting CVar [[r.Upscale.Quality:3]]
[2024.01.20-15.41.29:290][  0]LogConfig: Setting CVar [[r.Tonemapper.GrainQuantization:1]]
[2024.01.20-15.41.29:290][  0]LogConfig: Setting CVar [[r.LightShaftQuality:1]]
[2024.01.20-15.41.29:290][  0]LogConfig: Setting CVar [[r.Filter.SizeScale:1]]
[2024.01.20-15.41.29:290][  0]LogConfig: Setting CVar [[r.Tonemapper.Quality:5]]
[2024.01.20-15.41.29:290][  0]LogConfig: Setting CVar [[r.DOF.Gather.AccumulatorQuality:1        ; higher gathering accumulator quality]]
[2024.01.20-15.41.29:290][  0]LogConfig: Setting CVar [[r.DOF.Gather.PostfilterMethod:1          ; Median3x3 postfilering method]]
[2024.01.20-15.41.29:290][  0]LogConfig: Setting CVar [[r.DOF.Gather.EnableBokehSettings:0       ; no bokeh simulation when gathering]]
[2024.01.20-15.41.29:290][  0]LogConfig: Setting CVar [[r.DOF.Gather.RingCount:4                 ; medium number of samples when gathering]]
[2024.01.20-15.41.29:290][  0]LogConfig: Setting CVar [[r.DOF.Scatter.ForegroundCompositing:1    ; additive foreground scattering]]
[2024.01.20-15.41.29:290][  0]LogConfig: Setting CVar [[r.DOF.Scatter.BackgroundCompositing:2    ; additive background scattering]]
[2024.01.20-15.41.29:290][  0]LogConfig: Setting CVar [[r.DOF.Scatter.EnableBokehSettings:1      ; bokeh simulation when scattering]]
[2024.01.20-15.41.29:290][  0]LogConfig: Setting CVar [[r.DOF.Scatter.MaxSpriteRatio:0.1         ; only a maximum of 10% of scattered bokeh]]
[2024.01.20-15.41.29:291][  0]LogConfig: Setting CVar [[r.DOF.Recombine.Quality:1                ; cheap slight out of focus]]
[2024.01.20-15.41.29:291][  0]LogConfig: Setting CVar [[r.DOF.Recombine.EnableBokehSettings:0    ; no bokeh simulation on slight out of focus]]
[2024.01.20-15.41.29:291][  0]LogConfig: Setting CVar [[r.DOF.TemporalAAQuality:1                ; more stable temporal accumulation]]
[2024.01.20-15.41.29:291][  0]LogConfig: Setting CVar [[r.DOF.Kernel.MaxForegroundRadius:0.025]]
[2024.01.20-15.41.29:291][  0]LogConfig: Setting CVar [[r.DOF.Kernel.MaxBackgroundRadius:0.025]]
[2024.01.20-15.41.29:291][  0]LogConfig: Applying CVar settings from Section [TextureQuality@3] File [D:/GameProjects/UE/Snake/SnakeProject/Saved/Config/Windows/Scalability.ini]
[2024.01.20-15.41.29:291][  0]LogConfig: Setting CVar [[r.Streaming.MipBias:0]]
[2024.01.20-15.41.29:291][  0]LogConfig: Setting CVar [[r.Streaming.AmortizeCPUToGPUCopy:0]]
[2024.01.20-15.41.29:291][  0]LogConfig: Setting CVar [[r.Streaming.MaxNumTexturesToStreamPerFrame:0]]
[2024.01.20-15.41.29:291][  0]LogConfig: Setting CVar [[r.Streaming.Boost:1]]
[2024.01.20-15.41.29:291][  0]LogConfig: Setting CVar [[r.MaxAnisotropy:8]]
[2024.01.20-15.41.29:291][  0]LogConfig: Setting CVar [[r.VT.MaxAnisotropy:8]]
[2024.01.20-15.41.29:291][  0]LogConfig: Setting CVar [[r.Streaming.LimitPoolSizeToVRAM:0]]
[2024.01.20-15.41.29:291][  0]LogConfig: Setting CVar [[r.Streaming.PoolSize:1000]]
[2024.01.20-15.41.29:291][  0]LogConfig: Setting CVar [[r.Streaming.MaxEffectiveScreenSize:0]]
[2024.01.20-15.41.29:291][  0]LogConfig: Applying CVar settings from Section [EffectsQuality@3] File [D:/GameProjects/UE/Snake/SnakeProject/Saved/Config/Windows/Scalability.ini]
[2024.01.20-15.41.29:291][  0]LogConfig: Setting CVar [[r.TranslucencyLightingVolumeDim:64]]
[2024.01.20-15.41.29:291][  0]LogConfig: Setting CVar [[r.RefractionQuality:2]]
[2024.01.20-15.41.29:292][  0]LogConfig: Setting CVar [[r.SSR.Quality:3]]
[2024.01.20-15.41.29:292][  0]LogConfig: Setting CVar [[r.SSR.HalfResSceneColor:0]]
[2024.01.20-15.41.29:292][  0]LogConfig: Setting CVar [[r.SceneColorFormat:4]]
[2024.01.20-15.41.29:292][  0]LogConfig: Setting CVar [[r.DetailMode:2]]
[2024.01.20-15.41.29:292][  0]LogConfig: Setting CVar [[r.TranslucencyVolumeBlur:1]]
[2024.01.20-15.41.29:292][  0]LogConfig: Setting CVar [[r.MaterialQualityLevel:1 ; High quality]]
[2024.01.20-15.41.29:292][  0]LogConfig: Setting CVar [[r.AnisotropicMaterials:1]]
[2024.01.20-15.41.29:292][  0]LogConfig: Setting CVar [[r.SSS.Scale:1]]
[2024.01.20-15.41.29:292][  0]LogConfig: Setting CVar [[r.SSS.SampleSet:2]]
[2024.01.20-15.41.29:292][  0]LogConfig: Setting CVar [[r.SSS.Quality:1]]
[2024.01.20-15.41.29:292][  0]LogConfig: Setting CVar [[r.SSS.HalfRes:0]]
[2024.01.20-15.41.29:292][  0]LogConfig: Setting CVar [[r.SSGI.Quality:3]]
[2024.01.20-15.41.29:292][  0]LogConfig: Setting CVar [[r.EmitterSpawnRateScale:1.0]]
[2024.01.20-15.41.29:292][  0]LogConfig: Setting CVar [[r.ParticleLightQuality:2]]
[2024.01.20-15.41.29:292][  0]LogConfig: Setting CVar [[r.SkyAtmosphere.AerialPerspectiveLUT.FastApplyOnOpaque:1 ; Always have FastSkyLUT 1 in this case to avoid wrong sky]]
[2024.01.20-15.41.29:292][  0]LogConfig: Setting CVar [[r.SkyAtmosphere.AerialPerspectiveLUT.SampleCountMaxPerSlice:4]]
[2024.01.20-15.41.29:292][  0]LogConfig: Setting CVar [[r.SkyAtmosphere.AerialPerspectiveLUT.DepthResolution:16.0]]
[2024.01.20-15.41.29:292][  0]LogConfig: Setting CVar [[r.SkyAtmosphere.FastSkyLUT:1]]
[2024.01.20-15.41.29:293][  0]LogConfig: Setting CVar [[r.SkyAtmosphere.FastSkyLUT.SampleCountMin:4.0]]
[2024.01.20-15.41.29:293][  0]LogConfig: Setting CVar [[r.SkyAtmosphere.FastSkyLUT.SampleCountMax:128.0]]
[2024.01.20-15.41.29:293][  0]LogConfig: Setting CVar [[r.SkyAtmosphere.SampleCountMin:4.0]]
[2024.01.20-15.41.29:293][  0]LogConfig: Setting CVar [[r.SkyAtmosphere.SampleCountMax:128.0]]
[2024.01.20-15.41.29:293][  0]LogConfig: Setting CVar [[r.SkyAtmosphere.TransmittanceLUT.UseSmallFormat:0]]
[2024.01.20-15.41.29:293][  0]LogConfig: Setting CVar [[r.SkyAtmosphere.TransmittanceLUT.SampleCount:10.0]]
[2024.01.20-15.41.29:293][  0]LogConfig: Setting CVar [[r.SkyAtmosphere.MultiScatteringLUT.SampleCount:15.0]]
[2024.01.20-15.41.29:293][  0]LogConfig: Setting CVar [[r.SkyLight.RealTimeReflectionCapture:1]]
[2024.01.20-15.41.29:293][  0]LogConfig: Applying CVar settings from Section [FoliageQuality@3] File [D:/GameProjects/UE/Snake/SnakeProject/Saved/Config/Windows/Scalability.ini]
[2024.01.20-15.41.29:293][  0]LogConfig: Setting CVar [[foliage.DensityScale:1.0]]
[2024.01.20-15.41.29:293][  0]LogConfig: Setting CVar [[grass.DensityScale:1.0]]
[2024.01.20-15.41.29:293][  0]LogConfig: Applying CVar settings from Section [ShadingQuality@3] File [D:/GameProjects/UE/Snake/SnakeProject/Saved/Config/Windows/Scalability.ini]
[2024.01.20-15.41.29:293][  0]LogConfig: Setting CVar [[r.HairStrands.SkyLighting.IntegrationType:2]]
[2024.01.20-15.41.29:293][  0]LogConfig: Setting CVar [[r.HairStrands.SkyAO.SampleCount:4]]
[2024.01.20-15.41.29:293][  0]LogConfig: Setting CVar [[r.HairStrands.Visibility.MSAA.SamplePerPixel:4]]
[2024.01.20-15.41.29:293][  0]LogConfig: Applying CVar settings from Section [Startup] File [../../../Engine/Config/ConsoleVariables.ini]
[2024.01.20-15.41.29:294][  0]LogConfig: Setting CVar [[net.UseAdaptiveNetUpdateFrequency:0]]
[2024.01.20-15.41.29:294][  0]LogConfig: Setting CVar [[p.chaos.AllowCreatePhysxBodies:1]]
[2024.01.20-15.41.29:294][  0]LogConfig: Setting CVar [[fx.SkipVectorVMBackendOptimizations:1]]
[2024.01.20-15.41.29:294][  0]LogConfig: Applying CVar settings from Section [ConsoleVariables] File [D:/GameProjects/UE/Snake/SnakeProject/Saved/Config/Windows/Engine.ini]
[2024.01.20-15.41.29:294][  0]LogConfig: Applying CVar settings from Section [ConsoleVariables] File [D:/GameProjects/UE/Snake/SnakeProject/Saved/Config/Windows/Editor.ini]
[2024.01.20-15.41.29:294][  0]LogInit: Computer: ELENA
[2024.01.20-15.41.29:294][  0]LogInit: User: lll33
[2024.01.20-15.41.29:294][  0]LogInit: CPU Page size=4096, Cores=6
[2024.01.20-15.41.29:294][  0]LogInit: High frequency timer resolution =10.000000 MHz
[2024.01.20-15.41.29:294][  0]LogMemory: Memory total: Physical=15.8GB (16GB approx)
[2024.01.20-15.41.29:294][  0]LogMemory: Platform Memory Stats for Windows
[2024.01.20-15.41.29:294][  0]LogMemory: Process Physical Memory: 143.60 MB used, 143.60 MB peak
[2024.01.20-15.41.29:294][  0]LogMemory: Process Virtual Memory: 125.98 MB used, 125.98 MB peak
[2024.01.20-15.41.29:294][  0]LogMemory: Physical Memory: 10150.26 MB used,  6050.51 MB free, 16200.77 MB total
[2024.01.20-15.41.29:295][  0]LogMemory: Virtual Memory: 134212752.00 MB used,  4972.28 MB free, 134217728.00 MB total
[2024.01.20-15.41.29:303][  0]LogWindows: WindowsPlatformFeatures enabled
[2024.01.20-15.41.29:375][  0]LogInit: Physics initialised using underlying interface: PhysX
[2024.01.20-15.41.29:376][  0]LogInit: Using OS detected language (ru-RU).
[2024.01.20-15.41.29:376][  0]LogInit: Using OS detected locale (ru-RU).
[2024.01.20-15.41.29:382][  0]LogTextLocalizationManager: No specific localization for 'ru-RU' exists, so the 'ru' localization will be used.
[2024.01.20-15.41.29:383][  0]LogTextLocalizationResource: LocRes '../../../Engine/Content/Localization/Editor/ru/Editor.locres' could not be opened for reading!
[2024.01.20-15.41.29:383][  0]LogTextLocalizationResource: LocRes '../../../Engine/Content/Localization/EditorTutorials/ru/EditorTutorials.locres' could not be opened for reading!
[2024.01.20-15.41.29:383][  0]LogTextLocalizationResource: LocRes '../../../Engine/Content/Localization/Keywords/ru/Keywords.locres' could not be opened for reading!
[2024.01.20-15.41.29:383][  0]LogTextLocalizationResource: LocRes '../../../Engine/Content/Localization/Category/ru/Category.locres' could not be opened for reading!
[2024.01.20-15.41.29:384][  0]LogTextLocalizationResource: LocRes '../../../Engine/Content/Localization/ToolTips/ru/ToolTips.locres' could not be opened for reading!
[2024.01.20-15.41.29:384][  0]LogTextLocalizationResource: LocRes '../../../Engine/Content/Localization/PropertyNames/ru/PropertyNames.locres' could not be opened for reading!
[2024.01.20-15.41.29:384][  0]LogTextLocalizationResource: LocRes '../../../Engine/Content/Localization/Engine/ru/Engine.locres' could not be opened for reading!
[2024.01.20-15.41.29:385][  0]LogInit: Setting process to per monitor DPI aware
[2024.01.20-15.41.29:401][  0]LogWindowsTextInputMethodSystem: Display: IME system deactivated.
[2024.01.20-15.41.29:414][  0]LogSlate: New Slate User Created.  User Index 0, Is Virtual User: 0
[2024.01.20-15.41.29:414][  0]LogSlate: Slate User Registered.  User Index 0, Is Virtual User: 0
[2024.01.20-15.41.29:528][  0]LogD3D11RHI: Loaded GFSDK_Aftermath_Lib.x64.dll
[2024.01.20-15.41.29:576][  0]LogHMD: Failed to initialize OpenVR with code 110
[2024.01.20-15.41.29:576][  0]LogD3D11RHI: D3D11 min allowed feature level: 11_0
[2024.01.20-15.41.29:576][  0]LogD3D11RHI: D3D11 max allowed feature level: 11_0
[2024.01.20-15.41.29:576][  0]LogD3D11RHI: D3D11 adapters:
[2024.01.20-15.41.29:746][  0]LogD3D11RHI:    0. 'NVIDIA GeForce GTX 1660 Ti' (Feature Level 11_0)
[2024.01.20-15.41.29:747][  0]LogD3D11RHI:       5979/0/8100 MB DedicatedVideo/DedicatedSystem/SharedSystem, Outputs:1, VendorId:0x10de
[2024.01.20-15.41.29:794][  0]LogD3D11RHI:    1. 'Intel(R) UHD Graphics' (Feature Level 11_0)
[2024.01.20-15.41.29:794][  0]LogD3D11RHI:       128/0/8100 MB DedicatedVideo/DedicatedSystem/SharedSystem, Outputs:0, VendorId:0x8086
[2024.01.20-15.41.29:797][  0]LogD3D11RHI:    2. 'Microsoft Basic Render Driver' (Feature Level 11_0)
[2024.01.20-15.41.29:797][  0]LogD3D11RHI:       0/0/8100 MB DedicatedVideo/DedicatedSystem/SharedSystem, Outputs:0, VendorId:0x1414
[2024.01.20-15.41.29:797][  0]LogD3D11RHI: Chosen D3D11 Adapter:
[2024.01.20-15.41.29:797][  0]LogD3D11RHI:     Description : NVIDIA GeForce GTX 1660 Ti
[2024.01.20-15.41.29:797][  0]LogD3D11RHI:     VendorId    : 10de
[2024.01.20-15.41.29:797][  0]LogD3D11RHI:     DeviceId    : 2191
[2024.01.20-15.41.29:797][  0]LogD3D11RHI:     SubSysId    : 12b81462
[2024.01.20-15.41.29:798][  0]LogD3D11RHI:     Revision    : 00a1
[2024.01.20-15.41.29:798][  0]LogD3D11RHI:     DedicatedVideoMemory : 6269435904 bytes
[2024.01.20-15.41.29:798][  0]LogD3D11RHI:     DedicatedSystemMemory : 0 bytes
[2024.01.20-15.41.29:798][  0]LogD3D11RHI:     SharedSystemMemory : 8493871104 bytes
[2024.01.20-15.41.29:798][  0]LogD3D11RHI:     AdapterLuid : 0 57722
[2024.01.20-15.41.29:805][  0]LogD3D11RHI: Creating new Direct3DDevice
[2024.01.20-15.41.29:805][  0]LogD3D11RHI:     GPU DeviceId: 0x2191 (for the marketing name, search the web for "GPU Device Id")
[2024.01.20-15.41.29:805][  0]LogWindows: EnumDisplayDevices:
[2024.01.20-15.41.29:805][  0]LogWindows:    0. 'Intel(R) UHD Graphics' (P:1 D:1)
[2024.01.20-15.41.29:805][  0]LogWindows:    1. 'Intel(R) UHD Graphics' (P:0 D:0)
[2024.01.20-15.41.29:805][  0]LogWindows:    2. 'Intel(R) UHD Graphics' (P:0 D:0)
[2024.01.20-15.41.29:806][  0]LogWindows:    3. 'NVIDIA GeForce GTX 1660 Ti' (P:0 D:0)
[2024.01.20-15.41.29:806][  0]LogWindows:    4. 'NVIDIA GeForce GTX 1660 Ti' (P:0 D:0)
[2024.01.20-15.41.29:806][  0]LogWindows:    5. 'NVIDIA GeForce GTX 1660 Ti' (P:0 D:0)
[2024.01.20-15.41.29:807][  0]LogWindows:    6. 'NVIDIA GeForce GTX 1660 Ti' (P:0 D:0)
[2024.01.20-15.41.29:807][  0]LogWindows: DebugString: PrimaryIsNotTheChoosenAdapter PrimaryIsNotTheChoosenAdapter PrimaryIsNotTheChoosenAdapter FoundDriverCount:4 
[2024.01.20-15.41.29:807][  0]LogD3D11RHI:     Adapter Name: NVIDIA GeForce GTX 1660 Ti
[2024.01.20-15.41.29:807][  0]LogD3D11RHI:   Driver Version: 546.17 (internal:31.0.15.4617, unified:546.17)
[2024.01.20-15.41.29:807][  0]LogD3D11RHI:      Driver Date: 11-9-2023
[2024.01.20-15.41.29:807][  0]LogRHI: Texture pool is 4185 MB (70% of 5979 MB)
[2024.01.20-15.41.29:807][  0]LogD3D11RHI: Creating D3DDevice using adapter:
[2024.01.20-15.41.29:807][  0]LogD3D11RHI:     Description : NVIDIA GeForce GTX 1660 Ti
[2024.01.20-15.41.29:807][  0]LogD3D11RHI:     VendorId    : 10de
[2024.01.20-15.41.29:807][  0]LogD3D11RHI:     DeviceId    : 2191
[2024.01.20-15.41.29:807][  0]LogD3D11RHI:     SubSysId    : 12b81462
[2024.01.20-15.41.29:807][  0]LogD3D11RHI:     Revision    : 00a1
[2024.01.20-15.41.29:807][  0]LogD3D11RHI:     DedicatedVideoMemory : 6269435904 bytes
[2024.01.20-15.41.29:807][  0]LogD3D11RHI:     DedicatedSystemMemory : 0 bytes
[2024.01.20-15.41.29:807][  0]LogD3D11RHI:     SharedSystemMemory : 8493871104 bytes
[2024.01.20-15.41.29:808][  0]LogD3D11RHI:     AdapterLuid : 0 57722
[2024.01.20-15.41.29:949][  0]LogD3D11RHI: RHI has support for 64 bit atomics
[2024.01.20-15.41.29:950][  0]LogD3D11RHI: Async texture creation enabled
[2024.01.20-15.41.29:950][  0]LogD3D11RHI: Array index from any shader is supported
[2024.01.20-15.41.29:965][  0]LogD3D11RHI: GPU Timing Frequency: 1000.000000 (Debug: 2 1)
[2024.01.20-15.41.30:006][  0]LogRHI: GeForceNow SDK initialized: 1
[2024.01.20-15.41.30:271][  0]LogTargetPlatformManager: Display: Loaded TargetPlatform 'AllDesktop'
[2024.01.20-15.41.30:290][  0]LogTargetPlatformManager: Display: Loaded TargetPlatform 'Android'
[2024.01.20-15.41.30:291][  0]LogTargetPlatformManager: Display: Loaded TargetPlatform 'Android_ASTC'
[2024.01.20-15.41.30:291][  0]LogTargetPlatformManager: Display: Loaded TargetPlatform 'Android_DXT'
[2024.01.20-15.41.30:291][  0]LogTargetPlatformManager: Display: Loaded TargetPlatform 'Android_ETC2'
[2024.01.20-15.41.30:291][  0]LogTargetPlatformManager: Display: Loaded TargetPlatform 'AndroidClient'
[2024.01.20-15.41.30:291][  0]LogTargetPlatformManager: Display: Loaded TargetPlatform 'Android_ASTCClient'
[2024.01.20-15.41.30:291][  0]LogTargetPlatformManager: Display: Loaded TargetPlatform 'Android_DXTClient'
[2024.01.20-15.41.30:292][  0]LogTargetPlatformManager: Display: Loaded TargetPlatform 'Android_ETC2Client'
[2024.01.20-15.41.30:292][  0]LogTargetPlatformManager: Display: Loaded TargetPlatform 'Android_Multi'
[2024.01.20-15.41.30:292][  0]LogTargetPlatformManager: Display: Loaded TargetPlatform 'Android_MultiClient'
[2024.01.20-15.41.30:312][  0]LogTargetPlatformManager: Display: Loaded TargetPlatform 'IOSClient'
[2024.01.20-15.41.30:312][  0]LogTargetPlatformManager: Display: Loaded TargetPlatform 'IOS'
[2024.01.20-15.41.30:322][  0]LogTargetPlatformManager: Display: Loaded TargetPlatform 'Linux'
[2024.01.20-15.41.30:327][  0]LogTargetPlatformManager: Display: Loaded TargetPlatform 'LinuxNoEditor'
[2024.01.20-15.41.30:331][  0]LogTargetPlatformManager: Display: Loaded TargetPlatform 'LinuxClient'
[2024.01.20-15.41.30:337][  0]LogTargetPlatformManager: Display: Loaded TargetPlatform 'LinuxServer'
[2024.01.20-15.41.30:346][  0]LogTargetPlatformManager: Display: Loaded TargetPlatform 'LinuxAArch64NoEditor'
[2024.01.20-15.41.30:351][  0]LogTargetPlatformManager: Display: Loaded TargetPlatform 'LinuxAArch64Client'
[2024.01.20-15.41.30:356][  0]LogTargetPlatformManager: Display: Loaded TargetPlatform 'LinuxAArch64Server'
[2024.01.20-15.41.30:376][  0]LogTargetPlatformManager: Display: Loaded TargetPlatform 'Lumin'
[2024.01.20-15.41.30:376][  0]LogTargetPlatformManager: Display: Loaded TargetPlatform 'LuminClient'
[2024.01.20-15.41.30:385][  0]LogTargetPlatformManager: Display: Loaded TargetPlatform 'MacNoEditor'
[2024.01.20-15.41.30:391][  0]LogTargetPlatformManager: Display: Loaded TargetPlatform 'Mac'
[2024.01.20-15.41.30:396][  0]LogTargetPlatformManager: Display: Loaded TargetPlatform 'MacClient'
[2024.01.20-15.41.30:401][  0]LogTargetPlatformManager: Display: Loaded TargetPlatform 'MacServer'
[2024.01.20-15.41.30:410][  0]LogTargetPlatformManager: Display: Loaded TargetPlatform 'TVOSClient'
[2024.01.20-15.41.30:410][  0]LogTargetPlatformManager: Display: Loaded TargetPlatform 'TVOS'
[2024.01.20-15.41.30:419][  0]LogTargetPlatformManager: Display: Loaded TargetPlatform 'WindowsNoEditor'
[2024.01.20-15.41.30:424][  0]LogTargetPlatformManager: Display: Loaded TargetPlatform 'Windows'
[2024.01.20-15.41.30:429][  0]LogTargetPlatformManager: Display: Loaded TargetPlatform 'WindowsClient'
[2024.01.20-15.41.30:435][  0]LogTargetPlatformManager: Display: Loaded TargetPlatform 'WindowsServer'
[2024.01.20-15.41.30:435][  0]LogTargetPlatformManager: Display: Building Assets For Windows
[2024.01.20-15.41.30:446][  0]LogAudioDebug: Display: Lib vorbis DLL was dynamically loaded.
[2024.01.20-15.41.30:485][  0]LogTextureFormatOodle: Display: Oodle Texture 2.9.0 init RDO Off
[2024.01.20-15.41.30:530][  0]LogRendererCore: Ray tracing is disabled. Reason: r.RayTracing=0.
[2024.01.20-15.41.30:531][  0]LogShaderCompilers: Guid format shader working directory is 8 characters bigger than the processId version (D:/GameProjects/UE/Snake/SnakeProject/Intermediate/Shaders/WorkingDirectory/12928/).
[2024.01.20-15.41.30:531][  0]LogShaderCompilers: Cleaned the shader compiler working directory 'C:/Users/lll33/AppData/Local/Temp/UnrealShaderWorkingDir/7CB33FBC46DAD12A3FE83F9E9C4FDEE6/'.
[2024.01.20-15.41.30:531][  0]LogXGEController: Cannot use XGE Controller as Incredibuild is not installed on this machine.
[2024.01.20-15.41.30:532][  0]LogShaderCompilers: Cannot use XGE Shader Compiler as Incredibuild is not installed on this machine.
[2024.01.20-15.41.30:532][  0]LogShaderCompilers: Display: Using Local Shader Compiler.
[2024.01.20-15.41.31:195][  0]LogDerivedDataCache: Display: Max Cache Size: 512 MB
[2024.01.20-15.41.31:247][  0]LogDerivedDataCache: Loaded boot cache 0.05s 94MB C:/Users/lll33/AppData/Local/UnrealEngine/4.27/DerivedDataCache/Boot.ddc.
[2024.01.20-15.41.31:248][  0]LogDerivedDataCache: Display: Loaded Boot cache: C:/Users/lll33/AppData/Local/UnrealEngine/4.27/DerivedDataCache/Boot.ddc
[2024.01.20-15.41.31:248][  0]LogDerivedDataCache: FDerivedDataBackendGraph:  Pak pak cache file D:/GameProjects/UE/Snake/SnakeProject/DerivedDataCache/DDC.ddp not found, will not use a pak cache.
[2024.01.20-15.41.31:248][  0]LogDerivedDataCache: Unable to find inner node Pak for hierarchical cache Hierarchy.
[2024.01.20-15.41.31:248][  0]LogDerivedDataCache: FDerivedDataBackendGraph:  CompressedPak pak cache file D:/GameProjects/UE/Snake/SnakeProject/DerivedDataCache/Compressed.ddp not found, will not use a pak cache.
[2024.01.20-15.41.31:249][  0]LogDerivedDataCache: Unable to find inner node CompressedPak for hierarchical cache Hierarchy.
[2024.01.20-15.41.31:263][  0]LogDerivedDataCache: Display: Pak cache opened for reading ../../../Engine/DerivedDataCache/Compressed.ddp.
[2024.01.20-15.41.31:264][  0]LogDerivedDataCache: FDerivedDataBackendGraph:  EnterprisePak pak cache file ../../../Enterprise/DerivedDataCache/Compressed.ddp not found, will not use a pak cache.
[2024.01.20-15.41.31:264][  0]LogDerivedDataCache: Unable to find inner node EnterprisePak for hierarchical cache Hierarchy.
[2024.01.20-15.41.31:271][  0]LogDerivedDataCache: Speed tests for C:/Users/lll33/AppData/Local/UnrealEngine/Common/DerivedDataCache took 0.01 seconds
[2024.01.20-15.41.31:271][  0]LogDerivedDataCache: Display: Performance to C:/Users/lll33/AppData/Local/UnrealEngine/Common/DerivedDataCache: Latency=0.03ms. RandomReadSpeed=1561.19MBs, RandomWriteSpeed=146.89MBs. Assigned SpeedClass 'Local'
[2024.01.20-15.41.31:272][  0]LogDerivedDataCache: Using Local data cache path C:/Users/lll33/AppData/Local/UnrealEngine/Common/DerivedDataCache: Writable
[2024.01.20-15.41.31:273][  0]LogDerivedDataCache: Shared data cache path not found in *engine.ini, will not use an Shared cache.
[2024.01.20-15.41.31:273][  0]LogDerivedDataCache: Unable to find inner node Shared for hierarchical cache Hierarchy.
[2024.01.20-15.41.31:317][  0]LogSlate: Using FreeType 2.10.0
[2024.01.20-15.41.31:319][  0]LogSlate: SlateFontServices - WITH_FREETYPE: 1, WITH_HARFBUZZ: 1
[2024.01.20-15.41.31:344][  0]LogAssetRegistry: FAssetRegistry took 0.0033 seconds to start up
[2024.01.20-15.41.31:545][  0]LogInit: Selected Device Profile: [Windows]
[2024.01.20-15.41.31:545][  0]LogInit: Active device profile: [0000025B20EF3A00][0000025B2146B7C0 49] Windows
[2024.01.20-15.41.31:545][  0]LogInit: Profiles: [0000025B20EF3A00][0000025B2146B7C0 49] Windows, [0000025B20EAC700][0000025B211B3940 49] WindowsNoEditor, [0000025B20EF0800][0000025B211B7AC0 49] WindowsServer, [0000025B20EAF200][0000025B211BA0C0 49] WindowsClient, [0000025B20EF3100][0000025B211DA240 49] IOS, [0000025B20EAD100][0000025B211AE380 49] iPadAir, [0000025B20EF1000][0000025B181544C0 49] iPadAir2, [0000025B20E24200][0000025B1815C700 49] IPadPro, [0000025B20E24300][0000025B18158740 49] iPadAir3, [0000025B20EF2B00][0000025B181688C0 49] iPadAir4, [0000025B20E27400][0000025B17C24A40 49] iPadMini2, [0000025B20EF1500][0000025B17C2CBC0 49] iPadMini3, [0000025B20E25500][0000025B217BED40 49] iPadMini4, [0000025B20EF2300][0000025B217C2EC0 49] iPadMini5, [0000025B20E0FA00][0000025B18171180 49] iPhone6, [0000025B20E0FB00][0000025B1816D1C0 49] iPodTouch6, [0000025B20E27000][0000025B18183480 49] iPhone7, [0000025B20E26F00][0000025B181754C0 49] iPodTouch7, [0000025B20E0CC00][0000025B18187640 49] iPhone5S, [0000025B20E25000][0000025B2114B7C0 49] iPhone6Plus, [0000025B20E0ED00][0000025B2114F940 49] iPhone6S, [0000025B20E27600][0000025B21153AC0 49] iPhone6SPlus, [0000025B20E0D400][0000025B211560C0 49] iPhone7Plus, [0000025B20E25200][0000025B2115A240 49] iPhoneSE, [0000025B20E0E500][0000025B2115E3C0 49] iPhone8, [0000025B20E25700][0000025B21162540 49] iPhone8Plus, [0000025B20E0DC00][0000025B18164680 49] iPhoneX, [0000025B20E26000][0000025B211667C0 49] iPhoneXS, [0000025B20E0C500][0000025B2116A900 49] iPhoneXSMax, [0000025B20E25B00][0000025B210D4A80 49] iPhoneXR, [0000025B20E0DD00][0000025B210D8C00 49] iPhone11, [0000025B20E26D00][0000025B210DCD80 49] iPhone11Pro, [0000025B20E0D700][0000025B210E0F00 49] iPhone11ProMax, [0000025B20E27D00][0000025B210E5080 49] iPhoneSE2, [0000025B20E0E400][0000025B210E9200 49] iPhone12Mini, [0000025B20E24900][0000025B210ED380 49] iPhone12, [0000025B20E0EB00][0000025B210F1500 49] iPhone12Pro, [0000025B20E26E00][0000025B210F5680 49] iPhone12ProMax, [0000025B20E0D900][0000025B210F9800 49] iPadPro105, [0000025B20E26100][0000025B210FD980 49] iPadPro129, [0000025B20E0D600][0000025B21101B00 49] iPadPro97, [0000025B20E27E00][0000025B217C6100 49] iPadPro2_129, [0000025B20E0C300][0000025B217CA280 49] iPad5, [0000025B20E27C00][0000025B217CE400 49] iPad6, [0000025B20E0D200][0000025B217D2580 49] iPad7, [0000025B20E25C00][0000025B217D6700 49] iPad8, [0000025B20E0FE00][0000025B2116E840 49] iPadPro11, [0000025B20E26800][0000025B217DA980 49] iPadPro2_11, [0000025B20E0D500][0000025B217DEAC0 49] iPadPro3_129, [0000025B20E26200][0000025B217E6C40 49] iPadPro4_129, [0000025B20E0D100][0000025B217EADC0 49] AppleTV, [0000025B20E26C00][0000025B217EEF40 49] AppleTV4K, [0000025B20E0D000][0000025B217F30C0 49] TVOS, [0000025B20E24400][0000025B217F7240 49] Mac, [0000025B20E0CD00][0000025B217FB3C0 49] MacClient, [0000025B20E25F00][0000025B217FF540 49] MacNoEditor, [0000025B20E0F300][0000025B218036C0 49] MacServer, [0000025B20E27200][0000025B21807840 49] Linux, [0000025B20E0CA00][0000025B2180B9C0 49] LinuxAArch64, [0000025B20E24700][0000025B2180FB40 49] LinuxNoEditor, [0000025B20E0E300][0000025B21812140 49] LinuxAArch64NoEditor, [0000025B20E25E00][0000025B218162C0 49] LinuxClient, [0000025B20E0DB00][0000025B2181A440 49] LinuxAArch64Client, [0000025B20E24C00][0000025B2181E5C0 49] LinuxServer, [0000025B20E0F500][0000025B21822740 49] LinuxAArch64Server, [0000025B20E25600][0000025B218268C0 49] Android, [0000025B20EAEF00][0000025B217E2A00 49] Android_Low, [0000025B20F2D100][0000025B2182AB40 49] Android_Mid, [0000025B20EAEC00][0000025B2182EC80 49] Android_High, [0000025B20F2DB00][0000025B21832DC0 49] Android_Default, [0000025B20EAFE00][0000025B2183AF40 49] Android_Adreno4xx, [0000025B20F2E300][0000025B2183F0C0 49] Android_Adreno5xx_Low, [0000025B20EADE00][0000025B21843240 49] Android_Adreno5xx, [0000025B20F2DF00][0000025B218473C0 49] Android_Adreno6xx, [0000025B20EACF00][0000025B2184B540 49] Android_Adreno6xx_Vulkan, [0000025B20F2CE00][0000025B2184F6C0 49] Android_Mali_T6xx, [0000025B20EADA00][0000025B21853840 49] Android_Mali_T7xx, [0000025B20F2E200][0000025B218579C0 49] Android_Mali_T8xx, [0000025B20EAF700][0000025B2185BB40 49] Android_Mali_G71, [0000025B20F2C200][0000025B2185E140 49] Android_Mali_G72, [0000025B20EAE200][0000025B218622C0 49] Android_Mali_G72_Vulkan, [0000025B20F2E600][0000025B21866440 49] Android_Mali_G76, [0000025B20EAF600][0000025B2186A5C0 49] Android_Mali_G76_Vulkan, [0000025B20F2C800][0000025B2186E740 49] Android_Mali_G77, [0000025B20EAF000][0000025B218728C0 49] Android_Mali_G77_Vulkan, [0000025B20F2C900][0000025B21876A40 49] Android_Mali_G78, [0000025B20EAC300][0000025B21836B80 49] Android_Mali_G78_Vulkan, [0000025B20F2D200][0000025B2187ACC0 49] Android_Mali_G710, [0000025B20EACB00][0000025B216C8E00 49] Android_Mali_G710_Vulkan, [0000025B20F2D800][0000025B216CCF40 49] Android_Vulkan_SM5, [0000025B20E25100][0000025B216D50C0 49] Android_PowerVR_G6xxx, [0000025B20F2DC00][0000025B216D9240 49] Android_PowerVR_GT7xxx, [0000025B20E25800][0000025B216DD3C0 49] Android_PowerVR_GE8xxx, [0000025B20F2CC00][0000025B216E1540 49] Android_PowerVR_GM9xxx, [0000025B20E24F00][0000025B216E56C0 49] Android_PowerVR_GM9xxx_Vulkan, [0000025B20F2D700][0000025B216E9840 49] Android_TegraK1, [0000025B20E26700][0000025B216ED9C0 49] Android_Unknown_Vulkan, [0000025B20F2C300][0000025B216F1B40 49] Lumin, [0000025B20E24A00][0000025B216F4140 49] Lumin_Desktop, [0000025B20F2D600][0000025B216F82C0 49] HoloLens, 
[2024.01.20-15.41.31:675][  0]LogMeshReduction: Using QuadricMeshReduction for automatic static mesh reduction
[2024.01.20-15.41.31:675][  0]LogMeshReduction: Using SimplygonMeshReduction for automatic skeletal mesh reduction
[2024.01.20-15.41.31:675][  0]LogMeshReduction: Using ProxyLODMeshReduction for automatic mesh merging
[2024.01.20-15.41.31:675][  0]LogMeshReduction: No distributed automatic mesh merging module available
[2024.01.20-15.41.31:675][  0]LogMeshMerging: No distributed automatic mesh merging module available
[2024.01.20-15.41.31:690][  0]LogNetVersion: SnakeProject 1.0.0, NetCL: 17155196, EngineNetVer: 17, GameNetVer: 0 (Checksum: 2950587140)
[2024.01.20-15.41.32:010][  0]LogTexture: Default maximum texture size for cubemaps generated from long-lat sources has been changed from 512 to unlimited. In order to preserve old behaiour for '/Engine/MapTemplates/Sky/DaylightAmbientCubemap.DaylightAmbientCubemap', its maximum texture size has been explicitly set to 512.
[2024.01.20-15.41.32:062][  0]LogHMD: PokeAHoleMaterial loaded successfully
[2024.01.20-15.41.32:068][  0]LogUObjectArray: 17178 objects as part of root set at end of initial load.
[2024.01.20-15.41.32:068][  0]LogUObjectAllocator: 4302048 out of 0 bytes used by permanent object pool.
[2024.01.20-15.41.32:068][  0]LogUObjectArray: CloseDisregardForGC: 0/0 objects in disregard for GC pool
[2024.01.20-15.41.32:376][  0]LogNiagaraDebuggerClient: Niagara Debugger Client Initialized | Session: AEAD51B8479B08261D25F9A96F6DBE10 | Instance: ADAF46F84F086AD0E139E0B06D91EBED (ELENA-12928).
[2024.01.20-15.41.32:512][  0]LogPython: Using Python 3.7.7
[2024.01.20-15.41.32:960][  0]LogTcpMessaging: Initializing TcpMessaging bridge
[2024.01.20-15.41.32:966][  0]LogUdpMessaging: Initializing bridge on interface 0.0.0.0:0 to multicast group 230.0.0.1:6666.
[2024.01.20-15.41.33:264][  0]SourceControl: Source control is disabled
[2024.01.20-15.41.33:626][  0]LogUProjectInfo: Found projects:
[2024.01.20-15.41.33:872][  0]LogOpenImageDenoise: OIDN starting up
[2024.01.20-15.41.33:903][  0]LogAndroidPermission: UAndroidPermissionCallbackProxy::GetInstance
[2024.01.20-15.41.33:934][  0]LogAudioCaptureCore: Display: No Audio Capture implementations found. Audio input will be silent.
[2024.01.20-15.41.33:934][  0]LogAudioCaptureCore: Display: No Audio Capture implementations found. Audio input will be silent.
[2024.01.20-15.41.34:073][  0]LogCollectionManager: Loaded 0 collections in 0.001942 seconds
[2024.01.20-15.41.34:106][  0]LogFileCache: Scanning file cache for directory 'D:/GameProjects/UE/Snake/SnakeProject/Saved/Collections/' took 0.00s
[2024.01.20-15.41.34:106][  0]LogFileCache: Scanning file cache for directory 'D:/GameProjects/UE/Snake/SnakeProject/Content/Developers/lll33/Collections/' took 0.00s
[2024.01.20-15.41.34:106][  0]LogFileCache: Scanning file cache for directory 'D:/GameProjects/UE/Snake/SnakeProject/Content/Collections/' took 0.00s
[2024.01.20-15.41.34:106][  0]LogOcInput: OculusInput pre-init called
[2024.01.20-15.41.34:344][  0]LogEngine: Initializing Engine...
[2024.01.20-15.41.34:348][  0]LogHMD: Failed to enumerate extensions. Please check that you have a valid OpenXR runtime installed.
[2024.01.20-15.41.34:348][  0]LogHMD: Failed to initialize OpenVR with code 110
[2024.01.20-15.41.34:348][  0]LogMagicLeap: Warning: VR disabled because ZI is not enabled.  To enable, in the editor, Edit -> Project Settings -> Plugins -> Magic Leap Plugin -> Enable Zero Iteration
[2024.01.20-15.41.34:349][  0]LogStats: UGameplayTagsManager::InitializeManager -  0.000 s
[2024.01.20-15.41.34:465][  0]LogInit: Initializing FReadOnlyCVARCache
[2024.01.20-15.41.34:475][  0]LogAIModule: Creating AISystem for world Untitled
[2024.01.20-15.41.34:486][  0]LogAudio: Display: Initializing Audio Device Manager...
[2024.01.20-15.41.34:491][  0]LogAudio: Display: Loading Default Audio Settings Objects...
[2024.01.20-15.41.34:492][  0]LogAudio: Display: No default SoundConcurrencyObject specified (or failed to load).
[2024.01.20-15.41.34:492][  0]LogAudio: Display: Audio Device Manager Initialized
[2024.01.20-15.41.34:492][  0]LogAudio: Display: Creating Audio Device:                 Id: 1, Scope: Shared, Realtime: True
[2024.01.20-15.41.34:493][  0]LogAudioMixer: Display: Audio Mixer Platform Settings:
[2024.01.20-15.41.34:493][  0]LogAudioMixer: Display: 	Sample Rate:						  48000
[2024.01.20-15.41.34:493][  0]LogAudioMixer: Display: 	Callback Buffer Frame Size Requested: 1024
[2024.01.20-15.41.34:493][  0]LogAudioMixer: Display: 	Callback Buffer Frame Size To Use:	  1024
[2024.01.20-15.41.34:493][  0]LogAudioMixer: Display: 	Number of buffers to queue:			  2
[2024.01.20-15.41.34:493][  0]LogAudioMixer: Display: 	Max Channels (voices):				  32
[2024.01.20-15.41.34:493][  0]LogAudioMixer: Display: 	Number of Async Source Workers:		  0
[2024.01.20-15.41.34:493][  0]LogAudio: Display: AudioDevice MaxSources: 32
[2024.01.20-15.41.34:494][  0]LogAudio: Display: Audio Spatialization Plugin: None (built-in).
[2024.01.20-15.41.34:494][  0]LogAudio: Display: Audio Reverb Plugin: None (built-in).
[2024.01.20-15.41.34:494][  0]LogAudio: Display: Audio Occlusion Plugin: None (built-in).
[2024.01.20-15.41.34:494][  0]LogAudioMixer: Display: Initializing audio mixer.
[2024.01.20-15.41.34:511][  0]LogAudioMixer: Display: 0: FrontLeft
[2024.01.20-15.41.34:511][  0]LogAudioMixer: Display: 1: FrontRight
[2024.01.20-15.41.34:528][  0]LogAudioMixer: Display: Using Audio Device Headphones (Realtek(R) Audio)
[2024.01.20-15.41.34:531][  0]LogAudioMixer: Display: Initializing Sound Submixes...
[2024.01.20-15.41.34:533][  0]LogAudioMixer: Display: Creating Master Submix 'MasterSubmixDefault'
[2024.01.20-15.41.34:534][  0]LogAudioMixer: Display: Creating Master Submix 'MasterReverbSubmixDefault'
[2024.01.20-15.41.34:535][  0]LogAudioMixer: Display: Creating Master Submix 'MasterEQSubmixDefault'
[2024.01.20-15.41.34:535][  0]LogAudioMixer: FMixerPlatformXAudio2::StartAudioStream() called
[2024.01.20-15.41.34:535][  0]LogAudioMixer: Display: Output buffers initialized: Frames=1024, Channels=2, Samples=2048
[2024.01.20-15.41.34:537][  0]LogAudioMixer: Display: Starting AudioMixerPlatformInterface::RunInternal()
[2024.01.20-15.41.34:537][  0]LogAudioMixer: Display: FMixerPlatformXAudio2::SubmitBuffer() called for the first time
[2024.01.20-15.41.34:537][  0]LogInit: FAudioDevice initialized.
[2024.01.20-15.41.34:537][  0]LogAudio: Display: Audio Device (ID: 1) registered with world 'Untitled'.
[2024.01.20-15.41.34:537][  0]LogNetVersion: Set ProjectVersion to 1.0.0.0. Version Checksum will be recalculated on next use.
[2024.01.20-15.41.34:599][  0]LogDerivedDataCache: Saved boot cache 0.06s 94MB C:/Users/lll33/AppData/Local/UnrealEngine/4.27/DerivedDataCache/Boot.ddc.
[2024.01.20-15.41.34:600][  0]LogInit: Texture streaming: Enabled
[2024.01.20-15.41.34:618][  0]LogAnalytics: Display: [UEEditor.Rocket.Release] APIServer = https://datarouter.ol.epicgames.com/. AppVersion = 4.27.2-18319896+++UE4+Release-4.27
[2024.01.20-15.41.34:625][  0]LogEngineSessionManager: EngineSessionManager initialized
[2024.01.20-15.41.34:625][  0]LogEngineSessionManager: EngineSessionManager sent abnormal shutdown report. Type=Debugger, SessionId={92EC46E5-43F3-2632-E5EB-A49ABB3B1A26}
[2024.01.20-15.41.34:626][  0]LogEngineSessionManager: EngineSessionManager sent abnormal shutdown report. Type=Debugger, SessionId={6574FEAD-4EB0-6DF3-9C3E-169F00F0103D}
[2024.01.20-15.41.34:626][  0]LogEditorSessionSummary: Verbose: Initializing EditorSessionSummaryWriter for editor session tracking
[2024.01.20-15.41.34:630][  0]LogEditorSessionSummary: EditorSessionSummaryWriter initialized
[2024.01.20-15.41.34:652][  0]LogInit: Transaction tracking system initialized
[2024.01.20-15.41.34:684][  0]BlueprintLog: New page: Editor Load
[2024.01.20-15.41.34:769][  0]LocalizationService: Localization service is disabled
[2024.01.20-15.41.34:803][  0]TimingProfiler: Initialize
[2024.01.20-15.41.34:804][  0]TimingProfiler: OnSessionChanged
[2024.01.20-15.41.34:804][  0]LoadingProfiler: Initialize
[2024.01.20-15.41.34:804][  0]LoadingProfiler: OnSessionChanged
[2024.01.20-15.41.34:804][  0]NetworkingProfiler: Initialize
[2024.01.20-15.41.34:804][  0]NetworkingProfiler: OnSessionChanged
[2024.01.20-15.41.34:804][  0]MemoryProfiler: Initialize
[2024.01.20-15.41.34:804][  0]MemoryProfiler: OnSessionChanged
[2024.01.20-15.41.34:982][  0]LogFileCache: Scanning file cache for directory 'D:/GameProjects/UE/Snake/SnakeProject/Content/' took 0.00s
[2024.01.20-15.41.34:982][  0]LogCook: Display: CookSettings for Memory: MemoryMaxUsedVirtual 0MiB, MemoryMaxUsedPhysical 16384MiB, MemoryMinFreeVirtual 0MiB, MemoryMinFreePhysical 1024MiB
[2024.01.20-15.41.34:982][  0]LogCook: Display: Mobile HDR setting 1
[2024.01.20-15.41.35:406][  0]LogInit: Display: Engine is initialized. Leaving FEngineLoop::Init()
[2024.01.20-15.41.35:409][  0]LogUnrealEdMisc: Loading editor; pre map load, took 7.212
[2024.01.20-15.41.35:409][  0]Cmd: MAP LOAD FILE="D:/GameProjects/UE/Snake/SnakeProject/Content/Main.umap" TEMPLATE=0 SHOWPROGRESS=1 FEATURELEVEL=3
[2024.01.20-15.41.35:410][  0]LightingResults: New page: Lighting Build
[2024.01.20-15.41.35:411][  0]LogWorld: UWorld::CleanupWorld for Untitled, bSessionEnded=true, bCleanupResources=true
[2024.01.20-15.41.35:412][  0]LogSlate: InvalidateAllWidgets triggered.  All widgets were invalidated
[2024.01.20-15.41.35:412][  0]MapCheck: New page: Map Check
[2024.01.20-15.41.35:412][  0]LightingResults: New page: Lighting Build
[2024.01.20-15.41.35:416][  0]LogAudio: Display: Audio Device unregistered from world 'None'.
[2024.01.20-15.41.35:420][  0]LogUObjectHash: Compacting FUObjectHashTables data took   0.88ms
[2024.01.20-15.41.35:481][  0]LogAudio: Display: Audio Device (ID: 1) registered with world 'Main'.
[2024.01.20-15.41.35:482][  0]LogAIModule: Creating AISystem for world Main
[2024.01.20-15.41.35:491][  0]LogEditorServer: Finished looking for orphan Actors (0.000 secs)
[2024.01.20-15.41.35:498][  0]LogUObjectHash: Compacting FUObjectHashTables data took   1.32ms
[2024.01.20-15.41.35:498][  0]Cmd: MAP CHECKDEP NOCLEARLOG
[2024.01.20-15.41.35:499][  0]MapCheck: Map check complete: 0 Error(s), 0 Warning(s), took 0,11ms to complete.
[2024.01.20-15.41.35:499][  0]LogFileHelpers: Loading map 'Main' took 0.089
[2024.01.20-15.41.35:501][  0]LogUnrealEdMisc: Total Editor Startup Time, took 7.304
[2024.01.20-15.41.35:628][  0]LogSlate: Updating window title bar state: overlay mode, drag disabled, window buttons hidden, title bar hidden
[2024.01.20-15.41.35:635][  0]LogSlate: Updating window title bar state: overlay mode, drag disabled, window buttons hidden, title bar hidden
[2024.01.20-15.41.35:644][  0]LogSlate: Updating window title bar state: overlay mode, drag disabled, window buttons hidden, title bar hidden
[2024.01.20-15.41.35:653][  0]LogSlate: Updating window title bar state: overlay mode, drag disabled, window buttons hidden, title bar hidden
[2024.01.20-15.41.35:673][  0]LogNativeClassHierarchy: Verbose: Native class hierarchy populated in 0.0130 seconds. Added 3826 classes and 930 folders.
[2024.01.20-15.41.35:679][  0]LogNativeClassHierarchy: Verbose: Native class hierarchy updated for 'WidgetCarousel' in 0.0005 seconds. Added 0 classes and 0 folders.
[2024.01.20-15.41.35:681][  0]LogPakFile: PakFile PrimaryIndexSize=187
[2024.01.20-15.41.35:681][  0]LogPakFile: PakFile PathHashIndexSize=101
[2024.01.20-15.41.35:681][  0]LogPakFile: PakFile FullDirectoryIndexSize=148
[2024.01.20-15.41.35:681][  0]LogShaderLibrary: Display: ShaderCodeLibraryPakFileMountedCallback: PakFile 'C:/Program Files/Epic Games/UE_4.27/FeaturePacks/FP_FirstPerson.upack' (chunk index -1, root 'root:/') mounted
[2024.01.20-15.41.35:681][  0]LogShaderLibrary: Display: ShaderCodeLibraryPakFileMountedCallback: pending pak file info (ChunkID:-1 Root:root:/ File:C:/Program Files/Epic Games/UE_4.27/FeaturePacks/FP_FirstPerson.upack)
[2024.01.20-15.41.35:682][  0]LogPakFile: OnPakFileMounted2Time == 0.000343
[2024.01.20-15.41.35:682][  0]LogPakFile: PakFile PrimaryIndexSize=189
[2024.01.20-15.41.35:683][  0]LogPakFile: PakFile PathHashIndexSize=101
[2024.01.20-15.41.35:683][  0]LogPakFile: PakFile FullDirectoryIndexSize=152
[2024.01.20-15.41.35:683][  0]LogShaderLibrary: Display: ShaderCodeLibraryPakFileMountedCallback: PakFile 'C:/Program Files/Epic Games/UE_4.27/FeaturePacks/FP_FirstPersonBP.upack' (chunk index -1, root 'root:/') mounted
[2024.01.20-15.41.35:683][  0]LogShaderLibrary: Display: ShaderCodeLibraryPakFileMountedCallback: pending pak file info (ChunkID:-1 Root:root:/ File:C:/Program Files/Epic Games/UE_4.27/FeaturePacks/FP_FirstPersonBP.upack)
[2024.01.20-15.41.35:683][  0]LogPakFile: OnPakFileMounted2Time == 0.000238
[2024.01.20-15.41.35:684][  0]LogPakFile: PakFile PrimaryIndexSize=191
[2024.01.20-15.41.35:684][  0]LogPakFile: PakFile PathHashIndexSize=101
[2024.01.20-15.41.35:684][  0]LogPakFile: PakFile FullDirectoryIndexSize=160
[2024.01.20-15.41.35:684][  0]LogShaderLibrary: Display: ShaderCodeLibraryPakFileMountedCallback: PakFile 'C:/Program Files/Epic Games/UE_4.27/FeaturePacks/MobileStarterContent.upack' (chunk index -1, root 'root:/') mounted
[2024.01.20-15.41.35:684][  0]LogShaderLibrary: Display: ShaderCodeLibraryPakFileMountedCallback: pending pak file info (ChunkID:-1 Root:root:/ File:C:/Program Files/Epic Games/UE_4.27/FeaturePacks/MobileStarterContent.upack)
[2024.01.20-15.41.35:684][  0]LogPakFile: OnPakFileMounted2Time == 0.000197
[2024.01.20-15.41.35:685][  0]LogPakFile: PakFile PrimaryIndexSize=185
[2024.01.20-15.41.35:685][  0]LogPakFile: PakFile PathHashIndexSize=101
[2024.01.20-15.41.35:685][  0]LogPakFile: PakFile FullDirectoryIndexSize=148
[2024.01.20-15.41.35:685][  0]LogShaderLibrary: Display: ShaderCodeLibraryPakFileMountedCallback: PakFile 'C:/Program Files/Epic Games/UE_4.27/FeaturePacks/StarterContent.upack' (chunk index -1, root 'root:/') mounted
[2024.01.20-15.41.35:685][  0]LogShaderLibrary: Display: ShaderCodeLibraryPakFileMountedCallback: pending pak file info (ChunkID:-1 Root:root:/ File:C:/Program Files/Epic Games/UE_4.27/FeaturePacks/StarterContent.upack)
[2024.01.20-15.41.35:686][  0]LogPakFile: OnPakFileMounted2Time == 0.000239
[2024.01.20-15.41.35:686][  0]LogPakFile: PakFile PrimaryIndexSize=190
[2024.01.20-15.41.35:686][  0]LogPakFile: PakFile PathHashIndexSize=101
[2024.01.20-15.41.35:686][  0]LogPakFile: PakFile FullDirectoryIndexSize=154
[2024.01.20-15.41.35:686][  0]LogShaderLibrary: Display: ShaderCodeLibraryPakFileMountedCallback: PakFile 'C:/Program Files/Epic Games/UE_4.27/FeaturePacks/TP_2DSideScroller.upack' (chunk index -1, root 'root:/') mounted
[2024.01.20-15.41.35:687][  0]LogShaderLibrary: Display: ShaderCodeLibraryPakFileMountedCallback: pending pak file info (ChunkID:-1 Root:root:/ File:C:/Program Files/Epic Games/UE_4.27/FeaturePacks/TP_2DSideScroller.upack)
[2024.01.20-15.41.35:687][  0]LogPakFile: OnPakFileMounted2Time == 0.000187
[2024.01.20-15.41.35:687][  0]LogPakFile: PakFile PrimaryIndexSize=192
[2024.01.20-15.41.35:687][  0]LogPakFile: PakFile PathHashIndexSize=101
[2024.01.20-15.41.35:687][  0]LogPakFile: PakFile FullDirectoryIndexSize=158
[2024.01.20-15.41.35:687][  0]LogShaderLibrary: Display: ShaderCodeLibraryPakFileMountedCallback: PakFile 'C:/Program Files/Epic Games/UE_4.27/FeaturePacks/TP_2DSideScrollerBP.upack' (chunk index -1, root 'root:/') mounted
[2024.01.20-15.41.35:687][  0]LogShaderLibrary: Display: ShaderCodeLibraryPakFileMountedCallback: pending pak file info (ChunkID:-1 Root:root:/ File:C:/Program Files/Epic Games/UE_4.27/FeaturePacks/TP_2DSideScrollerBP.upack)
[2024.01.20-15.41.35:687][  0]LogPakFile: OnPakFileMounted2Time == 0.000180
[2024.01.20-15.41.35:688][  0]LogPakFile: PakFile PrimaryIndexSize=182
[2024.01.20-15.41.35:688][  0]LogPakFile: PakFile PathHashIndexSize=101
[2024.01.20-15.41.35:688][  0]LogPakFile: PakFile FullDirectoryIndexSize=138
[2024.01.20-15.41.35:688][  0]LogShaderLibrary: Display: ShaderCodeLibraryPakFileMountedCallback: PakFile 'C:/Program Files/Epic Games/UE_4.27/FeaturePacks/TP_Flying.upack' (chunk index -1, root 'root:/') mounted
[2024.01.20-15.41.35:688][  0]LogShaderLibrary: Display: ShaderCodeLibraryPakFileMountedCallback: pending pak file info (ChunkID:-1 Root:root:/ File:C:/Program Files/Epic Games/UE_4.27/FeaturePacks/TP_Flying.upack)
[2024.01.20-15.41.35:688][  0]LogPakFile: OnPakFileMounted2Time == 0.000192
[2024.01.20-15.41.35:690][  0]LogPakFile: PakFile PrimaryIndexSize=184
[2024.01.20-15.41.35:690][  0]LogPakFile: PakFile PathHashIndexSize=101
[2024.01.20-15.41.35:690][  0]LogPakFile: PakFile FullDirectoryIndexSize=142
[2024.01.20-15.41.35:690][  0]LogShaderLibrary: Display: ShaderCodeLibraryPakFileMountedCallback: PakFile 'C:/Program Files/Epic Games/UE_4.27/FeaturePacks/TP_FlyingBP.upack' (chunk index -1, root 'root:/') mounted
[2024.01.20-15.41.35:690][  0]LogShaderLibrary: Display: ShaderCodeLibraryPakFileMountedCallback: pending pak file info (ChunkID:-1 Root:root:/ File:C:/Program Files/Epic Games/UE_4.27/FeaturePacks/TP_FlyingBP.upack)
[2024.01.20-15.41.35:690][  0]LogPakFile: OnPakFileMounted2Time == 0.000187
[2024.01.20-15.41.35:691][  0]LogPakFile: PakFile PrimaryIndexSize=188
[2024.01.20-15.41.35:691][  0]LogPakFile: PakFile PathHashIndexSize=101
[2024.01.20-15.41.35:691][  0]LogPakFile: PakFile FullDirectoryIndexSize=150
[2024.01.20-15.41.35:691][  0]LogShaderLibrary: Display: ShaderCodeLibraryPakFileMountedCallback: PakFile 'C:/Program Files/Epic Games/UE_4.27/FeaturePacks/TP_HandheldARBP.upack' (chunk index -1, root 'root:/') mounted
[2024.01.20-15.41.35:691][  0]LogShaderLibrary: Display: ShaderCodeLibraryPakFileMountedCallback: pending pak file info (ChunkID:-1 Root:root:/ File:C:/Program Files/Epic Games/UE_4.27/FeaturePacks/TP_HandheldARBP.upack)
[2024.01.20-15.41.35:691][  0]LogPakFile: OnPakFileMounted2Time == 0.000172
[2024.01.20-15.41.35:692][  0]LogPakFile: PakFile PrimaryIndexSize=182
[2024.01.20-15.41.35:692][  0]LogPakFile: PakFile PathHashIndexSize=101
[2024.01.20-15.41.35:692][  0]LogPakFile: PakFile FullDirectoryIndexSize=138
[2024.01.20-15.41.35:692][  0]LogShaderLibrary: Display: ShaderCodeLibraryPakFileMountedCallback: PakFile 'C:/Program Files/Epic Games/UE_4.27/FeaturePacks/TP_Puzzle.upack' (chunk index -1, root 'root:/') mounted
[2024.01.20-15.41.35:692][  0]LogShaderLibrary: Display: ShaderCodeLibraryPakFileMountedCallback: pending pak file info (ChunkID:-1 Root:root:/ File:C:/Program Files/Epic Games/UE_4.27/FeaturePacks/TP_Puzzle.upack)
[2024.01.20-15.41.35:692][  0]LogPakFile: OnPakFileMounted2Time == 0.000172
[2024.01.20-15.41.35:693][  0]LogPakFile: PakFile PrimaryIndexSize=184
[2024.01.20-15.41.35:693][  0]LogPakFile: PakFile PathHashIndexSize=101
[2024.01.20-15.41.35:693][  0]LogPakFile: PakFile FullDirectoryIndexSize=142
[2024.01.20-15.41.35:693][  0]LogShaderLibrary: Display: ShaderCodeLibraryPakFileMountedCallback: PakFile 'C:/Program Files/Epic Games/UE_4.27/FeaturePacks/TP_PuzzleBP.upack' (chunk index -1, root 'root:/') mounted
[2024.01.20-15.41.35:693][  0]LogShaderLibrary: Display: ShaderCodeLibraryPakFileMountedCallback: pending pak file info (ChunkID:-1 Root:root:/ File:C:/Program Files/Epic Games/UE_4.27/FeaturePacks/TP_PuzzleBP.upack)
[2024.01.20-15.41.35:693][  0]LogPakFile: OnPakFileMounted2Time == 0.000194
[2024.01.20-15.41.35:694][  0]LogPakFile: PakFile PrimaryIndexSize=183
[2024.01.20-15.41.35:694][  0]LogPakFile: PakFile PathHashIndexSize=101
[2024.01.20-15.41.35:694][  0]LogPakFile: PakFile FullDirectoryIndexSize=140
[2024.01.20-15.41.35:694][  0]LogShaderLibrary: Display: ShaderCodeLibraryPakFileMountedCallback: PakFile 'C:/Program Files/Epic Games/UE_4.27/FeaturePacks/TP_Rolling.upack' (chunk index -1, root 'root:/') mounted
[2024.01.20-15.41.35:694][  0]LogShaderLibrary: Display: ShaderCodeLibraryPakFileMountedCallback: pending pak file info (ChunkID:-1 Root:root:/ File:C:/Program Files/Epic Games/UE_4.27/FeaturePacks/TP_Rolling.upack)
[2024.01.20-15.41.35:694][  0]LogPakFile: OnPakFileMounted2Time == 0.000155
[2024.01.20-15.41.35:695][  0]LogPakFile: PakFile PrimaryIndexSize=185
[2024.01.20-15.41.35:695][  0]LogPakFile: PakFile PathHashIndexSize=101
[2024.01.20-15.41.35:695][  0]LogPakFile: PakFile FullDirectoryIndexSize=144
[2024.01.20-15.41.35:696][  0]LogShaderLibrary: Display: ShaderCodeLibraryPakFileMountedCallback: PakFile 'C:/Program Files/Epic Games/UE_4.27/FeaturePacks/TP_RollingBP.upack' (chunk index -1, root 'root:/') mounted
[2024.01.20-15.41.35:696][  0]LogShaderLibrary: Display: ShaderCodeLibraryPakFileMountedCallback: pending pak file info (ChunkID:-1 Root:root:/ File:C:/Program Files/Epic Games/UE_4.27/FeaturePacks/TP_RollingBP.upack)
[2024.01.20-15.41.35:696][  0]LogPakFile: OnPakFileMounted2Time == 0.000272
[2024.01.20-15.41.35:697][  0]LogPakFile: PakFile PrimaryIndexSize=188
[2024.01.20-15.41.35:697][  0]LogPakFile: PakFile PathHashIndexSize=101
[2024.01.20-15.41.35:697][  0]LogPakFile: PakFile FullDirectoryIndexSize=150
[2024.01.20-15.41.35:697][  0]LogShaderLibrary: Display: ShaderCodeLibraryPakFileMountedCallback: PakFile 'C:/Program Files/Epic Games/UE_4.27/FeaturePacks/TP_SideScroller.upack' (chunk index -1, root 'root:/') mounted
[2024.01.20-15.41.35:697][  0]LogShaderLibrary: Display: ShaderCodeLibraryPakFileMountedCallback: pending pak file info (ChunkID:-1 Root:root:/ File:C:/Program Files/Epic Games/UE_4.27/FeaturePacks/TP_SideScroller.upack)
[2024.01.20-15.41.35:697][  0]LogPakFile: OnPakFileMounted2Time == 0.000211
[2024.01.20-15.41.35:698][  0]LogPakFile: PakFile PrimaryIndexSize=190
[2024.01.20-15.41.35:698][  0]LogPakFile: PakFile PathHashIndexSize=101
[2024.01.20-15.41.35:698][  0]LogPakFile: PakFile FullDirectoryIndexSize=154
[2024.01.20-15.41.35:698][  0]LogShaderLibrary: Display: ShaderCodeLibraryPakFileMountedCallback: PakFile 'C:/Program Files/Epic Games/UE_4.27/FeaturePacks/TP_SideScrollerBP.upack' (chunk index -1, root 'root:/') mounted
[2024.01.20-15.41.35:698][  0]LogShaderLibrary: Display: ShaderCodeLibraryPakFileMountedCallback: pending pak file info (ChunkID:-1 Root:root:/ File:C:/Program Files/Epic Games/UE_4.27/FeaturePacks/TP_SideScrollerBP.upack)
[2024.01.20-15.41.35:698][  0]LogPakFile: OnPakFileMounted2Time == 0.000193
[2024.01.20-15.41.35:698][  0]LogPakFile: PakFile PrimaryIndexSize=187
[2024.01.20-15.41.35:699][  0]LogPakFile: PakFile PathHashIndexSize=101
[2024.01.20-15.41.35:699][  0]LogPakFile: PakFile FullDirectoryIndexSize=148
[2024.01.20-15.41.35:699][  0]LogShaderLibrary: Display: ShaderCodeLibraryPakFileMountedCallback: PakFile 'C:/Program Files/Epic Games/UE_4.27/FeaturePacks/TP_ThirdPerson.upack' (chunk index -1, root 'root:/') mounted
[2024.01.20-15.41.35:699][  0]LogShaderLibrary: Display: ShaderCodeLibraryPakFileMountedCallback: pending pak file info (ChunkID:-1 Root:root:/ File:C:/Program Files/Epic Games/UE_4.27/FeaturePacks/TP_ThirdPerson.upack)
[2024.01.20-15.41.35:699][  0]LogPakFile: OnPakFileMounted2Time == 0.000225
[2024.01.20-15.41.35:700][  0]LogPakFile: PakFile PrimaryIndexSize=189
[2024.01.20-15.41.35:700][  0]LogPakFile: PakFile PathHashIndexSize=101
[2024.01.20-15.41.35:700][  0]LogPakFile: PakFile FullDirectoryIndexSize=152
[2024.01.20-15.41.35:700][  0]LogShaderLibrary: Display: ShaderCodeLibraryPakFileMountedCallback: PakFile 'C:/Program Files/Epic Games/UE_4.27/FeaturePacks/TP_ThirdPersonBP.upack' (chunk index -1, root 'root:/') mounted
[2024.01.20-15.41.35:700][  0]LogShaderLibrary: Display: ShaderCodeLibraryPakFileMountedCallback: pending pak file info (ChunkID:-1 Root:root:/ File:C:/Program Files/Epic Games/UE_4.27/FeaturePacks/TP_ThirdPersonBP.upack)
[2024.01.20-15.41.35:700][  0]LogPakFile: OnPakFileMounted2Time == 0.000212
[2024.01.20-15.41.35:701][  0]LogPakFile: PakFile PrimaryIndexSize=183
[2024.01.20-15.41.35:701][  0]LogPakFile: PakFile PathHashIndexSize=101
[2024.01.20-15.41.35:701][  0]LogPakFile: PakFile FullDirectoryIndexSize=140
[2024.01.20-15.41.35:701][  0]LogShaderLibrary: Display: ShaderCodeLibraryPakFileMountedCallback: PakFile 'C:/Program Files/Epic Games/UE_4.27/FeaturePacks/TP_TopDown.upack' (chunk index -1, root 'root:/') mounted
[2024.01.20-15.41.35:701][  0]LogShaderLibrary: Display: ShaderCodeLibraryPakFileMountedCallback: pending pak file info (ChunkID:-1 Root:root:/ File:C:/Program Files/Epic Games/UE_4.27/FeaturePacks/TP_TopDown.upack)
[2024.01.20-15.41.35:701][  0]LogPakFile: OnPakFileMounted2Time == 0.000201
[2024.01.20-15.41.35:702][  0]LogPakFile: PakFile PrimaryIndexSize=185
[2024.01.20-15.41.35:702][  0]LogPakFile: PakFile PathHashIndexSize=101
[2024.01.20-15.41.35:702][  0]LogPakFile: PakFile FullDirectoryIndexSize=144
[2024.01.20-15.41.35:702][  0]LogShaderLibrary: Display: ShaderCodeLibraryPakFileMountedCallback: PakFile 'C:/Program Files/Epic Games/UE_4.27/FeaturePacks/TP_TopDownBP.upack' (chunk index -1, root 'root:/') mounted
[2024.01.20-15.41.35:702][  0]LogShaderLibrary: Display: ShaderCodeLibraryPakFileMountedCallback: pending pak file info (ChunkID:-1 Root:root:/ File:C:/Program Files/Epic Games/UE_4.27/FeaturePacks/TP_TopDownBP.upack)
[2024.01.20-15.41.35:703][  0]LogPakFile: OnPakFileMounted2Time == 0.000206
[2024.01.20-15.41.35:703][  0]LogPakFile: PakFile PrimaryIndexSize=185
[2024.01.20-15.41.35:703][  0]LogPakFile: PakFile PathHashIndexSize=101
[2024.01.20-15.41.35:703][  0]LogPakFile: PakFile FullDirectoryIndexSize=144
[2024.01.20-15.41.35:704][  0]LogShaderLibrary: Display: ShaderCodeLibraryPakFileMountedCallback: PakFile 'C:/Program Files/Epic Games/UE_4.27/FeaturePacks/TP_TwinStick.upack' (chunk index -1, root 'root:/') mounted
[2024.01.20-15.41.35:704][  0]LogShaderLibrary: Display: ShaderCodeLibraryPakFileMountedCallback: pending pak file info (ChunkID:-1 Root:root:/ File:C:/Program Files/Epic Games/UE_4.27/FeaturePacks/TP_TwinStick.upack)
[2024.01.20-15.41.35:704][  0]LogPakFile: OnPakFileMounted2Time == 0.000210
[2024.01.20-15.41.35:704][  0]LogPakFile: PakFile PrimaryIndexSize=187
[2024.01.20-15.41.35:705][  0]LogPakFile: PakFile PathHashIndexSize=101
[2024.01.20-15.41.35:705][  0]LogPakFile: PakFile FullDirectoryIndexSize=148
[2024.01.20-15.41.35:705][  0]LogShaderLibrary: Display: ShaderCodeLibraryPakFileMountedCallback: PakFile 'C:/Program Files/Epic Games/UE_4.27/FeaturePacks/TP_TwinStickBP.upack' (chunk index -1, root 'root:/') mounted
[2024.01.20-15.41.35:705][  0]LogShaderLibrary: Display: ShaderCodeLibraryPakFileMountedCallback: pending pak file info (ChunkID:-1 Root:root:/ File:C:/Program Files/Epic Games/UE_4.27/FeaturePacks/TP_TwinStickBP.upack)
[2024.01.20-15.41.35:705][  0]LogPakFile: OnPakFileMounted2Time == 0.000208
[2024.01.20-15.41.35:706][  0]LogPakFile: PakFile PrimaryIndexSize=183
[2024.01.20-15.41.35:706][  0]LogPakFile: PakFile PathHashIndexSize=101
[2024.01.20-15.41.35:706][  0]LogPakFile: PakFile FullDirectoryIndexSize=140
[2024.01.20-15.41.35:706][  0]LogShaderLibrary: Display: ShaderCodeLibraryPakFileMountedCallback: PakFile 'C:/Program Files/Epic Games/UE_4.27/FeaturePacks/TP_Vehicle.upack' (chunk index -1, root 'root:/') mounted
[2024.01.20-15.41.35:706][  0]LogShaderLibrary: Display: ShaderCodeLibraryPakFileMountedCallback: pending pak file info (ChunkID:-1 Root:root:/ File:C:/Program Files/Epic Games/UE_4.27/FeaturePacks/TP_Vehicle.upack)
[2024.01.20-15.41.35:706][  0]LogPakFile: OnPakFileMounted2Time == 0.000202
[2024.01.20-15.41.35:707][  0]LogPakFile: PakFile PrimaryIndexSize=186
[2024.01.20-15.41.35:707][  0]LogPakFile: PakFile PathHashIndexSize=101
[2024.01.20-15.41.35:707][  0]LogPakFile: PakFile FullDirectoryIndexSize=146
[2024.01.20-15.41.35:707][  0]LogShaderLibrary: Display: ShaderCodeLibraryPakFileMountedCallback: PakFile 'C:/Program Files/Epic Games/UE_4.27/FeaturePacks/TP_VehicleAdv.upack' (chunk index -1, root 'root:/') mounted
[2024.01.20-15.41.35:707][  0]LogShaderLibrary: Display: ShaderCodeLibraryPakFileMountedCallback: pending pak file info (ChunkID:-1 Root:root:/ File:C:/Program Files/Epic Games/UE_4.27/FeaturePacks/TP_VehicleAdv.upack)
[2024.01.20-15.41.35:707][  0]LogPakFile: OnPakFileMounted2Time == 0.000214
[2024.01.20-15.41.35:708][  0]LogPakFile: PakFile PrimaryIndexSize=188
[2024.01.20-15.41.35:708][  0]LogPakFile: PakFile PathHashIndexSize=101
[2024.01.20-15.41.35:708][  0]LogPakFile: PakFile FullDirectoryIndexSize=150
[2024.01.20-15.41.35:708][  0]LogShaderLibrary: Display: ShaderCodeLibraryPakFileMountedCallback: PakFile 'C:/Program Files/Epic Games/UE_4.27/FeaturePacks/TP_VehicleAdvBP.upack' (chunk index -1, root 'root:/') mounted
[2024.01.20-15.41.35:708][  0]LogShaderLibrary: Display: ShaderCodeLibraryPakFileMountedCallback: pending pak file info (ChunkID:-1 Root:root:/ File:C:/Program Files/Epic Games/UE_4.27/FeaturePacks/TP_VehicleAdvBP.upack)
[2024.01.20-15.41.35:709][  0]LogPakFile: OnPakFileMounted2Time == 0.000188
[2024.01.20-15.41.35:709][  0]LogPakFile: PakFile PrimaryIndexSize=185
[2024.01.20-15.41.35:709][  0]LogPakFile: PakFile PathHashIndexSize=101
[2024.01.20-15.41.35:709][  0]LogPakFile: PakFile FullDirectoryIndexSize=144
[2024.01.20-15.41.35:709][  0]LogShaderLibrary: Display: ShaderCodeLibraryPakFileMountedCallback: PakFile 'C:/Program Files/Epic Games/UE_4.27/FeaturePacks/TP_VehicleBP.upack' (chunk index -1, root 'root:/') mounted
[2024.01.20-15.41.35:709][  0]LogShaderLibrary: Display: ShaderCodeLibraryPakFileMountedCallback: pending pak file info (ChunkID:-1 Root:root:/ File:C:/Program Files/Epic Games/UE_4.27/FeaturePacks/TP_VehicleBP.upack)
[2024.01.20-15.41.35:709][  0]LogPakFile: OnPakFileMounted2Time == 0.000211
[2024.01.20-15.41.35:711][  0]LogPakFile: PakFile PrimaryIndexSize=192
[2024.01.20-15.41.35:711][  0]LogPakFile: PakFile PathHashIndexSize=101
[2024.01.20-15.41.35:712][  0]LogPakFile: PakFile FullDirectoryIndexSize=158
[2024.01.20-15.41.35:712][  0]LogShaderLibrary: Display: ShaderCodeLibraryPakFileMountedCallback: PakFile 'C:/Program Files/Epic Games/UE_4.27/FeaturePacks/TP_VirtualRealityBP.upack' (chunk index -1, root 'root:/') mounted
[2024.01.20-15.41.35:712][  0]LogShaderLibrary: Display: ShaderCodeLibraryPakFileMountedCallback: pending pak file info (ChunkID:-1 Root:root:/ File:C:/Program Files/Epic Games/UE_4.27/FeaturePacks/TP_VirtualRealityBP.upack)
[2024.01.20-15.41.35:712][  0]LogPakFile: OnPakFileMounted2Time == 0.000202
[2024.01.20-15.41.35:763][  0]LogNativeClassHierarchy: Verbose: Native class hierarchy updated for 'AddContentDialog' in 0.0003 seconds. Added 0 classes and 0 folders.
[2024.01.20-15.41.35:765][  0]LogNativeClassHierarchy: Verbose: Native class hierarchy updated for 'SceneOutliner' in 0.0003 seconds. Added 2 classes and 0 folders.
[2024.01.20-15.41.35:876][  0]LogSlate: Took 0.000204 seconds to synchronously load lazily loaded font '../../../Engine/Content/Slate/Fonts/Roboto-Regular.ttf' (155K)
[2024.01.20-15.41.35:878][  0]LogSlate: Took 0.000196 seconds to synchronously load lazily loaded font '../../../Engine/Content/Editor/Slate/Fonts/FontAwesome.ttf' (139K)
[2024.01.20-15.41.35:880][  0]LogSlate: Took 0.000182 seconds to synchronously load lazily loaded font '../../../Engine/Content/Slate/Fonts/Roboto-Bold.ttf' (160K)
[2024.01.20-15.41.35:965][  0]LogRenderer: Reallocating scene render targets to support 964x428 Format 10 NumSamples 1 (Frame:1).
[2024.01.20-15.41.36:013][  0]LogSlate: Took 0.000226 seconds to synchronously load lazily loaded font '../../../Engine/Content/Slate/Fonts/Roboto-Light.ttf' (167K)
[2024.01.20-15.41.36:074][  0]LogNativeClassHierarchy: Verbose: Native class hierarchy updated for 'HierarchicalLODOutliner' in 0.0003 seconds. Added 0 classes and 0 folders.
[2024.01.20-15.41.36:074][  0]LogLoad: (Engine Initialization) Total time: 7.88 seconds
[2024.01.20-15.41.36:074][  0]LogLoad: (Engine Initialization) Total Blueprint compile time: 0.00 seconds
[2024.01.20-15.41.36:121][  0]LogAssetRegistry: Asset discovery search completed in 4.7794 seconds
[2024.01.20-15.41.36:127][  0]LogCollectionManager: Fixed up redirectors for 0 collections in 0.000003 seconds (updated 0 objects)
[2024.01.20-15.41.36:128][  0]LogContentStreaming: Texture pool size now 1000 MB
[2024.01.20-15.41.40:931][278]LogSlate: Took 0.000145 seconds to synchronously load lazily loaded font '../../../Engine/Content/Slate/Fonts/Roboto-Italic.ttf' (157K)
[2024.01.20-15.41.42:988][400]LogTemp: Repeating last play command: Selected Viewport
[2024.01.20-15.41.42:993][400]LogPlayLevel: PlayLevel: No blueprints needed recompiling
[2024.01.20-15.41.42:994][400]PIE: New page: PIE session: Main (20 янв. 2024 г., 21:41:42)
[2024.01.20-15.41.42:996][400]LogOnline: OSS: Creating online subsystem instance for: NULL
[2024.01.20-15.41.42:997][400]LogOnline: OSS: TryLoadSubsystemAndSetDefault: Loaded subsystem for module [NULL]
[2024.01.20-15.41.42:997][400]LogPlayLevel: Creating play world package: /Game/UEDPIE_0_Main
[2024.01.20-15.41.43:000][400]LogPlayLevel: PIE: StaticDuplicateObject took: (0.001873s)
[2024.01.20-15.41.43:001][400]LogAIModule: Creating AISystem for world Main
[2024.01.20-15.41.43:001][400]LogPlayLevel: PIE: World Init took: (0.001008s)
[2024.01.20-15.41.43:001][400]LogPlayLevel: PIE: Created PIE world by copying editor world from /Game/Main.Main to /Game/UEDPIE_0_Main.Main (0.003308s)
[2024.01.20-15.41.43:009][400]LogUObjectHash: Compacting FUObjectHashTables data took   0.62ms
[2024.01.20-15.41.43:011][400]LogAudio: Display: Creating Audio Device:                 Id: 2, Scope: Unique, Realtime: True
[2024.01.20-15.41.43:011][400]LogAudioMixer: Display: Audio Mixer Platform Settings:
[2024.01.20-15.41.43:011][400]LogAudioMixer: Display: 	Sample Rate:						  48000
[2024.01.20-15.41.43:011][400]LogAudioMixer: Display: 	Callback Buffer Frame Size Requested: 1024
[2024.01.20-15.41.43:011][400]LogAudioMixer: Display: 	Callback Buffer Frame Size To Use:	  1024
[2024.01.20-15.41.43:011][400]LogAudioMixer: Display: 	Number of buffers to queue:			  2
[2024.01.20-15.41.43:011][400]LogAudioMixer: Display: 	Max Channels (voices):				  32
[2024.01.20-15.41.43:011][400]LogAudioMixer: Display: 	Number of Async Source Workers:		  0
[2024.01.20-15.41.43:011][400]LogAudio: Display: AudioDevice MaxSources: 32
[2024.01.20-15.41.43:012][400]LogAudio: Display: Audio Spatialization Plugin: None (built-in).
[2024.01.20-15.41.43:012][400]LogAudio: Display: Audio Reverb Plugin: None (built-in).
[2024.01.20-15.41.43:012][400]LogAudio: Display: Audio Occlusion Plugin: None (built-in).
[2024.01.20-15.41.43:012][400]LogAudioMixer: Display: Initializing audio mixer.
[2024.01.20-15.41.43:014][400]LogAudioMixer: Display: 0: FrontLeft
[2024.01.20-15.41.43:014][400]LogAudioMixer: Display: 1: FrontRight
[2024.01.20-15.41.43:022][400]LogAudioMixer: Display: Using Audio Device Headphones (Realtek(R) Audio)
[2024.01.20-15.41.43:022][400]LogAudioMixer: Display: Initializing Sound Submixes...
[2024.01.20-15.41.43:023][400]LogAudioMixer: Display: Creating Master Submix 'MasterSubmixDefault'
[2024.01.20-15.41.43:023][400]LogAudioMixer: Display: Creating Master Submix 'MasterReverbSubmixDefault'
[2024.01.20-15.41.43:023][400]LogAudioMixer: Display: Creating Master Submix 'MasterEQSubmixDefault'
[2024.01.20-15.41.43:023][400]LogAudioMixer: FMixerPlatformXAudio2::StartAudioStream() called
[2024.01.20-15.41.43:023][400]LogAudioMixer: Display: Output buffers initialized: Frames=1024, Channels=2, Samples=2048
[2024.01.20-15.41.43:025][400]LogAudioMixer: Display: Starting AudioMixerPlatformInterface::RunInternal()
[2024.01.20-15.41.43:025][400]LogAudioMixer: Display: FMixerPlatformXAudio2::SubmitBuffer() called for the first time
[2024.01.20-15.41.43:025][400]LogInit: FAudioDevice initialized.
[2024.01.20-15.41.43:025][400]LogAudio: Display: Audio Device (ID: 2) registered with world 'Main'.
[2024.01.20-15.41.43:046][400]LogLoad: Game class is 'BP_SnakeGameMode_C'
[2024.01.20-15.41.43:047][400]LogWorld: Bringing World /Game/UEDPIE_0_Main.Main up for play (max tick rate 60) at 2024.01.20-18.41.43
[2024.01.20-15.41.43:048][400]LogWorld: Bringing up level for play took: 0.000693
[2024.01.20-15.41.43:048][400]LogOnline: OSS: Creating online subsystem instance for: :Context_1
[2024.01.20-15.41.43:052][400]LogNativeClassHierarchy: Verbose: Native class hierarchy updated for 'MovieSceneCapture' in 0.0003 seconds. Added 20 classes and 0 folders.
[2024.01.20-15.41.43:052][400]LogActor: Warning: BP_SnakeElement_C /Game/UEDPIE_0_Main.Main:PersistentLevel.BP_SnakeElement_C_0 has natively added scene component(s), but none of them were set as the actor's RootComponent - picking one arbitrarily
[2024.01.20-15.41.43:053][400]LogActor: Warning: BP_SnakeElement_C /Game/UEDPIE_0_Main.Main:PersistentLevel.BP_SnakeElement_C_1 has natively added scene component(s), but none of them were set as the actor's RootComponent - picking one arbitrarily
[2024.01.20-15.41.43:053][400]LogActor: Warning: BP_SnakeElement_C /Game/UEDPIE_0_Main.Main:PersistentLevel.BP_SnakeElement_C_2 has natively added scene component(s), but none of them were set as the actor's RootComponent - picking one arbitrarily
[2024.01.20-15.41.43:053][400]LogActor: Warning: BP_SnakeElement_C /Game/UEDPIE_0_Main.Main:PersistentLevel.BP_SnakeElement_C_3 has natively added scene component(s), but none of them were set as the actor's RootComponent - picking one arbitrarily
[2024.01.20-15.41.43:053][400]LogActor: Warning: BP_SnakeElement_C /Game/UEDPIE_0_Main.Main:PersistentLevel.BP_SnakeElement_C_4 has natively added scene component(s), but none of them were set as the actor's RootComponent - picking one arbitrarily
[2024.01.20-15.41.43:054][400]PIE: Server logged in
[2024.01.20-15.41.43:055][400]PIE: Play in editor total start time 0,062 seconds.
[2024.01.20-15.41.54:420][ 79]LogSlate: Updating window title bar state: overlay mode, drag disabled, window buttons hidden, title bar hidden
[2024.01.20-15.41.54:420][ 79]LogWorld: BeginTearingDown for /Game/UEDPIE_0_Main
[2024.01.20-15.41.54:421][ 79]LogWorld: UWorld::CleanupWorld for Main, bSessionEnded=true, bCleanupResources=true
[2024.01.20-15.41.54:421][ 79]LogSlate: InvalidateAllWidgets triggered.  All widgets were invalidated
[2024.01.20-15.41.54:431][ 79]LogPlayLevel: Display: Shutting down PIE online subsystems
[2024.01.20-15.41.54:432][ 79]LogSlate: InvalidateAllWidgets triggered.  All widgets were invalidated
[2024.01.20-15.41.54:436][ 79]LogAudio: Display: Audio Device unregistered from world 'None'.
[2024.01.20-15.41.54:436][ 79]LogAudioMixer: FMixerPlatformXAudio2::StopAudioStream() called
[2024.01.20-15.41.54:437][ 79]LogAudioMixer: FMixerPlatformXAudio2::StopAudioStream() called
[2024.01.20-15.41.54:440][ 79]LogSlate: Updating window title bar state: overlay mode, drag disabled, window buttons hidden, title bar hidden
[2024.01.20-15.41.54:442][ 79]LogUObjectHash: Compacting FUObjectHashTables data took   0.68ms
[2024.01.20-15.41.54:494][ 82]LogPlayLevel: Display: Destroying online subsystem :Context_1
