Log file open, 01/20/24 22:42:37
LogWindows: Failed to load 'aqProf.dll' (GetLastError=126)
LogWindows: File 'aqProf.dll' does not exist
LogWindows: Failed to load 'VtuneApi.dll' (GetLastError=126)
LogWindows: File 'VtuneApi.dll' does not exist
LogWindows: Failed to load 'VtuneApi32e.dll' (GetLastError=126)
LogWindows: File 'VtuneApi32e.dll' does not exist
LogConsoleResponse: Display: Failed to find resolution value strings in scalability ini. Falling back to default.
LogConsoleResponse: Display: Failed to find resolution value strings in scalability ini. Falling back to default.
LogInit: Display: Running engine for game: SnakeProject
LogPlatformFile: Not using cached read wrapper
LogTaskGraph: Started task graph with 5 named threads and 35 total threads with 3 sets of task threads.
LogStats: Stats thread started at 0.324612
LogICUInternationalization: ICU TimeZone Detection - Raw Offset: +3:00, Platform Override: ''
LogInit: Display: Loading text-based GConfig....
LogPluginManager: Mounting plugin MeshPainting
LogPluginManager: Mounting plugin XGEController
LogPluginManager: Mounting plugin Paper2D
LogPluginManager: Mounting plugin AISupport
LogPluginManager: Mounting plugin LiveLink
LogPluginManager: Mounting plugin EnvironmentQueryEditor
LogPluginManager: Mounting plugin LightPropagationVolume
LogPluginManager: Mounting plugin CameraShakePreviewer
LogPluginManager: Mounting plugin GameplayCameras
LogPluginManager: Mounting plugin OodleNetwork
LogPluginManager: Mounting plugin OodleData
LogPluginManager: Mounting plugin AssetManagerEditor
LogPluginManager: Mounting plugin CryptoKeys
LogPluginManager: Mounting plugin CurveEditorTools
LogPluginManager: Mounting plugin GeometryMode
LogPluginManager: Mounting plugin FacialAnimation
LogPluginManager: Mounting plugin GameplayTagsEditor
LogPluginManager: Mounting plugin DataValidation
LogPluginManager: Mounting plugin MaterialAnalyzer
LogPluginManager: Mounting plugin MacGraphicsSwitching
LogPluginManager: Mounting plugin PluginBrowser
LogPluginManager: Mounting plugin MobileLauncherProfileWizard
LogPluginManager: Mounting plugin SpeedTreeImporter
LogPluginManager: Mounting plugin CodeLiteSourceCodeAccess
LogPluginManager: Mounting plugin KDevelopSourceCodeAccess
LogPluginManager: Mounting plugin GitSourceControl
LogPluginManager: Mounting plugin CLionSourceCodeAccess
LogPluginManager: Mounting plugin NullSourceCodeAccess
LogPluginManager: Mounting plugin AnimationSharing
LogPluginManager: Mounting plugin PerforceSourceControl
LogPluginManager: Mounting plugin PixWinPlugin
LogPluginManager: Mounting plugin PlasticSourceControl
LogPluginManager: Mounting plugin PluginUtils
LogPluginManager: Mounting plugin PropertyAccessNode
LogPluginManager: Mounting plugin RiderSourceCodeAccess
LogPluginManager: Mounting plugin SubversionSourceControl
LogPluginManager: Mounting plugin Niagara
LogPluginManager: Mounting plugin UObjectPlugin
LogPluginManager: Mounting plugin VisualStudioCodeSourceCodeAccess
LogPluginManager: Mounting plugin VisualStudioSourceCodeAccess
LogPluginManager: Mounting plugin XCodeSourceCodeAccess
LogPluginManager: Mounting plugin DatasmithContent
LogPluginManager: Mounting plugin TextureFormatOodle
LogPluginManager: Mounting plugin VariantManagerContent
LogPluginManager: Mounting plugin AlembicImporter
LogPluginManager: Mounting plugin AutomationUtils
LogPluginManager: Mounting plugin BackChannel
LogPluginManager: Mounting plugin ChaosCloth
LogPluginManager: Mounting plugin ChaosClothEditor
LogPluginManager: Mounting plugin ChaosEditor
LogPluginManager: Mounting plugin ChaosNiagara
LogPluginManager: Mounting plugin ChaosSolverPlugin
LogPluginManager: Mounting plugin CharacterAI
LogPluginManager: Mounting plugin GeometryCache
LogPluginManager: Mounting plugin GeometryCollectionPlugin
LogPluginManager: Mounting plugin GeometryProcessing
LogPluginManager: Mounting plugin MotoSynth
LogPluginManager: Mounting plugin OpenImageDenoise
LogPluginManager: Mounting plugin PlanarCut
LogPluginManager: Mounting plugin PlatformCrypto
LogPluginManager: Mounting plugin ProxyLODPlugin
LogPluginManager: Mounting plugin PythonScriptPlugin
LogPluginManager: Mounting plugin SkeletalReduction
LogPluginManager: Mounting plugin LuminPlatformFeatures
LogPluginManager: Mounting plugin MagicLeap
LogPluginManager: Mounting plugin MagicLeapLightEstimation
LogPluginManager: Mounting plugin MagicLeapMedia
LogPluginManager: Mounting plugin MagicLeapPassableWorld
LogPluginManager: Mounting plugin MLSDK
LogPluginManager: Mounting plugin AndroidMedia
LogPluginManager: Mounting plugin AvfMedia
LogPluginManager: Mounting plugin ImgMedia
LogPluginManager: Mounting plugin MediaCompositing
LogPluginManager: Mounting plugin MediaPlayerEditor
LogPluginManager: Mounting plugin WebMMedia
LogPluginManager: Mounting plugin WmfMedia
LogPluginManager: Mounting plugin TcpMessaging
LogPluginManager: Mounting plugin UdpMessaging
LogPluginManager: Mounting plugin ActorSequence
LogPluginManager: Mounting plugin LevelSequenceEditor
LogPluginManager: Mounting plugin MatineeToLevelSequence
LogPluginManager: Mounting plugin TemplateSequence
LogPluginManager: Mounting plugin OnlineSubsystem
LogPluginManager: Mounting plugin OnlineSubsystemNull
LogPluginManager: Mounting plugin OnlineSubsystemUtils
LogPluginManager: Mounting plugin LauncherChunkInstaller
LogPluginManager: Mounting plugin ActorLayerUtilities
LogPluginManager: Mounting plugin AndroidDeviceProfileSelector
LogPluginManager: Mounting plugin AndroidMoviePlayer
LogPluginManager: Mounting plugin AndroidPermission
LogPluginManager: Mounting plugin AppleImageUtils
LogPluginManager: Mounting plugin AppleMoviePlayer
LogPluginManager: Mounting plugin ArchVisCharacter
LogPluginManager: Mounting plugin AssetTags
LogPluginManager: Mounting plugin AudioSynesthesia
LogPluginManager: Mounting plugin AudioCapture
LogPluginManager: Mounting plugin ChunkDownloader
LogPluginManager: Mounting plugin CableComponent
LogPluginManager: Mounting plugin CustomMeshComponent
LogPluginManager: Mounting plugin EditableMesh
LogPluginManager: Mounting plugin ExampleDeviceProfileSelector
LogPluginManager: Mounting plugin GoogleCloudMessaging
LogPluginManager: Mounting plugin GooglePAD
LogPluginManager: Mounting plugin ScreenshotTools
LogPluginManager: Mounting plugin IOSDeviceProfileSelector
LogPluginManager: Mounting plugin LinuxDeviceProfileSelector
LogPluginManager: Mounting plugin LocationServicesBPLibrary
LogPluginManager: Mounting plugin MobilePatchingUtils
LogPluginManager: Mounting plugin OpenXR
LogPluginManager: Mounting plugin OpenXREyeTracker
LogPluginManager: Mounting plugin OpenXRHandTracking
LogPluginManager: Mounting plugin PhysXVehicles
LogPluginManager: Mounting plugin Takes
LogPluginManager: Mounting plugin PostSplashScreen
LogPluginManager: Mounting plugin ProceduralMeshComponent
LogPluginManager: Mounting plugin PropertyAccessEditor
LogPluginManager: Mounting plugin RuntimePhysXCooking
LogPluginManager: Mounting plugin SignificanceManager
LogPluginManager: Mounting plugin SoundFields
LogPluginManager: Mounting plugin Synthesis
LogPluginManager: Mounting plugin WebMMoviePlayer
LogPluginManager: Mounting plugin WindowsMoviePlayer
LogPluginManager: Mounting plugin ContentBrowserClassDataSource
LogPluginManager: Mounting plugin ContentBrowserAssetDataSource
LogPluginManager: Mounting plugin ContentBrowserFileDataSource
LogPluginManager: Mounting plugin OnlineSubsystemGooglePlay
LogPluginManager: Mounting plugin OnlineSubsystemIOS
LogPluginManager: Mounting plugin OculusVR
LogPluginManager: Mounting plugin SteamVR
PixWinPlugin: PIX capture plugin failed to initialize! Check that the process is launched from PIX.
LogInit: Using libcurl 7.55.1-DEV
LogInit:  - built for x86_64-pc-win32
LogInit:  - supports SSL with OpenSSL/1.1.1
LogInit:  - supports HTTP deflate (compression) using libz 1.2.8
LogInit:  - other features:
LogInit:      CURL_VERSION_SSL
LogInit:      CURL_VERSION_LIBZ
LogInit:      CURL_VERSION_IPV6
LogInit:      CURL_VERSION_ASYNCHDNS
LogInit:      CURL_VERSION_LARGEFILE
LogInit:      CURL_VERSION_IDN
LogInit:  CurlRequestOptions (configurable via config and command line):
LogInit:  - bVerifyPeer = true  - Libcurl will verify peer certificate
LogInit:  - bUseHttpProxy = false  - Libcurl will NOT use HTTP proxy
LogInit:  - bDontReuseConnections = false  - Libcurl will reuse connections
LogInit:  - MaxHostConnections = 16  - Libcurl will limit the number of connections to a host
LogInit:  - LocalHostAddr = Default
LogInit:  - BufferSize = 65536
LogOnline: OSS: Creating online subsystem instance for: NULL
LogInit: WinSock: version 1.1 (2.2), MaxSocks=32767, MaxUdp=65467
LogOnline: OSS: TryLoadSubsystemAndSetDefault: Loaded subsystem for module [NULL]
LogOculusPluginWrapper: OculusPlugin initialized successfully
LogHMD: Failed initializing OVRPlugin 1.59.0
LogInit: Build: ++UE4+Release-4.27-CL-18319896
LogInit: Engine Version: 4.27.2-18319896+++UE4+Release-4.27
LogInit: Compatible Engine Version: 4.27.0-17155196+++UE4+Release-4.27
LogInit: Net CL: 17155196
LogInit: OS: Windows 10 (Release 2009) (), CPU: Intel(R) Core(TM) i7-10750H CPU @ 2.60GHz, GPU: Intel(R) UHD Graphics
LogInit: Compiled (64-bit): Nov 30 2021 07:12:08
LogInit: Compiled with Visual C++: 19.24.28315.00
LogInit: Build Configuration: Development
LogInit: Branch Name: ++UE4+Release-4.27
LogInit: Command Line:  -skipcompile
LogInit: Base Directory: C:/Program Files/Epic Games/UE_4.27/Engine/Binaries/Win64/
LogInit: Allocator: TBB
LogInit: Installed Engine Build: 1
LogDevObjectVersion: Number of dev versions registered: 29
LogDevObjectVersion:   Dev-Blueprints (B0D832E4-1F89-4F0D-ACCF-7EB736FD4AA2): 10
LogDevObjectVersion:   Dev-Build (E1C64328-A22C-4D53-A36C-8E866417BD8C): 0
LogDevObjectVersion:   Dev-Core (375EC13C-06E4-48FB-B500-84F0262A717E): 4
LogDevObjectVersion:   Dev-Editor (E4B068ED-F494-42E9-A231-DA0B2E46BB41): 40
LogDevObjectVersion:   Dev-Framework (CFFC743F-43B0-4480-9391-14DF171D2073): 37
LogDevObjectVersion:   Dev-Mobile (B02B49B5-BB20-44E9-A304-32B752E40360): 3
LogDevObjectVersion:   Dev-Networking (A4E4105C-59A1-49B5-A7C5-40C4547EDFEE): 0
LogDevObjectVersion:   Dev-Online (39C831C9-5AE6-47DC-9A44-9C173E1C8E7C): 0
LogDevObjectVersion:   Dev-Physics (78F01B33-EBEA-4F98-B9B4-84EACCB95AA2): 14
LogDevObjectVersion:   Dev-Platform (6631380F-2D4D-43E0-8009-CF276956A95A): 0
LogDevObjectVersion:   Dev-Rendering (12F88B9F-8875-4AFC-A67C-D90C383ABD29): 45
LogDevObjectVersion:   Dev-Sequencer (7B5AE74C-D270-4C10-A958-57980B212A5A): 13
LogDevObjectVersion:   Dev-VR (D7296918-1DD6-4BDD-9DE2-64A83CC13884): 3
LogDevObjectVersion:   Dev-LoadTimes (C2A15278-BFE7-4AFE-6C17-90FF531DF755): 1
LogDevObjectVersion:   Private-Geometry (6EACA3D4-40EC-4CC1-B786-8BED09428FC5): 3
LogDevObjectVersion:   Dev-AnimPhys (29E575DD-E0A3-4627-9D10-D276232CDCEA): 17
LogDevObjectVersion:   Dev-Anim (AF43A65D-7FD3-4947-9873-3E8ED9C1BB05): 15
LogDevObjectVersion:   Dev-ReflectionCapture (6B266CEC-1EC7-4B8F-A30B-E4D90942FC07): 1
LogDevObjectVersion:   Dev-Automation (0DF73D61-A23F-47EA-B727-89E90C41499A): 1
LogDevObjectVersion:   FortniteMain (601D1886-AC64-4F84-AA16-D3DE0DEAC7D6): 47
LogDevObjectVersion:   FortniteRelease (E7086368-6B23-4C58-8439-1B7016265E91): 1
LogDevObjectVersion:   Dev-Enterprise (9DFFBCD6-494F-0158-E221-12823C92A888): 10
LogDevObjectVersion:   Dev-Niagara (F2AED0AC-9AFE-416F-8664-AA7FFA26D6FC): 1
LogDevObjectVersion:   Dev-Destruction (174F1F0B-B4C6-45A5-B13F-2EE8D0FB917D): 10
LogDevObjectVersion:   Dev-Physics-Ext (35F94A83-E258-406C-A318-09F59610247C): 41
LogDevObjectVersion:   Dev-PhysicsMaterial-Chaos (B68FC16E-8B1B-42E2-B453-215C058844FE): 1
LogDevObjectVersion:   Dev-CineCamera (B2E18506-4273-CFC2-A54E-F4BB758BBA07): 1
LogDevObjectVersion:   Dev-VirtualProduction (64F58936-FD1B-42BA-BA96-7289D5D0FA4E): 1
LogDevObjectVersion:   Dev-MediaFramework (6F0ED827-A609-4895-9C91-998D90180EA4): 2
LogInit: Presizing for max 25165824 objects, including 0 objects not considered by GC, pre-allocating 0 bytes for permanent pool.
LogConfig: Applying CVar settings from Section [/Script/Engine.StreamingSettings] File [D:/GameProjects/UE/Snake/SnakeProject/Saved/Config/Windows/Engine.ini]
LogConfig: Setting CVar [[s.MinBulkDataSizeForAsyncLoading:131072]]
LogConfig: Setting CVar [[s.AsyncLoadingThreadEnabled:0]]
LogConfig: Setting CVar [[s.EventDrivenLoaderEnabled:1]]
LogConfig: Setting CVar [[s.WarnIfTimeLimitExceeded:0]]
LogConfig: Setting CVar [[s.TimeLimitExceededMultiplier:1.5]]
LogConfig: Setting CVar [[s.TimeLimitExceededMinTime:0.005]]
LogConfig: Setting CVar [[s.UseBackgroundLevelStreaming:1]]
LogConfig: Setting CVar [[s.PriorityAsyncLoadingExtraTime:15.0]]
LogConfig: Setting CVar [[s.LevelStreamingActorsUpdateTimeLimit:5.0]]
LogConfig: Setting CVar [[s.PriorityLevelStreamingActorsUpdateExtraTime:5.0]]
LogConfig: Setting CVar [[s.LevelStreamingComponentsRegistrationGranularity:10]]
LogConfig: Setting CVar [[s.UnregisterComponentsTimeLimit:1.0]]
LogConfig: Setting CVar [[s.LevelStreamingComponentsUnregistrationGranularity:5]]
LogConfig: Setting CVar [[s.FlushStreamingOnExit:1]]
LogInit: Object subsystem initialized
LogConfig: Setting CVar [[con.DebugEarlyDefault:1]]
LogConfig: Setting CVar [[r.setres:1280x720]]
[2024.01.20-19.42.38:204][  0]LogConfig: Setting CVar [[r.VSync:0]]
[2024.01.20-19.42.38:204][  0]LogConfig: Setting CVar [[r.RHICmdBypass:0]]
[2024.01.20-19.42.38:204][  0]LogConfig: Applying CVar settings from Section [/Script/Engine.RendererSettings] File [D:/GameProjects/UE/Snake/SnakeProject/Saved/Config/Windows/Engine.ini]
[2024.01.20-19.42.38:204][  0]LogConfig: Setting CVar [[r.GPUCrashDebugging:0]]
[2024.01.20-19.42.38:204][  0]LogConfig: Setting CVar [[r.DefaultFeature.AntiAliasing:0]]
[2024.01.20-19.42.38:204][  0]LogConfig: Setting CVar [[r.DefaultFeature.MotionBlur:0]]
[2024.01.20-19.42.38:204][  0]LogConfig: Applying CVar settings from Section [/Script/Engine.RendererOverrideSettings] File [D:/GameProjects/UE/Snake/SnakeProject/Saved/Config/Windows/Engine.ini]
[2024.01.20-19.42.38:204][  0]LogConfig: Applying CVar settings from Section [/Script/Engine.StreamingSettings] File [D:/GameProjects/UE/Snake/SnakeProject/Saved/Config/Windows/Engine.ini]
[2024.01.20-19.42.38:204][  0]LogConfig: Setting CVar [[s.MinBulkDataSizeForAsyncLoading:131072]]
[2024.01.20-19.42.38:204][  0]LogConfig: Setting CVar [[s.AsyncLoadingThreadEnabled:0]]
[2024.01.20-19.42.38:204][  0]LogConfig: Setting CVar [[s.EventDrivenLoaderEnabled:1]]
[2024.01.20-19.42.38:204][  0]LogConfig: Setting CVar [[s.WarnIfTimeLimitExceeded:0]]
[2024.01.20-19.42.38:204][  0]LogConfig: Setting CVar [[s.TimeLimitExceededMultiplier:1.5]]
[2024.01.20-19.42.38:205][  0]LogConfig: Setting CVar [[s.TimeLimitExceededMinTime:0.005]]
[2024.01.20-19.42.38:205][  0]LogConfig: Setting CVar [[s.UseBackgroundLevelStreaming:1]]
[2024.01.20-19.42.38:205][  0]LogConfig: Setting CVar [[s.PriorityAsyncLoadingExtraTime:15.0]]
[2024.01.20-19.42.38:205][  0]LogConfig: Setting CVar [[s.LevelStreamingActorsUpdateTimeLimit:5.0]]
[2024.01.20-19.42.38:205][  0]LogConfig: Setting CVar [[s.PriorityLevelStreamingActorsUpdateExtraTime:5.0]]
[2024.01.20-19.42.38:205][  0]LogConfig: Setting CVar [[s.LevelStreamingComponentsRegistrationGranularity:10]]
[2024.01.20-19.42.38:205][  0]LogConfig: Setting CVar [[s.UnregisterComponentsTimeLimit:1.0]]
[2024.01.20-19.42.38:205][  0]LogConfig: Setting CVar [[s.LevelStreamingComponentsUnregistrationGranularity:5]]
[2024.01.20-19.42.38:205][  0]LogConfig: Setting CVar [[s.FlushStreamingOnExit:1]]
[2024.01.20-19.42.38:205][  0]LogConfig: Applying CVar settings from Section [/Script/Engine.GarbageCollectionSettings] File [D:/GameProjects/UE/Snake/SnakeProject/Saved/Config/Windows/Engine.ini]
[2024.01.20-19.42.38:205][  0]LogConfig: Setting CVar [[gc.MaxObjectsNotConsideredByGC:1]]
[2024.01.20-19.42.38:205][  0]LogConfig: Setting CVar [[gc.SizeOfPermanentObjectPool:0]]
[2024.01.20-19.42.38:205][  0]LogConfig: Setting CVar [[gc.FlushStreamingOnGC:0]]
[2024.01.20-19.42.38:205][  0]LogConfig: Setting CVar [[gc.NumRetriesBeforeForcingGC:10]]
[2024.01.20-19.42.38:205][  0]LogConfig: Setting CVar [[gc.AllowParallelGC:1]]
[2024.01.20-19.42.38:205][  0]LogConfig: Setting CVar [[gc.TimeBetweenPurgingPendingKillObjects:61.1]]
[2024.01.20-19.42.38:206][  0]LogConfig: Setting CVar [[gc.MaxObjectsInEditor:25165824]]
[2024.01.20-19.42.38:206][  0]LogConfig: Setting CVar [[gc.IncrementalBeginDestroyEnabled:1]]
[2024.01.20-19.42.38:206][  0]LogConfig: Setting CVar [[gc.CreateGCClusters:1]]
[2024.01.20-19.42.38:206][  0]LogConfig: Setting CVar [[gc.MinGCClusterSize:5]]
[2024.01.20-19.42.38:206][  0]LogConfig: Setting CVar [[gc.ActorClusteringEnabled:0]]
[2024.01.20-19.42.38:206][  0]LogConfig: Setting CVar [[gc.BlueprintClusteringEnabled:0]]
[2024.01.20-19.42.38:206][  0]LogConfig: Setting CVar [[gc.UseDisregardForGCOnDedicatedServers:0]]
[2024.01.20-19.42.38:206][  0]LogConfig: Setting CVar [[gc.MultithreadedDestructionEnabled:1]]
[2024.01.20-19.42.38:206][  0]LogConfig: Applying CVar settings from Section [/Script/Engine.NetworkSettings] File [D:/GameProjects/UE/Snake/SnakeProject/Saved/Config/Windows/Engine.ini]
[2024.01.20-19.42.38:206][  0]LogConfig: Applying CVar settings from Section [/Script/UnrealEd.CookerSettings] File [D:/GameProjects/UE/Snake/SnakeProject/Saved/Config/Windows/Engine.ini]
[2024.01.20-19.42.38:215][  0]LogConfig: Applying CVar settings from Section [ViewDistanceQuality@3] File [D:/GameProjects/UE/Snake/SnakeProject/Saved/Config/Windows/Scalability.ini]
[2024.01.20-19.42.38:215][  0]LogConfig: Setting CVar [[r.SkeletalMeshLODBias:0]]
[2024.01.20-19.42.38:215][  0]LogConfig: Setting CVar [[r.ViewDistanceScale:1.0]]
[2024.01.20-19.42.38:215][  0]LogConfig: Applying CVar settings from Section [AntiAliasingQuality@3] File [D:/GameProjects/UE/Snake/SnakeProject/Saved/Config/Windows/Scalability.ini]
[2024.01.20-19.42.38:215][  0]LogConfig: Setting CVar [[r.PostProcessAAQuality:4]]
[2024.01.20-19.42.38:215][  0]LogConfig: Applying CVar settings from Section [ShadowQuality@3] File [D:/GameProjects/UE/Snake/SnakeProject/Saved/Config/Windows/Scalability.ini]
[2024.01.20-19.42.38:215][  0]LogConfig: Setting CVar [[r.LightFunctionQuality:1]]
[2024.01.20-19.42.38:215][  0]LogConfig: Setting CVar [[r.ShadowQuality:5]]
[2024.01.20-19.42.38:216][  0]LogConfig: Setting CVar [[r.Shadow.CSM.MaxCascades:10]]
[2024.01.20-19.42.38:216][  0]LogConfig: Setting CVar [[r.Shadow.MaxResolution:2048]]
[2024.01.20-19.42.38:216][  0]LogConfig: Setting CVar [[r.Shadow.MaxCSMResolution:2048]]
[2024.01.20-19.42.38:216][  0]LogConfig: Setting CVar [[r.Shadow.RadiusThreshold:0.01]]
[2024.01.20-19.42.38:216][  0]LogConfig: Setting CVar [[r.Shadow.DistanceScale:1.0]]
[2024.01.20-19.42.38:216][  0]LogConfig: Setting CVar [[r.Shadow.CSM.TransitionScale:1.0]]
[2024.01.20-19.42.38:216][  0]LogConfig: Setting CVar [[r.Shadow.PreShadowResolutionFactor:1.0]]
[2024.01.20-19.42.38:216][  0]LogConfig: Setting CVar [[r.DistanceFieldShadowing:1]]
[2024.01.20-19.42.38:216][  0]LogConfig: Setting CVar [[r.DistanceFieldAO:1]]
[2024.01.20-19.42.38:216][  0]LogConfig: Setting CVar [[r.AOQuality:2]]
[2024.01.20-19.42.38:216][  0]LogConfig: Setting CVar [[r.VolumetricFog:1]]
[2024.01.20-19.42.38:216][  0]LogConfig: Setting CVar [[r.VolumetricFog.GridPixelSize:8]]
[2024.01.20-19.42.38:216][  0]LogConfig: Setting CVar [[r.VolumetricFog.GridSizeZ:128]]
[2024.01.20-19.42.38:216][  0]LogConfig: Setting CVar [[r.VolumetricFog.HistoryMissSupersampleCount:4]]
[2024.01.20-19.42.38:216][  0]LogConfig: Setting CVar [[r.LightMaxDrawDistanceScale:1]]
[2024.01.20-19.42.38:216][  0]LogConfig: Setting CVar [[r.CapsuleShadows:1]]
[2024.01.20-19.42.38:216][  0]LogConfig: Applying CVar settings from Section [PostProcessQuality@3] File [D:/GameProjects/UE/Snake/SnakeProject/Saved/Config/Windows/Scalability.ini]
[2024.01.20-19.42.38:217][  0]LogConfig: Setting CVar [[r.MotionBlurQuality:4]]
[2024.01.20-19.42.38:217][  0]LogConfig: Setting CVar [[r.AmbientOcclusionMipLevelFactor:0.4]]
[2024.01.20-19.42.38:217][  0]LogConfig: Setting CVar [[r.AmbientOcclusionMaxQuality:100]]
[2024.01.20-19.42.38:217][  0]LogConfig: Setting CVar [[r.AmbientOcclusionLevels:-1]]
[2024.01.20-19.42.38:217][  0]LogConfig: Setting CVar [[r.AmbientOcclusionRadiusScale:1.0]]
[2024.01.20-19.42.38:217][  0]LogConfig: Setting CVar [[r.DepthOfFieldQuality:2]]
[2024.01.20-19.42.38:217][  0]LogConfig: Setting CVar [[r.RenderTargetPoolMin:400]]
[2024.01.20-19.42.38:217][  0]LogConfig: Setting CVar [[r.LensFlareQuality:2]]
[2024.01.20-19.42.38:217][  0]LogConfig: Setting CVar [[r.SceneColorFringeQuality:1]]
[2024.01.20-19.42.38:217][  0]LogConfig: Setting CVar [[r.EyeAdaptationQuality:2]]
[2024.01.20-19.42.38:217][  0]LogConfig: Setting CVar [[r.BloomQuality:5]]
[2024.01.20-19.42.38:217][  0]LogConfig: Setting CVar [[r.FastBlurThreshold:100]]
[2024.01.20-19.42.38:217][  0]LogConfig: Setting CVar [[r.Upscale.Quality:3]]
[2024.01.20-19.42.38:217][  0]LogConfig: Setting CVar [[r.Tonemapper.GrainQuantization:1]]
[2024.01.20-19.42.38:217][  0]LogConfig: Setting CVar [[r.LightShaftQuality:1]]
[2024.01.20-19.42.38:217][  0]LogConfig: Setting CVar [[r.Filter.SizeScale:1]]
[2024.01.20-19.42.38:217][  0]LogConfig: Setting CVar [[r.Tonemapper.Quality:5]]
[2024.01.20-19.42.38:217][  0]LogConfig: Setting CVar [[r.DOF.Gather.AccumulatorQuality:1        ; higher gathering accumulator quality]]
[2024.01.20-19.42.38:218][  0]LogConfig: Setting CVar [[r.DOF.Gather.PostfilterMethod:1          ; Median3x3 postfilering method]]
[2024.01.20-19.42.38:218][  0]LogConfig: Setting CVar [[r.DOF.Gather.EnableBokehSettings:0       ; no bokeh simulation when gathering]]
[2024.01.20-19.42.38:218][  0]LogConfig: Setting CVar [[r.DOF.Gather.RingCount:4                 ; medium number of samples when gathering]]
[2024.01.20-19.42.38:218][  0]LogConfig: Setting CVar [[r.DOF.Scatter.ForegroundCompositing:1    ; additive foreground scattering]]
[2024.01.20-19.42.38:218][  0]LogConfig: Setting CVar [[r.DOF.Scatter.BackgroundCompositing:2    ; additive background scattering]]
[2024.01.20-19.42.38:218][  0]LogConfig: Setting CVar [[r.DOF.Scatter.EnableBokehSettings:1      ; bokeh simulation when scattering]]
[2024.01.20-19.42.38:218][  0]LogConfig: Setting CVar [[r.DOF.Scatter.MaxSpriteRatio:0.1         ; only a maximum of 10% of scattered bokeh]]
[2024.01.20-19.42.38:218][  0]LogConfig: Setting CVar [[r.DOF.Recombine.Quality:1                ; cheap slight out of focus]]
[2024.01.20-19.42.38:218][  0]LogConfig: Setting CVar [[r.DOF.Recombine.EnableBokehSettings:0    ; no bokeh simulation on slight out of focus]]
[2024.01.20-19.42.38:218][  0]LogConfig: Setting CVar [[r.DOF.TemporalAAQuality:1                ; more stable temporal accumulation]]
[2024.01.20-19.42.38:218][  0]LogConfig: Setting CVar [[r.DOF.Kernel.MaxForegroundRadius:0.025]]
[2024.01.20-19.42.38:218][  0]LogConfig: Setting CVar [[r.DOF.Kernel.MaxBackgroundRadius:0.025]]
[2024.01.20-19.42.38:218][  0]LogConfig: Applying CVar settings from Section [TextureQuality@3] File [D:/GameProjects/UE/Snake/SnakeProject/Saved/Config/Windows/Scalability.ini]
[2024.01.20-19.42.38:218][  0]LogConfig: Setting CVar [[r.Streaming.MipBias:0]]
[2024.01.20-19.42.38:218][  0]LogConfig: Setting CVar [[r.Streaming.AmortizeCPUToGPUCopy:0]]
[2024.01.20-19.42.38:218][  0]LogConfig: Setting CVar [[r.Streaming.MaxNumTexturesToStreamPerFrame:0]]
[2024.01.20-19.42.38:218][  0]LogConfig: Setting CVar [[r.Streaming.Boost:1]]
[2024.01.20-19.42.38:219][  0]LogConfig: Setting CVar [[r.MaxAnisotropy:8]]
[2024.01.20-19.42.38:219][  0]LogConfig: Setting CVar [[r.VT.MaxAnisotropy:8]]
[2024.01.20-19.42.38:219][  0]LogConfig: Setting CVar [[r.Streaming.LimitPoolSizeToVRAM:0]]
[2024.01.20-19.42.38:219][  0]LogConfig: Setting CVar [[r.Streaming.PoolSize:1000]]
[2024.01.20-19.42.38:219][  0]LogConfig: Setting CVar [[r.Streaming.MaxEffectiveScreenSize:0]]
[2024.01.20-19.42.38:219][  0]LogConfig: Applying CVar settings from Section [EffectsQuality@3] File [D:/GameProjects/UE/Snake/SnakeProject/Saved/Config/Windows/Scalability.ini]
[2024.01.20-19.42.38:219][  0]LogConfig: Setting CVar [[r.TranslucencyLightingVolumeDim:64]]
[2024.01.20-19.42.38:219][  0]LogConfig: Setting CVar [[r.RefractionQuality:2]]
[2024.01.20-19.42.38:219][  0]LogConfig: Setting CVar [[r.SSR.Quality:3]]
[2024.01.20-19.42.38:219][  0]LogConfig: Setting CVar [[r.SSR.HalfResSceneColor:0]]
[2024.01.20-19.42.38:219][  0]LogConfig: Setting CVar [[r.SceneColorFormat:4]]
[2024.01.20-19.42.38:219][  0]LogConfig: Setting CVar [[r.DetailMode:2]]
[2024.01.20-19.42.38:219][  0]LogConfig: Setting CVar [[r.TranslucencyVolumeBlur:1]]
[2024.01.20-19.42.38:219][  0]LogConfig: Setting CVar [[r.MaterialQualityLevel:1 ; High quality]]
[2024.01.20-19.42.38:219][  0]LogConfig: Setting CVar [[r.AnisotropicMaterials:1]]
[2024.01.20-19.42.38:219][  0]LogConfig: Setting CVar [[r.SSS.Scale:1]]
[2024.01.20-19.42.38:219][  0]LogConfig: Setting CVar [[r.SSS.SampleSet:2]]
[2024.01.20-19.42.38:220][  0]LogConfig: Setting CVar [[r.SSS.Quality:1]]
[2024.01.20-19.42.38:220][  0]LogConfig: Setting CVar [[r.SSS.HalfRes:0]]
[2024.01.20-19.42.38:220][  0]LogConfig: Setting CVar [[r.SSGI.Quality:3]]
[2024.01.20-19.42.38:220][  0]LogConfig: Setting CVar [[r.EmitterSpawnRateScale:1.0]]
[2024.01.20-19.42.38:220][  0]LogConfig: Setting CVar [[r.ParticleLightQuality:2]]
[2024.01.20-19.42.38:220][  0]LogConfig: Setting CVar [[r.SkyAtmosphere.AerialPerspectiveLUT.FastApplyOnOpaque:1 ; Always have FastSkyLUT 1 in this case to avoid wrong sky]]
[2024.01.20-19.42.38:220][  0]LogConfig: Setting CVar [[r.SkyAtmosphere.AerialPerspectiveLUT.SampleCountMaxPerSlice:4]]
[2024.01.20-19.42.38:220][  0]LogConfig: Setting CVar [[r.SkyAtmosphere.AerialPerspectiveLUT.DepthResolution:16.0]]
[2024.01.20-19.42.38:220][  0]LogConfig: Setting CVar [[r.SkyAtmosphere.FastSkyLUT:1]]
[2024.01.20-19.42.38:220][  0]LogConfig: Setting CVar [[r.SkyAtmosphere.FastSkyLUT.SampleCountMin:4.0]]
[2024.01.20-19.42.38:220][  0]LogConfig: Setting CVar [[r.SkyAtmosphere.FastSkyLUT.SampleCountMax:128.0]]
[2024.01.20-19.42.38:220][  0]LogConfig: Setting CVar [[r.SkyAtmosphere.SampleCountMin:4.0]]
[2024.01.20-19.42.38:220][  0]LogConfig: Setting CVar [[r.SkyAtmosphere.SampleCountMax:128.0]]
[2024.01.20-19.42.38:220][  0]LogConfig: Setting CVar [[r.SkyAtmosphere.TransmittanceLUT.UseSmallFormat:0]]
[2024.01.20-19.42.38:220][  0]LogConfig: Setting CVar [[r.SkyAtmosphere.TransmittanceLUT.SampleCount:10.0]]
[2024.01.20-19.42.38:220][  0]LogConfig: Setting CVar [[r.SkyAtmosphere.MultiScatteringLUT.SampleCount:15.0]]
[2024.01.20-19.42.38:220][  0]LogConfig: Setting CVar [[r.SkyLight.RealTimeReflectionCapture:1]]
[2024.01.20-19.42.38:221][  0]LogConfig: Applying CVar settings from Section [FoliageQuality@3] File [D:/GameProjects/UE/Snake/SnakeProject/Saved/Config/Windows/Scalability.ini]
[2024.01.20-19.42.38:221][  0]LogConfig: Setting CVar [[foliage.DensityScale:1.0]]
[2024.01.20-19.42.38:221][  0]LogConfig: Setting CVar [[grass.DensityScale:1.0]]
[2024.01.20-19.42.38:221][  0]LogConfig: Applying CVar settings from Section [ShadingQuality@3] File [D:/GameProjects/UE/Snake/SnakeProject/Saved/Config/Windows/Scalability.ini]
[2024.01.20-19.42.38:221][  0]LogConfig: Setting CVar [[r.HairStrands.SkyLighting.IntegrationType:2]]
[2024.01.20-19.42.38:221][  0]LogConfig: Setting CVar [[r.HairStrands.SkyAO.SampleCount:4]]
[2024.01.20-19.42.38:221][  0]LogConfig: Setting CVar [[r.HairStrands.Visibility.MSAA.SamplePerPixel:4]]
[2024.01.20-19.42.38:221][  0]LogInit: Selected Device Profile: [Windows]
[2024.01.20-19.42.38:221][  0]LogInit: Applying CVar settings loaded from the selected device profile: [Windows]
[2024.01.20-19.42.38:221][  0]LogHAL: Display: Platform has ~ 16 GB [16987742208 / 17179869184 / 16], which maps to Larger [LargestMinGB=32, LargerMinGB=12, DefaultMinGB=8, SmallerMinGB=6, SmallestMinGB=0)
[2024.01.20-19.42.38:221][  0]LogInit: Going up to parent DeviceProfile []
[2024.01.20-19.42.38:221][  0]LogConfig: Applying CVar settings from Section [ViewDistanceQuality@3] File [D:/GameProjects/UE/Snake/SnakeProject/Saved/Config/Windows/Scalability.ini]
[2024.01.20-19.42.38:222][  0]LogConfig: Setting CVar [[r.SkeletalMeshLODBias:0]]
[2024.01.20-19.42.38:222][  0]LogConfig: Setting CVar [[r.ViewDistanceScale:1.0]]
[2024.01.20-19.42.38:222][  0]LogConfig: Applying CVar settings from Section [AntiAliasingQuality@3] File [D:/GameProjects/UE/Snake/SnakeProject/Saved/Config/Windows/Scalability.ini]
[2024.01.20-19.42.38:222][  0]LogConfig: Setting CVar [[r.PostProcessAAQuality:4]]
[2024.01.20-19.42.38:222][  0]LogConfig: Applying CVar settings from Section [ShadowQuality@3] File [D:/GameProjects/UE/Snake/SnakeProject/Saved/Config/Windows/Scalability.ini]
[2024.01.20-19.42.38:222][  0]LogConfig: Setting CVar [[r.LightFunctionQuality:1]]
[2024.01.20-19.42.38:222][  0]LogConfig: Setting CVar [[r.ShadowQuality:5]]
[2024.01.20-19.42.38:222][  0]LogConfig: Setting CVar [[r.Shadow.CSM.MaxCascades:10]]
[2024.01.20-19.42.38:222][  0]LogConfig: Setting CVar [[r.Shadow.MaxResolution:2048]]
[2024.01.20-19.42.38:222][  0]LogConfig: Setting CVar [[r.Shadow.MaxCSMResolution:2048]]
[2024.01.20-19.42.38:222][  0]LogConfig: Setting CVar [[r.Shadow.RadiusThreshold:0.01]]
[2024.01.20-19.42.38:222][  0]LogConfig: Setting CVar [[r.Shadow.DistanceScale:1.0]]
[2024.01.20-19.42.38:222][  0]LogConfig: Setting CVar [[r.Shadow.CSM.TransitionScale:1.0]]
[2024.01.20-19.42.38:222][  0]LogConfig: Setting CVar [[r.Shadow.PreShadowResolutionFactor:1.0]]
[2024.01.20-19.42.38:222][  0]LogConfig: Setting CVar [[r.DistanceFieldShadowing:1]]
[2024.01.20-19.42.38:222][  0]LogConfig: Setting CVar [[r.DistanceFieldAO:1]]
[2024.01.20-19.42.38:223][  0]LogConfig: Setting CVar [[r.AOQuality:2]]
[2024.01.20-19.42.38:223][  0]LogConfig: Setting CVar [[r.VolumetricFog:1]]
[2024.01.20-19.42.38:223][  0]LogConfig: Setting CVar [[r.VolumetricFog.GridPixelSize:8]]
[2024.01.20-19.42.38:223][  0]LogConfig: Setting CVar [[r.VolumetricFog.GridSizeZ:128]]
[2024.01.20-19.42.38:223][  0]LogConfig: Setting CVar [[r.VolumetricFog.HistoryMissSupersampleCount:4]]
[2024.01.20-19.42.38:223][  0]LogConfig: Setting CVar [[r.LightMaxDrawDistanceScale:1]]
[2024.01.20-19.42.38:223][  0]LogConfig: Setting CVar [[r.CapsuleShadows:1]]
[2024.01.20-19.42.38:223][  0]LogConfig: Applying CVar settings from Section [PostProcessQuality@3] File [D:/GameProjects/UE/Snake/SnakeProject/Saved/Config/Windows/Scalability.ini]
[2024.01.20-19.42.38:223][  0]LogConfig: Setting CVar [[r.MotionBlurQuality:4]]
[2024.01.20-19.42.38:223][  0]LogConfig: Setting CVar [[r.AmbientOcclusionMipLevelFactor:0.4]]
[2024.01.20-19.42.38:223][  0]LogConfig: Setting CVar [[r.AmbientOcclusionMaxQuality:100]]
[2024.01.20-19.42.38:223][  0]LogConfig: Setting CVar [[r.AmbientOcclusionLevels:-1]]
[2024.01.20-19.42.38:223][  0]LogConfig: Setting CVar [[r.AmbientOcclusionRadiusScale:1.0]]
[2024.01.20-19.42.38:223][  0]LogConfig: Setting CVar [[r.DepthOfFieldQuality:2]]
[2024.01.20-19.42.38:223][  0]LogConfig: Setting CVar [[r.RenderTargetPoolMin:400]]
[2024.01.20-19.42.38:224][  0]LogConfig: Setting CVar [[r.LensFlareQuality:2]]
[2024.01.20-19.42.38:224][  0]LogConfig: Setting CVar [[r.SceneColorFringeQuality:1]]
[2024.01.20-19.42.38:224][  0]LogConfig: Setting CVar [[r.EyeAdaptationQuality:2]]
[2024.01.20-19.42.38:224][  0]LogConfig: Setting CVar [[r.BloomQuality:5]]
[2024.01.20-19.42.38:224][  0]LogConfig: Setting CVar [[r.FastBlurThreshold:100]]
[2024.01.20-19.42.38:224][  0]LogConfig: Setting CVar [[r.Upscale.Quality:3]]
[2024.01.20-19.42.38:224][  0]LogConfig: Setting CVar [[r.Tonemapper.GrainQuantization:1]]
[2024.01.20-19.42.38:224][  0]LogConfig: Setting CVar [[r.LightShaftQuality:1]]
[2024.01.20-19.42.38:224][  0]LogConfig: Setting CVar [[r.Filter.SizeScale:1]]
[2024.01.20-19.42.38:224][  0]LogConfig: Setting CVar [[r.Tonemapper.Quality:5]]
[2024.01.20-19.42.38:224][  0]LogConfig: Setting CVar [[r.DOF.Gather.AccumulatorQuality:1        ; higher gathering accumulator quality]]
[2024.01.20-19.42.38:224][  0]LogConfig: Setting CVar [[r.DOF.Gather.PostfilterMethod:1          ; Median3x3 postfilering method]]
[2024.01.20-19.42.38:224][  0]LogConfig: Setting CVar [[r.DOF.Gather.EnableBokehSettings:0       ; no bokeh simulation when gathering]]
[2024.01.20-19.42.38:224][  0]LogConfig: Setting CVar [[r.DOF.Gather.RingCount:4                 ; medium number of samples when gathering]]
[2024.01.20-19.42.38:225][  0]LogConfig: Setting CVar [[r.DOF.Scatter.ForegroundCompositing:1    ; additive foreground scattering]]
[2024.01.20-19.42.38:225][  0]LogConfig: Setting CVar [[r.DOF.Scatter.BackgroundCompositing:2    ; additive background scattering]]
[2024.01.20-19.42.38:225][  0]LogConfig: Setting CVar [[r.DOF.Scatter.EnableBokehSettings:1      ; bokeh simulation when scattering]]
[2024.01.20-19.42.38:225][  0]LogConfig: Setting CVar [[r.DOF.Scatter.MaxSpriteRatio:0.1         ; only a maximum of 10% of scattered bokeh]]
[2024.01.20-19.42.38:225][  0]LogConfig: Setting CVar [[r.DOF.Recombine.Quality:1                ; cheap slight out of focus]]
[2024.01.20-19.42.38:225][  0]LogConfig: Setting CVar [[r.DOF.Recombine.EnableBokehSettings:0    ; no bokeh simulation on slight out of focus]]
[2024.01.20-19.42.38:225][  0]LogConfig: Setting CVar [[r.DOF.TemporalAAQuality:1                ; more stable temporal accumulation]]
[2024.01.20-19.42.38:225][  0]LogConfig: Setting CVar [[r.DOF.Kernel.MaxForegroundRadius:0.025]]
[2024.01.20-19.42.38:225][  0]LogConfig: Setting CVar [[r.DOF.Kernel.MaxBackgroundRadius:0.025]]
[2024.01.20-19.42.38:225][  0]LogConfig: Applying CVar settings from Section [TextureQuality@3] File [D:/GameProjects/UE/Snake/SnakeProject/Saved/Config/Windows/Scalability.ini]
[2024.01.20-19.42.38:225][  0]LogConfig: Setting CVar [[r.Streaming.MipBias:0]]
[2024.01.20-19.42.38:225][  0]LogConfig: Setting CVar [[r.Streaming.AmortizeCPUToGPUCopy:0]]
[2024.01.20-19.42.38:225][  0]LogConfig: Setting CVar [[r.Streaming.MaxNumTexturesToStreamPerFrame:0]]
[2024.01.20-19.42.38:225][  0]LogConfig: Setting CVar [[r.Streaming.Boost:1]]
[2024.01.20-19.42.38:226][  0]LogConfig: Setting CVar [[r.MaxAnisotropy:8]]
[2024.01.20-19.42.38:226][  0]LogConfig: Setting CVar [[r.VT.MaxAnisotropy:8]]
[2024.01.20-19.42.38:226][  0]LogConfig: Setting CVar [[r.Streaming.LimitPoolSizeToVRAM:0]]
[2024.01.20-19.42.38:226][  0]LogConfig: Setting CVar [[r.Streaming.PoolSize:1000]]
[2024.01.20-19.42.38:226][  0]LogConfig: Setting CVar [[r.Streaming.MaxEffectiveScreenSize:0]]
[2024.01.20-19.42.38:226][  0]LogConfig: Applying CVar settings from Section [EffectsQuality@3] File [D:/GameProjects/UE/Snake/SnakeProject/Saved/Config/Windows/Scalability.ini]
[2024.01.20-19.42.38:226][  0]LogConfig: Setting CVar [[r.TranslucencyLightingVolumeDim:64]]
[2024.01.20-19.42.38:226][  0]LogConfig: Setting CVar [[r.RefractionQuality:2]]
[2024.01.20-19.42.38:226][  0]LogConfig: Setting CVar [[r.SSR.Quality:3]]
[2024.01.20-19.42.38:226][  0]LogConfig: Setting CVar [[r.SSR.HalfResSceneColor:0]]
[2024.01.20-19.42.38:226][  0]LogConfig: Setting CVar [[r.SceneColorFormat:4]]
[2024.01.20-19.42.38:226][  0]LogConfig: Setting CVar [[r.DetailMode:2]]
[2024.01.20-19.42.38:226][  0]LogConfig: Setting CVar [[r.TranslucencyVolumeBlur:1]]
[2024.01.20-19.42.38:226][  0]LogConfig: Setting CVar [[r.MaterialQualityLevel:1 ; High quality]]
[2024.01.20-19.42.38:226][  0]LogConfig: Setting CVar [[r.AnisotropicMaterials:1]]
[2024.01.20-19.42.38:226][  0]LogConfig: Setting CVar [[r.SSS.Scale:1]]
[2024.01.20-19.42.38:227][  0]LogConfig: Setting CVar [[r.SSS.SampleSet:2]]
[2024.01.20-19.42.38:227][  0]LogConfig: Setting CVar [[r.SSS.Quality:1]]
[2024.01.20-19.42.38:227][  0]LogConfig: Setting CVar [[r.SSS.HalfRes:0]]
[2024.01.20-19.42.38:227][  0]LogConfig: Setting CVar [[r.SSGI.Quality:3]]
[2024.01.20-19.42.38:227][  0]LogConfig: Setting CVar [[r.EmitterSpawnRateScale:1.0]]
[2024.01.20-19.42.38:227][  0]LogConfig: Setting CVar [[r.ParticleLightQuality:2]]
[2024.01.20-19.42.38:227][  0]LogConfig: Setting CVar [[r.SkyAtmosphere.AerialPerspectiveLUT.FastApplyOnOpaque:1 ; Always have FastSkyLUT 1 in this case to avoid wrong sky]]
[2024.01.20-19.42.38:227][  0]LogConfig: Setting CVar [[r.SkyAtmosphere.AerialPerspectiveLUT.SampleCountMaxPerSlice:4]]
[2024.01.20-19.42.38:227][  0]LogConfig: Setting CVar [[r.SkyAtmosphere.AerialPerspectiveLUT.DepthResolution:16.0]]
[2024.01.20-19.42.38:227][  0]LogConfig: Setting CVar [[r.SkyAtmosphere.FastSkyLUT:1]]
[2024.01.20-19.42.38:227][  0]LogConfig: Setting CVar [[r.SkyAtmosphere.FastSkyLUT.SampleCountMin:4.0]]
[2024.01.20-19.42.38:227][  0]LogConfig: Setting CVar [[r.SkyAtmosphere.FastSkyLUT.SampleCountMax:128.0]]
[2024.01.20-19.42.38:227][  0]LogConfig: Setting CVar [[r.SkyAtmosphere.SampleCountMin:4.0]]
[2024.01.20-19.42.38:227][  0]LogConfig: Setting CVar [[r.SkyAtmosphere.SampleCountMax:128.0]]
[2024.01.20-19.42.38:227][  0]LogConfig: Setting CVar [[r.SkyAtmosphere.TransmittanceLUT.UseSmallFormat:0]]
[2024.01.20-19.42.38:228][  0]LogConfig: Setting CVar [[r.SkyAtmosphere.TransmittanceLUT.SampleCount:10.0]]
[2024.01.20-19.42.38:228][  0]LogConfig: Setting CVar [[r.SkyAtmosphere.MultiScatteringLUT.SampleCount:15.0]]
[2024.01.20-19.42.38:228][  0]LogConfig: Setting CVar [[r.SkyLight.RealTimeReflectionCapture:1]]
[2024.01.20-19.42.38:228][  0]LogConfig: Applying CVar settings from Section [FoliageQuality@3] File [D:/GameProjects/UE/Snake/SnakeProject/Saved/Config/Windows/Scalability.ini]
[2024.01.20-19.42.38:228][  0]LogConfig: Setting CVar [[foliage.DensityScale:1.0]]
[2024.01.20-19.42.38:228][  0]LogConfig: Setting CVar [[grass.DensityScale:1.0]]
[2024.01.20-19.42.38:228][  0]LogConfig: Applying CVar settings from Section [ShadingQuality@3] File [D:/GameProjects/UE/Snake/SnakeProject/Saved/Config/Windows/Scalability.ini]
[2024.01.20-19.42.38:228][  0]LogConfig: Setting CVar [[r.HairStrands.SkyLighting.IntegrationType:2]]
[2024.01.20-19.42.38:228][  0]LogConfig: Setting CVar [[r.HairStrands.SkyAO.SampleCount:4]]
[2024.01.20-19.42.38:228][  0]LogConfig: Setting CVar [[r.HairStrands.Visibility.MSAA.SamplePerPixel:4]]
[2024.01.20-19.42.38:228][  0]LogConfig: Applying CVar settings from Section [Startup] File [../../../Engine/Config/ConsoleVariables.ini]
[2024.01.20-19.42.38:229][  0]LogConfig: Setting CVar [[net.UseAdaptiveNetUpdateFrequency:0]]
[2024.01.20-19.42.38:229][  0]LogConfig: Setting CVar [[p.chaos.AllowCreatePhysxBodies:1]]
[2024.01.20-19.42.38:229][  0]LogConfig: Setting CVar [[fx.SkipVectorVMBackendOptimizations:1]]
[2024.01.20-19.42.38:229][  0]LogConfig: Applying CVar settings from Section [ConsoleVariables] File [D:/GameProjects/UE/Snake/SnakeProject/Saved/Config/Windows/Engine.ini]
[2024.01.20-19.42.38:229][  0]LogConfig: Applying CVar settings from Section [ConsoleVariables] File [D:/GameProjects/UE/Snake/SnakeProject/Saved/Config/Windows/Editor.ini]
[2024.01.20-19.42.38:229][  0]LogInit: Computer: ELENA
[2024.01.20-19.42.38:229][  0]LogInit: User: lll33
[2024.01.20-19.42.38:229][  0]LogInit: CPU Page size=4096, Cores=6
[2024.01.20-19.42.38:229][  0]LogInit: High frequency timer resolution =10.000000 MHz
[2024.01.20-19.42.38:229][  0]LogMemory: Memory total: Physical=15.8GB (16GB approx)
[2024.01.20-19.42.38:229][  0]LogMemory: Platform Memory Stats for Windows
[2024.01.20-19.42.38:229][  0]LogMemory: Process Physical Memory: 145.62 MB used, 145.62 MB peak
[2024.01.20-19.42.38:229][  0]LogMemory: Process Virtual Memory: 128.26 MB used, 128.26 MB peak
[2024.01.20-19.42.38:229][  0]LogMemory: Physical Memory: 10889.43 MB used,  5311.34 MB free, 16200.77 MB total
[2024.01.20-19.42.38:229][  0]LogMemory: Virtual Memory: 134212776.00 MB used,  4952.00 MB free, 134217728.00 MB total
[2024.01.20-19.42.38:239][  0]LogWindows: WindowsPlatformFeatures enabled
[2024.01.20-19.42.38:318][  0]LogInit: Physics initialised using underlying interface: PhysX
[2024.01.20-19.42.38:319][  0]LogInit: Using OS detected language (ru-RU).
[2024.01.20-19.42.38:319][  0]LogInit: Using OS detected locale (ru-RU).
[2024.01.20-19.42.38:322][  0]LogTextLocalizationManager: No specific localization for 'ru-RU' exists, so the 'ru' localization will be used.
[2024.01.20-19.42.38:323][  0]LogTextLocalizationResource: LocRes '../../../Engine/Content/Localization/Editor/ru/Editor.locres' could not be opened for reading!
[2024.01.20-19.42.38:323][  0]LogTextLocalizationResource: LocRes '../../../Engine/Content/Localization/EditorTutorials/ru/EditorTutorials.locres' could not be opened for reading!
[2024.01.20-19.42.38:323][  0]LogTextLocalizationResource: LocRes '../../../Engine/Content/Localization/Keywords/ru/Keywords.locres' could not be opened for reading!
[2024.01.20-19.42.38:323][  0]LogTextLocalizationResource: LocRes '../../../Engine/Content/Localization/Category/ru/Category.locres' could not be opened for reading!
[2024.01.20-19.42.38:324][  0]LogTextLocalizationResource: LocRes '../../../Engine/Content/Localization/ToolTips/ru/ToolTips.locres' could not be opened for reading!
[2024.01.20-19.42.38:324][  0]LogTextLocalizationResource: LocRes '../../../Engine/Content/Localization/PropertyNames/ru/PropertyNames.locres' could not be opened for reading!
[2024.01.20-19.42.38:324][  0]LogTextLocalizationResource: LocRes '../../../Engine/Content/Localization/Engine/ru/Engine.locres' could not be opened for reading!
[2024.01.20-19.42.38:325][  0]LogInit: Setting process to per monitor DPI aware
[2024.01.20-19.42.38:349][  0]LogWindowsTextInputMethodSystem: Display: IME system deactivated.
[2024.01.20-19.42.38:364][  0]LogSlate: New Slate User Created.  User Index 0, Is Virtual User: 0
[2024.01.20-19.42.38:365][  0]LogSlate: Slate User Registered.  User Index 0, Is Virtual User: 0
[2024.01.20-19.42.38:492][  0]LogD3D11RHI: Loaded GFSDK_Aftermath_Lib.x64.dll
[2024.01.20-19.42.38:547][  0]LogHMD: Failed to initialize OpenVR with code 110
[2024.01.20-19.42.38:547][  0]LogD3D11RHI: D3D11 min allowed feature level: 11_0
[2024.01.20-19.42.38:547][  0]LogD3D11RHI: D3D11 max allowed feature level: 11_0
[2024.01.20-19.42.38:547][  0]LogD3D11RHI: D3D11 adapters:
[2024.01.20-19.42.38:727][  0]LogD3D11RHI:    0. 'NVIDIA GeForce GTX 1660 Ti' (Feature Level 11_0)
[2024.01.20-19.42.38:727][  0]LogD3D11RHI:       5979/0/8100 MB DedicatedVideo/DedicatedSystem/SharedSystem, Outputs:1, VendorId:0x10de
[2024.01.20-19.42.38:774][  0]LogD3D11RHI:    1. 'Intel(R) UHD Graphics' (Feature Level 11_0)
[2024.01.20-19.42.38:774][  0]LogD3D11RHI:       128/0/8100 MB DedicatedVideo/DedicatedSystem/SharedSystem, Outputs:0, VendorId:0x8086
[2024.01.20-19.42.38:777][  0]LogD3D11RHI:    2. 'Microsoft Basic Render Driver' (Feature Level 11_0)
[2024.01.20-19.42.38:777][  0]LogD3D11RHI:       0/0/8100 MB DedicatedVideo/DedicatedSystem/SharedSystem, Outputs:0, VendorId:0x1414
[2024.01.20-19.42.38:777][  0]LogD3D11RHI: Chosen D3D11 Adapter:
[2024.01.20-19.42.38:777][  0]LogD3D11RHI:     Description : NVIDIA GeForce GTX 1660 Ti
[2024.01.20-19.42.38:778][  0]LogD3D11RHI:     VendorId    : 10de
[2024.01.20-19.42.38:778][  0]LogD3D11RHI:     DeviceId    : 2191
[2024.01.20-19.42.38:778][  0]LogD3D11RHI:     SubSysId    : 12b81462
[2024.01.20-19.42.38:778][  0]LogD3D11RHI:     Revision    : 00a1
[2024.01.20-19.42.38:778][  0]LogD3D11RHI:     DedicatedVideoMemory : 6269435904 bytes
[2024.01.20-19.42.38:778][  0]LogD3D11RHI:     DedicatedSystemMemory : 0 bytes
[2024.01.20-19.42.38:778][  0]LogD3D11RHI:     SharedSystemMemory : 8493871104 bytes
[2024.01.20-19.42.38:778][  0]LogD3D11RHI:     AdapterLuid : 0 57722
[2024.01.20-19.42.38:787][  0]LogD3D11RHI: Creating new Direct3DDevice
[2024.01.20-19.42.38:788][  0]LogD3D11RHI:     GPU DeviceId: 0x2191 (for the marketing name, search the web for "GPU Device Id")
[2024.01.20-19.42.38:788][  0]LogWindows: EnumDisplayDevices:
[2024.01.20-19.42.38:788][  0]LogWindows:    0. 'Intel(R) UHD Graphics' (P:1 D:1)
[2024.01.20-19.42.38:789][  0]LogWindows:    1. 'Intel(R) UHD Graphics' (P:0 D:0)
[2024.01.20-19.42.38:789][  0]LogWindows:    2. 'Intel(R) UHD Graphics' (P:0 D:0)
[2024.01.20-19.42.38:789][  0]LogWindows:    3. 'NVIDIA GeForce GTX 1660 Ti' (P:0 D:0)
[2024.01.20-19.42.38:789][  0]LogWindows:    4. 'NVIDIA GeForce GTX 1660 Ti' (P:0 D:0)
[2024.01.20-19.42.38:790][  0]LogWindows:    5. 'NVIDIA GeForce GTX 1660 Ti' (P:0 D:0)
[2024.01.20-19.42.38:790][  0]LogWindows:    6. 'NVIDIA GeForce GTX 1660 Ti' (P:0 D:0)
[2024.01.20-19.42.38:790][  0]LogWindows: DebugString: PrimaryIsNotTheChoosenAdapter PrimaryIsNotTheChoosenAdapter PrimaryIsNotTheChoosenAdapter FoundDriverCount:4 
[2024.01.20-19.42.38:790][  0]LogD3D11RHI:     Adapter Name: NVIDIA GeForce GTX 1660 Ti
[2024.01.20-19.42.38:790][  0]LogD3D11RHI:   Driver Version: 546.17 (internal:31.0.15.4617, unified:546.17)
[2024.01.20-19.42.38:790][  0]LogD3D11RHI:      Driver Date: 11-9-2023
[2024.01.20-19.42.38:790][  0]LogRHI: Texture pool is 4185 MB (70% of 5979 MB)
[2024.01.20-19.42.38:791][  0]LogD3D11RHI: Creating D3DDevice using adapter:
[2024.01.20-19.42.38:791][  0]LogD3D11RHI:     Description : NVIDIA GeForce GTX 1660 Ti
[2024.01.20-19.42.38:791][  0]LogD3D11RHI:     VendorId    : 10de
[2024.01.20-19.42.38:791][  0]LogD3D11RHI:     DeviceId    : 2191
[2024.01.20-19.42.38:791][  0]LogD3D11RHI:     SubSysId    : 12b81462
[2024.01.20-19.42.38:791][  0]LogD3D11RHI:     Revision    : 00a1
[2024.01.20-19.42.38:791][  0]LogD3D11RHI:     DedicatedVideoMemory : 6269435904 bytes
[2024.01.20-19.42.38:791][  0]LogD3D11RHI:     DedicatedSystemMemory : 0 bytes
[2024.01.20-19.42.38:791][  0]LogD3D11RHI:     SharedSystemMemory : 8493871104 bytes
[2024.01.20-19.42.38:791][  0]LogD3D11RHI:     AdapterLuid : 0 57722
[2024.01.20-19.42.38:912][  0]LogD3D11RHI: RHI has support for 64 bit atomics
[2024.01.20-19.42.38:913][  0]LogD3D11RHI: Async texture creation enabled
[2024.01.20-19.42.38:913][  0]LogD3D11RHI: Array index from any shader is supported
[2024.01.20-19.42.38:931][  0]LogD3D11RHI: GPU Timing Frequency: 1000.000000 (Debug: 2 1)
[2024.01.20-19.42.38:979][  0]LogRHI: GeForceNow SDK initialized: 1
[2024.01.20-19.42.39:333][  0]LogTargetPlatformManager: Display: Loaded TargetPlatform 'AllDesktop'
[2024.01.20-19.42.39:354][  0]LogTargetPlatformManager: Display: Loaded TargetPlatform 'Android'
[2024.01.20-19.42.39:354][  0]LogTargetPlatformManager: Display: Loaded TargetPlatform 'Android_ASTC'
[2024.01.20-19.42.39:354][  0]LogTargetPlatformManager: Display: Loaded TargetPlatform 'Android_DXT'
[2024.01.20-19.42.39:354][  0]LogTargetPlatformManager: Display: Loaded TargetPlatform 'Android_ETC2'
[2024.01.20-19.42.39:354][  0]LogTargetPlatformManager: Display: Loaded TargetPlatform 'AndroidClient'
[2024.01.20-19.42.39:354][  0]LogTargetPlatformManager: Display: Loaded TargetPlatform 'Android_ASTCClient'
[2024.01.20-19.42.39:355][  0]LogTargetPlatformManager: Display: Loaded TargetPlatform 'Android_DXTClient'
[2024.01.20-19.42.39:355][  0]LogTargetPlatformManager: Display: Loaded TargetPlatform 'Android_ETC2Client'
[2024.01.20-19.42.39:355][  0]LogTargetPlatformManager: Display: Loaded TargetPlatform 'Android_Multi'
[2024.01.20-19.42.39:355][  0]LogTargetPlatformManager: Display: Loaded TargetPlatform 'Android_MultiClient'
[2024.01.20-19.42.39:377][  0]LogTargetPlatformManager: Display: Loaded TargetPlatform 'IOSClient'
[2024.01.20-19.42.39:377][  0]LogTargetPlatformManager: Display: Loaded TargetPlatform 'IOS'
[2024.01.20-19.42.39:387][  0]LogTargetPlatformManager: Display: Loaded TargetPlatform 'Linux'
[2024.01.20-19.42.39:394][  0]LogTargetPlatformManager: Display: Loaded TargetPlatform 'LinuxNoEditor'
[2024.01.20-19.42.39:400][  0]LogTargetPlatformManager: Display: Loaded TargetPlatform 'LinuxClient'
[2024.01.20-19.42.39:406][  0]LogTargetPlatformManager: Display: Loaded TargetPlatform 'LinuxServer'
[2024.01.20-19.42.39:418][  0]LogTargetPlatformManager: Display: Loaded TargetPlatform 'LinuxAArch64NoEditor'
[2024.01.20-19.42.39:424][  0]LogTargetPlatformManager: Display: Loaded TargetPlatform 'LinuxAArch64Client'
[2024.01.20-19.42.39:433][  0]LogTargetPlatformManager: Display: Loaded TargetPlatform 'LinuxAArch64Server'
[2024.01.20-19.42.39:457][  0]LogTargetPlatformManager: Display: Loaded TargetPlatform 'Lumin'
[2024.01.20-19.42.39:457][  0]LogTargetPlatformManager: Display: Loaded TargetPlatform 'LuminClient'
[2024.01.20-19.42.39:469][  0]LogTargetPlatformManager: Display: Loaded TargetPlatform 'MacNoEditor'
[2024.01.20-19.42.39:475][  0]LogTargetPlatformManager: Display: Loaded TargetPlatform 'Mac'
[2024.01.20-19.42.39:480][  0]LogTargetPlatformManager: Display: Loaded TargetPlatform 'MacClient'
[2024.01.20-19.42.39:487][  0]LogTargetPlatformManager: Display: Loaded TargetPlatform 'MacServer'
[2024.01.20-19.42.39:498][  0]LogTargetPlatformManager: Display: Loaded TargetPlatform 'TVOSClient'
[2024.01.20-19.42.39:498][  0]LogTargetPlatformManager: Display: Loaded TargetPlatform 'TVOS'
[2024.01.20-19.42.39:508][  0]LogTargetPlatformManager: Display: Loaded TargetPlatform 'WindowsNoEditor'
[2024.01.20-19.42.39:515][  0]LogTargetPlatformManager: Display: Loaded TargetPlatform 'Windows'
[2024.01.20-19.42.39:520][  0]LogTargetPlatformManager: Display: Loaded TargetPlatform 'WindowsClient'
[2024.01.20-19.42.39:527][  0]LogTargetPlatformManager: Display: Loaded TargetPlatform 'WindowsServer'
[2024.01.20-19.42.39:529][  0]LogTargetPlatformManager: Display: Building Assets For Windows
[2024.01.20-19.42.39:542][  0]LogAudioDebug: Display: Lib vorbis DLL was dynamically loaded.
[2024.01.20-19.42.39:589][  0]LogTextureFormatOodle: Display: Oodle Texture 2.9.0 init RDO Off
[2024.01.20-19.42.39:642][  0]LogRendererCore: Ray tracing is disabled. Reason: r.RayTracing=0.
[2024.01.20-19.42.39:643][  0]LogShaderCompilers: Guid format shader working directory is 8 characters bigger than the processId version (D:/GameProjects/UE/Snake/SnakeProject/Intermediate/Shaders/WorkingDirectory/16564/).
[2024.01.20-19.42.39:643][  0]LogShaderCompilers: Cleaned the shader compiler working directory 'C:/Users/lll33/AppData/Local/Temp/UnrealShaderWorkingDir/4BFA2DBD43610E5285CD2CB6329FFED6/'.
[2024.01.20-19.42.39:643][  0]LogXGEController: Cannot use XGE Controller as Incredibuild is not installed on this machine.
[2024.01.20-19.42.39:643][  0]LogShaderCompilers: Cannot use XGE Shader Compiler as Incredibuild is not installed on this machine.
[2024.01.20-19.42.39:643][  0]LogShaderCompilers: Display: Using Local Shader Compiler.
[2024.01.20-19.42.40:364][  0]LogDerivedDataCache: Display: Max Cache Size: 512 MB
[2024.01.20-19.42.40:425][  0]LogDerivedDataCache: Loaded boot cache 0.06s 94MB C:/Users/lll33/AppData/Local/UnrealEngine/4.27/DerivedDataCache/Boot.ddc.
[2024.01.20-19.42.40:425][  0]LogDerivedDataCache: Display: Loaded Boot cache: C:/Users/lll33/AppData/Local/UnrealEngine/4.27/DerivedDataCache/Boot.ddc
[2024.01.20-19.42.40:425][  0]LogDerivedDataCache: FDerivedDataBackendGraph:  Pak pak cache file D:/GameProjects/UE/Snake/SnakeProject/DerivedDataCache/DDC.ddp not found, will not use a pak cache.
[2024.01.20-19.42.40:426][  0]LogDerivedDataCache: Unable to find inner node Pak for hierarchical cache Hierarchy.
[2024.01.20-19.42.40:426][  0]LogDerivedDataCache: FDerivedDataBackendGraph:  CompressedPak pak cache file D:/GameProjects/UE/Snake/SnakeProject/DerivedDataCache/Compressed.ddp not found, will not use a pak cache.
[2024.01.20-19.42.40:426][  0]LogDerivedDataCache: Unable to find inner node CompressedPak for hierarchical cache Hierarchy.
[2024.01.20-19.42.40:443][  0]LogDerivedDataCache: Display: Pak cache opened for reading ../../../Engine/DerivedDataCache/Compressed.ddp.
[2024.01.20-19.42.40:444][  0]LogDerivedDataCache: FDerivedDataBackendGraph:  EnterprisePak pak cache file ../../../Enterprise/DerivedDataCache/Compressed.ddp not found, will not use a pak cache.
[2024.01.20-19.42.40:444][  0]LogDerivedDataCache: Unable to find inner node EnterprisePak for hierarchical cache Hierarchy.
[2024.01.20-19.42.40:452][  0]LogDerivedDataCache: Speed tests for C:/Users/lll33/AppData/Local/UnrealEngine/Common/DerivedDataCache took 0.01 seconds
[2024.01.20-19.42.40:452][  0]LogDerivedDataCache: Display: Performance to C:/Users/lll33/AppData/Local/UnrealEngine/Common/DerivedDataCache: Latency=0.02ms. RandomReadSpeed=1563.29MBs, RandomWriteSpeed=135.53MBs. Assigned SpeedClass 'Local'
[2024.01.20-19.42.40:454][  0]LogDerivedDataCache: Using Local data cache path C:/Users/lll33/AppData/Local/UnrealEngine/Common/DerivedDataCache: Writable
[2024.01.20-19.42.40:454][  0]LogDerivedDataCache: Shared data cache path not found in *engine.ini, will not use an Shared cache.
[2024.01.20-19.42.40:454][  0]LogDerivedDataCache: Unable to find inner node Shared for hierarchical cache Hierarchy.
[2024.01.20-19.42.40:502][  0]LogSlate: Using FreeType 2.10.0
[2024.01.20-19.42.40:503][  0]LogSlate: SlateFontServices - WITH_FREETYPE: 1, WITH_HARFBUZZ: 1
[2024.01.20-19.42.40:530][  0]LogAssetRegistry: FAssetRegistry took 0.0041 seconds to start up
[2024.01.20-19.42.40:770][  0]LogInit: Selected Device Profile: [Windows]
[2024.01.20-19.42.40:771][  0]LogInit: Active device profile: [00000215ED0E3A00][00000215EA233840 49] Windows
[2024.01.20-19.42.40:771][  0]LogInit: Profiles: [00000215ED0E3A00][00000215EA233840 49] Windows, [00000215ED0A0700][00000215E18C19C0 49] WindowsNoEditor, [00000215ED0E0800][00000215EC1FFB40 49] WindowsServer, [00000215ED0A3200][00000215EC202140 49] WindowsClient, [00000215ED0E3100][00000215EC2062C0 49] IOS, [00000215ED0A1100][00000215EB314400 49] iPadAir, [00000215ED0E1000][00000215EC20A540 49] iPadAir2, [00000215ED060200][00000215EC212780 49] IPadPro, [00000215ED060300][00000215EC20E7C0 49] iPadAir3, [00000215ED0E2B00][00000215EC21A940 49] iPadAir4, [00000215ED063400][00000215EA1C2AC0 49] iPadMini2, [00000215ED0E1500][00000215EA1C6C40 49] iPadMini3, [00000215ED061500][00000215EA1CADC0 49] iPadMini4, [00000215ED0E2300][00000215EA1CEF40 49] iPadMini5, [00000215ED047A00][00000215EA1D7200 49] iPhone6, [00000215ED047B00][00000215EA1D3240 49] iPodTouch6, [00000215ED063000][00000215EA1DF500 49] iPhone7, [00000215ED062F00][00000215EA1DB540 49] iPodTouch7, [00000215ED044C00][00000215EA1E36C0 49] iPhone5S, [00000215ED061000][00000215EA1E7840 49] iPhone6Plus, [00000215ED046D00][00000215EA1EB9C0 49] iPhone6S, [00000215ED063600][00000215EA1EFB40 49] iPhone6SPlus, [00000215ED045400][00000215EA1F2140 49] iPhone7Plus, [00000215ED061200][00000215EA1F62C0 49] iPhoneSE, [00000215ED046500][00000215EA1FA440 49] iPhone8, [00000215ED061700][00000215EC216580 49] iPhone8Plus, [00000215ED045C00][00000215EB4406C0 49] iPhoneX, [00000215ED062000][00000215EB444800 49] iPhoneXS, [00000215ED044500][00000215EB448940 49] iPhoneXSMax, [00000215ED061B00][00000215EB450AC0 49] iPhoneXR, [00000215ED045D00][00000215EB454C40 49] iPhone11, [00000215ED062D00][00000215EB458DC0 49] iPhone11Pro, [00000215ED045700][00000215EB45CF40 49] iPhone11ProMax, [00000215ED063D00][00000215EB4610C0 49] iPhoneSE2, [00000215ED046400][00000215EB465240 49] iPhone12Mini, [00000215ED060900][00000215EB4693C0 49] iPhone12, [00000215ED046B00][00000215EB46D540 49] iPhone12Pro, [00000215ED062E00][00000215EB4716C0 49] iPhone12ProMax, [00000215ED045900][00000215EB475840 49] iPadPro105, [00000215ED062100][00000215EB4799C0 49] iPadPro129, [00000215ED045600][00000215EB47DB40 49] iPadPro97, [00000215ED063E00][00000215EB480140 49] iPadPro2_129, [00000215ED044300][00000215EB4842C0 49] iPad5, [00000215ED063C00][00000215EB488440 49] iPad6, [00000215ED045200][00000215EB48C5C0 49] iPad7, [00000215ED061C00][00000215EB490740 49] iPad8, [00000215ED047E00][00000215EB44C880 49] iPadPro11, [00000215ED062800][00000215EB4949C0 49] iPadPro2_11, [00000215ED045500][00000215EB498B00 49] iPadPro3_129, [00000215ED062200][00000215EB4A0C80 49] iPadPro4_129, [00000215ED045100][00000215EB4A4E00 49] AppleTV, [00000215ED062C00][00000215EB4A8F80 49] AppleTV4K, [00000215ED045000][00000215EB4AD100 49] TVOS, [00000215ED060400][00000215EB4B1280 49] Mac, [00000215ED044D00][00000215EB4B5400 49] MacClient, [00000215ED061F00][00000215EB4B9580 49] MacNoEditor, [00000215ED047300][00000215EB4BD700 49] MacServer, [00000215ED063200][00000215EB4C1880 49] Linux, [00000215ED044A00][00000215EB4C5A00 49] LinuxAArch64, [00000215ED060700][00000215EB4C9B80 49] LinuxNoEditor, [00000215ED046300][00000215EB4CC180 49] LinuxAArch64NoEditor, [00000215ED061E00][00000215EB4D0300 49] LinuxClient, [00000215ED045B00][00000215EB4D4480 49] LinuxAArch64Client, [00000215ED060C00][00000215EB4D8600 49] LinuxServer, [00000215ED047500][00000215EB4DC780 49] LinuxAArch64Server, [00000215ED061600][00000215EB4E0900 49] Android, [00000215ED0A2F00][00000215EB49CA40 49] Android_Low, [00000215ED121100][00000215EB4E4B80 49] Android_Mid, [00000215ED0A2C00][00000215EB4E8CC0 49] Android_High, [00000215ED121B00][00000215EB4F0E40 49] Android_Default, [00000215ED0A3E00][00000215EB4F4FC0 49] Android_Adreno4xx, [00000215ED122300][00000215EB4F9140 49] Android_Adreno5xx_Low, [00000215ED0A1E00][00000215EB4FD2C0 49] Android_Adreno5xx, [00000215ED121F00][00000215EB501440 49] Android_Adreno6xx, [00000215ED0A0F00][00000215EB5055C0 49] Android_Adreno6xx_Vulkan, [00000215ED120E00][00000215EB509740 49] Android_Mali_T6xx, [00000215ED0A1A00][00000215EB50D8C0 49] Android_Mali_T7xx, [00000215ED122200][00000215EB511A40 49] Android_Mali_T8xx, [00000215ED0A3700][00000215EC025BC0 49] Android_Mali_G71, [00000215ED120200][00000215EC0281C0 49] Android_Mali_G72, [00000215ED0A2200][00000215EC02C340 49] Android_Mali_G72_Vulkan, [00000215ED122600][00000215EC0304C0 49] Android_Mali_G76, [00000215ED0A3600][00000215EC034640 49] Android_Mali_G76_Vulkan, [00000215ED120800][00000215EC0387C0 49] Android_Mali_G77, [00000215ED0A3000][00000215EC03C940 49] Android_Mali_G77_Vulkan, [00000215ED120900][00000215EC040AC0 49] Android_Mali_G78, [00000215ED0A0300][00000215EB4ECC00 49] Android_Mali_G78_Vulkan, [00000215ED121200][00000215EC044D40 49] Android_Mali_G710, [00000215ED0A0B00][00000215EC048E80 49] Android_Mali_G710_Vulkan, [00000215ED121800][00000215EC04CFC0 49] Android_Vulkan_SM5, [00000215ED061100][00000215EC055140 49] Android_PowerVR_G6xxx, [00000215ED121C00][00000215EC0592C0 49] Android_PowerVR_GT7xxx, [00000215ED061800][00000215EC05D440 49] Android_PowerVR_GE8xxx, [00000215ED120C00][00000215EC0615C0 49] Android_PowerVR_GM9xxx, [00000215ED060F00][00000215EC065740 49] Android_PowerVR_GM9xxx_Vulkan, [00000215ED121700][00000215EC0698C0 49] Android_TegraK1, [00000215ED062700][00000215EC06DA40 49] Android_Unknown_Vulkan, [00000215ED120300][00000215EC071BC0 49] Lumin, [00000215ED060A00][00000215EC0741C0 49] Lumin_Desktop, [00000215ED121600][00000215EC078340 49] HoloLens, 
[2024.01.20-19.42.40:912][  0]LogMeshReduction: Using QuadricMeshReduction for automatic static mesh reduction
[2024.01.20-19.42.40:913][  0]LogMeshReduction: Using SimplygonMeshReduction for automatic skeletal mesh reduction
[2024.01.20-19.42.40:913][  0]LogMeshReduction: Using ProxyLODMeshReduction for automatic mesh merging
[2024.01.20-19.42.40:913][  0]LogMeshReduction: No distributed automatic mesh merging module available
[2024.01.20-19.42.40:913][  0]LogMeshMerging: No distributed automatic mesh merging module available
[2024.01.20-19.42.40:930][  0]LogNetVersion: SnakeProject 1.0.0, NetCL: 17155196, EngineNetVer: 17, GameNetVer: 0 (Checksum: 2950587140)
[2024.01.20-19.42.41:285][  0]LogTexture: Default maximum texture size for cubemaps generated from long-lat sources has been changed from 512 to unlimited. In order to preserve old behaiour for '/Engine/MapTemplates/Sky/DaylightAmbientCubemap.DaylightAmbientCubemap', its maximum texture size has been explicitly set to 512.
[2024.01.20-19.42.41:342][  0]LogHMD: PokeAHoleMaterial loaded successfully
[2024.01.20-19.42.41:348][  0]LogUObjectArray: 17178 objects as part of root set at end of initial load.
[2024.01.20-19.42.41:349][  0]LogUObjectAllocator: 4302048 out of 0 bytes used by permanent object pool.
[2024.01.20-19.42.41:349][  0]LogUObjectArray: CloseDisregardForGC: 0/0 objects in disregard for GC pool
[2024.01.20-19.42.41:700][  0]LogNiagaraDebuggerClient: Niagara Debugger Client Initialized | Session: 57451C324FF0779F9C35A9B09420A45C | Instance: 1E8EA0FD4FA5DA96244832945AD7F1CE (ELENA-16564).
[2024.01.20-19.42.41:745][  0]LogPython: Using Python 3.7.7
[2024.01.20-19.42.42:362][  0]LogTcpMessaging: Initializing TcpMessaging bridge
[2024.01.20-19.42.42:368][  0]LogUdpMessaging: Initializing bridge on interface 0.0.0.0:0 to multicast group 230.0.0.1:6666.
[2024.01.20-19.42.42:639][  0]SourceControl: Source control is disabled
[2024.01.20-19.42.43:055][  0]LogUProjectInfo: Found projects:
[2024.01.20-19.42.43:256][  0]LogOpenImageDenoise: OIDN starting up
[2024.01.20-19.42.43:319][  0]LogAndroidPermission: UAndroidPermissionCallbackProxy::GetInstance
[2024.01.20-19.42.43:352][  0]LogAudioCaptureCore: Display: No Audio Capture implementations found. Audio input will be silent.
[2024.01.20-19.42.43:352][  0]LogAudioCaptureCore: Display: No Audio Capture implementations found. Audio input will be silent.
[2024.01.20-19.42.43:491][  0]LogCollectionManager: Loaded 0 collections in 0.001591 seconds
[2024.01.20-19.42.43:520][  0]LogFileCache: Scanning file cache for directory 'D:/GameProjects/UE/Snake/SnakeProject/Saved/Collections/' took 0.00s
[2024.01.20-19.42.43:520][  0]LogFileCache: Scanning file cache for directory 'D:/GameProjects/UE/Snake/SnakeProject/Content/Developers/lll33/Collections/' took 0.00s
[2024.01.20-19.42.43:521][  0]LogFileCache: Scanning file cache for directory 'D:/GameProjects/UE/Snake/SnakeProject/Content/Collections/' took 0.00s
[2024.01.20-19.42.43:521][  0]LogOcInput: OculusInput pre-init called
[2024.01.20-19.42.43:756][  0]LogEngine: Initializing Engine...
[2024.01.20-19.42.43:762][  0]LogHMD: Failed to enumerate extensions. Please check that you have a valid OpenXR runtime installed.
[2024.01.20-19.42.43:762][  0]LogHMD: Failed to initialize OpenVR with code 110
[2024.01.20-19.42.43:762][  0]LogMagicLeap: Warning: VR disabled because ZI is not enabled.  To enable, in the editor, Edit -> Project Settings -> Plugins -> Magic Leap Plugin -> Enable Zero Iteration
[2024.01.20-19.42.43:763][  0]LogStats: UGameplayTagsManager::InitializeManager -  0.000 s
[2024.01.20-19.42.43:897][  0]LogInit: Initializing FReadOnlyCVARCache
[2024.01.20-19.42.43:912][  0]LogAIModule: Creating AISystem for world Untitled
[2024.01.20-19.42.43:919][  0]LogAudio: Display: Initializing Audio Device Manager...
[2024.01.20-19.42.43:926][  0]LogAudio: Display: Loading Default Audio Settings Objects...
[2024.01.20-19.42.43:927][  0]LogAudio: Display: No default SoundConcurrencyObject specified (or failed to load).
[2024.01.20-19.42.43:929][  0]LogAudio: Display: Audio Device Manager Initialized
[2024.01.20-19.42.43:929][  0]LogAudio: Display: Creating Audio Device:                 Id: 1, Scope: Shared, Realtime: True
[2024.01.20-19.42.43:929][  0]LogAudioMixer: Display: Audio Mixer Platform Settings:
[2024.01.20-19.42.43:929][  0]LogAudioMixer: Display: 	Sample Rate:						  48000
[2024.01.20-19.42.43:930][  0]LogAudioMixer: Display: 	Callback Buffer Frame Size Requested: 1024
[2024.01.20-19.42.43:930][  0]LogAudioMixer: Display: 	Callback Buffer Frame Size To Use:	  1024
[2024.01.20-19.42.43:930][  0]LogAudioMixer: Display: 	Number of buffers to queue:			  2
[2024.01.20-19.42.43:930][  0]LogAudioMixer: Display: 	Max Channels (voices):				  32
[2024.01.20-19.42.43:930][  0]LogAudioMixer: Display: 	Number of Async Source Workers:		  0
[2024.01.20-19.42.43:930][  0]LogAudio: Display: AudioDevice MaxSources: 32
[2024.01.20-19.42.43:931][  0]LogAudio: Display: Audio Spatialization Plugin: None (built-in).
[2024.01.20-19.42.43:931][  0]LogAudio: Display: Audio Reverb Plugin: None (built-in).
[2024.01.20-19.42.43:932][  0]LogAudio: Display: Audio Occlusion Plugin: None (built-in).
[2024.01.20-19.42.43:932][  0]LogAudioMixer: Display: Initializing audio mixer.
[2024.01.20-19.42.43:954][  0]LogAudioMixer: Display: 0: FrontLeft
[2024.01.20-19.42.43:954][  0]LogAudioMixer: Display: 1: FrontRight
[2024.01.20-19.42.43:975][  0]LogAudioMixer: Display: Using Audio Device Headphones (Realtek(R) Audio)
[2024.01.20-19.42.43:978][  0]LogAudioMixer: Display: Initializing Sound Submixes...
[2024.01.20-19.42.43:980][  0]LogAudioMixer: Display: Creating Master Submix 'MasterSubmixDefault'
[2024.01.20-19.42.43:980][  0]LogAudioMixer: Display: Creating Master Submix 'MasterReverbSubmixDefault'
[2024.01.20-19.42.43:981][  0]LogAudioMixer: Display: Creating Master Submix 'MasterEQSubmixDefault'
[2024.01.20-19.42.43:981][  0]LogAudioMixer: FMixerPlatformXAudio2::StartAudioStream() called
[2024.01.20-19.42.43:981][  0]LogAudioMixer: Display: Output buffers initialized: Frames=1024, Channels=2, Samples=2048
[2024.01.20-19.42.43:983][  0]LogAudioMixer: Display: Starting AudioMixerPlatformInterface::RunInternal()
[2024.01.20-19.42.43:983][  0]LogAudioMixer: Display: FMixerPlatformXAudio2::SubmitBuffer() called for the first time
[2024.01.20-19.42.43:983][  0]LogInit: FAudioDevice initialized.
[2024.01.20-19.42.43:983][  0]LogAudio: Display: Audio Device (ID: 1) registered with world 'Untitled'.
[2024.01.20-19.42.43:983][  0]LogNetVersion: Set ProjectVersion to 1.0.0.0. Version Checksum will be recalculated on next use.
[2024.01.20-19.42.44:055][  0]LogDerivedDataCache: Saved boot cache 0.07s 94MB C:/Users/lll33/AppData/Local/UnrealEngine/4.27/DerivedDataCache/Boot.ddc.
[2024.01.20-19.42.44:056][  0]LogInit: Texture streaming: Enabled
[2024.01.20-19.42.44:079][  0]LogAnalytics: Display: [UEEditor.Rocket.Release] APIServer = https://datarouter.ol.epicgames.com/. AppVersion = 4.27.2-18319896+++UE4+Release-4.27
[2024.01.20-19.42.44:087][  0]LogEngineSessionManager: EngineSessionManager initialized
[2024.01.20-19.42.44:088][  0]LogEngineSessionManager: EngineSessionManager sent abnormal shutdown report. Type=Debugger, SessionId={E05CDD78-4E46-F214-B33D-BDB8C479CEFD}
[2024.01.20-19.42.44:088][  0]LogEngineSessionManager: EngineSessionManager sent abnormal shutdown report. Type=Debugger, SessionId={CB407B3B-436B-0180-9AE2-A99514699DF7}
[2024.01.20-19.42.44:088][  0]LogEngineSessionManager: EngineSessionManager sent abnormal shutdown report. Type=Debugger, SessionId={429FAA0B-47F7-E2B0-BBA3-DE8ADA96E0CD}
[2024.01.20-19.42.44:088][  0]LogEditorSessionSummary: Verbose: Initializing EditorSessionSummaryWriter for editor session tracking
[2024.01.20-19.42.44:091][  0]LogEditorSessionSummary: EditorSessionSummaryWriter initialized
[2024.01.20-19.42.44:115][  0]LogInit: Transaction tracking system initialized
[2024.01.20-19.42.44:148][  0]BlueprintLog: New page: Editor Load
[2024.01.20-19.42.44:237][  0]LocalizationService: Localization service is disabled
[2024.01.20-19.42.44:272][  0]TimingProfiler: Initialize
[2024.01.20-19.42.44:272][  0]TimingProfiler: OnSessionChanged
[2024.01.20-19.42.44:273][  0]LoadingProfiler: Initialize
[2024.01.20-19.42.44:273][  0]LoadingProfiler: OnSessionChanged
[2024.01.20-19.42.44:273][  0]NetworkingProfiler: Initialize
[2024.01.20-19.42.44:273][  0]NetworkingProfiler: OnSessionChanged
[2024.01.20-19.42.44:273][  0]MemoryProfiler: Initialize
[2024.01.20-19.42.44:273][  0]MemoryProfiler: OnSessionChanged
[2024.01.20-19.42.44:464][  0]LogCook: Display: CookSettings for Memory: MemoryMaxUsedVirtual 0MiB, MemoryMaxUsedPhysical 16384MiB, MemoryMinFreeVirtual 0MiB, MemoryMinFreePhysical 1024MiB
[2024.01.20-19.42.44:464][  0]LogFileCache: Scanning file cache for directory 'D:/GameProjects/UE/Snake/SnakeProject/Content/' took 0.00s
[2024.01.20-19.42.44:465][  0]LogCook: Display: Mobile HDR setting 1
[2024.01.20-19.42.44:892][  0]LogInit: Display: Engine is initialized. Leaving FEngineLoop::Init()
[2024.01.20-19.42.44:897][  0]LogUnrealEdMisc: Loading editor; pre map load, took 8.014
[2024.01.20-19.42.44:897][  0]Cmd: MAP LOAD FILE="D:/GameProjects/UE/Snake/SnakeProject/Content/Main.umap" TEMPLATE=0 SHOWPROGRESS=1 FEATURELEVEL=3
[2024.01.20-19.42.44:897][  0]LightingResults: New page: Lighting Build
[2024.01.20-19.42.44:899][  0]LogWorld: UWorld::CleanupWorld for Untitled, bSessionEnded=true, bCleanupResources=true
[2024.01.20-19.42.44:899][  0]LogSlate: InvalidateAllWidgets triggered.  All widgets were invalidated
[2024.01.20-19.42.44:899][  0]MapCheck: New page: Map Check
[2024.01.20-19.42.44:900][  0]LightingResults: New page: Lighting Build
[2024.01.20-19.42.44:908][  0]LogAudio: Display: Audio Device unregistered from world 'None'.
[2024.01.20-19.42.44:911][  0]LogUObjectHash: Compacting FUObjectHashTables data took   0.69ms
[2024.01.20-19.42.44:971][  0]LogAudio: Display: Audio Device (ID: 1) registered with world 'Main'.
[2024.01.20-19.42.44:973][  0]LogAIModule: Creating AISystem for world Main
[2024.01.20-19.42.44:982][  0]LogEditorServer: Finished looking for orphan Actors (0.000 secs)
[2024.01.20-19.42.44:990][  0]LogUObjectHash: Compacting FUObjectHashTables data took   0.91ms
[2024.01.20-19.42.44:990][  0]Cmd: MAP CHECKDEP NOCLEARLOG
[2024.01.20-19.42.44:991][  0]MapCheck: Map check complete: 0 Error(s), 0 Warning(s), took 0,105ms to complete.
[2024.01.20-19.42.44:991][  0]LogFileHelpers: Loading map 'Main' took 0.095
[2024.01.20-19.42.44:994][  0]LogUnrealEdMisc: Total Editor Startup Time, took 8.112
[2024.01.20-19.42.45:116][  0]LogSlate: Updating window title bar state: overlay mode, drag disabled, window buttons hidden, title bar hidden
[2024.01.20-19.42.45:127][  0]LogSlate: Updating window title bar state: overlay mode, drag disabled, window buttons hidden, title bar hidden
[2024.01.20-19.42.45:138][  0]LogSlate: Updating window title bar state: overlay mode, drag disabled, window buttons hidden, title bar hidden
[2024.01.20-19.42.45:147][  0]LogSlate: Updating window title bar state: overlay mode, drag disabled, window buttons hidden, title bar hidden
[2024.01.20-19.42.45:162][  0]LogNativeClassHierarchy: Verbose: Native class hierarchy populated in 0.0107 seconds. Added 3828 classes and 930 folders.
[2024.01.20-19.42.45:167][  0]LogNativeClassHierarchy: Verbose: Native class hierarchy updated for 'WidgetCarousel' in 0.0002 seconds. Added 0 classes and 0 folders.
[2024.01.20-19.42.45:169][  0]LogPakFile: PakFile PrimaryIndexSize=187
[2024.01.20-19.42.45:169][  0]LogPakFile: PakFile PathHashIndexSize=101
[2024.01.20-19.42.45:169][  0]LogPakFile: PakFile FullDirectoryIndexSize=148
[2024.01.20-19.42.45:169][  0]LogShaderLibrary: Display: ShaderCodeLibraryPakFileMountedCallback: PakFile 'C:/Program Files/Epic Games/UE_4.27/FeaturePacks/FP_FirstPerson.upack' (chunk index -1, root 'root:/') mounted
[2024.01.20-19.42.45:169][  0]LogShaderLibrary: Display: ShaderCodeLibraryPakFileMountedCallback: pending pak file info (ChunkID:-1 Root:root:/ File:C:/Program Files/Epic Games/UE_4.27/FeaturePacks/FP_FirstPerson.upack)
[2024.01.20-19.42.45:170][  0]LogPakFile: OnPakFileMounted2Time == 0.000309
[2024.01.20-19.42.45:170][  0]LogPakFile: PakFile PrimaryIndexSize=189
[2024.01.20-19.42.45:170][  0]LogPakFile: PakFile PathHashIndexSize=101
[2024.01.20-19.42.45:170][  0]LogPakFile: PakFile FullDirectoryIndexSize=152
[2024.01.20-19.42.45:170][  0]LogShaderLibrary: Display: ShaderCodeLibraryPakFileMountedCallback: PakFile 'C:/Program Files/Epic Games/UE_4.27/FeaturePacks/FP_FirstPersonBP.upack' (chunk index -1, root 'root:/') mounted
[2024.01.20-19.42.45:170][  0]LogShaderLibrary: Display: ShaderCodeLibraryPakFileMountedCallback: pending pak file info (ChunkID:-1 Root:root:/ File:C:/Program Files/Epic Games/UE_4.27/FeaturePacks/FP_FirstPersonBP.upack)
[2024.01.20-19.42.45:171][  0]LogPakFile: OnPakFileMounted2Time == 0.000188
[2024.01.20-19.42.45:171][  0]LogPakFile: PakFile PrimaryIndexSize=191
[2024.01.20-19.42.45:171][  0]LogPakFile: PakFile PathHashIndexSize=101
[2024.01.20-19.42.45:171][  0]LogPakFile: PakFile FullDirectoryIndexSize=160
[2024.01.20-19.42.45:171][  0]LogShaderLibrary: Display: ShaderCodeLibraryPakFileMountedCallback: PakFile 'C:/Program Files/Epic Games/UE_4.27/FeaturePacks/MobileStarterContent.upack' (chunk index -1, root 'root:/') mounted
[2024.01.20-19.42.45:172][  0]LogShaderLibrary: Display: ShaderCodeLibraryPakFileMountedCallback: pending pak file info (ChunkID:-1 Root:root:/ File:C:/Program Files/Epic Games/UE_4.27/FeaturePacks/MobileStarterContent.upack)
[2024.01.20-19.42.45:172][  0]LogPakFile: OnPakFileMounted2Time == 0.000172
[2024.01.20-19.42.45:172][  0]LogPakFile: PakFile PrimaryIndexSize=185
[2024.01.20-19.42.45:172][  0]LogPakFile: PakFile PathHashIndexSize=101
[2024.01.20-19.42.45:172][  0]LogPakFile: PakFile FullDirectoryIndexSize=148
[2024.01.20-19.42.45:172][  0]LogShaderLibrary: Display: ShaderCodeLibraryPakFileMountedCallback: PakFile 'C:/Program Files/Epic Games/UE_4.27/FeaturePacks/StarterContent.upack' (chunk index -1, root 'root:/') mounted
[2024.01.20-19.42.45:173][  0]LogShaderLibrary: Display: ShaderCodeLibraryPakFileMountedCallback: pending pak file info (ChunkID:-1 Root:root:/ File:C:/Program Files/Epic Games/UE_4.27/FeaturePacks/StarterContent.upack)
[2024.01.20-19.42.45:173][  0]LogPakFile: OnPakFileMounted2Time == 0.000387
[2024.01.20-19.42.45:173][  0]LogPakFile: PakFile PrimaryIndexSize=190
[2024.01.20-19.42.45:174][  0]LogPakFile: PakFile PathHashIndexSize=101
[2024.01.20-19.42.45:174][  0]LogPakFile: PakFile FullDirectoryIndexSize=154
[2024.01.20-19.42.45:174][  0]LogShaderLibrary: Display: ShaderCodeLibraryPakFileMountedCallback: PakFile 'C:/Program Files/Epic Games/UE_4.27/FeaturePacks/TP_2DSideScroller.upack' (chunk index -1, root 'root:/') mounted
[2024.01.20-19.42.45:174][  0]LogShaderLibrary: Display: ShaderCodeLibraryPakFileMountedCallback: pending pak file info (ChunkID:-1 Root:root:/ File:C:/Program Files/Epic Games/UE_4.27/FeaturePacks/TP_2DSideScroller.upack)
[2024.01.20-19.42.45:174][  0]LogPakFile: OnPakFileMounted2Time == 0.000314
[2024.01.20-19.42.45:175][  0]LogPakFile: PakFile PrimaryIndexSize=192
[2024.01.20-19.42.45:175][  0]LogPakFile: PakFile PathHashIndexSize=101
[2024.01.20-19.42.45:175][  0]LogPakFile: PakFile FullDirectoryIndexSize=158
[2024.01.20-19.42.45:175][  0]LogShaderLibrary: Display: ShaderCodeLibraryPakFileMountedCallback: PakFile 'C:/Program Files/Epic Games/UE_4.27/FeaturePacks/TP_2DSideScrollerBP.upack' (chunk index -1, root 'root:/') mounted
[2024.01.20-19.42.45:176][  0]LogShaderLibrary: Display: ShaderCodeLibraryPakFileMountedCallback: pending pak file info (ChunkID:-1 Root:root:/ File:C:/Program Files/Epic Games/UE_4.27/FeaturePacks/TP_2DSideScrollerBP.upack)
[2024.01.20-19.42.45:176][  0]LogPakFile: OnPakFileMounted2Time == 0.000280
[2024.01.20-19.42.45:177][  0]LogPakFile: PakFile PrimaryIndexSize=182
[2024.01.20-19.42.45:177][  0]LogPakFile: PakFile PathHashIndexSize=101
[2024.01.20-19.42.45:177][  0]LogPakFile: PakFile FullDirectoryIndexSize=138
[2024.01.20-19.42.45:177][  0]LogShaderLibrary: Display: ShaderCodeLibraryPakFileMountedCallback: PakFile 'C:/Program Files/Epic Games/UE_4.27/FeaturePacks/TP_Flying.upack' (chunk index -1, root 'root:/') mounted
[2024.01.20-19.42.45:177][  0]LogShaderLibrary: Display: ShaderCodeLibraryPakFileMountedCallback: pending pak file info (ChunkID:-1 Root:root:/ File:C:/Program Files/Epic Games/UE_4.27/FeaturePacks/TP_Flying.upack)
[2024.01.20-19.42.45:177][  0]LogPakFile: OnPakFileMounted2Time == 0.000186
[2024.01.20-19.42.45:178][  0]LogPakFile: PakFile PrimaryIndexSize=184
[2024.01.20-19.42.45:178][  0]LogPakFile: PakFile PathHashIndexSize=101
[2024.01.20-19.42.45:178][  0]LogPakFile: PakFile FullDirectoryIndexSize=142
[2024.01.20-19.42.45:178][  0]LogShaderLibrary: Display: ShaderCodeLibraryPakFileMountedCallback: PakFile 'C:/Program Files/Epic Games/UE_4.27/FeaturePacks/TP_FlyingBP.upack' (chunk index -1, root 'root:/') mounted
[2024.01.20-19.42.45:178][  0]LogShaderLibrary: Display: ShaderCodeLibraryPakFileMountedCallback: pending pak file info (ChunkID:-1 Root:root:/ File:C:/Program Files/Epic Games/UE_4.27/FeaturePacks/TP_FlyingBP.upack)
[2024.01.20-19.42.45:178][  0]LogPakFile: OnPakFileMounted2Time == 0.000190
[2024.01.20-19.42.45:179][  0]LogPakFile: PakFile PrimaryIndexSize=188
[2024.01.20-19.42.45:179][  0]LogPakFile: PakFile PathHashIndexSize=101
[2024.01.20-19.42.45:179][  0]LogPakFile: PakFile FullDirectoryIndexSize=150
[2024.01.20-19.42.45:179][  0]LogShaderLibrary: Display: ShaderCodeLibraryPakFileMountedCallback: PakFile 'C:/Program Files/Epic Games/UE_4.27/FeaturePacks/TP_HandheldARBP.upack' (chunk index -1, root 'root:/') mounted
[2024.01.20-19.42.45:179][  0]LogShaderLibrary: Display: ShaderCodeLibraryPakFileMountedCallback: pending pak file info (ChunkID:-1 Root:root:/ File:C:/Program Files/Epic Games/UE_4.27/FeaturePacks/TP_HandheldARBP.upack)
[2024.01.20-19.42.45:179][  0]LogPakFile: OnPakFileMounted2Time == 0.000181
[2024.01.20-19.42.45:180][  0]LogPakFile: PakFile PrimaryIndexSize=182
[2024.01.20-19.42.45:180][  0]LogPakFile: PakFile PathHashIndexSize=101
[2024.01.20-19.42.45:180][  0]LogPakFile: PakFile FullDirectoryIndexSize=138
[2024.01.20-19.42.45:180][  0]LogShaderLibrary: Display: ShaderCodeLibraryPakFileMountedCallback: PakFile 'C:/Program Files/Epic Games/UE_4.27/FeaturePacks/TP_Puzzle.upack' (chunk index -1, root 'root:/') mounted
[2024.01.20-19.42.45:180][  0]LogShaderLibrary: Display: ShaderCodeLibraryPakFileMountedCallback: pending pak file info (ChunkID:-1 Root:root:/ File:C:/Program Files/Epic Games/UE_4.27/FeaturePacks/TP_Puzzle.upack)
[2024.01.20-19.42.45:180][  0]LogPakFile: OnPakFileMounted2Time == 0.000177
[2024.01.20-19.42.45:181][  0]LogPakFile: PakFile PrimaryIndexSize=184
[2024.01.20-19.42.45:181][  0]LogPakFile: PakFile PathHashIndexSize=101
[2024.01.20-19.42.45:181][  0]LogPakFile: PakFile FullDirectoryIndexSize=142
[2024.01.20-19.42.45:181][  0]LogShaderLibrary: Display: ShaderCodeLibraryPakFileMountedCallback: PakFile 'C:/Program Files/Epic Games/UE_4.27/FeaturePacks/TP_PuzzleBP.upack' (chunk index -1, root 'root:/') mounted
[2024.01.20-19.42.45:182][  0]LogShaderLibrary: Display: ShaderCodeLibraryPakFileMountedCallback: pending pak file info (ChunkID:-1 Root:root:/ File:C:/Program Files/Epic Games/UE_4.27/FeaturePacks/TP_PuzzleBP.upack)
[2024.01.20-19.42.45:182][  0]LogPakFile: OnPakFileMounted2Time == 0.000250
[2024.01.20-19.42.45:182][  0]LogPakFile: PakFile PrimaryIndexSize=183
[2024.01.20-19.42.45:183][  0]LogPakFile: PakFile PathHashIndexSize=101
[2024.01.20-19.42.45:183][  0]LogPakFile: PakFile FullDirectoryIndexSize=140
[2024.01.20-19.42.45:183][  0]LogShaderLibrary: Display: ShaderCodeLibraryPakFileMountedCallback: PakFile 'C:/Program Files/Epic Games/UE_4.27/FeaturePacks/TP_Rolling.upack' (chunk index -1, root 'root:/') mounted
[2024.01.20-19.42.45:183][  0]LogShaderLibrary: Display: ShaderCodeLibraryPakFileMountedCallback: pending pak file info (ChunkID:-1 Root:root:/ File:C:/Program Files/Epic Games/UE_4.27/FeaturePacks/TP_Rolling.upack)
[2024.01.20-19.42.45:183][  0]LogPakFile: OnPakFileMounted2Time == 0.000178
[2024.01.20-19.42.45:183][  0]LogPakFile: PakFile PrimaryIndexSize=185
[2024.01.20-19.42.45:184][  0]LogPakFile: PakFile PathHashIndexSize=101
[2024.01.20-19.42.45:184][  0]LogPakFile: PakFile FullDirectoryIndexSize=144
[2024.01.20-19.42.45:184][  0]LogShaderLibrary: Display: ShaderCodeLibraryPakFileMountedCallback: PakFile 'C:/Program Files/Epic Games/UE_4.27/FeaturePacks/TP_RollingBP.upack' (chunk index -1, root 'root:/') mounted
[2024.01.20-19.42.45:184][  0]LogShaderLibrary: Display: ShaderCodeLibraryPakFileMountedCallback: pending pak file info (ChunkID:-1 Root:root:/ File:C:/Program Files/Epic Games/UE_4.27/FeaturePacks/TP_RollingBP.upack)
[2024.01.20-19.42.45:184][  0]LogPakFile: OnPakFileMounted2Time == 0.000171
[2024.01.20-19.42.45:184][  0]LogPakFile: PakFile PrimaryIndexSize=188
[2024.01.20-19.42.45:185][  0]LogPakFile: PakFile PathHashIndexSize=101
[2024.01.20-19.42.45:185][  0]LogPakFile: PakFile FullDirectoryIndexSize=150
[2024.01.20-19.42.45:185][  0]LogShaderLibrary: Display: ShaderCodeLibraryPakFileMountedCallback: PakFile 'C:/Program Files/Epic Games/UE_4.27/FeaturePacks/TP_SideScroller.upack' (chunk index -1, root 'root:/') mounted
[2024.01.20-19.42.45:185][  0]LogShaderLibrary: Display: ShaderCodeLibraryPakFileMountedCallback: pending pak file info (ChunkID:-1 Root:root:/ File:C:/Program Files/Epic Games/UE_4.27/FeaturePacks/TP_SideScroller.upack)
[2024.01.20-19.42.45:185][  0]LogPakFile: OnPakFileMounted2Time == 0.000190
[2024.01.20-19.42.45:185][  0]LogPakFile: PakFile PrimaryIndexSize=190
[2024.01.20-19.42.45:185][  0]LogPakFile: PakFile PathHashIndexSize=101
[2024.01.20-19.42.45:185][  0]LogPakFile: PakFile FullDirectoryIndexSize=154
[2024.01.20-19.42.45:185][  0]LogShaderLibrary: Display: ShaderCodeLibraryPakFileMountedCallback: PakFile 'C:/Program Files/Epic Games/UE_4.27/FeaturePacks/TP_SideScrollerBP.upack' (chunk index -1, root 'root:/') mounted
[2024.01.20-19.42.45:185][  0]LogShaderLibrary: Display: ShaderCodeLibraryPakFileMountedCallback: pending pak file info (ChunkID:-1 Root:root:/ File:C:/Program Files/Epic Games/UE_4.27/FeaturePacks/TP_SideScrollerBP.upack)
[2024.01.20-19.42.45:186][  0]LogPakFile: OnPakFileMounted2Time == 0.000179
[2024.01.20-19.42.45:186][  0]LogPakFile: PakFile PrimaryIndexSize=187
[2024.01.20-19.42.45:186][  0]LogPakFile: PakFile PathHashIndexSize=101
[2024.01.20-19.42.45:186][  0]LogPakFile: PakFile FullDirectoryIndexSize=148
[2024.01.20-19.42.45:186][  0]LogShaderLibrary: Display: ShaderCodeLibraryPakFileMountedCallback: PakFile 'C:/Program Files/Epic Games/UE_4.27/FeaturePacks/TP_ThirdPerson.upack' (chunk index -1, root 'root:/') mounted
[2024.01.20-19.42.45:186][  0]LogShaderLibrary: Display: ShaderCodeLibraryPakFileMountedCallback: pending pak file info (ChunkID:-1 Root:root:/ File:C:/Program Files/Epic Games/UE_4.27/FeaturePacks/TP_ThirdPerson.upack)
[2024.01.20-19.42.45:186][  0]LogPakFile: OnPakFileMounted2Time == 0.000166
[2024.01.20-19.42.45:187][  0]LogPakFile: PakFile PrimaryIndexSize=189
[2024.01.20-19.42.45:188][  0]LogPakFile: PakFile PathHashIndexSize=101
[2024.01.20-19.42.45:188][  0]LogPakFile: PakFile FullDirectoryIndexSize=152
[2024.01.20-19.42.45:188][  0]LogShaderLibrary: Display: ShaderCodeLibraryPakFileMountedCallback: PakFile 'C:/Program Files/Epic Games/UE_4.27/FeaturePacks/TP_ThirdPersonBP.upack' (chunk index -1, root 'root:/') mounted
[2024.01.20-19.42.45:188][  0]LogShaderLibrary: Display: ShaderCodeLibraryPakFileMountedCallback: pending pak file info (ChunkID:-1 Root:root:/ File:C:/Program Files/Epic Games/UE_4.27/FeaturePacks/TP_ThirdPersonBP.upack)
[2024.01.20-19.42.45:188][  0]LogPakFile: OnPakFileMounted2Time == 0.000246
[2024.01.20-19.42.45:189][  0]LogPakFile: PakFile PrimaryIndexSize=183
[2024.01.20-19.42.45:189][  0]LogPakFile: PakFile PathHashIndexSize=101
[2024.01.20-19.42.45:189][  0]LogPakFile: PakFile FullDirectoryIndexSize=140
[2024.01.20-19.42.45:189][  0]LogShaderLibrary: Display: ShaderCodeLibraryPakFileMountedCallback: PakFile 'C:/Program Files/Epic Games/UE_4.27/FeaturePacks/TP_TopDown.upack' (chunk index -1, root 'root:/') mounted
[2024.01.20-19.42.45:189][  0]LogShaderLibrary: Display: ShaderCodeLibraryPakFileMountedCallback: pending pak file info (ChunkID:-1 Root:root:/ File:C:/Program Files/Epic Games/UE_4.27/FeaturePacks/TP_TopDown.upack)
[2024.01.20-19.42.45:189][  0]LogPakFile: OnPakFileMounted2Time == 0.000194
[2024.01.20-19.42.45:190][  0]LogPakFile: PakFile PrimaryIndexSize=185
[2024.01.20-19.42.45:190][  0]LogPakFile: PakFile PathHashIndexSize=101
[2024.01.20-19.42.45:190][  0]LogPakFile: PakFile FullDirectoryIndexSize=144
[2024.01.20-19.42.45:190][  0]LogShaderLibrary: Display: ShaderCodeLibraryPakFileMountedCallback: PakFile 'C:/Program Files/Epic Games/UE_4.27/FeaturePacks/TP_TopDownBP.upack' (chunk index -1, root 'root:/') mounted
[2024.01.20-19.42.45:190][  0]LogShaderLibrary: Display: ShaderCodeLibraryPakFileMountedCallback: pending pak file info (ChunkID:-1 Root:root:/ File:C:/Program Files/Epic Games/UE_4.27/FeaturePacks/TP_TopDownBP.upack)
[2024.01.20-19.42.45:190][  0]LogPakFile: OnPakFileMounted2Time == 0.000180
[2024.01.20-19.42.45:191][  0]LogPakFile: PakFile PrimaryIndexSize=185
[2024.01.20-19.42.45:191][  0]LogPakFile: PakFile PathHashIndexSize=101
[2024.01.20-19.42.45:191][  0]LogPakFile: PakFile FullDirectoryIndexSize=144
[2024.01.20-19.42.45:191][  0]LogShaderLibrary: Display: ShaderCodeLibraryPakFileMountedCallback: PakFile 'C:/Program Files/Epic Games/UE_4.27/FeaturePacks/TP_TwinStick.upack' (chunk index -1, root 'root:/') mounted
[2024.01.20-19.42.45:192][  0]LogShaderLibrary: Display: ShaderCodeLibraryPakFileMountedCallback: pending pak file info (ChunkID:-1 Root:root:/ File:C:/Program Files/Epic Games/UE_4.27/FeaturePacks/TP_TwinStick.upack)
[2024.01.20-19.42.45:192][  0]LogPakFile: OnPakFileMounted2Time == 0.000211
[2024.01.20-19.42.45:193][  0]LogPakFile: PakFile PrimaryIndexSize=187
[2024.01.20-19.42.45:193][  0]LogPakFile: PakFile PathHashIndexSize=101
[2024.01.20-19.42.45:193][  0]LogPakFile: PakFile FullDirectoryIndexSize=148
[2024.01.20-19.42.45:193][  0]LogShaderLibrary: Display: ShaderCodeLibraryPakFileMountedCallback: PakFile 'C:/Program Files/Epic Games/UE_4.27/FeaturePacks/TP_TwinStickBP.upack' (chunk index -1, root 'root:/') mounted
[2024.01.20-19.42.45:193][  0]LogShaderLibrary: Display: ShaderCodeLibraryPakFileMountedCallback: pending pak file info (ChunkID:-1 Root:root:/ File:C:/Program Files/Epic Games/UE_4.27/FeaturePacks/TP_TwinStickBP.upack)
[2024.01.20-19.42.45:193][  0]LogPakFile: OnPakFileMounted2Time == 0.000210
[2024.01.20-19.42.45:194][  0]LogPakFile: PakFile PrimaryIndexSize=183
[2024.01.20-19.42.45:194][  0]LogPakFile: PakFile PathHashIndexSize=101
[2024.01.20-19.42.45:194][  0]LogPakFile: PakFile FullDirectoryIndexSize=140
[2024.01.20-19.42.45:194][  0]LogShaderLibrary: Display: ShaderCodeLibraryPakFileMountedCallback: PakFile 'C:/Program Files/Epic Games/UE_4.27/FeaturePacks/TP_Vehicle.upack' (chunk index -1, root 'root:/') mounted
[2024.01.20-19.42.45:194][  0]LogShaderLibrary: Display: ShaderCodeLibraryPakFileMountedCallback: pending pak file info (ChunkID:-1 Root:root:/ File:C:/Program Files/Epic Games/UE_4.27/FeaturePacks/TP_Vehicle.upack)
[2024.01.20-19.42.45:195][  0]LogPakFile: OnPakFileMounted2Time == 0.000189
[2024.01.20-19.42.45:195][  0]LogPakFile: PakFile PrimaryIndexSize=186
[2024.01.20-19.42.45:195][  0]LogPakFile: PakFile PathHashIndexSize=101
[2024.01.20-19.42.45:196][  0]LogPakFile: PakFile FullDirectoryIndexSize=146
[2024.01.20-19.42.45:196][  0]LogShaderLibrary: Display: ShaderCodeLibraryPakFileMountedCallback: PakFile 'C:/Program Files/Epic Games/UE_4.27/FeaturePacks/TP_VehicleAdv.upack' (chunk index -1, root 'root:/') mounted
[2024.01.20-19.42.45:196][  0]LogShaderLibrary: Display: ShaderCodeLibraryPakFileMountedCallback: pending pak file info (ChunkID:-1 Root:root:/ File:C:/Program Files/Epic Games/UE_4.27/FeaturePacks/TP_VehicleAdv.upack)
[2024.01.20-19.42.45:196][  0]LogPakFile: OnPakFileMounted2Time == 0.000223
[2024.01.20-19.42.45:197][  0]LogPakFile: PakFile PrimaryIndexSize=188
[2024.01.20-19.42.45:197][  0]LogPakFile: PakFile PathHashIndexSize=101
[2024.01.20-19.42.45:198][  0]LogPakFile: PakFile FullDirectoryIndexSize=150
[2024.01.20-19.42.45:198][  0]LogShaderLibrary: Display: ShaderCodeLibraryPakFileMountedCallback: PakFile 'C:/Program Files/Epic Games/UE_4.27/FeaturePacks/TP_VehicleAdvBP.upack' (chunk index -1, root 'root:/') mounted
[2024.01.20-19.42.45:198][  0]LogShaderLibrary: Display: ShaderCodeLibraryPakFileMountedCallback: pending pak file info (ChunkID:-1 Root:root:/ File:C:/Program Files/Epic Games/UE_4.27/FeaturePacks/TP_VehicleAdvBP.upack)
[2024.01.20-19.42.45:198][  0]LogPakFile: OnPakFileMounted2Time == 0.000211
[2024.01.20-19.42.45:199][  0]LogPakFile: PakFile PrimaryIndexSize=185
[2024.01.20-19.42.45:199][  0]LogPakFile: PakFile PathHashIndexSize=101
[2024.01.20-19.42.45:199][  0]LogPakFile: PakFile FullDirectoryIndexSize=144
[2024.01.20-19.42.45:199][  0]LogShaderLibrary: Display: ShaderCodeLibraryPakFileMountedCallback: PakFile 'C:/Program Files/Epic Games/UE_4.27/FeaturePacks/TP_VehicleBP.upack' (chunk index -1, root 'root:/') mounted
[2024.01.20-19.42.45:199][  0]LogShaderLibrary: Display: ShaderCodeLibraryPakFileMountedCallback: pending pak file info (ChunkID:-1 Root:root:/ File:C:/Program Files/Epic Games/UE_4.27/FeaturePacks/TP_VehicleBP.upack)
[2024.01.20-19.42.45:200][  0]LogPakFile: OnPakFileMounted2Time == 0.000202
[2024.01.20-19.42.45:200][  0]LogPakFile: PakFile PrimaryIndexSize=192
[2024.01.20-19.42.45:200][  0]LogPakFile: PakFile PathHashIndexSize=101
[2024.01.20-19.42.45:200][  0]LogPakFile: PakFile FullDirectoryIndexSize=158
[2024.01.20-19.42.45:200][  0]LogShaderLibrary: Display: ShaderCodeLibraryPakFileMountedCallback: PakFile 'C:/Program Files/Epic Games/UE_4.27/FeaturePacks/TP_VirtualRealityBP.upack' (chunk index -1, root 'root:/') mounted
[2024.01.20-19.42.45:201][  0]LogShaderLibrary: Display: ShaderCodeLibraryPakFileMountedCallback: pending pak file info (ChunkID:-1 Root:root:/ File:C:/Program Files/Epic Games/UE_4.27/FeaturePacks/TP_VirtualRealityBP.upack)
[2024.01.20-19.42.45:201][  0]LogPakFile: OnPakFileMounted2Time == 0.000215
[2024.01.20-19.42.45:247][  0]LogNativeClassHierarchy: Verbose: Native class hierarchy updated for 'AddContentDialog' in 0.0002 seconds. Added 0 classes and 0 folders.
[2024.01.20-19.42.45:249][  0]LogNativeClassHierarchy: Verbose: Native class hierarchy updated for 'SceneOutliner' in 0.0004 seconds. Added 2 classes and 0 folders.
[2024.01.20-19.42.45:366][  0]LogSlate: Took 0.000217 seconds to synchronously load lazily loaded font '../../../Engine/Content/Slate/Fonts/Roboto-Regular.ttf' (155K)
[2024.01.20-19.42.45:367][  0]LogSlate: Took 0.000204 seconds to synchronously load lazily loaded font '../../../Engine/Content/Editor/Slate/Fonts/FontAwesome.ttf' (139K)
[2024.01.20-19.42.45:368][  0]LogSlate: Took 0.000162 seconds to synchronously load lazily loaded font '../../../Engine/Content/Slate/Fonts/Roboto-Bold.ttf' (160K)
[2024.01.20-19.42.45:460][  0]LogRenderer: Reallocating scene render targets to support 968x428 Format 10 NumSamples 1 (Frame:1).
[2024.01.20-19.42.45:516][  0]LogSlate: Took 0.000233 seconds to synchronously load lazily loaded font '../../../Engine/Content/Slate/Fonts/Roboto-Light.ttf' (167K)
[2024.01.20-19.42.45:623][  0]LogNativeClassHierarchy: Verbose: Native class hierarchy updated for 'HierarchicalLODOutliner' in 0.0003 seconds. Added 0 classes and 0 folders.
[2024.01.20-19.42.45:623][  0]LogLoad: (Engine Initialization) Total time: 8.74 seconds
[2024.01.20-19.42.45:623][  0]LogLoad: (Engine Initialization) Total Blueprint compile time: 0.00 seconds
[2024.01.20-19.42.45:668][  0]LogAssetRegistry: Asset discovery search completed in 5.1409 seconds
[2024.01.20-19.42.45:674][  0]LogCollectionManager: Fixed up redirectors for 0 collections in 0.000004 seconds (updated 0 objects)
[2024.01.20-19.42.45:676][  0]LogContentStreaming: Texture pool size now 1000 MB
[2024.01.20-19.42.47:841][133]LogSlate: Took 0.000204 seconds to synchronously load lazily loaded font '../../../Engine/Content/Slate/Fonts/Roboto-Light.ttf' (167K)
[2024.01.20-19.42.47:870][133]LogAssetEditorSubsystem: Opening Asset editor for Blueprint /Game/BP_SnakeElement.BP_SnakeElement
[2024.01.20-19.42.48:086][133]LogNativeClassHierarchy: Verbose: Native class hierarchy updated for 'BlueprintGraph' in 0.0010 seconds. Added 126 classes and 0 folders.
[2024.01.20-19.42.48:967][133]LogActor: Warning: BP_SnakeElement_C /Engine/Transient.World_2:PersistentLevel.BP_SnakeElement_C_0 has natively added scene component(s), but none of them were set as the actor's RootComponent - picking one arbitrarily
[2024.01.20-19.42.48:968][133]LogActor: Warning: BP_SnakeElement_C /Engine/Transient.World_1:PersistentLevel.BP_SnakeElement_C_0 has natively added scene component(s), but none of them were set as the actor's RootComponent - picking one arbitrarily
[2024.01.20-19.42.48:974][133]LogSlate: Took 0.000294 seconds to synchronously load lazily loaded font '../../../Engine/Content/Slate/Fonts/Roboto-BoldCondensed.ttf' (158K)
[2024.01.20-19.42.49:022][134]LogSlate: Took 0.000217 seconds to synchronously load lazily loaded font '../../../Engine/Content/Slate/Fonts/Roboto-Italic.ttf' (157K)
[2024.01.20-19.43.07:725][ 76]LogSlate: Window 'BP_SnakeElement' being destroyed
[2024.01.20-19.43.07:740][ 76]LogSlate: Window 'BP_SnakeElement' being destroyed
[2024.01.20-19.43.07:745][ 76]LogWorld: UWorld::CleanupWorld for World_1, bSessionEnded=true, bCleanupResources=true
[2024.01.20-19.43.07:746][ 76]LogSlate: InvalidateAllWidgets triggered.  All widgets were invalidated
