Log file open, 01/20/24 19:17:14
LogWindows: Failed to load 'aqProf.dll' (GetLastError=126)
LogWindows: File 'aqProf.dll' does not exist
LogWindows: Failed to load 'VtuneApi.dll' (GetLastError=126)
LogWindows: File 'VtuneApi.dll' does not exist
LogWindows: Failed to load 'VtuneApi32e.dll' (GetLastError=126)
LogWindows: File 'VtuneApi32e.dll' does not exist
LogConsoleResponse: Display: Failed to find resolution value strings in scalability ini. Falling back to default.
LogConsoleResponse: Display: Failed to find resolution value strings in scalability ini. Falling back to default.
LogInit: Display: Running engine for game: SnakeProject
LogPlatformFile: Not using cached read wrapper
LogTaskGraph: Started task graph with 5 named threads and 35 total threads with 3 sets of task threads.
LogStats: Stats thread started at 0.290012
LogICUInternationalization: ICU TimeZone Detection - Raw Offset: +3:00, Platform Override: ''
LogInit: Display: Loading text-based GConfig....
LogPluginManager: Mounting plugin MeshPainting
LogPluginManager: Mounting plugin XGEController
LogPluginManager: Mounting plugin Paper2D
LogPluginManager: Mounting plugin LiveLink
LogPluginManager: Mounting plugin LightPropagationVolume
LogPluginManager: Mounting plugin CameraShakePreviewer
LogPluginManager: Mounting plugin OodleData
LogPluginManager: Mounting plugin CLionSourceCodeAccess
LogPluginManager: Mounting plugin AnimationSharing
LogPluginManager: Mounting plugin CodeLiteSourceCodeAccess
LogPluginManager: Mounting plugin GitSourceControl
LogPluginManager: Mounting plugin KDevelopSourceCodeAccess
LogPluginManager: Mounting plugin NullSourceCodeAccess
LogPluginManager: Mounting plugin PixWinPlugin
LogPluginManager: Mounting plugin PlasticSourceControl
LogPluginManager: Mounting plugin PerforceSourceControl
LogPluginManager: Mounting plugin PropertyAccessNode
LogPluginManager: Mounting plugin GameplayCameras
LogPluginManager: Mounting plugin PluginUtils
LogPluginManager: Mounting plugin SubversionSourceControl
LogPluginManager: Mounting plugin TextureFormatOodle
LogPluginManager: Mounting plugin RiderSourceCodeAccess
LogPluginManager: Mounting plugin UObjectPlugin
LogPluginManager: Mounting plugin VisualStudioCodeSourceCodeAccess
LogPluginManager: Mounting plugin XCodeSourceCodeAccess
LogPluginManager: Mounting plugin VisualStudioSourceCodeAccess
LogPluginManager: Mounting plugin OodleNetwork
LogPluginManager: Mounting plugin AssetManagerEditor
LogPluginManager: Mounting plugin DataValidation
LogPluginManager: Mounting plugin CurveEditorTools
LogPluginManager: Mounting plugin CryptoKeys
LogPluginManager: Mounting plugin FacialAnimation
LogPluginManager: Mounting plugin GameplayTagsEditor
LogPluginManager: Mounting plugin GeometryMode
LogPluginManager: Mounting plugin MacGraphicsSwitching
LogPluginManager: Mounting plugin MaterialAnalyzer
LogPluginManager: Mounting plugin MobileLauncherProfileWizard
LogPluginManager: Mounting plugin PluginBrowser
LogPluginManager: Mounting plugin SpeedTreeImporter
LogPluginManager: Mounting plugin AlembicImporter
LogPluginManager: Mounting plugin AutomationUtils
LogPluginManager: Mounting plugin BackChannel
LogPluginManager: Mounting plugin ChaosCloth
LogPluginManager: Mounting plugin ChaosEditor
LogPluginManager: Mounting plugin ChaosClothEditor
LogPluginManager: Mounting plugin ChaosSolverPlugin
LogPluginManager: Mounting plugin ChaosNiagara
LogPluginManager: Mounting plugin Niagara
LogPluginManager: Mounting plugin CharacterAI
LogPluginManager: Mounting plugin GeometryCache
LogPluginManager: Mounting plugin GeometryCollectionPlugin
LogPluginManager: Mounting plugin DatasmithContent
LogPluginManager: Mounting plugin VariantManagerContent
LogPluginManager: Mounting plugin GeometryProcessing
LogPluginManager: Mounting plugin MotoSynth
LogPluginManager: Mounting plugin OpenImageDenoise
LogPluginManager: Mounting plugin PlanarCut
LogPluginManager: Mounting plugin ProxyLODPlugin
LogPluginManager: Mounting plugin PlatformCrypto
LogPluginManager: Mounting plugin PythonScriptPlugin
LogPluginManager: Mounting plugin AndroidMedia
LogPluginManager: Mounting plugin AvfMedia
LogPluginManager: Mounting plugin SkeletalReduction
LogPluginManager: Mounting plugin LuminPlatformFeatures
LogPluginManager: Mounting plugin ImgMedia
LogPluginManager: Mounting plugin MediaCompositing
LogPluginManager: Mounting plugin MagicLeap
LogPluginManager: Mounting plugin MediaPlayerEditor
LogPluginManager: Mounting plugin WebMMedia
LogPluginManager: Mounting plugin WmfMedia
LogPluginManager: Mounting plugin MagicLeapLightEstimation
LogPluginManager: Mounting plugin MagicLeapMedia
LogPluginManager: Mounting plugin MagicLeapPassableWorld
LogPluginManager: Mounting plugin MLSDK
LogPluginManager: Mounting plugin ActorSequence
LogPluginManager: Mounting plugin MatineeToLevelSequence
LogPluginManager: Mounting plugin TemplateSequence
LogPluginManager: Mounting plugin TcpMessaging
LogPluginManager: Mounting plugin UdpMessaging
LogPluginManager: Mounting plugin LauncherChunkInstaller
LogPluginManager: Mounting plugin OnlineSubsystem
LogPluginManager: Mounting plugin OnlineSubsystemNull
LogPluginManager: Mounting plugin LevelSequenceEditor
LogPluginManager: Mounting plugin OnlineSubsystemUtils
LogPluginManager: Mounting plugin ActorLayerUtilities
LogPluginManager: Mounting plugin AndroidDeviceProfileSelector
LogPluginManager: Mounting plugin AndroidMoviePlayer
LogPluginManager: Mounting plugin AndroidPermission
LogPluginManager: Mounting plugin AppleImageUtils
LogPluginManager: Mounting plugin ArchVisCharacter
LogPluginManager: Mounting plugin AssetTags
LogPluginManager: Mounting plugin AppleMoviePlayer
LogPluginManager: Mounting plugin AudioSynesthesia
LogPluginManager: Mounting plugin CableComponent
LogPluginManager: Mounting plugin ChunkDownloader
LogPluginManager: Mounting plugin CustomMeshComponent
LogPluginManager: Mounting plugin EditableMesh
LogPluginManager: Mounting plugin ExampleDeviceProfileSelector
LogPluginManager: Mounting plugin GoogleCloudMessaging
LogPluginManager: Mounting plugin GooglePAD
LogPluginManager: Mounting plugin AudioCapture
LogPluginManager: Mounting plugin IOSDeviceProfileSelector
LogPluginManager: Mounting plugin LinuxDeviceProfileSelector
LogPluginManager: Mounting plugin MobilePatchingUtils
LogPluginManager: Mounting plugin OpenXR
LogPluginManager: Mounting plugin OpenXREyeTracker
LogPluginManager: Mounting plugin OpenXRHandTracking
LogPluginManager: Mounting plugin PhysXVehicles
LogPluginManager: Mounting plugin PostSplashScreen
LogPluginManager: Mounting plugin ProceduralMeshComponent
LogPluginManager: Mounting plugin PropertyAccessEditor
LogPluginManager: Mounting plugin LocationServicesBPLibrary
LogPluginManager: Mounting plugin SignificanceManager
LogPluginManager: Mounting plugin SoundFields
LogPluginManager: Mounting plugin RuntimePhysXCooking
LogPluginManager: Mounting plugin Synthesis
LogPluginManager: Mounting plugin WebMMoviePlayer
LogPluginManager: Mounting plugin ScreenshotTools
LogPluginManager: Mounting plugin WindowsMoviePlayer
LogPluginManager: Mounting plugin Takes
LogPluginManager: Mounting plugin AISupport
LogPluginManager: Mounting plugin EnvironmentQueryEditor
LogPluginManager: Mounting plugin ContentBrowserAssetDataSource
LogPluginManager: Mounting plugin ContentBrowserClassDataSource
LogPluginManager: Mounting plugin ContentBrowserFileDataSource
LogPluginManager: Mounting plugin OnlineSubsystemIOS
LogPluginManager: Mounting plugin OnlineSubsystemGooglePlay
LogPluginManager: Mounting plugin OculusVR
LogPluginManager: Mounting plugin SteamVR
PixWinPlugin: PIX capture plugin failed to initialize! Check that the process is launched from PIX.
LogInit: Using libcurl 7.55.1-DEV
LogInit:  - built for x86_64-pc-win32
LogInit:  - supports SSL with OpenSSL/1.1.1
LogInit:  - supports HTTP deflate (compression) using libz 1.2.8
LogInit:  - other features:
LogInit:      CURL_VERSION_SSL
LogInit:      CURL_VERSION_LIBZ
LogInit:      CURL_VERSION_IPV6
LogInit:      CURL_VERSION_ASYNCHDNS
LogInit:      CURL_VERSION_LARGEFILE
LogInit:      CURL_VERSION_IDN
LogInit:  CurlRequestOptions (configurable via config and command line):
LogInit:  - bVerifyPeer = true  - Libcurl will verify peer certificate
LogInit:  - bUseHttpProxy = false  - Libcurl will NOT use HTTP proxy
LogInit:  - bDontReuseConnections = false  - Libcurl will reuse connections
LogInit:  - MaxHostConnections = 16  - Libcurl will limit the number of connections to a host
LogInit:  - LocalHostAddr = Default
LogInit:  - BufferSize = 65536
LogOnline: OSS: Creating online subsystem instance for: NULL
LogInit: WinSock: version 1.1 (2.2), MaxSocks=32767, MaxUdp=65467
LogOnline: OSS: TryLoadSubsystemAndSetDefault: Loaded subsystem for module [NULL]
LogOculusPluginWrapper: OculusPlugin initialized successfully
LogHMD: Failed initializing OVRPlugin 1.59.0
LogInit: Build: ++UE4+Release-4.27-CL-18319896
LogInit: Engine Version: 4.27.2-18319896+++UE4+Release-4.27
LogInit: Compatible Engine Version: 4.27.0-17155196+++UE4+Release-4.27
LogInit: Net CL: 17155196
LogInit: OS: Windows 10 (Release 2009) (), CPU: Intel(R) Core(TM) i7-10750H CPU @ 2.60GHz, GPU: Intel(R) UHD Graphics
LogInit: Compiled (64-bit): Nov 30 2021 07:12:08
LogInit: Compiled with Visual C++: 19.24.28315.00
LogInit: Build Configuration: Development
LogInit: Branch Name: ++UE4+Release-4.27
LogInit: Command Line:  -skipcompile
LogInit: Base Directory: C:/Program Files/Epic Games/UE_4.27/Engine/Binaries/Win64/
LogInit: Allocator: TBB
LogInit: Installed Engine Build: 1
LogDevObjectVersion: Number of dev versions registered: 29
LogDevObjectVersion:   Dev-Blueprints (B0D832E4-1F89-4F0D-ACCF-7EB736FD4AA2): 10
LogDevObjectVersion:   Dev-Build (E1C64328-A22C-4D53-A36C-8E866417BD8C): 0
LogDevObjectVersion:   Dev-Core (375EC13C-06E4-48FB-B500-84F0262A717E): 4
LogDevObjectVersion:   Dev-Editor (E4B068ED-F494-42E9-A231-DA0B2E46BB41): 40
LogDevObjectVersion:   Dev-Framework (CFFC743F-43B0-4480-9391-14DF171D2073): 37
LogDevObjectVersion:   Dev-Mobile (B02B49B5-BB20-44E9-A304-32B752E40360): 3
LogDevObjectVersion:   Dev-Networking (A4E4105C-59A1-49B5-A7C5-40C4547EDFEE): 0
LogDevObjectVersion:   Dev-Online (39C831C9-5AE6-47DC-9A44-9C173E1C8E7C): 0
LogDevObjectVersion:   Dev-Physics (78F01B33-EBEA-4F98-B9B4-84EACCB95AA2): 14
LogDevObjectVersion:   Dev-Platform (6631380F-2D4D-43E0-8009-CF276956A95A): 0
LogDevObjectVersion:   Dev-Rendering (12F88B9F-8875-4AFC-A67C-D90C383ABD29): 45
LogDevObjectVersion:   Dev-Sequencer (7B5AE74C-D270-4C10-A958-57980B212A5A): 13
LogDevObjectVersion:   Dev-VR (D7296918-1DD6-4BDD-9DE2-64A83CC13884): 3
LogDevObjectVersion:   Dev-LoadTimes (C2A15278-BFE7-4AFE-6C17-90FF531DF755): 1
LogDevObjectVersion:   Private-Geometry (6EACA3D4-40EC-4CC1-B786-8BED09428FC5): 3
LogDevObjectVersion:   Dev-AnimPhys (29E575DD-E0A3-4627-9D10-D276232CDCEA): 17
LogDevObjectVersion:   Dev-Anim (AF43A65D-7FD3-4947-9873-3E8ED9C1BB05): 15
LogDevObjectVersion:   Dev-ReflectionCapture (6B266CEC-1EC7-4B8F-A30B-E4D90942FC07): 1
LogDevObjectVersion:   Dev-Automation (0DF73D61-A23F-47EA-B727-89E90C41499A): 1
LogDevObjectVersion:   FortniteMain (601D1886-AC64-4F84-AA16-D3DE0DEAC7D6): 47
LogDevObjectVersion:   FortniteRelease (E7086368-6B23-4C58-8439-1B7016265E91): 1
LogDevObjectVersion:   Dev-Enterprise (9DFFBCD6-494F-0158-E221-12823C92A888): 10
LogDevObjectVersion:   Dev-Niagara (F2AED0AC-9AFE-416F-8664-AA7FFA26D6FC): 1
LogDevObjectVersion:   Dev-Destruction (174F1F0B-B4C6-45A5-B13F-2EE8D0FB917D): 10
LogDevObjectVersion:   Dev-Physics-Ext (35F94A83-E258-406C-A318-09F59610247C): 41
LogDevObjectVersion:   Dev-PhysicsMaterial-Chaos (B68FC16E-8B1B-42E2-B453-215C058844FE): 1
LogDevObjectVersion:   Dev-CineCamera (B2E18506-4273-CFC2-A54E-F4BB758BBA07): 1
LogDevObjectVersion:   Dev-VirtualProduction (64F58936-FD1B-42BA-BA96-7289D5D0FA4E): 1
LogDevObjectVersion:   Dev-MediaFramework (6F0ED827-A609-4895-9C91-998D90180EA4): 2
LogInit: Presizing for max 25165824 objects, including 0 objects not considered by GC, pre-allocating 0 bytes for permanent pool.
LogConfig: Applying CVar settings from Section [/Script/Engine.StreamingSettings] File [D:/GameProjects/UE/Snake/SnakeProject/Saved/Config/Windows/Engine.ini]
LogConfig: Setting CVar [[s.MinBulkDataSizeForAsyncLoading:131072]]
LogConfig: Setting CVar [[s.AsyncLoadingThreadEnabled:0]]
LogConfig: Setting CVar [[s.EventDrivenLoaderEnabled:1]]
LogConfig: Setting CVar [[s.WarnIfTimeLimitExceeded:0]]
LogConfig: Setting CVar [[s.TimeLimitExceededMultiplier:1.5]]
LogConfig: Setting CVar [[s.TimeLimitExceededMinTime:0.005]]
LogConfig: Setting CVar [[s.UseBackgroundLevelStreaming:1]]
LogConfig: Setting CVar [[s.PriorityAsyncLoadingExtraTime:15.0]]
LogConfig: Setting CVar [[s.LevelStreamingActorsUpdateTimeLimit:5.0]]
LogConfig: Setting CVar [[s.PriorityLevelStreamingActorsUpdateExtraTime:5.0]]
LogConfig: Setting CVar [[s.LevelStreamingComponentsRegistrationGranularity:10]]
LogConfig: Setting CVar [[s.UnregisterComponentsTimeLimit:1.0]]
LogConfig: Setting CVar [[s.LevelStreamingComponentsUnregistrationGranularity:5]]
LogConfig: Setting CVar [[s.FlushStreamingOnExit:1]]
LogInit: Object subsystem initialized
LogConfig: Setting CVar [[con.DebugEarlyDefault:1]]
LogConfig: Setting CVar [[r.setres:1280x720]]
[2024.01.20-16.17.15:051][  0]LogConfig: Setting CVar [[r.VSync:0]]
[2024.01.20-16.17.15:051][  0]LogConfig: Setting CVar [[r.RHICmdBypass:0]]
[2024.01.20-16.17.15:051][  0]LogConfig: Applying CVar settings from Section [/Script/Engine.RendererSettings] File [D:/GameProjects/UE/Snake/SnakeProject/Saved/Config/Windows/Engine.ini]
[2024.01.20-16.17.15:051][  0]LogConfig: Setting CVar [[r.GPUCrashDebugging:0]]
[2024.01.20-16.17.15:051][  0]LogConfig: Applying CVar settings from Section [/Script/Engine.RendererOverrideSettings] File [D:/GameProjects/UE/Snake/SnakeProject/Saved/Config/Windows/Engine.ini]
[2024.01.20-16.17.15:051][  0]LogConfig: Applying CVar settings from Section [/Script/Engine.StreamingSettings] File [D:/GameProjects/UE/Snake/SnakeProject/Saved/Config/Windows/Engine.ini]
[2024.01.20-16.17.15:051][  0]LogConfig: Setting CVar [[s.MinBulkDataSizeForAsyncLoading:131072]]
[2024.01.20-16.17.15:051][  0]LogConfig: Setting CVar [[s.AsyncLoadingThreadEnabled:0]]
[2024.01.20-16.17.15:052][  0]LogConfig: Setting CVar [[s.EventDrivenLoaderEnabled:1]]
[2024.01.20-16.17.15:052][  0]LogConfig: Setting CVar [[s.WarnIfTimeLimitExceeded:0]]
[2024.01.20-16.17.15:052][  0]LogConfig: Setting CVar [[s.TimeLimitExceededMultiplier:1.5]]
[2024.01.20-16.17.15:052][  0]LogConfig: Setting CVar [[s.TimeLimitExceededMinTime:0.005]]
[2024.01.20-16.17.15:052][  0]LogConfig: Setting CVar [[s.UseBackgroundLevelStreaming:1]]
[2024.01.20-16.17.15:052][  0]LogConfig: Setting CVar [[s.PriorityAsyncLoadingExtraTime:15.0]]
[2024.01.20-16.17.15:052][  0]LogConfig: Setting CVar [[s.LevelStreamingActorsUpdateTimeLimit:5.0]]
[2024.01.20-16.17.15:052][  0]LogConfig: Setting CVar [[s.PriorityLevelStreamingActorsUpdateExtraTime:5.0]]
[2024.01.20-16.17.15:052][  0]LogConfig: Setting CVar [[s.LevelStreamingComponentsRegistrationGranularity:10]]
[2024.01.20-16.17.15:052][  0]LogConfig: Setting CVar [[s.UnregisterComponentsTimeLimit:1.0]]
[2024.01.20-16.17.15:052][  0]LogConfig: Setting CVar [[s.LevelStreamingComponentsUnregistrationGranularity:5]]
[2024.01.20-16.17.15:052][  0]LogConfig: Setting CVar [[s.FlushStreamingOnExit:1]]
[2024.01.20-16.17.15:052][  0]LogConfig: Applying CVar settings from Section [/Script/Engine.GarbageCollectionSettings] File [D:/GameProjects/UE/Snake/SnakeProject/Saved/Config/Windows/Engine.ini]
[2024.01.20-16.17.15:052][  0]LogConfig: Setting CVar [[gc.MaxObjectsNotConsideredByGC:1]]
[2024.01.20-16.17.15:052][  0]LogConfig: Setting CVar [[gc.SizeOfPermanentObjectPool:0]]
[2024.01.20-16.17.15:053][  0]LogConfig: Setting CVar [[gc.FlushStreamingOnGC:0]]
[2024.01.20-16.17.15:053][  0]LogConfig: Setting CVar [[gc.NumRetriesBeforeForcingGC:10]]
[2024.01.20-16.17.15:053][  0]LogConfig: Setting CVar [[gc.AllowParallelGC:1]]
[2024.01.20-16.17.15:053][  0]LogConfig: Setting CVar [[gc.TimeBetweenPurgingPendingKillObjects:61.1]]
[2024.01.20-16.17.15:053][  0]LogConfig: Setting CVar [[gc.MaxObjectsInEditor:25165824]]
[2024.01.20-16.17.15:053][  0]LogConfig: Setting CVar [[gc.IncrementalBeginDestroyEnabled:1]]
[2024.01.20-16.17.15:053][  0]LogConfig: Setting CVar [[gc.CreateGCClusters:1]]
[2024.01.20-16.17.15:053][  0]LogConfig: Setting CVar [[gc.MinGCClusterSize:5]]
[2024.01.20-16.17.15:053][  0]LogConfig: Setting CVar [[gc.ActorClusteringEnabled:0]]
[2024.01.20-16.17.15:053][  0]LogConfig: Setting CVar [[gc.BlueprintClusteringEnabled:0]]
[2024.01.20-16.17.15:053][  0]LogConfig: Setting CVar [[gc.UseDisregardForGCOnDedicatedServers:0]]
[2024.01.20-16.17.15:053][  0]LogConfig: Setting CVar [[gc.MultithreadedDestructionEnabled:1]]
[2024.01.20-16.17.15:053][  0]LogConfig: Applying CVar settings from Section [/Script/Engine.NetworkSettings] File [D:/GameProjects/UE/Snake/SnakeProject/Saved/Config/Windows/Engine.ini]
[2024.01.20-16.17.15:053][  0]LogConfig: Applying CVar settings from Section [/Script/UnrealEd.CookerSettings] File [D:/GameProjects/UE/Snake/SnakeProject/Saved/Config/Windows/Engine.ini]
[2024.01.20-16.17.15:063][  0]LogConfig: Applying CVar settings from Section [ViewDistanceQuality@3] File [D:/GameProjects/UE/Snake/SnakeProject/Saved/Config/Windows/Scalability.ini]
[2024.01.20-16.17.15:063][  0]LogConfig: Setting CVar [[r.SkeletalMeshLODBias:0]]
[2024.01.20-16.17.15:063][  0]LogConfig: Setting CVar [[r.ViewDistanceScale:1.0]]
[2024.01.20-16.17.15:063][  0]LogConfig: Applying CVar settings from Section [AntiAliasingQuality@3] File [D:/GameProjects/UE/Snake/SnakeProject/Saved/Config/Windows/Scalability.ini]
[2024.01.20-16.17.15:063][  0]LogConfig: Setting CVar [[r.PostProcessAAQuality:4]]
[2024.01.20-16.17.15:063][  0]LogConfig: Applying CVar settings from Section [ShadowQuality@3] File [D:/GameProjects/UE/Snake/SnakeProject/Saved/Config/Windows/Scalability.ini]
[2024.01.20-16.17.15:063][  0]LogConfig: Setting CVar [[r.LightFunctionQuality:1]]
[2024.01.20-16.17.15:063][  0]LogConfig: Setting CVar [[r.ShadowQuality:5]]
[2024.01.20-16.17.15:063][  0]LogConfig: Setting CVar [[r.Shadow.CSM.MaxCascades:10]]
[2024.01.20-16.17.15:063][  0]LogConfig: Setting CVar [[r.Shadow.MaxResolution:2048]]
[2024.01.20-16.17.15:063][  0]LogConfig: Setting CVar [[r.Shadow.MaxCSMResolution:2048]]
[2024.01.20-16.17.15:063][  0]LogConfig: Setting CVar [[r.Shadow.RadiusThreshold:0.01]]
[2024.01.20-16.17.15:064][  0]LogConfig: Setting CVar [[r.Shadow.DistanceScale:1.0]]
[2024.01.20-16.17.15:064][  0]LogConfig: Setting CVar [[r.Shadow.CSM.TransitionScale:1.0]]
[2024.01.20-16.17.15:064][  0]LogConfig: Setting CVar [[r.Shadow.PreShadowResolutionFactor:1.0]]
[2024.01.20-16.17.15:064][  0]LogConfig: Setting CVar [[r.DistanceFieldShadowing:1]]
[2024.01.20-16.17.15:064][  0]LogConfig: Setting CVar [[r.DistanceFieldAO:1]]
[2024.01.20-16.17.15:064][  0]LogConfig: Setting CVar [[r.AOQuality:2]]
[2024.01.20-16.17.15:064][  0]LogConfig: Setting CVar [[r.VolumetricFog:1]]
[2024.01.20-16.17.15:064][  0]LogConfig: Setting CVar [[r.VolumetricFog.GridPixelSize:8]]
[2024.01.20-16.17.15:064][  0]LogConfig: Setting CVar [[r.VolumetricFog.GridSizeZ:128]]
[2024.01.20-16.17.15:064][  0]LogConfig: Setting CVar [[r.VolumetricFog.HistoryMissSupersampleCount:4]]
[2024.01.20-16.17.15:064][  0]LogConfig: Setting CVar [[r.LightMaxDrawDistanceScale:1]]
[2024.01.20-16.17.15:064][  0]LogConfig: Setting CVar [[r.CapsuleShadows:1]]
[2024.01.20-16.17.15:064][  0]LogConfig: Applying CVar settings from Section [PostProcessQuality@3] File [D:/GameProjects/UE/Snake/SnakeProject/Saved/Config/Windows/Scalability.ini]
[2024.01.20-16.17.15:064][  0]LogConfig: Setting CVar [[r.MotionBlurQuality:4]]
[2024.01.20-16.17.15:064][  0]LogConfig: Setting CVar [[r.AmbientOcclusionMipLevelFactor:0.4]]
[2024.01.20-16.17.15:064][  0]LogConfig: Setting CVar [[r.AmbientOcclusionMaxQuality:100]]
[2024.01.20-16.17.15:064][  0]LogConfig: Setting CVar [[r.AmbientOcclusionLevels:-1]]
[2024.01.20-16.17.15:065][  0]LogConfig: Setting CVar [[r.AmbientOcclusionRadiusScale:1.0]]
[2024.01.20-16.17.15:065][  0]LogConfig: Setting CVar [[r.DepthOfFieldQuality:2]]
[2024.01.20-16.17.15:065][  0]LogConfig: Setting CVar [[r.RenderTargetPoolMin:400]]
[2024.01.20-16.17.15:065][  0]LogConfig: Setting CVar [[r.LensFlareQuality:2]]
[2024.01.20-16.17.15:065][  0]LogConfig: Setting CVar [[r.SceneColorFringeQuality:1]]
[2024.01.20-16.17.15:065][  0]LogConfig: Setting CVar [[r.EyeAdaptationQuality:2]]
[2024.01.20-16.17.15:065][  0]LogConfig: Setting CVar [[r.BloomQuality:5]]
[2024.01.20-16.17.15:065][  0]LogConfig: Setting CVar [[r.FastBlurThreshold:100]]
[2024.01.20-16.17.15:065][  0]LogConfig: Setting CVar [[r.Upscale.Quality:3]]
[2024.01.20-16.17.15:065][  0]LogConfig: Setting CVar [[r.Tonemapper.GrainQuantization:1]]
[2024.01.20-16.17.15:065][  0]LogConfig: Setting CVar [[r.LightShaftQuality:1]]
[2024.01.20-16.17.15:065][  0]LogConfig: Setting CVar [[r.Filter.SizeScale:1]]
[2024.01.20-16.17.15:065][  0]LogConfig: Setting CVar [[r.Tonemapper.Quality:5]]
[2024.01.20-16.17.15:065][  0]LogConfig: Setting CVar [[r.DOF.Gather.AccumulatorQuality:1        ; higher gathering accumulator quality]]
[2024.01.20-16.17.15:065][  0]LogConfig: Setting CVar [[r.DOF.Gather.PostfilterMethod:1          ; Median3x3 postfilering method]]
[2024.01.20-16.17.15:065][  0]LogConfig: Setting CVar [[r.DOF.Gather.EnableBokehSettings:0       ; no bokeh simulation when gathering]]
[2024.01.20-16.17.15:065][  0]LogConfig: Setting CVar [[r.DOF.Gather.RingCount:4                 ; medium number of samples when gathering]]
[2024.01.20-16.17.15:066][  0]LogConfig: Setting CVar [[r.DOF.Scatter.ForegroundCompositing:1    ; additive foreground scattering]]
[2024.01.20-16.17.15:066][  0]LogConfig: Setting CVar [[r.DOF.Scatter.BackgroundCompositing:2    ; additive background scattering]]
[2024.01.20-16.17.15:066][  0]LogConfig: Setting CVar [[r.DOF.Scatter.EnableBokehSettings:1      ; bokeh simulation when scattering]]
[2024.01.20-16.17.15:066][  0]LogConfig: Setting CVar [[r.DOF.Scatter.MaxSpriteRatio:0.1         ; only a maximum of 10% of scattered bokeh]]
[2024.01.20-16.17.15:066][  0]LogConfig: Setting CVar [[r.DOF.Recombine.Quality:1                ; cheap slight out of focus]]
[2024.01.20-16.17.15:066][  0]LogConfig: Setting CVar [[r.DOF.Recombine.EnableBokehSettings:0    ; no bokeh simulation on slight out of focus]]
[2024.01.20-16.17.15:066][  0]LogConfig: Setting CVar [[r.DOF.TemporalAAQuality:1                ; more stable temporal accumulation]]
[2024.01.20-16.17.15:066][  0]LogConfig: Setting CVar [[r.DOF.Kernel.MaxForegroundRadius:0.025]]
[2024.01.20-16.17.15:066][  0]LogConfig: Setting CVar [[r.DOF.Kernel.MaxBackgroundRadius:0.025]]
[2024.01.20-16.17.15:066][  0]LogConfig: Applying CVar settings from Section [TextureQuality@3] File [D:/GameProjects/UE/Snake/SnakeProject/Saved/Config/Windows/Scalability.ini]
[2024.01.20-16.17.15:066][  0]LogConfig: Setting CVar [[r.Streaming.MipBias:0]]
[2024.01.20-16.17.15:066][  0]LogConfig: Setting CVar [[r.Streaming.AmortizeCPUToGPUCopy:0]]
[2024.01.20-16.17.15:066][  0]LogConfig: Setting CVar [[r.Streaming.MaxNumTexturesToStreamPerFrame:0]]
[2024.01.20-16.17.15:066][  0]LogConfig: Setting CVar [[r.Streaming.Boost:1]]
[2024.01.20-16.17.15:066][  0]LogConfig: Setting CVar [[r.MaxAnisotropy:8]]
[2024.01.20-16.17.15:066][  0]LogConfig: Setting CVar [[r.VT.MaxAnisotropy:8]]
[2024.01.20-16.17.15:066][  0]LogConfig: Setting CVar [[r.Streaming.LimitPoolSizeToVRAM:0]]
[2024.01.20-16.17.15:066][  0]LogConfig: Setting CVar [[r.Streaming.PoolSize:1000]]
[2024.01.20-16.17.15:067][  0]LogConfig: Setting CVar [[r.Streaming.MaxEffectiveScreenSize:0]]
[2024.01.20-16.17.15:067][  0]LogConfig: Applying CVar settings from Section [EffectsQuality@3] File [D:/GameProjects/UE/Snake/SnakeProject/Saved/Config/Windows/Scalability.ini]
[2024.01.20-16.17.15:067][  0]LogConfig: Setting CVar [[r.TranslucencyLightingVolumeDim:64]]
[2024.01.20-16.17.15:067][  0]LogConfig: Setting CVar [[r.RefractionQuality:2]]
[2024.01.20-16.17.15:067][  0]LogConfig: Setting CVar [[r.SSR.Quality:3]]
[2024.01.20-16.17.15:067][  0]LogConfig: Setting CVar [[r.SSR.HalfResSceneColor:0]]
[2024.01.20-16.17.15:067][  0]LogConfig: Setting CVar [[r.SceneColorFormat:4]]
[2024.01.20-16.17.15:067][  0]LogConfig: Setting CVar [[r.DetailMode:2]]
[2024.01.20-16.17.15:067][  0]LogConfig: Setting CVar [[r.TranslucencyVolumeBlur:1]]
[2024.01.20-16.17.15:067][  0]LogConfig: Setting CVar [[r.MaterialQualityLevel:1 ; High quality]]
[2024.01.20-16.17.15:067][  0]LogConfig: Setting CVar [[r.AnisotropicMaterials:1]]
[2024.01.20-16.17.15:067][  0]LogConfig: Setting CVar [[r.SSS.Scale:1]]
[2024.01.20-16.17.15:067][  0]LogConfig: Setting CVar [[r.SSS.SampleSet:2]]
[2024.01.20-16.17.15:067][  0]LogConfig: Setting CVar [[r.SSS.Quality:1]]
[2024.01.20-16.17.15:067][  0]LogConfig: Setting CVar [[r.SSS.HalfRes:0]]
[2024.01.20-16.17.15:067][  0]LogConfig: Setting CVar [[r.SSGI.Quality:3]]
[2024.01.20-16.17.15:067][  0]LogConfig: Setting CVar [[r.EmitterSpawnRateScale:1.0]]
[2024.01.20-16.17.15:067][  0]LogConfig: Setting CVar [[r.ParticleLightQuality:2]]
[2024.01.20-16.17.15:068][  0]LogConfig: Setting CVar [[r.SkyAtmosphere.AerialPerspectiveLUT.FastApplyOnOpaque:1 ; Always have FastSkyLUT 1 in this case to avoid wrong sky]]
[2024.01.20-16.17.15:068][  0]LogConfig: Setting CVar [[r.SkyAtmosphere.AerialPerspectiveLUT.SampleCountMaxPerSlice:4]]
[2024.01.20-16.17.15:068][  0]LogConfig: Setting CVar [[r.SkyAtmosphere.AerialPerspectiveLUT.DepthResolution:16.0]]
[2024.01.20-16.17.15:068][  0]LogConfig: Setting CVar [[r.SkyAtmosphere.FastSkyLUT:1]]
[2024.01.20-16.17.15:068][  0]LogConfig: Setting CVar [[r.SkyAtmosphere.FastSkyLUT.SampleCountMin:4.0]]
[2024.01.20-16.17.15:068][  0]LogConfig: Setting CVar [[r.SkyAtmosphere.FastSkyLUT.SampleCountMax:128.0]]
[2024.01.20-16.17.15:068][  0]LogConfig: Setting CVar [[r.SkyAtmosphere.SampleCountMin:4.0]]
[2024.01.20-16.17.15:068][  0]LogConfig: Setting CVar [[r.SkyAtmosphere.SampleCountMax:128.0]]
[2024.01.20-16.17.15:068][  0]LogConfig: Setting CVar [[r.SkyAtmosphere.TransmittanceLUT.UseSmallFormat:0]]
[2024.01.20-16.17.15:068][  0]LogConfig: Setting CVar [[r.SkyAtmosphere.TransmittanceLUT.SampleCount:10.0]]
[2024.01.20-16.17.15:068][  0]LogConfig: Setting CVar [[r.SkyAtmosphere.MultiScatteringLUT.SampleCount:15.0]]
[2024.01.20-16.17.15:068][  0]LogConfig: Setting CVar [[r.SkyLight.RealTimeReflectionCapture:1]]
[2024.01.20-16.17.15:068][  0]LogConfig: Applying CVar settings from Section [FoliageQuality@3] File [D:/GameProjects/UE/Snake/SnakeProject/Saved/Config/Windows/Scalability.ini]
[2024.01.20-16.17.15:068][  0]LogConfig: Setting CVar [[foliage.DensityScale:1.0]]
[2024.01.20-16.17.15:068][  0]LogConfig: Setting CVar [[grass.DensityScale:1.0]]
[2024.01.20-16.17.15:068][  0]LogConfig: Applying CVar settings from Section [ShadingQuality@3] File [D:/GameProjects/UE/Snake/SnakeProject/Saved/Config/Windows/Scalability.ini]
[2024.01.20-16.17.15:068][  0]LogConfig: Setting CVar [[r.HairStrands.SkyLighting.IntegrationType:2]]
[2024.01.20-16.17.15:068][  0]LogConfig: Setting CVar [[r.HairStrands.SkyAO.SampleCount:4]]
[2024.01.20-16.17.15:069][  0]LogConfig: Setting CVar [[r.HairStrands.Visibility.MSAA.SamplePerPixel:4]]
[2024.01.20-16.17.15:069][  0]LogInit: Selected Device Profile: [Windows]
[2024.01.20-16.17.15:069][  0]LogInit: Applying CVar settings loaded from the selected device profile: [Windows]
[2024.01.20-16.17.15:069][  0]LogHAL: Display: Platform has ~ 16 GB [16987742208 / 17179869184 / 16], which maps to Larger [LargestMinGB=32, LargerMinGB=12, DefaultMinGB=8, SmallerMinGB=6, SmallestMinGB=0)
[2024.01.20-16.17.15:069][  0]LogInit: Going up to parent DeviceProfile []
[2024.01.20-16.17.15:069][  0]LogConfig: Applying CVar settings from Section [ViewDistanceQuality@3] File [D:/GameProjects/UE/Snake/SnakeProject/Saved/Config/Windows/Scalability.ini]
[2024.01.20-16.17.15:069][  0]LogConfig: Setting CVar [[r.SkeletalMeshLODBias:0]]
[2024.01.20-16.17.15:069][  0]LogConfig: Setting CVar [[r.ViewDistanceScale:1.0]]
[2024.01.20-16.17.15:069][  0]LogConfig: Applying CVar settings from Section [AntiAliasingQuality@3] File [D:/GameProjects/UE/Snake/SnakeProject/Saved/Config/Windows/Scalability.ini]
[2024.01.20-16.17.15:069][  0]LogConfig: Setting CVar [[r.PostProcessAAQuality:4]]
[2024.01.20-16.17.15:069][  0]LogConfig: Applying CVar settings from Section [ShadowQuality@3] File [D:/GameProjects/UE/Snake/SnakeProject/Saved/Config/Windows/Scalability.ini]
[2024.01.20-16.17.15:069][  0]LogConfig: Setting CVar [[r.LightFunctionQuality:1]]
[2024.01.20-16.17.15:069][  0]LogConfig: Setting CVar [[r.ShadowQuality:5]]
[2024.01.20-16.17.15:069][  0]LogConfig: Setting CVar [[r.Shadow.CSM.MaxCascades:10]]
[2024.01.20-16.17.15:069][  0]LogConfig: Setting CVar [[r.Shadow.MaxResolution:2048]]
[2024.01.20-16.17.15:069][  0]LogConfig: Setting CVar [[r.Shadow.MaxCSMResolution:2048]]
[2024.01.20-16.17.15:069][  0]LogConfig: Setting CVar [[r.Shadow.RadiusThreshold:0.01]]
[2024.01.20-16.17.15:070][  0]LogConfig: Setting CVar [[r.Shadow.DistanceScale:1.0]]
[2024.01.20-16.17.15:070][  0]LogConfig: Setting CVar [[r.Shadow.CSM.TransitionScale:1.0]]
[2024.01.20-16.17.15:070][  0]LogConfig: Setting CVar [[r.Shadow.PreShadowResolutionFactor:1.0]]
[2024.01.20-16.17.15:070][  0]LogConfig: Setting CVar [[r.DistanceFieldShadowing:1]]
[2024.01.20-16.17.15:070][  0]LogConfig: Setting CVar [[r.DistanceFieldAO:1]]
[2024.01.20-16.17.15:070][  0]LogConfig: Setting CVar [[r.AOQuality:2]]
[2024.01.20-16.17.15:070][  0]LogConfig: Setting CVar [[r.VolumetricFog:1]]
[2024.01.20-16.17.15:070][  0]LogConfig: Setting CVar [[r.VolumetricFog.GridPixelSize:8]]
[2024.01.20-16.17.15:070][  0]LogConfig: Setting CVar [[r.VolumetricFog.GridSizeZ:128]]
[2024.01.20-16.17.15:070][  0]LogConfig: Setting CVar [[r.VolumetricFog.HistoryMissSupersampleCount:4]]
[2024.01.20-16.17.15:070][  0]LogConfig: Setting CVar [[r.LightMaxDrawDistanceScale:1]]
[2024.01.20-16.17.15:070][  0]LogConfig: Setting CVar [[r.CapsuleShadows:1]]
[2024.01.20-16.17.15:070][  0]LogConfig: Applying CVar settings from Section [PostProcessQuality@3] File [D:/GameProjects/UE/Snake/SnakeProject/Saved/Config/Windows/Scalability.ini]
[2024.01.20-16.17.15:070][  0]LogConfig: Setting CVar [[r.MotionBlurQuality:4]]
[2024.01.20-16.17.15:070][  0]LogConfig: Setting CVar [[r.AmbientOcclusionMipLevelFactor:0.4]]
[2024.01.20-16.17.15:070][  0]LogConfig: Setting CVar [[r.AmbientOcclusionMaxQuality:100]]
[2024.01.20-16.17.15:070][  0]LogConfig: Setting CVar [[r.AmbientOcclusionLevels:-1]]
[2024.01.20-16.17.15:071][  0]LogConfig: Setting CVar [[r.AmbientOcclusionRadiusScale:1.0]]
[2024.01.20-16.17.15:071][  0]LogConfig: Setting CVar [[r.DepthOfFieldQuality:2]]
[2024.01.20-16.17.15:071][  0]LogConfig: Setting CVar [[r.RenderTargetPoolMin:400]]
[2024.01.20-16.17.15:071][  0]LogConfig: Setting CVar [[r.LensFlareQuality:2]]
[2024.01.20-16.17.15:071][  0]LogConfig: Setting CVar [[r.SceneColorFringeQuality:1]]
[2024.01.20-16.17.15:071][  0]LogConfig: Setting CVar [[r.EyeAdaptationQuality:2]]
[2024.01.20-16.17.15:071][  0]LogConfig: Setting CVar [[r.BloomQuality:5]]
[2024.01.20-16.17.15:071][  0]LogConfig: Setting CVar [[r.FastBlurThreshold:100]]
[2024.01.20-16.17.15:071][  0]LogConfig: Setting CVar [[r.Upscale.Quality:3]]
[2024.01.20-16.17.15:071][  0]LogConfig: Setting CVar [[r.Tonemapper.GrainQuantization:1]]
[2024.01.20-16.17.15:071][  0]LogConfig: Setting CVar [[r.LightShaftQuality:1]]
[2024.01.20-16.17.15:071][  0]LogConfig: Setting CVar [[r.Filter.SizeScale:1]]
[2024.01.20-16.17.15:071][  0]LogConfig: Setting CVar [[r.Tonemapper.Quality:5]]
[2024.01.20-16.17.15:071][  0]LogConfig: Setting CVar [[r.DOF.Gather.AccumulatorQuality:1        ; higher gathering accumulator quality]]
[2024.01.20-16.17.15:071][  0]LogConfig: Setting CVar [[r.DOF.Gather.PostfilterMethod:1          ; Median3x3 postfilering method]]
[2024.01.20-16.17.15:071][  0]LogConfig: Setting CVar [[r.DOF.Gather.EnableBokehSettings:0       ; no bokeh simulation when gathering]]
[2024.01.20-16.17.15:071][  0]LogConfig: Setting CVar [[r.DOF.Gather.RingCount:4                 ; medium number of samples when gathering]]
[2024.01.20-16.17.15:071][  0]LogConfig: Setting CVar [[r.DOF.Scatter.ForegroundCompositing:1    ; additive foreground scattering]]
[2024.01.20-16.17.15:071][  0]LogConfig: Setting CVar [[r.DOF.Scatter.BackgroundCompositing:2    ; additive background scattering]]
[2024.01.20-16.17.15:071][  0]LogConfig: Setting CVar [[r.DOF.Scatter.EnableBokehSettings:1      ; bokeh simulation when scattering]]
[2024.01.20-16.17.15:071][  0]LogConfig: Setting CVar [[r.DOF.Scatter.MaxSpriteRatio:0.1         ; only a maximum of 10% of scattered bokeh]]
[2024.01.20-16.17.15:071][  0]LogConfig: Setting CVar [[r.DOF.Recombine.Quality:1                ; cheap slight out of focus]]
[2024.01.20-16.17.15:071][  0]LogConfig: Setting CVar [[r.DOF.Recombine.EnableBokehSettings:0    ; no bokeh simulation on slight out of focus]]
[2024.01.20-16.17.15:071][  0]LogConfig: Setting CVar [[r.DOF.TemporalAAQuality:1                ; more stable temporal accumulation]]
[2024.01.20-16.17.15:071][  0]LogConfig: Setting CVar [[r.DOF.Kernel.MaxForegroundRadius:0.025]]
[2024.01.20-16.17.15:071][  0]LogConfig: Setting CVar [[r.DOF.Kernel.MaxBackgroundRadius:0.025]]
[2024.01.20-16.17.15:072][  0]LogConfig: Applying CVar settings from Section [TextureQuality@3] File [D:/GameProjects/UE/Snake/SnakeProject/Saved/Config/Windows/Scalability.ini]
[2024.01.20-16.17.15:072][  0]LogConfig: Setting CVar [[r.Streaming.MipBias:0]]
[2024.01.20-16.17.15:072][  0]LogConfig: Setting CVar [[r.Streaming.AmortizeCPUToGPUCopy:0]]
[2024.01.20-16.17.15:072][  0]LogConfig: Setting CVar [[r.Streaming.MaxNumTexturesToStreamPerFrame:0]]
[2024.01.20-16.17.15:072][  0]LogConfig: Setting CVar [[r.Streaming.Boost:1]]
[2024.01.20-16.17.15:072][  0]LogConfig: Setting CVar [[r.MaxAnisotropy:8]]
[2024.01.20-16.17.15:072][  0]LogConfig: Setting CVar [[r.VT.MaxAnisotropy:8]]
[2024.01.20-16.17.15:072][  0]LogConfig: Setting CVar [[r.Streaming.LimitPoolSizeToVRAM:0]]
[2024.01.20-16.17.15:072][  0]LogConfig: Setting CVar [[r.Streaming.PoolSize:1000]]
[2024.01.20-16.17.15:072][  0]LogConfig: Setting CVar [[r.Streaming.MaxEffectiveScreenSize:0]]
[2024.01.20-16.17.15:072][  0]LogConfig: Applying CVar settings from Section [EffectsQuality@3] File [D:/GameProjects/UE/Snake/SnakeProject/Saved/Config/Windows/Scalability.ini]
[2024.01.20-16.17.15:072][  0]LogConfig: Setting CVar [[r.TranslucencyLightingVolumeDim:64]]
[2024.01.20-16.17.15:072][  0]LogConfig: Setting CVar [[r.RefractionQuality:2]]
[2024.01.20-16.17.15:072][  0]LogConfig: Setting CVar [[r.SSR.Quality:3]]
[2024.01.20-16.17.15:072][  0]LogConfig: Setting CVar [[r.SSR.HalfResSceneColor:0]]
[2024.01.20-16.17.15:072][  0]LogConfig: Setting CVar [[r.SceneColorFormat:4]]
[2024.01.20-16.17.15:072][  0]LogConfig: Setting CVar [[r.DetailMode:2]]
[2024.01.20-16.17.15:073][  0]LogConfig: Setting CVar [[r.TranslucencyVolumeBlur:1]]
[2024.01.20-16.17.15:073][  0]LogConfig: Setting CVar [[r.MaterialQualityLevel:1 ; High quality]]
[2024.01.20-16.17.15:073][  0]LogConfig: Setting CVar [[r.AnisotropicMaterials:1]]
[2024.01.20-16.17.15:073][  0]LogConfig: Setting CVar [[r.SSS.Scale:1]]
[2024.01.20-16.17.15:073][  0]LogConfig: Setting CVar [[r.SSS.SampleSet:2]]
[2024.01.20-16.17.15:073][  0]LogConfig: Setting CVar [[r.SSS.Quality:1]]
[2024.01.20-16.17.15:073][  0]LogConfig: Setting CVar [[r.SSS.HalfRes:0]]
[2024.01.20-16.17.15:073][  0]LogConfig: Setting CVar [[r.SSGI.Quality:3]]
[2024.01.20-16.17.15:073][  0]LogConfig: Setting CVar [[r.EmitterSpawnRateScale:1.0]]
[2024.01.20-16.17.15:073][  0]LogConfig: Setting CVar [[r.ParticleLightQuality:2]]
[2024.01.20-16.17.15:073][  0]LogConfig: Setting CVar [[r.SkyAtmosphere.AerialPerspectiveLUT.FastApplyOnOpaque:1 ; Always have FastSkyLUT 1 in this case to avoid wrong sky]]
[2024.01.20-16.17.15:073][  0]LogConfig: Setting CVar [[r.SkyAtmosphere.AerialPerspectiveLUT.SampleCountMaxPerSlice:4]]
[2024.01.20-16.17.15:073][  0]LogConfig: Setting CVar [[r.SkyAtmosphere.AerialPerspectiveLUT.DepthResolution:16.0]]
[2024.01.20-16.17.15:073][  0]LogConfig: Setting CVar [[r.SkyAtmosphere.FastSkyLUT:1]]
[2024.01.20-16.17.15:073][  0]LogConfig: Setting CVar [[r.SkyAtmosphere.FastSkyLUT.SampleCountMin:4.0]]
[2024.01.20-16.17.15:073][  0]LogConfig: Setting CVar [[r.SkyAtmosphere.FastSkyLUT.SampleCountMax:128.0]]
[2024.01.20-16.17.15:073][  0]LogConfig: Setting CVar [[r.SkyAtmosphere.SampleCountMin:4.0]]
[2024.01.20-16.17.15:074][  0]LogConfig: Setting CVar [[r.SkyAtmosphere.SampleCountMax:128.0]]
[2024.01.20-16.17.15:074][  0]LogConfig: Setting CVar [[r.SkyAtmosphere.TransmittanceLUT.UseSmallFormat:0]]
[2024.01.20-16.17.15:074][  0]LogConfig: Setting CVar [[r.SkyAtmosphere.TransmittanceLUT.SampleCount:10.0]]
[2024.01.20-16.17.15:074][  0]LogConfig: Setting CVar [[r.SkyAtmosphere.MultiScatteringLUT.SampleCount:15.0]]
[2024.01.20-16.17.15:074][  0]LogConfig: Setting CVar [[r.SkyLight.RealTimeReflectionCapture:1]]
[2024.01.20-16.17.15:074][  0]LogConfig: Applying CVar settings from Section [FoliageQuality@3] File [D:/GameProjects/UE/Snake/SnakeProject/Saved/Config/Windows/Scalability.ini]
[2024.01.20-16.17.15:074][  0]LogConfig: Setting CVar [[foliage.DensityScale:1.0]]
[2024.01.20-16.17.15:074][  0]LogConfig: Setting CVar [[grass.DensityScale:1.0]]
[2024.01.20-16.17.15:074][  0]LogConfig: Applying CVar settings from Section [ShadingQuality@3] File [D:/GameProjects/UE/Snake/SnakeProject/Saved/Config/Windows/Scalability.ini]
[2024.01.20-16.17.15:074][  0]LogConfig: Setting CVar [[r.HairStrands.SkyLighting.IntegrationType:2]]
[2024.01.20-16.17.15:074][  0]LogConfig: Setting CVar [[r.HairStrands.SkyAO.SampleCount:4]]
[2024.01.20-16.17.15:074][  0]LogConfig: Setting CVar [[r.HairStrands.Visibility.MSAA.SamplePerPixel:4]]
[2024.01.20-16.17.15:074][  0]LogConfig: Applying CVar settings from Section [Startup] File [../../../Engine/Config/ConsoleVariables.ini]
[2024.01.20-16.17.15:075][  0]LogConfig: Setting CVar [[net.UseAdaptiveNetUpdateFrequency:0]]
[2024.01.20-16.17.15:075][  0]LogConfig: Setting CVar [[p.chaos.AllowCreatePhysxBodies:1]]
[2024.01.20-16.17.15:075][  0]LogConfig: Setting CVar [[fx.SkipVectorVMBackendOptimizations:1]]
[2024.01.20-16.17.15:075][  0]LogConfig: Applying CVar settings from Section [ConsoleVariables] File [D:/GameProjects/UE/Snake/SnakeProject/Saved/Config/Windows/Engine.ini]
[2024.01.20-16.17.15:075][  0]LogConfig: Applying CVar settings from Section [ConsoleVariables] File [D:/GameProjects/UE/Snake/SnakeProject/Saved/Config/Windows/Editor.ini]
[2024.01.20-16.17.15:075][  0]LogInit: Computer: ELENA
[2024.01.20-16.17.15:075][  0]LogInit: User: lll33
[2024.01.20-16.17.15:075][  0]LogInit: CPU Page size=4096, Cores=6
[2024.01.20-16.17.15:075][  0]LogInit: High frequency timer resolution =10.000000 MHz
[2024.01.20-16.17.15:075][  0]LogMemory: Memory total: Physical=15.8GB (16GB approx)
[2024.01.20-16.17.15:075][  0]LogMemory: Platform Memory Stats for Windows
[2024.01.20-16.17.15:075][  0]LogMemory: Process Physical Memory: 145.41 MB used, 145.41 MB peak
[2024.01.20-16.17.15:075][  0]LogMemory: Process Virtual Memory: 124.05 MB used, 124.05 MB peak
[2024.01.20-16.17.15:075][  0]LogMemory: Physical Memory: 9761.26 MB used,  6439.52 MB free, 16200.77 MB total
[2024.01.20-16.17.15:075][  0]LogMemory: Virtual Memory: 134211592.00 MB used,  6134.45 MB free, 134217728.00 MB total
[2024.01.20-16.17.15:083][  0]LogWindows: WindowsPlatformFeatures enabled
[2024.01.20-16.17.15:157][  0]LogInit: Physics initialised using underlying interface: PhysX
[2024.01.20-16.17.15:158][  0]LogInit: Using OS detected language (ru-RU).
[2024.01.20-16.17.15:159][  0]LogInit: Using OS detected locale (ru-RU).
[2024.01.20-16.17.15:164][  0]LogTextLocalizationManager: No specific localization for 'ru-RU' exists, so the 'ru' localization will be used.
[2024.01.20-16.17.15:164][  0]LogTextLocalizationResource: LocRes '../../../Engine/Content/Localization/Editor/ru/Editor.locres' could not be opened for reading!
[2024.01.20-16.17.15:164][  0]LogTextLocalizationResource: LocRes '../../../Engine/Content/Localization/EditorTutorials/ru/EditorTutorials.locres' could not be opened for reading!
[2024.01.20-16.17.15:164][  0]LogTextLocalizationResource: LocRes '../../../Engine/Content/Localization/Keywords/ru/Keywords.locres' could not be opened for reading!
[2024.01.20-16.17.15:164][  0]LogTextLocalizationResource: LocRes '../../../Engine/Content/Localization/Category/ru/Category.locres' could not be opened for reading!
[2024.01.20-16.17.15:165][  0]LogTextLocalizationResource: LocRes '../../../Engine/Content/Localization/ToolTips/ru/ToolTips.locres' could not be opened for reading!
[2024.01.20-16.17.15:165][  0]LogTextLocalizationResource: LocRes '../../../Engine/Content/Localization/PropertyNames/ru/PropertyNames.locres' could not be opened for reading!
[2024.01.20-16.17.15:165][  0]LogTextLocalizationResource: LocRes '../../../Engine/Content/Localization/Engine/ru/Engine.locres' could not be opened for reading!
[2024.01.20-16.17.15:166][  0]LogInit: Setting process to per monitor DPI aware
[2024.01.20-16.17.15:183][  0]LogWindowsTextInputMethodSystem: Display: IME system deactivated.
[2024.01.20-16.17.15:199][  0]LogSlate: New Slate User Created.  User Index 0, Is Virtual User: 0
[2024.01.20-16.17.15:199][  0]LogSlate: Slate User Registered.  User Index 0, Is Virtual User: 0
[2024.01.20-16.17.15:307][  0]LogD3D11RHI: Loaded GFSDK_Aftermath_Lib.x64.dll
[2024.01.20-16.17.15:354][  0]LogHMD: Failed to initialize OpenVR with code 110
[2024.01.20-16.17.15:354][  0]LogD3D11RHI: D3D11 min allowed feature level: 11_0
[2024.01.20-16.17.15:354][  0]LogD3D11RHI: D3D11 max allowed feature level: 11_0
[2024.01.20-16.17.15:354][  0]LogD3D11RHI: D3D11 adapters:
[2024.01.20-16.17.15:509][  0]LogD3D11RHI:    0. 'NVIDIA GeForce GTX 1660 Ti' (Feature Level 11_0)
[2024.01.20-16.17.15:509][  0]LogD3D11RHI:       5979/0/8100 MB DedicatedVideo/DedicatedSystem/SharedSystem, Outputs:1, VendorId:0x10de
[2024.01.20-16.17.15:552][  0]LogD3D11RHI:    1. 'Intel(R) UHD Graphics' (Feature Level 11_0)
[2024.01.20-16.17.15:552][  0]LogD3D11RHI:       128/0/8100 MB DedicatedVideo/DedicatedSystem/SharedSystem, Outputs:0, VendorId:0x8086
[2024.01.20-16.17.15:556][  0]LogD3D11RHI:    2. 'Microsoft Basic Render Driver' (Feature Level 11_0)
[2024.01.20-16.17.15:556][  0]LogD3D11RHI:       0/0/8100 MB DedicatedVideo/DedicatedSystem/SharedSystem, Outputs:0, VendorId:0x1414
[2024.01.20-16.17.15:556][  0]LogD3D11RHI: Chosen D3D11 Adapter:
[2024.01.20-16.17.15:556][  0]LogD3D11RHI:     Description : NVIDIA GeForce GTX 1660 Ti
[2024.01.20-16.17.15:556][  0]LogD3D11RHI:     VendorId    : 10de
[2024.01.20-16.17.15:556][  0]LogD3D11RHI:     DeviceId    : 2191
[2024.01.20-16.17.15:557][  0]LogD3D11RHI:     SubSysId    : 12b81462
[2024.01.20-16.17.15:557][  0]LogD3D11RHI:     Revision    : 00a1
[2024.01.20-16.17.15:557][  0]LogD3D11RHI:     DedicatedVideoMemory : 6269435904 bytes
[2024.01.20-16.17.15:557][  0]LogD3D11RHI:     DedicatedSystemMemory : 0 bytes
[2024.01.20-16.17.15:557][  0]LogD3D11RHI:     SharedSystemMemory : 8493871104 bytes
[2024.01.20-16.17.15:557][  0]LogD3D11RHI:     AdapterLuid : 0 57722
[2024.01.20-16.17.15:565][  0]LogD3D11RHI: Creating new Direct3DDevice
[2024.01.20-16.17.15:565][  0]LogD3D11RHI:     GPU DeviceId: 0x2191 (for the marketing name, search the web for "GPU Device Id")
[2024.01.20-16.17.15:565][  0]LogWindows: EnumDisplayDevices:
[2024.01.20-16.17.15:565][  0]LogWindows:    0. 'Intel(R) UHD Graphics' (P:1 D:1)
[2024.01.20-16.17.15:565][  0]LogWindows:    1. 'Intel(R) UHD Graphics' (P:0 D:0)
[2024.01.20-16.17.15:566][  0]LogWindows:    2. 'Intel(R) UHD Graphics' (P:0 D:0)
[2024.01.20-16.17.15:566][  0]LogWindows:    3. 'NVIDIA GeForce GTX 1660 Ti' (P:0 D:0)
[2024.01.20-16.17.15:566][  0]LogWindows:    4. 'NVIDIA GeForce GTX 1660 Ti' (P:0 D:0)
[2024.01.20-16.17.15:566][  0]LogWindows:    5. 'NVIDIA GeForce GTX 1660 Ti' (P:0 D:0)
[2024.01.20-16.17.15:567][  0]LogWindows:    6. 'NVIDIA GeForce GTX 1660 Ti' (P:0 D:0)
[2024.01.20-16.17.15:567][  0]LogWindows: DebugString: PrimaryIsNotTheChoosenAdapter PrimaryIsNotTheChoosenAdapter PrimaryIsNotTheChoosenAdapter FoundDriverCount:4 
[2024.01.20-16.17.15:567][  0]LogD3D11RHI:     Adapter Name: NVIDIA GeForce GTX 1660 Ti
[2024.01.20-16.17.15:567][  0]LogD3D11RHI:   Driver Version: 546.17 (internal:31.0.15.4617, unified:546.17)
[2024.01.20-16.17.15:567][  0]LogD3D11RHI:      Driver Date: 11-9-2023
[2024.01.20-16.17.15:567][  0]LogRHI: Texture pool is 4185 MB (70% of 5979 MB)
[2024.01.20-16.17.15:567][  0]LogD3D11RHI: Creating D3DDevice using adapter:
[2024.01.20-16.17.15:567][  0]LogD3D11RHI:     Description : NVIDIA GeForce GTX 1660 Ti
[2024.01.20-16.17.15:567][  0]LogD3D11RHI:     VendorId    : 10de
[2024.01.20-16.17.15:567][  0]LogD3D11RHI:     DeviceId    : 2191
[2024.01.20-16.17.15:567][  0]LogD3D11RHI:     SubSysId    : 12b81462
[2024.01.20-16.17.15:568][  0]LogD3D11RHI:     Revision    : 00a1
[2024.01.20-16.17.15:568][  0]LogD3D11RHI:     DedicatedVideoMemory : 6269435904 bytes
[2024.01.20-16.17.15:568][  0]LogD3D11RHI:     DedicatedSystemMemory : 0 bytes
[2024.01.20-16.17.15:568][  0]LogD3D11RHI:     SharedSystemMemory : 8493871104 bytes
[2024.01.20-16.17.15:568][  0]LogD3D11RHI:     AdapterLuid : 0 57722
[2024.01.20-16.17.15:664][  0]LogD3D11RHI: RHI has support for 64 bit atomics
[2024.01.20-16.17.15:664][  0]LogD3D11RHI: Async texture creation enabled
[2024.01.20-16.17.15:664][  0]LogD3D11RHI: Array index from any shader is supported
[2024.01.20-16.17.15:680][  0]LogD3D11RHI: GPU Timing Frequency: 1000.000000 (Debug: 2 1)
[2024.01.20-16.17.15:720][  0]LogRHI: GeForceNow SDK initialized: 1
[2024.01.20-16.17.15:985][  0]LogTargetPlatformManager: Display: Loaded TargetPlatform 'AllDesktop'
[2024.01.20-16.17.16:006][  0]LogTargetPlatformManager: Display: Loaded TargetPlatform 'Android'
[2024.01.20-16.17.16:007][  0]LogTargetPlatformManager: Display: Loaded TargetPlatform 'Android_ASTC'
[2024.01.20-16.17.16:007][  0]LogTargetPlatformManager: Display: Loaded TargetPlatform 'Android_DXT'
[2024.01.20-16.17.16:007][  0]LogTargetPlatformManager: Display: Loaded TargetPlatform 'Android_ETC2'
[2024.01.20-16.17.16:007][  0]LogTargetPlatformManager: Display: Loaded TargetPlatform 'AndroidClient'
[2024.01.20-16.17.16:007][  0]LogTargetPlatformManager: Display: Loaded TargetPlatform 'Android_ASTCClient'
[2024.01.20-16.17.16:007][  0]LogTargetPlatformManager: Display: Loaded TargetPlatform 'Android_DXTClient'
[2024.01.20-16.17.16:007][  0]LogTargetPlatformManager: Display: Loaded TargetPlatform 'Android_ETC2Client'
[2024.01.20-16.17.16:007][  0]LogTargetPlatformManager: Display: Loaded TargetPlatform 'Android_Multi'
[2024.01.20-16.17.16:008][  0]LogTargetPlatformManager: Display: Loaded TargetPlatform 'Android_MultiClient'
[2024.01.20-16.17.16:027][  0]LogTargetPlatformManager: Display: Loaded TargetPlatform 'IOSClient'
[2024.01.20-16.17.16:027][  0]LogTargetPlatformManager: Display: Loaded TargetPlatform 'IOS'
[2024.01.20-16.17.16:036][  0]LogTargetPlatformManager: Display: Loaded TargetPlatform 'Linux'
[2024.01.20-16.17.16:041][  0]LogTargetPlatformManager: Display: Loaded TargetPlatform 'LinuxNoEditor'
[2024.01.20-16.17.16:047][  0]LogTargetPlatformManager: Display: Loaded TargetPlatform 'LinuxClient'
[2024.01.20-16.17.16:052][  0]LogTargetPlatformManager: Display: Loaded TargetPlatform 'LinuxServer'
[2024.01.20-16.17.16:061][  0]LogTargetPlatformManager: Display: Loaded TargetPlatform 'LinuxAArch64NoEditor'
[2024.01.20-16.17.16:068][  0]LogTargetPlatformManager: Display: Loaded TargetPlatform 'LinuxAArch64Client'
[2024.01.20-16.17.16:073][  0]LogTargetPlatformManager: Display: Loaded TargetPlatform 'LinuxAArch64Server'
[2024.01.20-16.17.16:094][  0]LogTargetPlatformManager: Display: Loaded TargetPlatform 'Lumin'
[2024.01.20-16.17.16:094][  0]LogTargetPlatformManager: Display: Loaded TargetPlatform 'LuminClient'
[2024.01.20-16.17.16:102][  0]LogTargetPlatformManager: Display: Loaded TargetPlatform 'MacNoEditor'
[2024.01.20-16.17.16:107][  0]LogTargetPlatformManager: Display: Loaded TargetPlatform 'Mac'
[2024.01.20-16.17.16:113][  0]LogTargetPlatformManager: Display: Loaded TargetPlatform 'MacClient'
[2024.01.20-16.17.16:118][  0]LogTargetPlatformManager: Display: Loaded TargetPlatform 'MacServer'
[2024.01.20-16.17.16:130][  0]LogTargetPlatformManager: Display: Loaded TargetPlatform 'TVOSClient'
[2024.01.20-16.17.16:130][  0]LogTargetPlatformManager: Display: Loaded TargetPlatform 'TVOS'
[2024.01.20-16.17.16:140][  0]LogTargetPlatformManager: Display: Loaded TargetPlatform 'WindowsNoEditor'
[2024.01.20-16.17.16:145][  0]LogTargetPlatformManager: Display: Loaded TargetPlatform 'Windows'
[2024.01.20-16.17.16:150][  0]LogTargetPlatformManager: Display: Loaded TargetPlatform 'WindowsClient'
[2024.01.20-16.17.16:157][  0]LogTargetPlatformManager: Display: Loaded TargetPlatform 'WindowsServer'
[2024.01.20-16.17.16:157][  0]LogTargetPlatformManager: Display: Building Assets For Windows
[2024.01.20-16.17.16:167][  0]LogAudioDebug: Display: Lib vorbis DLL was dynamically loaded.
[2024.01.20-16.17.16:209][  0]LogTextureFormatOodle: Display: Oodle Texture 2.9.0 init RDO Off
[2024.01.20-16.17.16:256][  0]LogRendererCore: Ray tracing is disabled. Reason: r.RayTracing=0.
[2024.01.20-16.17.16:257][  0]LogShaderCompilers: Guid format shader working directory is 9 characters bigger than the processId version (D:/GameProjects/UE/Snake/SnakeProject/Intermediate/Shaders/WorkingDirectory/7560/).
[2024.01.20-16.17.16:257][  0]LogShaderCompilers: Cleaned the shader compiler working directory 'C:/Users/lll33/AppData/Local/Temp/UnrealShaderWorkingDir/EA6C9FCC40868A15779AAB841779C549/'.
[2024.01.20-16.17.16:257][  0]LogXGEController: Cannot use XGE Controller as Incredibuild is not installed on this machine.
[2024.01.20-16.17.16:257][  0]LogShaderCompilers: Cannot use XGE Shader Compiler as Incredibuild is not installed on this machine.
[2024.01.20-16.17.16:257][  0]LogShaderCompilers: Display: Using Local Shader Compiler.
[2024.01.20-16.17.16:970][  0]LogDerivedDataCache: Display: Max Cache Size: 512 MB
[2024.01.20-16.17.17:029][  0]LogDerivedDataCache: Loaded boot cache 0.06s 94MB C:/Users/lll33/AppData/Local/UnrealEngine/4.27/DerivedDataCache/Boot.ddc.
[2024.01.20-16.17.17:029][  0]LogDerivedDataCache: Display: Loaded Boot cache: C:/Users/lll33/AppData/Local/UnrealEngine/4.27/DerivedDataCache/Boot.ddc
[2024.01.20-16.17.17:029][  0]LogDerivedDataCache: FDerivedDataBackendGraph:  Pak pak cache file D:/GameProjects/UE/Snake/SnakeProject/DerivedDataCache/DDC.ddp not found, will not use a pak cache.
[2024.01.20-16.17.17:030][  0]LogDerivedDataCache: Unable to find inner node Pak for hierarchical cache Hierarchy.
[2024.01.20-16.17.17:030][  0]LogDerivedDataCache: FDerivedDataBackendGraph:  CompressedPak pak cache file D:/GameProjects/UE/Snake/SnakeProject/DerivedDataCache/Compressed.ddp not found, will not use a pak cache.
[2024.01.20-16.17.17:030][  0]LogDerivedDataCache: Unable to find inner node CompressedPak for hierarchical cache Hierarchy.
[2024.01.20-16.17.17:046][  0]LogDerivedDataCache: Display: Pak cache opened for reading ../../../Engine/DerivedDataCache/Compressed.ddp.
[2024.01.20-16.17.17:047][  0]LogDerivedDataCache: FDerivedDataBackendGraph:  EnterprisePak pak cache file ../../../Enterprise/DerivedDataCache/Compressed.ddp not found, will not use a pak cache.
[2024.01.20-16.17.17:047][  0]LogDerivedDataCache: Unable to find inner node EnterprisePak for hierarchical cache Hierarchy.
[2024.01.20-16.17.17:053][  0]LogDerivedDataCache: Speed tests for C:/Users/lll33/AppData/Local/UnrealEngine/Common/DerivedDataCache took 0.01 seconds
[2024.01.20-16.17.17:053][  0]LogDerivedDataCache: Display: Performance to C:/Users/lll33/AppData/Local/UnrealEngine/Common/DerivedDataCache: Latency=0.02ms. RandomReadSpeed=1433.15MBs, RandomWriteSpeed=148.79MBs. Assigned SpeedClass 'Local'
[2024.01.20-16.17.17:055][  0]LogDerivedDataCache: Using Local data cache path C:/Users/lll33/AppData/Local/UnrealEngine/Common/DerivedDataCache: Writable
[2024.01.20-16.17.17:055][  0]LogDerivedDataCache: Shared data cache path not found in *engine.ini, will not use an Shared cache.
[2024.01.20-16.17.17:055][  0]LogDerivedDataCache: Unable to find inner node Shared for hierarchical cache Hierarchy.
[2024.01.20-16.17.17:101][  0]LogSlate: Using FreeType 2.10.0
[2024.01.20-16.17.17:102][  0]LogSlate: SlateFontServices - WITH_FREETYPE: 1, WITH_HARFBUZZ: 1
[2024.01.20-16.17.17:125][  0]LogAssetRegistry: FAssetRegistry took 0.0033 seconds to start up
[2024.01.20-16.17.17:341][  0]LogInit: Selected Device Profile: [Windows]
[2024.01.20-16.17.17:341][  0]LogInit: Active device profile: [0000024F3A22BA00][0000024F39529640 49] Windows
[2024.01.20-16.17.17:341][  0]LogInit: Profiles: [0000024F3A22BA00][0000024F39529640 49] Windows, [0000024F3A1E0700][0000024F3ABE57C0 49] WindowsNoEditor, [0000024F3A228800][0000024F3984D940 49] WindowsServer, [0000024F3A1E3200][0000024F3AAE5AC0 49] WindowsClient, [0000024F3A22B100][0000024F3AAE80C0 49] IOS, [0000024F3A1E1100][0000024F3AAEC240 49] iPadAir, [0000024F3A229000][0000024F3AC52380 49] iPadAir2, [0000024F3A194200][0000024F3AAF45C0 49] IPadPro, [0000024F3A194300][0000024F3AAF0600 49] iPadAir3, [0000024F3A22AB00][0000024F3AAF8740 49] iPadAir4, [0000024F3A197400][0000024F394B88C0 49] iPadMini2, [0000024F3A229500][0000024F394BCA40 49] iPadMini3, [0000024F3A195500][0000024F394C0BC0 49] iPadMini4, [0000024F3A22A300][0000024F394C4D40 49] iPadMini5, [0000024F3A193A00][0000024F394CD000 49] iPhone6, [0000024F3A193B00][0000024F394C9040 49] iPodTouch6, [0000024F3A197000][0000024F394D5300 49] iPhone7, [0000024F3A196F00][0000024F394D1340 49] iPodTouch7, [0000024F3A190C00][0000024F394D94C0 49] iPhone5S, [0000024F3A195000][0000024F394DD640 49] iPhone6Plus, [0000024F3A192D00][0000024F394E17C0 49] iPhone6S, [0000024F3A197600][0000024F394E5940 49] iPhone6SPlus, [0000024F3A191400][0000024F394E9AC0 49] iPhone7Plus, [0000024F3A195200][0000024F394EC0C0 49] iPhoneSE, [0000024F3A192500][0000024F394F0240 49] iPhone8, [0000024F3A195700][0000024F394F43C0 49] iPhone8Plus, [0000024F3A191C00][0000024F3A860540 49] iPhoneX, [0000024F3A196000][0000024F394B4680 49] iPhoneXS, [0000024F3A190500][0000024F3A8647C0 49] iPhoneXSMax, [0000024F3A195B00][0000024F3A868900 49] iPhoneXR, [0000024F3A191D00][0000024F3A870A80 49] iPhone11, [0000024F3A196D00][0000024F3A874C00 49] iPhone11Pro, [0000024F3A191700][0000024F3A878D80 49] iPhone11ProMax, [0000024F3A197D00][0000024F3A87CF00 49] iPhoneSE2, [0000024F3A192400][0000024F3A881080 49] iPhone12Mini, [0000024F3A194900][0000024F3A885200 49] iPhone12, [0000024F3A192B00][0000024F3A889380 49] iPhone12Pro, [0000024F3A196E00][0000024F3A88D500 49] iPhone12ProMax, [0000024F3A191900][0000024F3A891680 49] iPadPro105, [0000024F3A196100][0000024F3A895800 49] iPadPro129, [0000024F3A191600][0000024F3A899980 49] iPadPro97, [0000024F3A197E00][0000024F3A89DB00 49] iPadPro2_129, [0000024F3A190300][0000024F3A8A0100 49] iPad5, [0000024F3A197C00][0000024F3A8A4280 49] iPad6, [0000024F3A191200][0000024F3A8A8400 49] iPad7, [0000024F3A195C00][0000024F3A8AC580 49] iPad8, [0000024F3A193E00][0000024F3A8B0700 49] iPadPro11, [0000024F3A196800][0000024F3A86C840 49] iPadPro2_11, [0000024F3A191500][0000024F3A8B4980 49] iPadPro3_129, [0000024F3A196200][0000024F3A8B8AC0 49] iPadPro4_129, [0000024F3A191100][0000024F3A8C0C40 49] AppleTV, [0000024F3A196C00][0000024F3A8C4DC0 49] AppleTV4K, [0000024F3A191000][0000024F3A8C8F40 49] TVOS, [0000024F3A194400][0000024F3A8CD0C0 49] Mac, [0000024F3A190D00][0000024F3A8D1240 49] MacClient, [0000024F3A195F00][0000024F3A8D53C0 49] MacNoEditor, [0000024F3A193300][0000024F3A8D9540 49] MacServer, [0000024F3A197200][0000024F3A8DD6C0 49] Linux, [0000024F3A190A00][0000024F3A8E1840 49] LinuxAArch64, [0000024F3A194700][0000024F3A8E59C0 49] LinuxNoEditor, [0000024F3A192300][0000024F3A8E9B40 49] LinuxAArch64NoEditor, [0000024F3A195E00][0000024F3A8EC140 49] LinuxClient, [0000024F3A191B00][0000024F3A8F02C0 49] LinuxAArch64Client, [0000024F3A194C00][0000024F3A8F4440 49] LinuxServer, [0000024F3A193500][0000024F3A8F85C0 49] LinuxAArch64Server, [0000024F3A195600][0000024F3A8FC740 49] Android, [0000024F3A1E2F00][0000024F3A9008C0 49] Android_Low, [0000024F3A261100][0000024F3A8BCA00 49] Android_Mid, [0000024F3A1E2C00][0000024F3A904B40 49] Android_High, [0000024F3A261B00][0000024F3A908C80 49] Android_Default, [0000024F3A1E3E00][0000024F3A90CDC0 49] Android_Adreno4xx, [0000024F3A262300][0000024F3A914F40 49] Android_Adreno5xx_Low, [0000024F3A1E1E00][0000024F3A9190C0 49] Android_Adreno5xx, [0000024F3A261F00][0000024F3A91D240 49] Android_Adreno6xx, [0000024F3A1E0F00][0000024F3A9213C0 49] Android_Adreno6xx_Vulkan, [0000024F3A260E00][0000024F3A925540 49] Android_Mali_T6xx, [0000024F3A1E1A00][0000024F3A9296C0 49] Android_Mali_T7xx, [0000024F3A262200][0000024F3A92D840 49] Android_Mali_T8xx, [0000024F3A1E3700][0000024F3A9319C0 49] Android_Mali_G71, [0000024F3A260200][0000024F3A935B40 49] Android_Mali_G72, [0000024F3A1E2200][0000024F3A938140 49] Android_Mali_G72_Vulkan, [0000024F3A262600][0000024F3A93C2C0 49] Android_Mali_G76, [0000024F3A1E3600][0000024F3A940440 49] Android_Mali_G76_Vulkan, [0000024F3A260800][0000024F3A9445C0 49] Android_Mali_G77, [0000024F3A1E3000][0000024F3A948740 49] Android_Mali_G77_Vulkan, [0000024F3A260900][0000024F3A94C8C0 49] Android_Mali_G78, [0000024F3A1E0300][0000024F3A950A40 49] Android_Mali_G78_Vulkan, [0000024F3A261200][0000024F3A910B80 49] Android_Mali_G710, [0000024F3A1E0B00][0000024F3A954CC0 49] Android_Mali_G710_Vulkan, [0000024F3A261800][0000024F39546E00 49] Android_Vulkan_SM5, [0000024F3A195100][0000024F3954AF40 49] Android_PowerVR_G6xxx, [0000024F3A261C00][0000024F395530C0 49] Android_PowerVR_GT7xxx, [0000024F3A195800][0000024F39557240 49] Android_PowerVR_GE8xxx, [0000024F3A260C00][0000024F3955B3C0 49] Android_PowerVR_GM9xxx, [0000024F3A194F00][0000024F3955F540 49] Android_PowerVR_GM9xxx_Vulkan, [0000024F3A261700][0000024F395636C0 49] Android_TegraK1, [0000024F3A196700][0000024F39567840 49] Android_Unknown_Vulkan, [0000024F3A260300][0000024F3956B9C0 49] Lumin, [0000024F3A194A00][0000024F3956FB40 49] Lumin_Desktop, [0000024F3A261600][0000024F39572140 49] HoloLens, 
[2024.01.20-16.17.17:472][  0]LogMeshReduction: Using QuadricMeshReduction for automatic static mesh reduction
[2024.01.20-16.17.17:472][  0]LogMeshReduction: Using SimplygonMeshReduction for automatic skeletal mesh reduction
[2024.01.20-16.17.17:472][  0]LogMeshReduction: Using ProxyLODMeshReduction for automatic mesh merging
[2024.01.20-16.17.17:472][  0]LogMeshReduction: No distributed automatic mesh merging module available
[2024.01.20-16.17.17:472][  0]LogMeshMerging: No distributed automatic mesh merging module available
[2024.01.20-16.17.17:486][  0]LogNetVersion: SnakeProject 1.0.0, NetCL: 17155196, EngineNetVer: 17, GameNetVer: 0 (Checksum: 2950587140)
[2024.01.20-16.17.17:817][  0]LogTexture: Default maximum texture size for cubemaps generated from long-lat sources has been changed from 512 to unlimited. In order to preserve old behaiour for '/Engine/MapTemplates/Sky/DaylightAmbientCubemap.DaylightAmbientCubemap', its maximum texture size has been explicitly set to 512.
[2024.01.20-16.17.17:868][  0]LogHMD: PokeAHoleMaterial loaded successfully
[2024.01.20-16.17.17:873][  0]LogUObjectArray: 17178 objects as part of root set at end of initial load.
[2024.01.20-16.17.17:873][  0]LogUObjectAllocator: 4302048 out of 0 bytes used by permanent object pool.
[2024.01.20-16.17.17:874][  0]LogUObjectArray: CloseDisregardForGC: 0/0 objects in disregard for GC pool
[2024.01.20-16.17.18:182][  0]LogNiagaraDebuggerClient: Niagara Debugger Client Initialized | Session: 2D93DC20469F891A629DAFBACF2D416A | Instance: C04E2ACC46A1C3A8FEDB018A638234FB (ELENA-7560).
[2024.01.20-16.17.18:221][  0]LogPython: Using Python 3.7.7
[2024.01.20-16.17.18:785][  0]LogTcpMessaging: Initializing TcpMessaging bridge
[2024.01.20-16.17.18:792][  0]LogUdpMessaging: Initializing bridge on interface 0.0.0.0:0 to multicast group 230.0.0.1:6666.
[2024.01.20-16.17.19:004][  0]SourceControl: Source control is disabled
[2024.01.20-16.17.19:376][  0]LogUProjectInfo: Found projects:
[2024.01.20-16.17.19:624][  0]LogOpenImageDenoise: OIDN starting up
[2024.01.20-16.17.19:677][  0]LogAndroidPermission: UAndroidPermissionCallbackProxy::GetInstance
[2024.01.20-16.17.19:736][  0]LogAudioCaptureCore: Display: No Audio Capture implementations found. Audio input will be silent.
[2024.01.20-16.17.19:736][  0]LogAudioCaptureCore: Display: No Audio Capture implementations found. Audio input will be silent.
[2024.01.20-16.17.19:838][  0]LogCollectionManager: Loaded 0 collections in 0.001803 seconds
[2024.01.20-16.17.19:865][  0]LogFileCache: Scanning file cache for directory 'D:/GameProjects/UE/Snake/SnakeProject/Saved/Collections/' took 0.00s
[2024.01.20-16.17.19:865][  0]LogFileCache: Scanning file cache for directory 'D:/GameProjects/UE/Snake/SnakeProject/Content/Developers/lll33/Collections/' took 0.00s
[2024.01.20-16.17.19:865][  0]LogFileCache: Scanning file cache for directory 'D:/GameProjects/UE/Snake/SnakeProject/Content/Collections/' took 0.00s
[2024.01.20-16.17.19:866][  0]LogOcInput: OculusInput pre-init called
[2024.01.20-16.17.20:082][  0]LogEngine: Initializing Engine...
[2024.01.20-16.17.20:086][  0]LogHMD: Failed to enumerate extensions. Please check that you have a valid OpenXR runtime installed.
[2024.01.20-16.17.20:087][  0]LogHMD: Failed to initialize OpenVR with code 110
[2024.01.20-16.17.20:087][  0]LogMagicLeap: Warning: VR disabled because ZI is not enabled.  To enable, in the editor, Edit -> Project Settings -> Plugins -> Magic Leap Plugin -> Enable Zero Iteration
[2024.01.20-16.17.20:088][  0]LogStats: UGameplayTagsManager::InitializeManager -  0.000 s
[2024.01.20-16.17.20:189][  0]LogInit: Initializing FReadOnlyCVARCache
[2024.01.20-16.17.20:202][  0]LogAIModule: Creating AISystem for world Untitled
[2024.01.20-16.17.20:207][  0]LogAudio: Display: Initializing Audio Device Manager...
[2024.01.20-16.17.20:212][  0]LogAudio: Display: Loading Default Audio Settings Objects...
[2024.01.20-16.17.20:212][  0]LogAudio: Display: No default SoundConcurrencyObject specified (or failed to load).
[2024.01.20-16.17.20:213][  0]LogAudio: Display: Audio Device Manager Initialized
[2024.01.20-16.17.20:213][  0]LogAudio: Display: Creating Audio Device:                 Id: 1, Scope: Shared, Realtime: True
[2024.01.20-16.17.20:213][  0]LogAudioMixer: Display: Audio Mixer Platform Settings:
[2024.01.20-16.17.20:213][  0]LogAudioMixer: Display: 	Sample Rate:						  48000
[2024.01.20-16.17.20:214][  0]LogAudioMixer: Display: 	Callback Buffer Frame Size Requested: 1024
[2024.01.20-16.17.20:214][  0]LogAudioMixer: Display: 	Callback Buffer Frame Size To Use:	  1024
[2024.01.20-16.17.20:214][  0]LogAudioMixer: Display: 	Number of buffers to queue:			  2
[2024.01.20-16.17.20:214][  0]LogAudioMixer: Display: 	Max Channels (voices):				  32
[2024.01.20-16.17.20:214][  0]LogAudioMixer: Display: 	Number of Async Source Workers:		  0
[2024.01.20-16.17.20:214][  0]LogAudio: Display: AudioDevice MaxSources: 32
[2024.01.20-16.17.20:215][  0]LogAudio: Display: Audio Spatialization Plugin: None (built-in).
[2024.01.20-16.17.20:215][  0]LogAudio: Display: Audio Reverb Plugin: None (built-in).
[2024.01.20-16.17.20:215][  0]LogAudio: Display: Audio Occlusion Plugin: None (built-in).
[2024.01.20-16.17.20:215][  0]LogAudioMixer: Display: Initializing audio mixer.
[2024.01.20-16.17.20:230][  0]LogAudioMixer: Display: 0: FrontLeft
[2024.01.20-16.17.20:230][  0]LogAudioMixer: Display: 1: FrontRight
[2024.01.20-16.17.20:248][  0]LogAudioMixer: Display: Using Audio Device Headphones (Realtek(R) Audio)
[2024.01.20-16.17.20:251][  0]LogAudioMixer: Display: Initializing Sound Submixes...
[2024.01.20-16.17.20:253][  0]LogAudioMixer: Display: Creating Master Submix 'MasterSubmixDefault'
[2024.01.20-16.17.20:253][  0]LogAudioMixer: Display: Creating Master Submix 'MasterReverbSubmixDefault'
[2024.01.20-16.17.20:254][  0]LogAudioMixer: Display: Creating Master Submix 'MasterEQSubmixDefault'
[2024.01.20-16.17.20:254][  0]LogAudioMixer: FMixerPlatformXAudio2::StartAudioStream() called
[2024.01.20-16.17.20:254][  0]LogAudioMixer: Display: Output buffers initialized: Frames=1024, Channels=2, Samples=2048
[2024.01.20-16.17.20:256][  0]LogAudioMixer: Display: Starting AudioMixerPlatformInterface::RunInternal()
[2024.01.20-16.17.20:256][  0]LogAudioMixer: Display: FMixerPlatformXAudio2::SubmitBuffer() called for the first time
[2024.01.20-16.17.20:256][  0]LogInit: FAudioDevice initialized.
[2024.01.20-16.17.20:257][  0]LogAudio: Display: Audio Device (ID: 1) registered with world 'Untitled'.
[2024.01.20-16.17.20:257][  0]LogNetVersion: Set ProjectVersion to 1.0.0.0. Version Checksum will be recalculated on next use.
[2024.01.20-16.17.20:312][  0]LogDerivedDataCache: Saved boot cache 0.06s 94MB C:/Users/lll33/AppData/Local/UnrealEngine/4.27/DerivedDataCache/Boot.ddc.
[2024.01.20-16.17.20:313][  0]LogInit: Texture streaming: Enabled
[2024.01.20-16.17.20:329][  0]LogAnalytics: Display: [UEEditor.Rocket.Release] APIServer = https://datarouter.ol.epicgames.com/. AppVersion = 4.27.2-18319896+++UE4+Release-4.27
[2024.01.20-16.17.20:334][  0]LogEngineSessionManager: EngineSessionManager initialized
[2024.01.20-16.17.20:334][  0]LogEditorSessionSummary: Verbose: Initializing EditorSessionSummaryWriter for editor session tracking
[2024.01.20-16.17.20:336][  0]LogEditorSessionSummary: EditorSessionSummaryWriter initialized
[2024.01.20-16.17.20:357][  0]LogInit: Transaction tracking system initialized
[2024.01.20-16.17.20:388][  0]BlueprintLog: New page: Editor Load
[2024.01.20-16.17.20:465][  0]LocalizationService: Localization service is disabled
[2024.01.20-16.17.20:497][  0]TimingProfiler: Initialize
[2024.01.20-16.17.20:497][  0]TimingProfiler: OnSessionChanged
[2024.01.20-16.17.20:497][  0]LoadingProfiler: Initialize
[2024.01.20-16.17.20:497][  0]LoadingProfiler: OnSessionChanged
[2024.01.20-16.17.20:498][  0]NetworkingProfiler: Initialize
[2024.01.20-16.17.20:498][  0]NetworkingProfiler: OnSessionChanged
[2024.01.20-16.17.20:498][  0]MemoryProfiler: Initialize
[2024.01.20-16.17.20:498][  0]MemoryProfiler: OnSessionChanged
[2024.01.20-16.17.20:660][  0]LogCook: Display: CookSettings for Memory: MemoryMaxUsedVirtual 0MiB, MemoryMaxUsedPhysical 16384MiB, MemoryMinFreeVirtual 0MiB, MemoryMinFreePhysical 1024MiB
[2024.01.20-16.17.20:660][  0]LogCook: Display: Mobile HDR setting 1
[2024.01.20-16.17.20:891][  0]LogFileCache: Scanning file cache for directory 'D:/GameProjects/UE/Snake/SnakeProject/Content/' took 0.00s
[2024.01.20-16.17.21:054][  0]LogInit: Display: Engine is initialized. Leaving FEngineLoop::Init()
[2024.01.20-16.17.21:057][  0]LogUnrealEdMisc: Loading editor; pre map load, took 7.100
[2024.01.20-16.17.21:057][  0]Cmd: MAP LOAD FILE="D:/GameProjects/UE/Snake/SnakeProject/Content/Main.umap" TEMPLATE=0 SHOWPROGRESS=1 FEATURELEVEL=3
[2024.01.20-16.17.21:058][  0]LightingResults: New page: Lighting Build
[2024.01.20-16.17.21:059][  0]LogWorld: UWorld::CleanupWorld for Untitled, bSessionEnded=true, bCleanupResources=true
[2024.01.20-16.17.21:059][  0]LogSlate: InvalidateAllWidgets triggered.  All widgets were invalidated
[2024.01.20-16.17.21:059][  0]MapCheck: New page: Map Check
[2024.01.20-16.17.21:060][  0]LightingResults: New page: Lighting Build
[2024.01.20-16.17.21:064][  0]LogAudio: Display: Audio Device unregistered from world 'None'.
[2024.01.20-16.17.21:067][  0]LogUObjectHash: Compacting FUObjectHashTables data took   0.76ms
[2024.01.20-16.17.21:116][  0]LogAudio: Display: Audio Device (ID: 1) registered with world 'Main'.
[2024.01.20-16.17.21:118][  0]LogAIModule: Creating AISystem for world Main
[2024.01.20-16.17.21:121][  0]LogEditorServer: Finished looking for orphan Actors (0.000 secs)
[2024.01.20-16.17.21:130][  0]LogUObjectHash: Compacting FUObjectHashTables data took   0.79ms
[2024.01.20-16.17.21:130][  0]Cmd: MAP CHECKDEP NOCLEARLOG
[2024.01.20-16.17.21:130][  0]MapCheck: Map check complete: 0 Error(s), 0 Warning(s), took 0,078ms to complete.
[2024.01.20-16.17.21:130][  0]LogFileHelpers: Loading map 'Main' took 0.074
[2024.01.20-16.17.21:134][  0]LogUnrealEdMisc: Total Editor Startup Time, took 7.176
[2024.01.20-16.17.21:257][  0]LogSlate: Updating window title bar state: overlay mode, drag disabled, window buttons hidden, title bar hidden
[2024.01.20-16.17.21:264][  0]LogSlate: Updating window title bar state: overlay mode, drag disabled, window buttons hidden, title bar hidden
[2024.01.20-16.17.21:270][  0]LogSlate: Updating window title bar state: overlay mode, drag disabled, window buttons hidden, title bar hidden
[2024.01.20-16.17.21:277][  0]LogSlate: Updating window title bar state: overlay mode, drag disabled, window buttons hidden, title bar hidden
[2024.01.20-16.17.21:292][  0]LogNativeClassHierarchy: Verbose: Native class hierarchy populated in 0.0104 seconds. Added 3826 classes and 930 folders.
[2024.01.20-16.17.21:298][  0]LogNativeClassHierarchy: Verbose: Native class hierarchy updated for 'WidgetCarousel' in 0.0002 seconds. Added 0 classes and 0 folders.
[2024.01.20-16.17.21:299][  0]LogPakFile: PakFile PrimaryIndexSize=187
[2024.01.20-16.17.21:299][  0]LogPakFile: PakFile PathHashIndexSize=101
[2024.01.20-16.17.21:300][  0]LogPakFile: PakFile FullDirectoryIndexSize=148
[2024.01.20-16.17.21:300][  0]LogShaderLibrary: Display: ShaderCodeLibraryPakFileMountedCallback: PakFile 'C:/Program Files/Epic Games/UE_4.27/FeaturePacks/FP_FirstPerson.upack' (chunk index -1, root 'root:/') mounted
[2024.01.20-16.17.21:300][  0]LogShaderLibrary: Display: ShaderCodeLibraryPakFileMountedCallback: pending pak file info (ChunkID:-1 Root:root:/ File:C:/Program Files/Epic Games/UE_4.27/FeaturePacks/FP_FirstPerson.upack)
[2024.01.20-16.17.21:300][  0]LogPakFile: OnPakFileMounted2Time == 0.000365
[2024.01.20-16.17.21:301][  0]LogPakFile: PakFile PrimaryIndexSize=189
[2024.01.20-16.17.21:301][  0]LogPakFile: PakFile PathHashIndexSize=101
[2024.01.20-16.17.21:301][  0]LogPakFile: PakFile FullDirectoryIndexSize=152
[2024.01.20-16.17.21:301][  0]LogShaderLibrary: Display: ShaderCodeLibraryPakFileMountedCallback: PakFile 'C:/Program Files/Epic Games/UE_4.27/FeaturePacks/FP_FirstPersonBP.upack' (chunk index -1, root 'root:/') mounted
[2024.01.20-16.17.21:301][  0]LogShaderLibrary: Display: ShaderCodeLibraryPakFileMountedCallback: pending pak file info (ChunkID:-1 Root:root:/ File:C:/Program Files/Epic Games/UE_4.27/FeaturePacks/FP_FirstPersonBP.upack)
[2024.01.20-16.17.21:301][  0]LogPakFile: OnPakFileMounted2Time == 0.000181
[2024.01.20-16.17.21:301][  0]LogPakFile: PakFile PrimaryIndexSize=191
[2024.01.20-16.17.21:302][  0]LogPakFile: PakFile PathHashIndexSize=101
[2024.01.20-16.17.21:302][  0]LogPakFile: PakFile FullDirectoryIndexSize=160
[2024.01.20-16.17.21:302][  0]LogShaderLibrary: Display: ShaderCodeLibraryPakFileMountedCallback: PakFile 'C:/Program Files/Epic Games/UE_4.27/FeaturePacks/MobileStarterContent.upack' (chunk index -1, root 'root:/') mounted
[2024.01.20-16.17.21:302][  0]LogShaderLibrary: Display: ShaderCodeLibraryPakFileMountedCallback: pending pak file info (ChunkID:-1 Root:root:/ File:C:/Program Files/Epic Games/UE_4.27/FeaturePacks/MobileStarterContent.upack)
[2024.01.20-16.17.21:302][  0]LogPakFile: OnPakFileMounted2Time == 0.000197
[2024.01.20-16.17.21:303][  0]LogPakFile: PakFile PrimaryIndexSize=185
[2024.01.20-16.17.21:303][  0]LogPakFile: PakFile PathHashIndexSize=101
[2024.01.20-16.17.21:303][  0]LogPakFile: PakFile FullDirectoryIndexSize=148
[2024.01.20-16.17.21:303][  0]LogShaderLibrary: Display: ShaderCodeLibraryPakFileMountedCallback: PakFile 'C:/Program Files/Epic Games/UE_4.27/FeaturePacks/StarterContent.upack' (chunk index -1, root 'root:/') mounted
[2024.01.20-16.17.21:303][  0]LogShaderLibrary: Display: ShaderCodeLibraryPakFileMountedCallback: pending pak file info (ChunkID:-1 Root:root:/ File:C:/Program Files/Epic Games/UE_4.27/FeaturePacks/StarterContent.upack)
[2024.01.20-16.17.21:303][  0]LogPakFile: OnPakFileMounted2Time == 0.000268
[2024.01.20-16.17.21:304][  0]LogPakFile: PakFile PrimaryIndexSize=190
[2024.01.20-16.17.21:304][  0]LogPakFile: PakFile PathHashIndexSize=101
[2024.01.20-16.17.21:305][  0]LogPakFile: PakFile FullDirectoryIndexSize=154
[2024.01.20-16.17.21:305][  0]LogShaderLibrary: Display: ShaderCodeLibraryPakFileMountedCallback: PakFile 'C:/Program Files/Epic Games/UE_4.27/FeaturePacks/TP_2DSideScroller.upack' (chunk index -1, root 'root:/') mounted
[2024.01.20-16.17.21:305][  0]LogShaderLibrary: Display: ShaderCodeLibraryPakFileMountedCallback: pending pak file info (ChunkID:-1 Root:root:/ File:C:/Program Files/Epic Games/UE_4.27/FeaturePacks/TP_2DSideScroller.upack)
[2024.01.20-16.17.21:305][  0]LogPakFile: OnPakFileMounted2Time == 0.000356
[2024.01.20-16.17.21:306][  0]LogPakFile: PakFile PrimaryIndexSize=192
[2024.01.20-16.17.21:306][  0]LogPakFile: PakFile PathHashIndexSize=101
[2024.01.20-16.17.21:306][  0]LogPakFile: PakFile FullDirectoryIndexSize=158
[2024.01.20-16.17.21:306][  0]LogShaderLibrary: Display: ShaderCodeLibraryPakFileMountedCallback: PakFile 'C:/Program Files/Epic Games/UE_4.27/FeaturePacks/TP_2DSideScrollerBP.upack' (chunk index -1, root 'root:/') mounted
[2024.01.20-16.17.21:306][  0]LogShaderLibrary: Display: ShaderCodeLibraryPakFileMountedCallback: pending pak file info (ChunkID:-1 Root:root:/ File:C:/Program Files/Epic Games/UE_4.27/FeaturePacks/TP_2DSideScrollerBP.upack)
[2024.01.20-16.17.21:306][  0]LogPakFile: OnPakFileMounted2Time == 0.000244
[2024.01.20-16.17.21:307][  0]LogPakFile: PakFile PrimaryIndexSize=182
[2024.01.20-16.17.21:307][  0]LogPakFile: PakFile PathHashIndexSize=101
[2024.01.20-16.17.21:307][  0]LogPakFile: PakFile FullDirectoryIndexSize=138
[2024.01.20-16.17.21:307][  0]LogShaderLibrary: Display: ShaderCodeLibraryPakFileMountedCallback: PakFile 'C:/Program Files/Epic Games/UE_4.27/FeaturePacks/TP_Flying.upack' (chunk index -1, root 'root:/') mounted
[2024.01.20-16.17.21:308][  0]LogShaderLibrary: Display: ShaderCodeLibraryPakFileMountedCallback: pending pak file info (ChunkID:-1 Root:root:/ File:C:/Program Files/Epic Games/UE_4.27/FeaturePacks/TP_Flying.upack)
[2024.01.20-16.17.21:308][  0]LogPakFile: OnPakFileMounted2Time == 0.000282
[2024.01.20-16.17.21:309][  0]LogPakFile: PakFile PrimaryIndexSize=184
[2024.01.20-16.17.21:309][  0]LogPakFile: PakFile PathHashIndexSize=101
[2024.01.20-16.17.21:309][  0]LogPakFile: PakFile FullDirectoryIndexSize=142
[2024.01.20-16.17.21:309][  0]LogShaderLibrary: Display: ShaderCodeLibraryPakFileMountedCallback: PakFile 'C:/Program Files/Epic Games/UE_4.27/FeaturePacks/TP_FlyingBP.upack' (chunk index -1, root 'root:/') mounted
[2024.01.20-16.17.21:309][  0]LogShaderLibrary: Display: ShaderCodeLibraryPakFileMountedCallback: pending pak file info (ChunkID:-1 Root:root:/ File:C:/Program Files/Epic Games/UE_4.27/FeaturePacks/TP_FlyingBP.upack)
[2024.01.20-16.17.21:309][  0]LogPakFile: OnPakFileMounted2Time == 0.000197
[2024.01.20-16.17.21:310][  0]LogPakFile: PakFile PrimaryIndexSize=188
[2024.01.20-16.17.21:310][  0]LogPakFile: PakFile PathHashIndexSize=101
[2024.01.20-16.17.21:310][  0]LogPakFile: PakFile FullDirectoryIndexSize=150
[2024.01.20-16.17.21:310][  0]LogShaderLibrary: Display: ShaderCodeLibraryPakFileMountedCallback: PakFile 'C:/Program Files/Epic Games/UE_4.27/FeaturePacks/TP_HandheldARBP.upack' (chunk index -1, root 'root:/') mounted
[2024.01.20-16.17.21:310][  0]LogShaderLibrary: Display: ShaderCodeLibraryPakFileMountedCallback: pending pak file info (ChunkID:-1 Root:root:/ File:C:/Program Files/Epic Games/UE_4.27/FeaturePacks/TP_HandheldARBP.upack)
[2024.01.20-16.17.21:310][  0]LogPakFile: OnPakFileMounted2Time == 0.000273
[2024.01.20-16.17.21:311][  0]LogPakFile: PakFile PrimaryIndexSize=182
[2024.01.20-16.17.21:311][  0]LogPakFile: PakFile PathHashIndexSize=101
[2024.01.20-16.17.21:311][  0]LogPakFile: PakFile FullDirectoryIndexSize=138
[2024.01.20-16.17.21:311][  0]LogShaderLibrary: Display: ShaderCodeLibraryPakFileMountedCallback: PakFile 'C:/Program Files/Epic Games/UE_4.27/FeaturePacks/TP_Puzzle.upack' (chunk index -1, root 'root:/') mounted
[2024.01.20-16.17.21:312][  0]LogShaderLibrary: Display: ShaderCodeLibraryPakFileMountedCallback: pending pak file info (ChunkID:-1 Root:root:/ File:C:/Program Files/Epic Games/UE_4.27/FeaturePacks/TP_Puzzle.upack)
[2024.01.20-16.17.21:312][  0]LogPakFile: OnPakFileMounted2Time == 0.000340
[2024.01.20-16.17.21:312][  0]LogPakFile: PakFile PrimaryIndexSize=184
[2024.01.20-16.17.21:312][  0]LogPakFile: PakFile PathHashIndexSize=101
[2024.01.20-16.17.21:312][  0]LogPakFile: PakFile FullDirectoryIndexSize=142
[2024.01.20-16.17.21:312][  0]LogShaderLibrary: Display: ShaderCodeLibraryPakFileMountedCallback: PakFile 'C:/Program Files/Epic Games/UE_4.27/FeaturePacks/TP_PuzzleBP.upack' (chunk index -1, root 'root:/') mounted
[2024.01.20-16.17.21:313][  0]LogShaderLibrary: Display: ShaderCodeLibraryPakFileMountedCallback: pending pak file info (ChunkID:-1 Root:root:/ File:C:/Program Files/Epic Games/UE_4.27/FeaturePacks/TP_PuzzleBP.upack)
[2024.01.20-16.17.21:313][  0]LogPakFile: OnPakFileMounted2Time == 0.000174
[2024.01.20-16.17.21:313][  0]LogPakFile: PakFile PrimaryIndexSize=183
[2024.01.20-16.17.21:313][  0]LogPakFile: PakFile PathHashIndexSize=101
[2024.01.20-16.17.21:313][  0]LogPakFile: PakFile FullDirectoryIndexSize=140
[2024.01.20-16.17.21:314][  0]LogShaderLibrary: Display: ShaderCodeLibraryPakFileMountedCallback: PakFile 'C:/Program Files/Epic Games/UE_4.27/FeaturePacks/TP_Rolling.upack' (chunk index -1, root 'root:/') mounted
[2024.01.20-16.17.21:314][  0]LogShaderLibrary: Display: ShaderCodeLibraryPakFileMountedCallback: pending pak file info (ChunkID:-1 Root:root:/ File:C:/Program Files/Epic Games/UE_4.27/FeaturePacks/TP_Rolling.upack)
[2024.01.20-16.17.21:314][  0]LogPakFile: OnPakFileMounted2Time == 0.000186
[2024.01.20-16.17.21:314][  0]LogPakFile: PakFile PrimaryIndexSize=185
[2024.01.20-16.17.21:314][  0]LogPakFile: PakFile PathHashIndexSize=101
[2024.01.20-16.17.21:315][  0]LogPakFile: PakFile FullDirectoryIndexSize=144
[2024.01.20-16.17.21:315][  0]LogShaderLibrary: Display: ShaderCodeLibraryPakFileMountedCallback: PakFile 'C:/Program Files/Epic Games/UE_4.27/FeaturePacks/TP_RollingBP.upack' (chunk index -1, root 'root:/') mounted
[2024.01.20-16.17.21:315][  0]LogShaderLibrary: Display: ShaderCodeLibraryPakFileMountedCallback: pending pak file info (ChunkID:-1 Root:root:/ File:C:/Program Files/Epic Games/UE_4.27/FeaturePacks/TP_RollingBP.upack)
[2024.01.20-16.17.21:315][  0]LogPakFile: OnPakFileMounted2Time == 0.000252
[2024.01.20-16.17.21:316][  0]LogPakFile: PakFile PrimaryIndexSize=188
[2024.01.20-16.17.21:316][  0]LogPakFile: PakFile PathHashIndexSize=101
[2024.01.20-16.17.21:316][  0]LogPakFile: PakFile FullDirectoryIndexSize=150
[2024.01.20-16.17.21:316][  0]LogShaderLibrary: Display: ShaderCodeLibraryPakFileMountedCallback: PakFile 'C:/Program Files/Epic Games/UE_4.27/FeaturePacks/TP_SideScroller.upack' (chunk index -1, root 'root:/') mounted
[2024.01.20-16.17.21:316][  0]LogShaderLibrary: Display: ShaderCodeLibraryPakFileMountedCallback: pending pak file info (ChunkID:-1 Root:root:/ File:C:/Program Files/Epic Games/UE_4.27/FeaturePacks/TP_SideScroller.upack)
[2024.01.20-16.17.21:316][  0]LogPakFile: OnPakFileMounted2Time == 0.000196
[2024.01.20-16.17.21:317][  0]LogPakFile: PakFile PrimaryIndexSize=190
[2024.01.20-16.17.21:317][  0]LogPakFile: PakFile PathHashIndexSize=101
[2024.01.20-16.17.21:317][  0]LogPakFile: PakFile FullDirectoryIndexSize=154
[2024.01.20-16.17.21:317][  0]LogShaderLibrary: Display: ShaderCodeLibraryPakFileMountedCallback: PakFile 'C:/Program Files/Epic Games/UE_4.27/FeaturePacks/TP_SideScrollerBP.upack' (chunk index -1, root 'root:/') mounted
[2024.01.20-16.17.21:317][  0]LogShaderLibrary: Display: ShaderCodeLibraryPakFileMountedCallback: pending pak file info (ChunkID:-1 Root:root:/ File:C:/Program Files/Epic Games/UE_4.27/FeaturePacks/TP_SideScrollerBP.upack)
[2024.01.20-16.17.21:317][  0]LogPakFile: OnPakFileMounted2Time == 0.000218
[2024.01.20-16.17.21:318][  0]LogPakFile: PakFile PrimaryIndexSize=187
[2024.01.20-16.17.21:318][  0]LogPakFile: PakFile PathHashIndexSize=101
[2024.01.20-16.17.21:318][  0]LogPakFile: PakFile FullDirectoryIndexSize=148
[2024.01.20-16.17.21:318][  0]LogShaderLibrary: Display: ShaderCodeLibraryPakFileMountedCallback: PakFile 'C:/Program Files/Epic Games/UE_4.27/FeaturePacks/TP_ThirdPerson.upack' (chunk index -1, root 'root:/') mounted
[2024.01.20-16.17.21:318][  0]LogShaderLibrary: Display: ShaderCodeLibraryPakFileMountedCallback: pending pak file info (ChunkID:-1 Root:root:/ File:C:/Program Files/Epic Games/UE_4.27/FeaturePacks/TP_ThirdPerson.upack)
[2024.01.20-16.17.21:318][  0]LogPakFile: OnPakFileMounted2Time == 0.000195
[2024.01.20-16.17.21:319][  0]LogPakFile: PakFile PrimaryIndexSize=189
[2024.01.20-16.17.21:319][  0]LogPakFile: PakFile PathHashIndexSize=101
[2024.01.20-16.17.21:319][  0]LogPakFile: PakFile FullDirectoryIndexSize=152
[2024.01.20-16.17.21:319][  0]LogShaderLibrary: Display: ShaderCodeLibraryPakFileMountedCallback: PakFile 'C:/Program Files/Epic Games/UE_4.27/FeaturePacks/TP_ThirdPersonBP.upack' (chunk index -1, root 'root:/') mounted
[2024.01.20-16.17.21:319][  0]LogShaderLibrary: Display: ShaderCodeLibraryPakFileMountedCallback: pending pak file info (ChunkID:-1 Root:root:/ File:C:/Program Files/Epic Games/UE_4.27/FeaturePacks/TP_ThirdPersonBP.upack)
[2024.01.20-16.17.21:319][  0]LogPakFile: OnPakFileMounted2Time == 0.000206
[2024.01.20-16.17.21:320][  0]LogPakFile: PakFile PrimaryIndexSize=183
[2024.01.20-16.17.21:320][  0]LogPakFile: PakFile PathHashIndexSize=101
[2024.01.20-16.17.21:320][  0]LogPakFile: PakFile FullDirectoryIndexSize=140
[2024.01.20-16.17.21:320][  0]LogShaderLibrary: Display: ShaderCodeLibraryPakFileMountedCallback: PakFile 'C:/Program Files/Epic Games/UE_4.27/FeaturePacks/TP_TopDown.upack' (chunk index -1, root 'root:/') mounted
[2024.01.20-16.17.21:320][  0]LogShaderLibrary: Display: ShaderCodeLibraryPakFileMountedCallback: pending pak file info (ChunkID:-1 Root:root:/ File:C:/Program Files/Epic Games/UE_4.27/FeaturePacks/TP_TopDown.upack)
[2024.01.20-16.17.21:320][  0]LogPakFile: OnPakFileMounted2Time == 0.000194
[2024.01.20-16.17.21:321][  0]LogPakFile: PakFile PrimaryIndexSize=185
[2024.01.20-16.17.21:321][  0]LogPakFile: PakFile PathHashIndexSize=101
[2024.01.20-16.17.21:321][  0]LogPakFile: PakFile FullDirectoryIndexSize=144
[2024.01.20-16.17.21:321][  0]LogShaderLibrary: Display: ShaderCodeLibraryPakFileMountedCallback: PakFile 'C:/Program Files/Epic Games/UE_4.27/FeaturePacks/TP_TopDownBP.upack' (chunk index -1, root 'root:/') mounted
[2024.01.20-16.17.21:321][  0]LogShaderLibrary: Display: ShaderCodeLibraryPakFileMountedCallback: pending pak file info (ChunkID:-1 Root:root:/ File:C:/Program Files/Epic Games/UE_4.27/FeaturePacks/TP_TopDownBP.upack)
[2024.01.20-16.17.21:321][  0]LogPakFile: OnPakFileMounted2Time == 0.000169
[2024.01.20-16.17.21:322][  0]LogPakFile: PakFile PrimaryIndexSize=185
[2024.01.20-16.17.21:322][  0]LogPakFile: PakFile PathHashIndexSize=101
[2024.01.20-16.17.21:322][  0]LogPakFile: PakFile FullDirectoryIndexSize=144
[2024.01.20-16.17.21:322][  0]LogShaderLibrary: Display: ShaderCodeLibraryPakFileMountedCallback: PakFile 'C:/Program Files/Epic Games/UE_4.27/FeaturePacks/TP_TwinStick.upack' (chunk index -1, root 'root:/') mounted
[2024.01.20-16.17.21:322][  0]LogShaderLibrary: Display: ShaderCodeLibraryPakFileMountedCallback: pending pak file info (ChunkID:-1 Root:root:/ File:C:/Program Files/Epic Games/UE_4.27/FeaturePacks/TP_TwinStick.upack)
[2024.01.20-16.17.21:322][  0]LogPakFile: OnPakFileMounted2Time == 0.000159
[2024.01.20-16.17.21:322][  0]LogPakFile: PakFile PrimaryIndexSize=187
[2024.01.20-16.17.21:322][  0]LogPakFile: PakFile PathHashIndexSize=101
[2024.01.20-16.17.21:324][  0]LogPakFile: PakFile FullDirectoryIndexSize=148
[2024.01.20-16.17.21:324][  0]LogShaderLibrary: Display: ShaderCodeLibraryPakFileMountedCallback: PakFile 'C:/Program Files/Epic Games/UE_4.27/FeaturePacks/TP_TwinStickBP.upack' (chunk index -1, root 'root:/') mounted
[2024.01.20-16.17.21:324][  0]LogShaderLibrary: Display: ShaderCodeLibraryPakFileMountedCallback: pending pak file info (ChunkID:-1 Root:root:/ File:C:/Program Files/Epic Games/UE_4.27/FeaturePacks/TP_TwinStickBP.upack)
[2024.01.20-16.17.21:324][  0]LogPakFile: OnPakFileMounted2Time == 0.000187
[2024.01.20-16.17.21:324][  0]LogPakFile: PakFile PrimaryIndexSize=183
[2024.01.20-16.17.21:324][  0]LogPakFile: PakFile PathHashIndexSize=101
[2024.01.20-16.17.21:324][  0]LogPakFile: PakFile FullDirectoryIndexSize=140
[2024.01.20-16.17.21:325][  0]LogShaderLibrary: Display: ShaderCodeLibraryPakFileMountedCallback: PakFile 'C:/Program Files/Epic Games/UE_4.27/FeaturePacks/TP_Vehicle.upack' (chunk index -1, root 'root:/') mounted
[2024.01.20-16.17.21:325][  0]LogShaderLibrary: Display: ShaderCodeLibraryPakFileMountedCallback: pending pak file info (ChunkID:-1 Root:root:/ File:C:/Program Files/Epic Games/UE_4.27/FeaturePacks/TP_Vehicle.upack)
[2024.01.20-16.17.21:325][  0]LogPakFile: OnPakFileMounted2Time == 0.000179
[2024.01.20-16.17.21:325][  0]LogPakFile: PakFile PrimaryIndexSize=186
[2024.01.20-16.17.21:325][  0]LogPakFile: PakFile PathHashIndexSize=101
[2024.01.20-16.17.21:325][  0]LogPakFile: PakFile FullDirectoryIndexSize=146
[2024.01.20-16.17.21:326][  0]LogShaderLibrary: Display: ShaderCodeLibraryPakFileMountedCallback: PakFile 'C:/Program Files/Epic Games/UE_4.27/FeaturePacks/TP_VehicleAdv.upack' (chunk index -1, root 'root:/') mounted
[2024.01.20-16.17.21:326][  0]LogShaderLibrary: Display: ShaderCodeLibraryPakFileMountedCallback: pending pak file info (ChunkID:-1 Root:root:/ File:C:/Program Files/Epic Games/UE_4.27/FeaturePacks/TP_VehicleAdv.upack)
[2024.01.20-16.17.21:326][  0]LogPakFile: OnPakFileMounted2Time == 0.000194
[2024.01.20-16.17.21:326][  0]LogPakFile: PakFile PrimaryIndexSize=188
[2024.01.20-16.17.21:326][  0]LogPakFile: PakFile PathHashIndexSize=101
[2024.01.20-16.17.21:327][  0]LogPakFile: PakFile FullDirectoryIndexSize=150
[2024.01.20-16.17.21:327][  0]LogShaderLibrary: Display: ShaderCodeLibraryPakFileMountedCallback: PakFile 'C:/Program Files/Epic Games/UE_4.27/FeaturePacks/TP_VehicleAdvBP.upack' (chunk index -1, root 'root:/') mounted
[2024.01.20-16.17.21:327][  0]LogShaderLibrary: Display: ShaderCodeLibraryPakFileMountedCallback: pending pak file info (ChunkID:-1 Root:root:/ File:C:/Program Files/Epic Games/UE_4.27/FeaturePacks/TP_VehicleAdvBP.upack)
[2024.01.20-16.17.21:327][  0]LogPakFile: OnPakFileMounted2Time == 0.000211
[2024.01.20-16.17.21:328][  0]LogPakFile: PakFile PrimaryIndexSize=185
[2024.01.20-16.17.21:328][  0]LogPakFile: PakFile PathHashIndexSize=101
[2024.01.20-16.17.21:328][  0]LogPakFile: PakFile FullDirectoryIndexSize=144
[2024.01.20-16.17.21:328][  0]LogShaderLibrary: Display: ShaderCodeLibraryPakFileMountedCallback: PakFile 'C:/Program Files/Epic Games/UE_4.27/FeaturePacks/TP_VehicleBP.upack' (chunk index -1, root 'root:/') mounted
[2024.01.20-16.17.21:328][  0]LogShaderLibrary: Display: ShaderCodeLibraryPakFileMountedCallback: pending pak file info (ChunkID:-1 Root:root:/ File:C:/Program Files/Epic Games/UE_4.27/FeaturePacks/TP_VehicleBP.upack)
[2024.01.20-16.17.21:328][  0]LogPakFile: OnPakFileMounted2Time == 0.000188
[2024.01.20-16.17.21:329][  0]LogPakFile: PakFile PrimaryIndexSize=192
[2024.01.20-16.17.21:329][  0]LogPakFile: PakFile PathHashIndexSize=101
[2024.01.20-16.17.21:329][  0]LogPakFile: PakFile FullDirectoryIndexSize=158
[2024.01.20-16.17.21:329][  0]LogShaderLibrary: Display: ShaderCodeLibraryPakFileMountedCallback: PakFile 'C:/Program Files/Epic Games/UE_4.27/FeaturePacks/TP_VirtualRealityBP.upack' (chunk index -1, root 'root:/') mounted
[2024.01.20-16.17.21:329][  0]LogShaderLibrary: Display: ShaderCodeLibraryPakFileMountedCallback: pending pak file info (ChunkID:-1 Root:root:/ File:C:/Program Files/Epic Games/UE_4.27/FeaturePacks/TP_VirtualRealityBP.upack)
[2024.01.20-16.17.21:329][  0]LogPakFile: OnPakFileMounted2Time == 0.000174
[2024.01.20-16.17.21:377][  0]LogNativeClassHierarchy: Verbose: Native class hierarchy updated for 'AddContentDialog' in 0.0002 seconds. Added 0 classes and 0 folders.
[2024.01.20-16.17.21:379][  0]LogNativeClassHierarchy: Verbose: Native class hierarchy updated for 'SceneOutliner' in 0.0003 seconds. Added 2 classes and 0 folders.
[2024.01.20-16.17.21:469][  0]LogSlate: Took 0.000147 seconds to synchronously load lazily loaded font '../../../Engine/Content/Slate/Fonts/Roboto-Regular.ttf' (155K)
[2024.01.20-16.17.21:471][  0]LogSlate: Took 0.000270 seconds to synchronously load lazily loaded font '../../../Engine/Content/Editor/Slate/Fonts/FontAwesome.ttf' (139K)
[2024.01.20-16.17.21:472][  0]LogSlate: Took 0.000260 seconds to synchronously load lazily loaded font '../../../Engine/Content/Slate/Fonts/Roboto-Bold.ttf' (160K)
[2024.01.20-16.17.21:546][  0]LogRenderer: Reallocating scene render targets to support 968x428 Format 10 NumSamples 1 (Frame:1).
[2024.01.20-16.17.21:586][  0]LogSlate: Took 0.000202 seconds to synchronously load lazily loaded font '../../../Engine/Content/Slate/Fonts/Roboto-Light.ttf' (167K)
[2024.01.20-16.17.21:660][  0]LogNativeClassHierarchy: Verbose: Native class hierarchy updated for 'HierarchicalLODOutliner' in 0.0003 seconds. Added 0 classes and 0 folders.
[2024.01.20-16.17.21:660][  0]LogLoad: (Engine Initialization) Total time: 7.70 seconds
[2024.01.20-16.17.21:660][  0]LogLoad: (Engine Initialization) Total Blueprint compile time: 0.00 seconds
[2024.01.20-16.17.21:707][  0]LogAssetRegistry: Asset discovery search completed in 4.5834 seconds
[2024.01.20-16.17.21:712][  0]LogCollectionManager: Fixed up redirectors for 0 collections in 0.000003 seconds (updated 0 objects)
[2024.01.20-16.17.21:714][  0]LogContentStreaming: Texture pool size now 1000 MB
[2024.01.20-16.17.23:846][122]LogTemp: Repeating last play command: Selected Viewport
[2024.01.20-16.17.23:851][122]LogPlayLevel: PlayLevel: No blueprints needed recompiling
[2024.01.20-16.17.23:852][122]PIE: New page: PIE session: Main (20 янв. 2024 г., 22:17:23)
[2024.01.20-16.17.23:853][122]LogOnline: OSS: Creating online subsystem instance for: NULL
[2024.01.20-16.17.23:855][122]LogOnline: OSS: TryLoadSubsystemAndSetDefault: Loaded subsystem for module [NULL]
[2024.01.20-16.17.23:856][122]LogPlayLevel: Creating play world package: /Game/UEDPIE_0_Main
[2024.01.20-16.17.23:858][122]LogPlayLevel: PIE: StaticDuplicateObject took: (0.001886s)
[2024.01.20-16.17.23:859][122]LogAIModule: Creating AISystem for world Main
[2024.01.20-16.17.23:859][122]LogPlayLevel: PIE: World Init took: (0.001107s)
[2024.01.20-16.17.23:859][122]LogPlayLevel: PIE: Created PIE world by copying editor world from /Game/Main.Main to /Game/UEDPIE_0_Main.Main (0.003382s)
[2024.01.20-16.17.23:864][122]LogUObjectHash: Compacting FUObjectHashTables data took   0.56ms
[2024.01.20-16.17.23:866][122]LogAudio: Display: Creating Audio Device:                 Id: 2, Scope: Unique, Realtime: True
[2024.01.20-16.17.23:867][122]LogAudioMixer: Display: Audio Mixer Platform Settings:
[2024.01.20-16.17.23:867][122]LogAudioMixer: Display: 	Sample Rate:						  48000
[2024.01.20-16.17.23:867][122]LogAudioMixer: Display: 	Callback Buffer Frame Size Requested: 1024
[2024.01.20-16.17.23:867][122]LogAudioMixer: Display: 	Callback Buffer Frame Size To Use:	  1024
[2024.01.20-16.17.23:867][122]LogAudioMixer: Display: 	Number of buffers to queue:			  2
[2024.01.20-16.17.23:867][122]LogAudioMixer: Display: 	Max Channels (voices):				  32
[2024.01.20-16.17.23:867][122]LogAudioMixer: Display: 	Number of Async Source Workers:		  0
[2024.01.20-16.17.23:867][122]LogAudio: Display: AudioDevice MaxSources: 32
[2024.01.20-16.17.23:868][122]LogAudio: Display: Audio Spatialization Plugin: None (built-in).
[2024.01.20-16.17.23:868][122]LogAudio: Display: Audio Reverb Plugin: None (built-in).
[2024.01.20-16.17.23:868][122]LogAudio: Display: Audio Occlusion Plugin: None (built-in).
[2024.01.20-16.17.23:868][122]LogAudioMixer: Display: Initializing audio mixer.
[2024.01.20-16.17.23:871][122]LogAudioMixer: Display: 0: FrontLeft
[2024.01.20-16.17.23:871][122]LogAudioMixer: Display: 1: FrontRight
[2024.01.20-16.17.23:879][122]LogAudioMixer: Display: Using Audio Device Headphones (Realtek(R) Audio)
[2024.01.20-16.17.23:880][122]LogAudioMixer: Display: Initializing Sound Submixes...
[2024.01.20-16.17.23:880][122]LogAudioMixer: Display: Creating Master Submix 'MasterSubmixDefault'
[2024.01.20-16.17.23:880][122]LogAudioMixer: Display: Creating Master Submix 'MasterReverbSubmixDefault'
[2024.01.20-16.17.23:880][122]LogAudioMixer: Display: Creating Master Submix 'MasterEQSubmixDefault'
[2024.01.20-16.17.23:880][122]LogAudioMixer: FMixerPlatformXAudio2::StartAudioStream() called
[2024.01.20-16.17.23:880][122]LogAudioMixer: Display: Output buffers initialized: Frames=1024, Channels=2, Samples=2048
[2024.01.20-16.17.23:882][122]LogAudioMixer: Display: Starting AudioMixerPlatformInterface::RunInternal()
[2024.01.20-16.17.23:882][122]LogAudioMixer: Display: FMixerPlatformXAudio2::SubmitBuffer() called for the first time
[2024.01.20-16.17.23:882][122]LogInit: FAudioDevice initialized.
[2024.01.20-16.17.23:882][122]LogAudio: Display: Audio Device (ID: 2) registered with world 'Main'.
[2024.01.20-16.17.23:909][122]LogLoad: Game class is 'BP_SnakeGameMode_C'
[2024.01.20-16.17.23:911][122]LogWorld: Bringing World /Game/UEDPIE_0_Main.Main up for play (max tick rate 60) at 2024.01.20-19.17.23
[2024.01.20-16.17.23:911][122]LogWorld: Bringing up level for play took: 0.000650
[2024.01.20-16.17.23:912][122]LogOnline: OSS: Creating online subsystem instance for: :Context_1
[2024.01.20-16.17.23:916][122]LogNativeClassHierarchy: Verbose: Native class hierarchy updated for 'MovieSceneCapture' in 0.0003 seconds. Added 20 classes and 0 folders.
[2024.01.20-16.17.23:917][122]LogActor: Warning: BP_SnakeElement_C /Game/UEDPIE_0_Main.Main:PersistentLevel.BP_SnakeElement_C_0 has natively added scene component(s), but none of them were set as the actor's RootComponent - picking one arbitrarily
[2024.01.20-16.17.23:918][122]LogActor: Warning: BP_SnakeElement_C /Game/UEDPIE_0_Main.Main:PersistentLevel.BP_SnakeElement_C_1 has natively added scene component(s), but none of them were set as the actor's RootComponent - picking one arbitrarily
[2024.01.20-16.17.23:918][122]LogActor: Warning: BP_SnakeElement_C /Game/UEDPIE_0_Main.Main:PersistentLevel.BP_SnakeElement_C_2 has natively added scene component(s), but none of them were set as the actor's RootComponent - picking one arbitrarily
[2024.01.20-16.17.23:919][122]LogActor: Warning: BP_SnakeElement_C /Game/UEDPIE_0_Main.Main:PersistentLevel.BP_SnakeElement_C_3 has natively added scene component(s), but none of them were set as the actor's RootComponent - picking one arbitrarily
[2024.01.20-16.17.23:919][122]LogActor: Warning: BP_SnakeElement_C /Game/UEDPIE_0_Main.Main:PersistentLevel.BP_SnakeElement_C_4 has natively added scene component(s), but none of them were set as the actor's RootComponent - picking one arbitrarily
[2024.01.20-16.17.23:919][122]PIE: Server logged in
[2024.01.20-16.17.23:921][122]PIE: Play in editor total start time 0,07 seconds.
[2024.01.20-16.17.23:960][123]LogActor: Warning: BP_SnakeElement_C /Engine/Transient.World_0:PersistentLevel.BP_SnakeElement_C_0 has natively added scene component(s), but none of them were set as the actor's RootComponent - picking one arbitrarily
[2024.01.20-16.17.30:403][508]LogSlate: Updating window title bar state: overlay mode, drag disabled, window buttons hidden, title bar hidden
[2024.01.20-16.17.30:404][508]LogWorld: BeginTearingDown for /Game/UEDPIE_0_Main
[2024.01.20-16.17.30:404][508]LogWorld: UWorld::CleanupWorld for Main, bSessionEnded=true, bCleanupResources=true
[2024.01.20-16.17.30:405][508]LogSlate: InvalidateAllWidgets triggered.  All widgets were invalidated
[2024.01.20-16.17.30:417][508]LogPlayLevel: Display: Shutting down PIE online subsystems
[2024.01.20-16.17.30:419][508]LogSlate: InvalidateAllWidgets triggered.  All widgets were invalidated
[2024.01.20-16.17.30:424][508]LogAudio: Display: Audio Device unregistered from world 'None'.
[2024.01.20-16.17.30:424][508]LogAudioMixer: FMixerPlatformXAudio2::StopAudioStream() called
[2024.01.20-16.17.30:426][508]LogAudioMixer: FMixerPlatformXAudio2::StopAudioStream() called
[2024.01.20-16.17.30:428][508]LogSlate: Updating window title bar state: overlay mode, drag disabled, window buttons hidden, title bar hidden
[2024.01.20-16.17.30:430][508]LogUObjectHash: Compacting FUObjectHashTables data took   0.75ms
[2024.01.20-16.17.30:490][512]LogPlayLevel: Display: Destroying online subsystem :Context_1
